Log file open, 02/28/18 21:30:37
LogWindows: Failed to load 'aqProf.dll' (GetLastError=126)
LogWindows: File 'aqProf.dll' does not exist
LogWindows: Failed to load 'VSPerf140.dll' (GetLastError=126)
LogWindows: File 'VSPerf140.dll' does not exist
LogWindows: Failed to load 'VtuneApi.dll' (GetLastError=126)
LogWindows: File 'VtuneApi.dll' does not exist
LogWindows: Failed to load 'VtuneApi32e.dll' (GetLastError=126)
LogWindows: File 'VtuneApi32e.dll' does not exist
LogInit: Display: Running engine for game: Lyfe_Game
LogPlatformFile: Not using cached read wrapper
LogInit: Display: RandInit(659940208) SRandInit(659940208).
LogInit: Read version file with build ID '3709383'
LogInit: Overriding engine version to CL 3832480, compatible CL 3709383
LogInit: Registered custom module enumerator with build ID '3709383'
LogTaskGraph: Started task graph with 5 named threads and 14 total threads with 3 sets of task threads.
LogStats: Stats thread started at 0.187972
LogD3D11RHI: Aftermath initialized
LogPluginManager: Mounting plugin Paper2D
LogPluginManager: Mounting plugin LightPropagationVolume
LogPluginManager: Mounting plugin CodeLiteSourceCodeAccess
LogPluginManager: Mounting plugin GitSourceControl
LogPluginManager: Mounting plugin KDevelopSourceCodeAccess
LogPluginManager: Mounting plugin NullSourceCodeAccess
LogPluginManager: Mounting plugin PerforceSourceControl
LogPluginManager: Mounting plugin SubversionSourceControl
LogPluginManager: Mounting plugin UObjectPlugin
LogPluginManager: Mounting plugin VisualStudioCodeSourceCodeAccess
LogPluginManager: Mounting plugin VisualStudioSourceCodeAccess
LogPluginManager: Mounting plugin XCodeSourceCodeAccess
LogPluginManager: Mounting plugin AssetManagerEditor
LogPluginManager: Mounting plugin AudioCapture
LogPluginManager: Mounting plugin FacialAnimation
LogPluginManager: Mounting plugin GameplayTagsEditor
LogPluginManager: Mounting plugin MobileLauncherProfileWizard
LogPluginManager: Mounting plugin PluginBrowser
LogPluginManager: Mounting plugin SpeedTreeImporter
LogPluginManager: Mounting plugin AlembicImporter
LogPluginManager: Mounting plugin CharacterAI
LogPluginManager: Mounting plugin HTML5Networking
LogPluginManager: Mounting plugin AndroidMedia
LogPluginManager: Mounting plugin AvfMedia
LogPluginManager: Mounting plugin ImgMedia
LogPluginManager: Mounting plugin MediaCompositing
LogPluginManager: Mounting plugin MediaPlayerEditor
LogPluginManager: Mounting plugin WmfMedia
LogPluginManager: Mounting plugin TcpMessaging
LogPluginManager: Mounting plugin UdpMessaging
LogPluginManager: Mounting plugin ActorSequence
LogPluginManager: Mounting plugin LevelSequenceEditor
LogPluginManager: Mounting plugin MatineeToLevelSequence
LogPluginManager: Mounting plugin OnlineSubsystemGooglePlay
LogPluginManager: Mounting plugin OnlineSubsystemIOS
LogPluginManager: Mounting plugin OnlineSubsystem
LogPluginManager: Mounting plugin OnlineSubsystemNull
LogPluginManager: Mounting plugin OnlineSubsystemUtils
LogPluginManager: Mounting plugin AndroidDeviceProfileSelector
LogPluginManager: Mounting plugin AndroidMoviePlayer
LogPluginManager: Mounting plugin AndroidPermission
LogPluginManager: Mounting plugin AppleARKit
LogPluginManager: Mounting plugin AppleMoviePlayer
LogPluginManager: Mounting plugin ArchVisCharacter
LogPluginManager: Mounting plugin CableComponent
LogPluginManager: Mounting plugin CustomMeshComponent
LogPluginManager: Mounting plugin ExampleDeviceProfileSelector
LogPluginManager: Mounting plugin GoogleCloudMessaging
LogPluginManager: Mounting plugin ImmediatePhysics
LogPluginManager: Mounting plugin IOSDeviceProfileSelector
LogPluginManager: Mounting plugin LinuxDeviceProfileSelector
LogPluginManager: Mounting plugin LocationServicesBPLibrary
LogPluginManager: Mounting plugin MobilePatchingUtils
LogPluginManager: Mounting plugin OculusVR
LogPluginManager: Plugin shader directory ../../../Engine/Plugins/Runtime/Oculus/OculusVR/Shaders found
LogPluginManager: Mapping shader source directory ../../../Engine/Plugins/Runtime/Oculus/OculusVR/Shaders to virtual directory /Plugin/OculusVR
LogPluginManager: Mounting plugin PhysXVehicles
LogPluginManager: Mounting plugin ProceduralMeshComponent
LogPluginManager: Mounting plugin RuntimePhysXCooking
LogPluginManager: Mounting plugin SteamVR
LogPluginManager: Mounting plugin WindowsMoviePlayer
LogModuleManager: Display: Found up-to-date module file ../../../../../../Users/Megapoort/Desktop/Lyfe/Lyfe_Game/Binaries/Win64/UE4Editor-Lyfe_Game-1757.dll (API version 3709383).
LogModuleManager: Display: Found up-to-date module file ../../../Engine/Plugins/2D/Paper2D/Binaries/Win64/UE4Editor-Paper2D.dll (API version 3709383).
LogModuleManager: Display: Found up-to-date module file ../../../Engine/Plugins/2D/Paper2D/Binaries/Win64/UE4Editor-Paper2DEditor.dll (API version 3709383).
LogModuleManager: Display: Found up-to-date module file ../../../Engine/Plugins/2D/Paper2D/Binaries/Win64/UE4Editor-PaperSpriteSheetImporter.dll (API version 3709383).
LogModuleManager: Display: Found up-to-date module file ../../../Engine/Plugins/2D/Paper2D/Binaries/Win64/UE4Editor-PaperTiledImporter.dll (API version 3709383).
LogModuleManager: Display: Found up-to-date module file ../../../Engine/Plugins/2D/Paper2D/Binaries/Win64/UE4Editor-SmartSnapping.dll (API version 3709383).
LogModuleManager: Display: Found up-to-date module file ../../../Engine/Plugins/Blendables/LightPropagationVolume/Binaries/Win64/UE4Editor-LightPropagationVolumeRuntime.dll (API version 3709383).
LogModuleManager: Display: Found up-to-date module file ../../../Engine/Plugins/Blendables/LightPropagationVolume/Binaries/Win64/UE4Editor-LightPropagationVolumeEditor.dll (API version 3709383).
LogModuleManager: Display: Found up-to-date module file ../../../Engine/Plugins/Developer/GitSourceControl/Binaries/Win64/UE4Editor-GitSourceControl.dll (API version 3709383).
LogModuleManager: Display: Found up-to-date module file ../../../Engine/Plugins/Developer/PerforceSourceControl/Binaries/Win64/UE4Editor-PerforceSourceControl.dll (API version 3709383).
LogModuleManager: Display: Found up-to-date module file ../../../Engine/Plugins/Developer/SubversionSourceControl/Binaries/Win64/UE4Editor-SubversionSourceControl.dll (API version 3709383).
LogModuleManager: Display: Found up-to-date module file ../../../Engine/Plugins/Developer/UObjectPlugin/Binaries/Win64/UE4Editor-UObjectPlugin.dll (API version 3709383).
LogModuleManager: Display: Found up-to-date module file ../../../Engine/Plugins/Developer/VisualStudioCodeSourceCodeAccess/Binaries/Win64/UE4Editor-VisualStudioCodeSourceCodeAccess.dll (API version 3709383).
LogModuleManager: Display: Found up-to-date module file ../../../Engine/Plugins/Developer/VisualStudioSourceCodeAccess/Binaries/Win64/UE4Editor-VisualStudioSourceCodeAccess.dll (API version 3709383).
LogModuleManager: Display: Found up-to-date module file ../../../Engine/Plugins/Editor/AssetManagerEditor/Binaries/Win64/UE4Editor-AssetManagerEditor.dll (API version 3709383).
LogModuleManager: Display: Found up-to-date module file ../../../Engine/Plugins/Editor/AudioCapture/Binaries/Win64/UE4Editor-AudioCapture.dll (API version 3709383).
LogModuleManager: Display: Found up-to-date module file ../../../Engine/Plugins/Editor/FacialAnimation/Binaries/Win64/UE4Editor-FacialAnimation.dll (API version 3709383).
LogModuleManager: Display: Found up-to-date module file ../../../Engine/Plugins/Editor/FacialAnimation/Binaries/Win64/UE4Editor-FacialAnimationEditor.dll (API version 3709383).
LogModuleManager: Display: Found up-to-date module file ../../../Engine/Plugins/Editor/GameplayTagsEditor/Binaries/Win64/UE4Editor-GameplayTagsEditor.dll (API version 3709383).
LogModuleManager: Display: Found up-to-date module file ../../../Engine/Plugins/Editor/MobileLauncherProfileWizard/Binaries/Win64/UE4Editor-MobileLauncherProfileWizard.dll (API version 3709383).
LogModuleManager: Display: Found up-to-date module file ../../../Engine/Plugins/Editor/PluginBrowser/Binaries/Win64/UE4Editor-PluginBrowser.dll (API version 3709383).
LogModuleManager: Display: Found up-to-date module file ../../../Engine/Plugins/Editor/SpeedTreeImporter/Binaries/Win64/UE4Editor-SpeedTreeImporter.dll (API version 3709383).
LogModuleManager: Display: Found up-to-date module file ../../../Engine/Plugins/Experimental/AlembicImporter/Binaries/Win64/UE4Editor-AlembicImporter.dll (API version 3709383).
LogModuleManager: Display: Found up-to-date module file ../../../Engine/Plugins/Experimental/AlembicImporter/Binaries/Win64/UE4Editor-AlembicLibrary.dll (API version 3709383).
LogModuleManager: Display: Found up-to-date module file ../../../Engine/Plugins/Experimental/CharacterAI/Binaries/Win64/UE4Editor-CharacterAI.dll (API version 3709383).
LogModuleManager: Display: Found up-to-date module file ../../../Engine/Plugins/Experimental/HTML5Networking/Binaries/Win64/UE4Editor-HTML5Networking.dll (API version 3709383).
LogModuleManager: Display: Found up-to-date module file ../../../Engine/Plugins/Media/AndroidMedia/Binaries/Win64/UE4Editor-AndroidMediaEditor.dll (API version 3709383).
LogModuleManager: Display: Found up-to-date module file ../../../Engine/Plugins/Media/AndroidMedia/Binaries/Win64/UE4Editor-AndroidMediaFactory.dll (API version 3709383).
LogModuleManager: Display: Found up-to-date module file ../../../Engine/Plugins/Media/AvfMedia/Binaries/Win64/UE4Editor-AvfMediaEditor.dll (API version 3709383).
LogModuleManager: Display: Found up-to-date module file ../../../Engine/Plugins/Media/AvfMedia/Binaries/Win64/UE4Editor-AvfMediaFactory.dll (API version 3709383).
LogModuleManager: Display: Found up-to-date module file ../../../Engine/Plugins/Media/AvfMedia/Binaries/Win64/UE4Editor-AvfMediaFactory.dll (API version 3709383).
LogModuleManager: Display: Found up-to-date module file ../../../Engine/Plugins/Media/ImgMedia/Binaries/Win64/UE4Editor-ImgMedia.dll (API version 3709383).
LogModuleManager: Display: Found up-to-date module file ../../../Engine/Plugins/Media/ImgMedia/Binaries/Win64/UE4Editor-ImgMediaEditor.dll (API version 3709383).
LogModuleManager: Display: Found up-to-date module file ../../../Engine/Plugins/Media/ImgMedia/Binaries/Win64/UE4Editor-ImgMediaFactory.dll (API version 3709383).
LogModuleManager: Display: Found up-to-date module file ../../../Engine/Plugins/Media/ImgMedia/Binaries/Win64/UE4Editor-ImgMediaFactory.dll (API version 3709383).
LogModuleManager: Display: Found up-to-date module file ../../../Engine/Plugins/Media/ImgMedia/Binaries/Win64/UE4Editor-OpenExrWrapper.dll (API version 3709383).
LogModuleManager: Display: Found up-to-date module file ../../../Engine/Plugins/Media/MediaCompositing/Binaries/Win64/UE4Editor-MediaCompositing.dll (API version 3709383).
LogModuleManager: Display: Found up-to-date module file ../../../Engine/Plugins/Media/MediaCompositing/Binaries/Win64/UE4Editor-MediaCompositingEditor.dll (API version 3709383).
LogModuleManager: Display: Found up-to-date module file ../../../Engine/Plugins/Media/MediaPlayerEditor/Binaries/Win64/UE4Editor-MediaPlayerEditor.dll (API version 3709383).
LogModuleManager: Display: Found up-to-date module file ../../../Engine/Plugins/Media/WmfMedia/Binaries/Win64/UE4Editor-WmfMedia.dll (API version 3709383).
LogModuleManager: Display: Found up-to-date module file ../../../Engine/Plugins/Media/WmfMedia/Binaries/Win64/UE4Editor-WmfMediaEditor.dll (API version 3709383).
LogModuleManager: Display: Found up-to-date module file ../../../Engine/Plugins/Media/WmfMedia/Binaries/Win64/UE4Editor-WmfMediaFactory.dll (API version 3709383).
LogModuleManager: Display: Found up-to-date module file ../../../Engine/Plugins/Media/WmfMedia/Binaries/Win64/UE4Editor-WmfMediaFactory.dll (API version 3709383).
LogModuleManager: Display: Found up-to-date module file ../../../Engine/Plugins/Messaging/TcpMessaging/Binaries/Win64/UE4Editor-TcpMessaging.dll (API version 3709383).
LogModuleManager: Display: Found up-to-date module file ../../../Engine/Plugins/Messaging/UdpMessaging/Binaries/Win64/UE4Editor-UdpMessaging.dll (API version 3709383).
LogModuleManager: Display: Found up-to-date module file ../../../Engine/Plugins/MovieScene/ActorSequence/Binaries/Win64/UE4Editor-ActorSequence.dll (API version 3709383).
LogModuleManager: Display: Found up-to-date module file ../../../Engine/Plugins/MovieScene/LevelSequenceEditor/Binaries/Win64/UE4Editor-LevelSequenceEditor.dll (API version 3709383).
LogModuleManager: Display: Found up-to-date module file ../../../Engine/Plugins/MovieScene/MatineeToLevelSequence/Binaries/Win64/UE4Editor-MatineeToLevelSequence.dll (API version 3709383).
LogModuleManager: Display: Found up-to-date module file ../../../Engine/Plugins/Online/OnlineSubsystem/Binaries/Win64/UE4Editor-OnlineSubsystem.dll (API version 3709383).
LogModuleManager: Display: Found up-to-date module file ../../../Engine/Plugins/Online/OnlineSubsystemNull/Binaries/Win64/UE4Editor-OnlineSubsystemNull.dll (API version 3709383).
LogModuleManager: Display: Found up-to-date module file ../../../Engine/Plugins/Online/OnlineSubsystemUtils/Binaries/Win64/UE4Editor-OnlineSubsystemUtils.dll (API version 3709383).
LogModuleManager: Display: Found up-to-date module file ../../../Engine/Plugins/Online/OnlineSubsystemUtils/Binaries/Win64/UE4Editor-OnlineBlueprintSupport.dll (API version 3709383).
LogModuleManager: Display: Found up-to-date module file ../../../Engine/Plugins/Runtime/AndroidDeviceProfileSelector/Binaries/Win64/UE4Editor-AndroidDeviceProfileSelector.dll (API version 3709383).
LogModuleManager: Display: Found up-to-date module file ../../../Engine/Plugins/Runtime/AndroidPermission/Binaries/Win64/UE4Editor-AndroidPermission.dll (API version 3709383).
LogModuleManager: Display: Found up-to-date module file ../../../Engine/Plugins/Runtime/AppleARKit/Binaries/Win64/UE4Editor-AppleARKit.dll (API version 3709383).
LogModuleManager: Display: Found up-to-date module file ../../../Engine/Plugins/Runtime/ArchVisCharacter/Binaries/Win64/UE4Editor-ArchVisCharacter.dll (API version 3709383).
LogModuleManager: Display: Found up-to-date module file ../../../Engine/Plugins/Runtime/CableComponent/Binaries/Win64/UE4Editor-CableComponent.dll (API version 3709383).
LogModuleManager: Display: Found up-to-date module file ../../../Engine/Plugins/Runtime/CustomMeshComponent/Binaries/Win64/UE4Editor-CustomMeshComponent.dll (API version 3709383).
LogModuleManager: Display: Found up-to-date module file ../../../Engine/Plugins/Runtime/ExampleDeviceProfileSelector/Binaries/Win64/UE4Editor-ExampleDeviceProfileSelector.dll (API version 3709383).
LogModuleManager: Display: Found up-to-date module file ../../../Engine/Plugins/Runtime/ImmediatePhysics/Binaries/Win64/UE4Editor-ImmediatePhysics.dll (API version 3709383).
LogModuleManager: Display: Found up-to-date module file ../../../Engine/Plugins/Runtime/ImmediatePhysics/Binaries/Win64/UE4Editor-ImmediatePhysicsEditor.dll (API version 3709383).
LogModuleManager: Display: Found up-to-date module file ../../../Engine/Plugins/Runtime/LocationServicesBPLibrary/Binaries/Win64/UE4Editor-LocationServicesBPLibrary.dll (API version 3709383).
LogModuleManager: Display: Found up-to-date module file ../../../Engine/Plugins/Runtime/MobilePatchingUtils/Binaries/Win64/UE4Editor-MobilePatchingUtils.dll (API version 3709383).
LogModuleManager: Display: Found up-to-date module file ../../../Engine/Plugins/Runtime/Oculus/OculusVR/Binaries/Win64/UE4Editor-OculusHMD.dll (API version 3709383).
LogModuleManager: Display: Found up-to-date module file ../../../Engine/Plugins/Runtime/Oculus/OculusVR/Binaries/Win64/UE4Editor-OculusInput.dll (API version 3709383).
LogModuleManager: Display: Found up-to-date module file ../../../Engine/Plugins/Runtime/Oculus/OculusVR/Binaries/Win64/UE4Editor-OculusEditor.dll (API version 3709383).
LogModuleManager: Display: Found up-to-date module file ../../../Engine/Plugins/Runtime/PhysXVehicles/Binaries/Win64/UE4Editor-PhysXVehicles.dll (API version 3709383).
LogModuleManager: Display: Found up-to-date module file ../../../Engine/Plugins/Runtime/PhysXVehicles/Binaries/Win64/UE4Editor-PhysXVehiclesEditor.dll (API version 3709383).
LogModuleManager: Display: Found up-to-date module file ../../../Engine/Plugins/Runtime/ProceduralMeshComponent/Binaries/Win64/UE4Editor-ProceduralMeshComponent.dll (API version 3709383).
LogModuleManager: Display: Found up-to-date module file ../../../Engine/Plugins/Runtime/ProceduralMeshComponent/Binaries/Win64/UE4Editor-ProceduralMeshComponentEditor.dll (API version 3709383).
LogModuleManager: Display: Found up-to-date module file ../../../Engine/Plugins/Runtime/RuntimePhysXCooking/Binaries/Win64/UE4Editor-RuntimePhysXCooking.dll (API version 3709383).
LogModuleManager: Display: Found up-to-date module file ../../../Engine/Plugins/Runtime/Steam/SteamVR/Binaries/Win64/UE4Editor-SteamVR.dll (API version 3709383).
LogModuleManager: Display: Found up-to-date module file ../../../Engine/Plugins/Runtime/Steam/SteamVR/Binaries/Win64/UE4Editor-SteamVRController.dll (API version 3709383).
LogModuleManager: Display: Found up-to-date module file ../../../Engine/Plugins/Runtime/WindowsMoviePlayer/Binaries/Win64/UE4Editor-WindowsMoviePlayer.dll (API version 3709383).
LogInit: Using libcurl 7.47.1
LogInit:  - built for x86_64-pc-win32
LogInit:  - supports SSL with OpenSSL/1.0.2g
LogInit:  - supports HTTP deflate (compression) using libz 1.2.8
LogInit:  - other features:
LogInit:      CURL_VERSION_SSL
LogInit:      CURL_VERSION_LIBZ
LogInit:      CURL_VERSION_IPV6
LogInit:      CURL_VERSION_ASYNCHDNS
LogInit:      CURL_VERSION_LARGEFILE
LogInit:      CURL_VERSION_IDN
LogInit:  CurlRequestOptions (configurable via config and command line):
LogInit:  - bVerifyPeer = false  - Libcurl will NOT verify peer certificate
LogInit:  - bUseHttpProxy = false  - Libcurl will NOT use HTTP proxy
LogInit:  - bDontReuseConnections = false  - Libcurl will reuse connections
LogInit:  - CertBundlePath = nullptr  - Libcurl will use whatever was configured at build time.
LogInit: Build: ++UE4+Release-4.18-CL-3832480
LogInit: Engine Version: 4.18.3-3832480+++UE4+Release-4.18
LogInit: Compatible Engine Version: 4.18.0-3709383+++UE4+Release-4.18
LogInit: Net CL: 3709383
LogDevObjectVersion: Number of dev versions registered: 16
LogDevObjectVersion:   Dev-Blueprints (B0D832E4-1F89-4F0D-ACCF-7EB736FD4AA2): 10
LogDevObjectVersion:   Dev-Build (E1C64328-A22C-4D53-A36C-8E866417BD8C): 0
LogDevObjectVersion:   Dev-Core (375EC13C-06E4-48FB-B500-84F0262A717E): 2
LogDevObjectVersion:   Dev-Editor (E4B068ED-F494-42E9-A231-DA0B2E46BB41): 20
LogDevObjectVersion:   Dev-Framework (CFFC743F-43B0-4480-9391-14DF171D2073): 30
LogDevObjectVersion:   Dev-Mobile (B02B49B5-BB20-44E9-A304-32B752E40360): 0
LogDevObjectVersion:   Dev-Networking (A4E4105C-59A1-49B5-A7C5-40C4547EDFEE): 0
LogDevObjectVersion:   Dev-Online (39C831C9-5AE6-47DC-9A44-9C173E1C8E7C): 0
LogDevObjectVersion:   Dev-Physics (78F01B33-EBEA-4F98-B9B4-84EACCB95AA2): 0
LogDevObjectVersion:   Dev-Platform (6631380F-2D4D-43E0-8009-CF276956A95A): 0
LogDevObjectVersion:   Dev-Rendering (12F88B9F-8875-4AFC-A67C-D90C383ABD29): 20
LogDevObjectVersion:   Dev-Sequencer (7B5AE74C-D270-4C10-A958-57980B212A5A): 4
LogDevObjectVersion:   Dev-VR (D7296918-1DD6-4BDD-9DE2-64A83CC13884): 0
LogDevObjectVersion:   Dev-LoadTimes (C2A15278-BFE7-4AFE-6C17-90FF531DF755): 1
LogDevObjectVersion:   Private-Geometry (6EACA3D4-40EC-4CC1-B786-8BED09428FC5): 1
LogDevObjectVersion:   Dev-AnimPhys (29E575DD-E0A3-4627-9D10-D276232CDCEA): 12
LogInit: Compiled (64-bit): Jan 12 2018 02:04:55
LogInit: Compiled with Visual C++: 19.00.24215.01
LogInit: Build Configuration: Development
LogInit: Branch Name: ++UE4+Release-4.18
LogInit: Command line:  
LogInit: Base directory: C:/Program Files/Epic Games/UE_4.18/Engine/Binaries/Win64/
LogInit: Installed Engine Build: 1
LogInit: Presizing for max 8388607 objects, including 0 objects not considered by GC, pre-allocating 0 bytes for permanent pool.
LogInit: Object subsystem initialized
[2018.02.28-20.30.40:410][  0]LogInit: Selected Device Profile: [Windows]
[2018.02.28-20.30.40:410][  0]LogInit: Applying CVar settings loaded from the selected device profile: [Windows]
[2018.02.28-20.30.40:490][  0]LogInit: Computer: DESKTOP-47R6KV7
[2018.02.28-20.30.40:490][  0]LogInit: User: Megapoort
[2018.02.28-20.30.40:490][  0]LogInit: CPU Page size=4096, Cores=4
[2018.02.28-20.30.40:490][  0]LogInit: High frequency timer resolution =3.411558 MHz
[2018.02.28-20.30.40:490][  0]LogMemory: Memory total: Physical=15.9GB (16GB approx)
[2018.02.28-20.30.40:491][  0]LogMemory: Platform Memory Stats for Windows
[2018.02.28-20.30.40:491][  0]LogMemory: Process Physical Memory: 272.51 MB used, 272.51 MB peak
[2018.02.28-20.30.40:491][  0]LogMemory: Process Virtual Memory: 269.85 MB used, 269.85 MB peak
[2018.02.28-20.30.40:491][  0]LogMemory: Physical Memory: 4608.73 MB used,  11705.99 MB free, 16314.73 MB total
[2018.02.28-20.30.40:491][  0]LogMemory: Virtual Memory: 682.43 MB used,  11705.99 MB free, 134217728.00 MB total
[2018.02.28-20.30.40:676][  0]LogInit: Using OS detected language (de-DE).
[2018.02.28-20.30.40:676][  0]LogInit: Using OS detected locale (de-DE).
[2018.02.28-20.30.40:851][  0]LogTextLocalizationManager: No localization for 'de-DE' exists, so 'en' will be used for the language.
[2018.02.28-20.30.40:851][  0]LogTextLocalizationManager: No localization for 'de-DE' exists, so 'en' will be used for the locale.
[2018.02.28-20.30.41:457][  0]LogInit: Setting process to per monitor DPI aware
[2018.02.28-20.30.45:117][  0]LogD3D11RHI: D3D11 adapters:
[2018.02.28-20.30.45:190][  0]LogD3D11RHI:    0. 'NVIDIA GeForce GTX 1070' (Feature Level 11_0)
[2018.02.28-20.30.45:190][  0]LogD3D11RHI:       8096/0/8157 MB DedicatedVideo/DedicatedSystem/SharedSystem, Outputs:2, VendorId:0x10de
[2018.02.28-20.30.45:192][  0]LogD3D11RHI:    1. 'Microsoft Basic Render Driver' (Feature Level 11_0)
[2018.02.28-20.30.45:193][  0]LogD3D11RHI:       0/0/8157 MB DedicatedVideo/DedicatedSystem/SharedSystem, Outputs:0, VendorId:0x1414
[2018.02.28-20.30.45:193][  0]LogD3D11RHI: Chosen D3D11 Adapter: 0
[2018.02.28-20.30.45:205][  0]LogD3D11RHI: Creating new Direct3DDevice
[2018.02.28-20.30.45:205][  0]LogD3D11RHI:     GPU DeviceId: 0x1b81 (for the marketing name, search the web for "GPU Device Id")
[2018.02.28-20.30.45:205][  0]LogWindows: EnumDisplayDevices:
[2018.02.28-20.30.45:205][  0]LogWindows:    0. 'NVIDIA GeForce GTX 1070' (P:0 D:1)
[2018.02.28-20.30.45:206][  0]LogWindows:    1. 'NVIDIA GeForce GTX 1070' (P:1 D:1)
[2018.02.28-20.30.45:206][  0]LogWindows:    2. 'NVIDIA GeForce GTX 1070' (P:0 D:0)
[2018.02.28-20.30.45:206][  0]LogWindows:    3. 'NVIDIA GeForce GTX 1070' (P:0 D:0)
[2018.02.28-20.30.45:206][  0]LogWindows: DebugString: GetVideoDriverDetailsInvalid PrimaryIsNotTheChoosenAdapter GetVideoDriverDetailsInvalid PrimaryIsNotTheChoosenAdapter GetVideoDriverDetailsInvalid PrimaryIsNotTheChoosenAdapter GetVideoDriverDetailsInvalid PrimaryIsNotTheChoosenAdapter FoundDriverCount:0 
[2018.02.28-20.30.45:206][  0]LogD3D11RHI:     Adapter Name: NVIDIA GeForce GTX 1070
[2018.02.28-20.30.45:206][  0]LogD3D11RHI:   Driver Version: Unknown (internal:Unknown, unified:Unknown)
[2018.02.28-20.30.45:206][  0]LogD3D11RHI:      Driver Date: Unknown
[2018.02.28-20.30.45:206][  0]LogRHI: Texture pool is 5667 MB (70% of 8096 MB)
[2018.02.28-20.30.45:273][  0]LogD3D11RHI: Async texture creation enabled
[2018.02.28-20.30.45:290][  0]LogD3D11RHI: GPU Timing Frequency: 1000.000000 (Debug: 2 1)
[2018.02.28-20.30.45:385][  0]LogShaderCompilers: Guid format shader working directory is -6 characters bigger than the processId version (../../../../../../Users/Megapoort/Desktop/Lyfe/Lyfe_Game/Intermediate/Shaders/WorkingDirectory/9524/).
[2018.02.28-20.30.45:386][  0]LogShaderCompilers: Cleaned the shader compiler working directory 'C:/Users/Megapoort/AppData/Local/Temp/UnrealShaderWorkingDir/98B3F58B48CA094E0C86C4AE27231C4E/'.
[2018.02.28-20.30.45:386][  0]LogShaderCompilers: Display: Using Local Shader Compiler.
[2018.02.28-20.30.47:903][  0]LogTemp: Display: Loaded TP AllDesktopTargetPlatform
[2018.02.28-20.30.47:997][  0]LogTemp: Display: Loaded TP MacClientTargetPlatform
[2018.02.28-20.30.48:058][  0]LogTemp: Display: Loaded TP MacNoEditorTargetPlatform
[2018.02.28-20.30.48:118][  0]LogTemp: Display: Loaded TP MacServerTargetPlatform
[2018.02.28-20.30.48:222][  0]LogTemp: Display: Loaded TP MacTargetPlatform
[2018.02.28-20.30.48:295][  0]LogTemp: Display: Loaded TP WindowsClientTargetPlatform
[2018.02.28-20.30.48:357][  0]LogTemp: Display: Loaded TP WindowsNoEditorTargetPlatform
[2018.02.28-20.30.48:419][  0]LogTemp: Display: Loaded TP WindowsServerTargetPlatform
[2018.02.28-20.30.48:486][  0]LogTemp: Display: Loaded TP WindowsTargetPlatform
[2018.02.28-20.30.48:547][  0]LogTemp: Display: Loaded TP Android_ASTCTargetPlatform
[2018.02.28-20.30.48:608][  0]LogTemp: Display: Loaded TP Android_ATCTargetPlatform
[2018.02.28-20.30.48:682][  0]LogTemp: Display: Loaded TP Android_DXTTargetPlatform
[2018.02.28-20.30.48:741][  0]LogTemp: Display: Loaded TP Android_ETC1TargetPlatform
[2018.02.28-20.30.48:800][  0]LogTemp: Display: Loaded TP Android_ETC2TargetPlatform
[2018.02.28-20.30.48:923][  0]LogTemp: Display: Loaded TP Android_MultiTargetPlatform
[2018.02.28-20.30.48:923][  0]LogTemp: Display: Loaded TP Android_PVRTCTargetPlatform
[2018.02.28-20.30.49:005][  0]LogTemp: Display: Loaded TP AndroidTargetPlatform
[2018.02.28-20.30.49:059][  0]LogTemp: Display: Loaded TP HTML5TargetPlatform
[2018.02.28-20.30.49:166][  0]LogTemp: Display: Loaded TP IOSTargetPlatform
[2018.02.28-20.30.49:210][  0]LogTemp: Display: Loaded TP TVOSTargetPlatform
[2018.02.28-20.30.49:284][  0]LogTemp: Display: Loaded TP LinuxClientTargetPlatform
[2018.02.28-20.30.49:343][  0]LogTemp: Display: Loaded TP LinuxNoEditorTargetPlatform
[2018.02.28-20.30.49:425][  0]LogTemp: Display: Loaded TP LinuxServerTargetPlatform
[2018.02.28-20.30.49:495][  0]LogTemp: Display: Loaded TP LinuxTargetPlatform
[2018.02.28-20.30.49:495][  0]LogTargetPlatformManager: Display: Building Assets For Windows
[2018.02.28-20.30.50:091][  0]LogDerivedDataCache: Display: Max Cache Size: 512 MB
[2018.02.28-20.30.50:361][  0]LogDerivedDataCache: Loaded boot cache 0.27s 80MB C:/Users/Megapoort/AppData/Local/UnrealEngine/4.18/DerivedDataCache/Boot.ddc.
[2018.02.28-20.30.50:361][  0]LogDerivedDataCache: Display: Loaded Boot cache: C:/Users/Megapoort/AppData/Local/UnrealEngine/4.18/DerivedDataCache/Boot.ddc
[2018.02.28-20.30.50:361][  0]LogDerivedDataCache: FDerivedDataBackendGraph:  Pak pak cache file ../../../../../../Users/Megapoort/Desktop/Lyfe/Lyfe_Game/DerivedDataCache/DDC.ddp not found, will not use a pak cache.
[2018.02.28-20.30.50:361][  0]LogDerivedDataCache: Unable to find inner node Pak for hierarchical cache Hierarchy.
[2018.02.28-20.30.50:362][  0]LogDerivedDataCache: FDerivedDataBackendGraph:  CompressedPak pak cache file ../../../../../../Users/Megapoort/Desktop/Lyfe/Lyfe_Game/DerivedDataCache/Compressed.ddp not found, will not use a pak cache.
[2018.02.28-20.30.50:362][  0]LogDerivedDataCache: Unable to find inner node CompressedPak for hierarchical cache Hierarchy.
[2018.02.28-20.30.50:424][  0]LogDerivedDataCache: Display: Pak cache opened for reading ../../../Engine/DerivedDataCache/Compressed.ddp.
[2018.02.28-20.30.50:436][  0]LogDerivedDataCache: Using Local data cache path C:/Users/Megapoort/AppData/Local/UnrealEngine/Common/DerivedDataCache: Writable
[2018.02.28-20.30.50:447][  0]LogMaterial: Verifying Global Shaders for PCD3D_SM5
[2018.02.28-20.30.50:447][  0]LogSlate: Using Freetype 2.6.0
[2018.02.28-20.30.50:472][  0]LogSlate: SlateFontCache - WITH_FREETYPE: 1, WITH_HARFBUZZ: 1
[2018.02.28-20.30.50:472][  0]LogSlate: SlateFontCache - WITH_FREETYPE: 1, WITH_HARFBUZZ: 1
[2018.02.28-20.30.51:253][  0]LogInit: Selected Device Profile: [Windows]
[2018.02.28-20.30.51:745][  0]LogSimplygon: Simplygon DLL not present - disabling.
[2018.02.28-20.30.51:791][  0]LogMeshReduction: Using SimplygonSwarm for distributed automatic mesh merging
[2018.02.28-20.30.51:791][  0]LogMeshReduction: Using QuadricMeshReduction for automatic static mesh reduction
[2018.02.28-20.30.51:791][  0]LogMeshReduction: No automatic skeletal mesh reduction module available
[2018.02.28-20.30.51:791][  0]LogMeshReduction: No automatic mesh merging module available
[2018.02.28-20.30.51:791][  0]LogMeshMerging: No automatic mesh merging module available
[2018.02.28-20.30.51:900][  0]LogNetVersion: Lyfe_Game , NetCL: 3709383, EngineNetVer: 2, GameNetVer: 0 (Checksum: 1298029676)
[2018.02.28-20.30.52:331][  0]LogAssetRegistry: FAssetRegistry took 0.0277 seconds to start up
[2018.02.28-20.30.53:595][  0]LogPackageLocalizationCache: Processed 7 localized package path(s) for 1 prioritized culture(s) in 0.061261 seconds
[2018.02.28-20.30.53:602][  0]LogUObjectArray: 35870 objects as part of root set at end of initial load.
[2018.02.28-20.30.53:602][  0]LogUObjectAllocator: 7363704 out of 0 bytes used by permanent object pool.
[2018.02.28-20.30.53:602][  0]LogUObjectArray: CloseDisregardForGC: 0/0 objects in disregard for GC pool
[2018.02.28-20.30.53:673][  0]LogInit: WinSock: version 1.1 (2.2), MaxSocks=32767, MaxUdp=65467
[2018.02.28-20.31.06:471][  0]LogTcpMessaging: Initializing TcpMessaging bridge
[2018.02.28-20.31.06:537][  0]LogUdpMessaging: Initializing bridge on interface 0.0.0.0:0 to multicast group 230.0.0.1:6666.
[2018.02.28-20.31.07:699][  0]LogMaterial: Uniform references updated for custom material expression Custom.
[2018.02.28-20.31.08:346][  0]SourceControl: Source control is disabled
[2018.02.28-20.31.08:346][  0]SourceControl: Source control is disabled
[2018.02.28-20.31.08:412][  0]SourceControl: Source control is disabled
[2018.02.28-20.31.08:475][  0]SourceControl: Source control is disabled
[2018.02.28-20.31.09:741][  0]LogAndroidPermission: UAndroidPermissionCallbackProxy::GetInstance
[2018.02.28-20.31.10:125][  0]LogOcInput: OculusInput pre-init called
[2018.02.28-20.31.10:501][  0]LogEngine: Initializing Engine...
[2018.02.28-20.31.10:504][  0]LogHMD: Failed to initialize OpenVR with code 110
[2018.02.28-20.31.11:085][  0]LogStats: UGameplayTagsManager::ConstructGameplayTagTree: Construct from data asset -  0.000 s
[2018.02.28-20.31.11:085][  0]LogStats: UGameplayTagsManager::ConstructGameplayTagTree: GameplayTagTreeChangedEvent.Broadcast -  0.000 s
[2018.02.28-20.31.11:234][  0]LogAIModule: Creating AISystem for world Untitled
[2018.02.28-20.31.11:245][  0]LogInit: XAudio2 using 'Lautsprecher (Realtek High Definition Audio)' : 2 channels at 48 kHz using 32 bits per sample (channel mask 0x3)
[2018.02.28-20.31.11:261][  0]LogInit: FAudioDevice initialized.
[2018.02.28-20.31.11:433][  0]LogDerivedDataCache: Saved boot cache 0.17s 80MB C:/Users/Megapoort/AppData/Local/UnrealEngine/4.18/DerivedDataCache/Boot.ddc.
[2018.02.28-20.31.11:460][  0]LogInit: Texture streaming: Enabled
[2018.02.28-20.31.11:579][  0]LogEngineSessionManager: EngineSessionManager initialized
[2018.02.28-20.31.11:729][  0]LogWindowsTextInputMethodSystem: Display: IME system now deactivated.
[2018.02.28-20.31.11:813][  0]LogInit: Transaction tracking system initialized
[2018.02.28-20.31.12:194][  0]BlueprintLog: New page: Editor Load
[2018.02.28-20.31.13:643][  0]LocalizationService: Localization service is disabled
[2018.02.28-20.31.15:130][  0]LogConsoleResponse: Display: 
[2018.02.28-20.31.15:920][  0]LogCook: Display: Max memory allowance for cook 16384mb min free memory 0mb
[2018.02.28-20.31.15:921][  0]LogCook: Display: Mobile HDR setting 1
[2018.02.28-20.31.15:921][  0]LogGameplayTags: Display: UGameplayTagsManager::DoneAddingNativeTags. DelegateIsBound: 0
[2018.02.28-20.31.15:996][  0]LogFileCache: Scanning file cache for directory 'C:/Users/Megapoort/Desktop/Lyfe/Lyfe_Game/Content/' took 0.02s
[2018.02.28-20.31.17:566][  0]SourceControl: Source control is disabled
[2018.02.28-20.31.17:566][  0]Cmd: MAP LOAD FILE="../../../Engine/Content/Maps/Templates/Template_Default.umap" TEMPLATE=1 SHOWPROGRESS=1 FEATURELEVEL=3
[2018.02.28-20.31.17:571][  0]LightingResults: New page: Lighting Build
[2018.02.28-20.31.17:624][  0]MapCheck: New page: Map Check
[2018.02.28-20.31.17:625][  0]LightingResults: New page: Lighting Build
[2018.02.28-20.31.18:102][  0]LogAIModule: Creating AISystem for world Untitled_1
[2018.02.28-20.31.18:111][  0]LogEditorServer: Finished looking for orphan Actors (0.000 secs)
[2018.02.28-20.31.18:122][  0]Cmd: MAP CHECKDEP NOCLEARLOG
[2018.02.28-20.31.18:180][  0]MapCheck: Map check complete: 0 Error(s), 0 Warning(s), took 58.084ms to complete.
[2018.02.28-20.31.18:181][  0]LogFileHelpers: Loading map 'Template_Default' took 0.615
[2018.02.28-20.31.18:516][  0]LogCollectionManager: Loaded 0 collections in 0.002766 seconds
[2018.02.28-20.31.18:618][  0]LogFileCache: Scanning file cache for directory 'C:/Users/Megapoort/Desktop/Lyfe/Lyfe_Game/Saved/Collections/' took 0.01s
[2018.02.28-20.31.18:618][  0]LogFileCache: Scanning file cache for directory 'C:/Users/Megapoort/Desktop/Lyfe/Lyfe_Game/Content/Developers/Megapoort/Collections/' took 0.01s
[2018.02.28-20.31.18:618][  0]LogFileCache: Scanning file cache for directory 'C:/Users/Megapoort/Desktop/Lyfe/Lyfe_Game/Content/Collections/' took 0.01s
[2018.02.28-20.31.18:618][  0]LogCollectionManager: Rebuilt the GUID cache for 0 collections in 0.000000 seconds
[2018.02.28-20.31.18:630][  0]LogContentBrowser: Native class hierarchy populated in 0.0114 seconds. Added 2366 classes and 522 folders.
[2018.02.28-20.31.18:711][  0]LogContentBrowser: Native class hierarchy updated for 'WidgetCarousel' in 0.0011 seconds. Added 0 classes and 0 folders.
[2018.02.28-20.31.19:390][  0]LogContentBrowser: Native class hierarchy updated for 'AddContentDialog' in 0.0026 seconds. Added 0 classes and 0 folders.
[2018.02.28-20.31.19:477][  0]LogContentBrowser: Native class hierarchy updated for 'SceneOutliner' in 0.0013 seconds. Added 1 classes and 2 folders.
[2018.02.28-20.31.19:535][  0]LogSlate: Took 0.008965 seconds to synchronously load lazily loaded font '../../../Engine/Content/Slate/Fonts/Roboto-Regular.ttf' (155K)
[2018.02.28-20.31.19:540][  0]LogSlate: Took 0.003714 seconds to synchronously load lazily loaded font '../../../Engine/Content/Slate/Fonts/Roboto-Bold.ttf' (160K)
[2018.02.28-20.31.19:571][  0]LogSlate: Took 0.016295 seconds to synchronously load lazily loaded font '../../../Engine/Content/Editor/Slate/Fonts/FontAwesome.ttf' (139K)
[2018.02.28-20.31.19:769][  0]LogRenderer: Reallocating scene render targets to support 1528x600 Format 10 NumSamples 1 (Frame:1).
[2018.02.28-20.31.19:977][  0]LogContentBrowser: Native class hierarchy updated for 'HierarchicalLODOutliner' in 0.0013 seconds. Added 1 classes and 2 folders.
[2018.02.28-20.31.19:978][  0]LogLoad: (Engine Initialization) Total time: 45.17 seconds
[2018.02.28-20.31.19:978][  0]LogLoad: (Engine Initialization) Total Blueprint compile time: 0.00 seconds
[2018.02.28-20.31.19:978][  0]LogExternalProfiler: No external profilers were discovered.  External profiling features will not be available.
[2018.02.28-20.31.20:045][  0]LogAssetRegistry: Asset discovery search completed in 27.7370 seconds
[2018.02.28-20.31.20:047][  0]LogCollectionManager: Rebuilt the object cache for 0 collections in 0.000000 seconds (found 0 objects)
[2018.02.28-20.31.20:047][  0]LogCollectionManager: Fixed up redirectors for 0 collections in 0.000052 seconds (updated 0 objects)
[2018.02.28-20.31.20:049][  0]LogContentStreaming: Texture pool size now 1000 MB
[2018.02.28-20.31.20:125][  0]LogSlate: Took 0.007558 seconds to synchronously load lazily loaded font '../../../Engine/Content/Slate/Fonts/Roboto-Light.ttf' (159K)
[2018.02.28-20.31.41:116][645]LightingResults: New page: Lighting Build
[2018.02.28-20.31.41:116][645]MapCheck: New page: Map Check
[2018.02.28-20.31.41:117][645]LightingResults: New page: Lighting Build
[2018.02.28-20.31.41:161][645]LogAIModule: Creating AISystem for world Untitled
[2018.02.28-20.31.41:163][645]LoadErrors: New page: New Map
[2018.02.28-20.31.58:180][523]LogTemp: Repeating last play command: Selected Viewport
[2018.02.28-20.31.58:330][523]LogPlayLevel: PlayLevel: No blueprints needed recompiling
[2018.02.28-20.31.58:331][523]PIE: New page: PIE session: Untitled_2 (Feb 28, 2018, 10:31:58 PM)
[2018.02.28-20.31.58:331][523]LogPlayLevel: Creating play world package: /Temp/UEDPIE_0_Untitled_2
[2018.02.28-20.31.58:333][523]LogPlayLevel: PIE: StaticDuplicateObject took: (0.001471s)
[2018.02.28-20.31.58:334][523]LogAIModule: Creating AISystem for world Untitled
[2018.02.28-20.31.58:334][523]LogPlayLevel: PIE: World Init took: (0.001107s)
[2018.02.28-20.31.58:334][523]LogPlayLevel: PIE: Created PIE world by copying editor world from /Temp/Untitled_2.Untitled to /Temp/UEDPIE_0_Untitled_2.Untitled (0.003046s)
[2018.02.28-20.31.58:382][523]LogInit: XAudio2 using 'Lautsprecher (Realtek High Definition Audio)' : 2 channels at 48 kHz using 32 bits per sample (channel mask 0x3)
[2018.02.28-20.31.58:394][523]LogInit: FAudioDevice initialized.
[2018.02.28-20.31.58:439][523]LogLoad: Game class is 'GameModeBase'
[2018.02.28-20.31.58:443][523]LogWorld: Bringing World /Temp/UEDPIE_0_Untitled_2.Untitled up for play (max tick rate 0) at 2018.02.28-21.31.58
[2018.02.28-20.31.58:443][523]LogWorld: Bringing up level for play took: 0.001001
[2018.02.28-20.31.58:506][523]LogContentBrowser: Native class hierarchy updated for 'MovieSceneCapture' in 0.0014 seconds. Added 11 classes and 0 folders.
[2018.02.28-20.31.58:507][523]PIE: Play in editor start time for /Temp/UEDPIE_0_Untitled_2 0.294
[2018.02.28-20.32.39:886][274]LogActorFactory: Actor Factory created Cube
[2018.02.28-20.32.41:627][470]LogActorFactory: Actor Factory created Cube
[2018.02.28-20.32.47:284][112]LogTemp: Repeating last play command: Selected Viewport
[2018.02.28-20.32.47:303][112]LogPlayLevel: PlayLevel: No blueprints needed recompiling
[2018.02.28-20.32.47:303][112]PIE: New page: PIE session: Untitled_2 (Feb 28, 2018, 10:32:47 PM)
[2018.02.28-20.32.47:303][112]LogPlayLevel: Creating play world package: /Temp/UEDPIE_0_Untitled_2
[2018.02.28-20.32.47:304][112]LogPlayLevel: PIE: StaticDuplicateObject took: (0.000868s)
[2018.02.28-20.32.47:304][112]LogAIModule: Creating AISystem for world Untitled
[2018.02.28-20.32.47:305][112]LogPlayLevel: PIE: World Init took: (0.000718s)
[2018.02.28-20.32.47:305][112]LogPlayLevel: PIE: Created PIE world by copying editor world from /Temp/Untitled_2.Untitled to /Temp/UEDPIE_0_Untitled_2.Untitled (0.001833s)
[2018.02.28-20.32.47:319][112]LogInit: XAudio2 using 'Lautsprecher (Realtek High Definition Audio)' : 2 channels at 48 kHz using 32 bits per sample (channel mask 0x3)
[2018.02.28-20.32.47:330][112]LogInit: FAudioDevice initialized.
[2018.02.28-20.32.47:366][112]LogLoad: Game class is 'GameModeBase'
[2018.02.28-20.32.47:368][112]LogWorld: Bringing World /Temp/UEDPIE_0_Untitled_2.Untitled up for play (max tick rate 0) at 2018.02.28-21.32.47
[2018.02.28-20.32.47:368][112]LogWorld: Bringing up level for play took: 0.001123
[2018.02.28-20.32.47:371][112]PIE: Play in editor start time for /Temp/UEDPIE_0_Untitled_2 -0.843
[2018.02.28-20.32.49:559][358]LogEditorViewport: Clicking on Actor (LMB): CameraActor (CameraActor)
[2018.02.28-20.32.51:537][573]LogSlate: Took 0.018889 seconds to synchronously load lazily loaded font '../../../Engine/Content/Editor/Slate/Fonts/Roboto-Italic.ttf' (157K)
[2018.02.28-20.33.41:819][823]LogEditorViewport: Clicking Background
[2018.02.28-20.34.12:471][634]LogEditorViewport: Clicking on Actor (LMB): CameraActor (PlayerCamera)
[2018.02.28-20.34.14:546][874]LogTemp: Repeating last play command: Selected Viewport
[2018.02.28-20.34.14:566][874]LogPlayLevel: PlayLevel: No blueprints needed recompiling
[2018.02.28-20.34.14:566][874]PIE: New page: PIE session: Untitled_2 (Feb 28, 2018, 10:34:14 PM)
[2018.02.28-20.34.14:566][874]LogPlayLevel: Creating play world package: /Temp/UEDPIE_0_Untitled_2
[2018.02.28-20.34.14:567][874]LogPlayLevel: PIE: StaticDuplicateObject took: (0.000815s)
[2018.02.28-20.34.14:567][874]LogAIModule: Creating AISystem for world Untitled
[2018.02.28-20.34.14:568][874]LogPlayLevel: PIE: World Init took: (0.000657s)
[2018.02.28-20.34.14:568][874]LogPlayLevel: PIE: Created PIE world by copying editor world from /Temp/Untitled_2.Untitled to /Temp/UEDPIE_0_Untitled_2.Untitled (0.001712s)
[2018.02.28-20.34.14:608][874]LogInit: XAudio2 using 'Lautsprecher (Realtek High Definition Audio)' : 2 channels at 48 kHz using 32 bits per sample (channel mask 0x3)
[2018.02.28-20.34.14:619][874]LogInit: FAudioDevice initialized.
[2018.02.28-20.34.14:649][874]LogLoad: Game class is 'GameModeBase'
[2018.02.28-20.34.14:650][874]LogWorld: Bringing World /Temp/UEDPIE_0_Untitled_2.Untitled up for play (max tick rate 0) at 2018.02.28-21.34.14
[2018.02.28-20.34.14:650][874]LogWorld: Bringing up level for play took: 0.000546
[2018.02.28-20.34.14:651][874]PIE: Play in editor start time for /Temp/UEDPIE_0_Untitled_2 0.438
[2018.02.28-20.34.21:281][652]LogEditorViewport: Clicking on Actor (LMB): CameraActor (PlayerCamera)
[2018.02.28-20.34.39:883][593]MapCheck: New page: Map Check
[2018.02.28-20.34.39:915][593]Cmd: MAP REBUILD ALLVISIBLE
[2018.02.28-20.34.39:915][593]LogEditorServer: Rebuildmap Clear paths rebuilt
[2018.02.28-20.34.39:948][593]LogMaterial: Missing cached shader map for material FDebugViewModeMaterialProxy MatineeCam_mat, compiling. 
[2018.02.28-20.34.39:955][593]LogMaterial: Missing cached shader map for material FDebugViewModeMaterialProxy BasicShapeMaterial, compiling. 
[2018.02.28-20.34.40:462][593]TextureStreamingBuild: Display: Compiling optional shaders took 0.518 seconds.
[2018.02.28-20.34.40:466][593]LogLevel: Display: Export Material TexCoord Scales took 0.005 seconds.
[2018.02.28-20.34.40:470][593]TextureStreamingBuild: Display: Build Texture Streaming took 0.004 seconds.
[2018.02.28-20.34.40:477][593]LightingResults: New page: Lighting Build - Feb 28, 2018, 10:34:40 PM
[2018.02.28-20.34.40:529][593]LogSwarmInterface: [OpenConnection] Registering TCP channel ...
[2018.02.28-20.34.40:644][593]LogSwarmInterface: [OpenConnection] Connecting to agent ...
[2018.02.28-20.34.40:670][593]LogSwarmInterface: [TryOpenConnection] Testing the Agent
[2018.02.28-20.34.41:769][593]LogSwarmInterface: [TryOpenConnection] Opening Connection to Agent
[2018.02.28-20.34.41:769][593]LogSwarmInterface: [TryOpenConnection] Local Process ID is 9524
[2018.02.28-20.34.43:871][593]LogStaticLightingSystem: Warning: No importance volume found, so the scene bounding box was used.  You can optimize your scene's quality and lighting build times by adding importance volumes.
[2018.02.28-20.34.43:871][593]LogStaticLightingSystem: Running Lightmass w/ ImmediateImport mode ENABLED
[2018.02.28-20.34.43:872][593]LogStaticLightingSystem: Running Lightmass w/ ImmediateProcess mode ENABLED
[2018.02.28-20.34.43:872][593]LogStaticLightingSystem: Running Lightmass w/ Sorting mode ENABLED
[2018.02.28-20.34.43:872][593]LogStaticLightingSystem: Running Lightmass w/ Mapping paddings ENABLED
[2018.02.28-20.34.43:872][593]LogStaticLightingSystem: Running Lightmass w/ Mapping debug paddings DISABLED
[2018.02.28-20.34.43:981][593]Cmd: MAP CHECK DONTDISPLAYDIALOG
[2018.02.28-20.34.43:981][593]MapCheck: New page: Untitled_2 - Feb 28, 2018, 10:34:43 PM
[2018.02.28-20.34.43:996][593]MapCheck: Error: WorldSettings Maps need lighting rebuilt 
[2018.02.28-20.34.44:078][593]MapCheck: Map check complete: 1 Error(s), 0 Warning(s), took 98.03ms to complete.
[2018.02.28-20.34.44:101][593]LogEditorBuildUtils: Build time 0:04
[2018.02.28-20.34.45:948][681]Job is a success!
[2018.02.28-20.34.45:972][683]LogSlate: Took 0.000173 seconds to synchronously load lazily loaded font '../../../Engine/Content/Slate/Fonts/Roboto-Light.ttf' (159K)
[2018.02.28-20.34.45:994][683]LogVolumetricLightmapImport: Imported Volumetric Lightmap in 0.008s
[2018.02.28-20.34.45:994][683]LogVolumetricLightmapImport:      Indirection Texture 16x16x16 = 0.0Mb
[2018.02.28-20.34.45:994][683]LogVolumetricLightmapImport:      BrickData 10x5x5 = 0.0Mb
[2018.02.28-20.34.45:995][683]LogVolumetricLightmapImport:      Bricks at Level
[2018.02.28-20.34.45:995][683]LogVolumetricLightmapImport:          0: 50.0% covering 100.0% of volume
[2018.02.28-20.34.45:995][683]LogVolumetricLightmapImport:          1: 50.0% covering 1.6% of volume
[2018.02.28-20.34.45:995][683]LogVolumetricLightmapImport:          2: 0.0% covering 0.0% of volume
[2018.02.28-20.34.46:016][683]LogTexture: Display: Building textures: HQ_Lightmap0_1 (AutoDXT, 128X128)
[2018.02.28-20.34.46:016][683]LogTexture: Display: Building textures: LQ_Lightmap_0_1 (DXT1, 128X128)
[2018.02.28-20.34.46:016][683]LogTexture: Display: Building textures: ShadowMapTexture2D_0 (G8, 64X64)
[2018.02.28-20.34.46:038][683]Lightmass on DESKTOP-47R6KV7: 847 ms total, 125 ms importing, 21 ms setup, 375 ms photons, 293 ms processing, 0 ms extra exporting [1/1 mappings]. Threads: 1.89 sec total, 17 ms processing.
[2018.02.28-20.34.46:055][683]LogStaticLightingSystem: Illumination: 5.55 sec (2 ms encoding lightmaps, 10 ms encoding shadowmaps)
[2018.02.28-20.34.46:055][683]LogStaticLightingSystem: Lightmap texture memory:  0.0 MB (0.0 MB streaming, 0.0 MB non-streaming), 2 textures
[2018.02.28-20.34.46:055][683]LogStaticLightingSystem: Shadowmap texture memory: 0.0 MB (0.0 MB streaming, 0.0 MB non-streaming), 1 textures
[2018.02.28-20.34.46:877][683]DumpUnbuiltLightIteractions
[2018.02.28-20.34.46:877][683]Lights with unbuilt interactions: 0
[2018.02.28-20.34.46:877][683]
[2018.02.28-20.34.46:877][683]Primitives with unbuilt interactions: 0
[2018.02.28-20.34.46:898][684]Cmd: MAP CHECK NOTIFYRESULTS
[2018.02.28-20.34.46:899][684]MapCheck: New page: Untitled_2 - Feb 28, 2018, 10:34:46 PM
[2018.02.28-20.34.46:962][684]MapCheck: Map check complete: 0 Error(s), 0 Warning(s), took 64.126ms to complete.
[2018.02.28-20.35.13:382][662]LogSlate: Only BGRA pngs, bmps or icos are supported in by External Image Picker
[2018.02.28-20.35.13:470][663]LogTemp: Executing iPhonePackager certificates Engine -bundlename com.YourCompany.LyfeGame
[2018.02.28-20.35.13:470][663]LogTemp: CWD: C:\Program Files\Epic Games\UE_4.18\Engine\Binaries\DotNET\IOS
[2018.02.28-20.35.13:470][663]LogTemp: Initial Dir: C:\Program Files\Epic Games\UE_4.18
[2018.02.28-20.35.13:470][663]LogTemp: Env CWD: C:\Program Files\Epic Games\UE_4.18\Engine\Binaries\DotNET\IOS
[2018.02.28-20.35.13:470][663]LogTemp: BranchPath = DESKTOP-47R6KV7/C/Program Files/Epic Games/UE_4.18/Engine/Binaries --- GameBranchPath = DESKTOP-47R6KV7/C/Program Files/Epic Games/UE_4.18/Engine/Binaries
[2018.02.28-20.35.13:495][664]LogTemp: IPP ERROR: Could not find provision directory 'C:\Users\Megapoort\AppData\Local/Apple Computer/MobileDevice/Provisioning Profiles/'.
[2018.02.28-20.35.17:692][140]LogSlate: Took 0.000191 seconds to synchronously load lazily loaded font '../../../Engine/Content/Slate/Fonts/Roboto-Light.ttf' (159K)
[2018.02.28-20.35.38:018][826]LogSavePackage: Save=32.72ms
[2018.02.28-20.35.38:019][826]LogSavePackage: Moving '../../../../../../Users/Megapoort/Desktop/Lyfe/Lyfe_Game/Saved/Stage_SingleCelled_TestE2398039421F886B6ABC9686041FFCF1.tmp' to '../../../../../../Users/Megapoort/Desktop/Lyfe/Lyfe_Game/Content/Scenes/Stage_SingleCelled_Test.umap'
[2018.02.28-20.35.38:032][826]LogSavePackage: Display: Finished SavePackage ../../../../../../Users/Megapoort/Desktop/Lyfe/Lyfe_Game/Content/Scenes/Stage_SingleCelled_Test.umap
[2018.02.28-20.35.38:109][826]LogSavePackage: Save=10.68ms
[2018.02.28-20.35.38:109][826]LogSavePackage: Moving '../../../../../../Users/Megapoort/Desktop/Lyfe/Lyfe_Game/Saved/Stage_SingleCelled_Test_BuiltDatA9BDD7FF47ED2EF357E4E695E6C750C8.tmp' to '../../../../../../Users/Megapoort/Desktop/Lyfe/Lyfe_Game/Content/Scenes/Stage_SingleCelled_Test_BuiltData.uasset'
[2018.02.28-20.35.38:112][826]LogSavePackage: Display: Finished SavePackage ../../../../../../Users/Megapoort/Desktop/Lyfe/Lyfe_Game/Content/Scenes/Stage_SingleCelled_Test_BuiltData.uasset
[2018.02.28-20.35.38:117][826]LogFileHelpers: Saving map 'Stage_SingleCelled_Test' took 0.236
[2018.02.28-20.35.48:352][684]LogSlate: Only BGRA pngs, bmps or icos are supported in by External Image Picker
[2018.02.28-20.35.48:416][686]LogTemp: Executing iPhonePackager certificates Engine -bundlename com.YourCompany.LyfeGame
[2018.02.28-20.35.48:417][686]LogTemp: CWD: C:\Program Files\Epic Games\UE_4.18\Engine\Binaries\DotNET\IOS
[2018.02.28-20.35.48:417][686]LogTemp: Initial Dir: C:\Program Files\Epic Games\UE_4.18
[2018.02.28-20.35.48:417][686]LogTemp: Env CWD: C:\Program Files\Epic Games\UE_4.18\Engine\Binaries\DotNET\IOS
[2018.02.28-20.35.48:428][687]LogTemp: BranchPath = DESKTOP-47R6KV7/C/Program Files/Epic Games/UE_4.18/Engine/Binaries --- GameBranchPath = DESKTOP-47R6KV7/C/Program Files/Epic Games/UE_4.18/Engine/Binaries
[2018.02.28-20.35.48:481][692]LogTemp: IPP ERROR: Could not find provision directory 'C:\Users\Megapoort\AppData\Local/Apple Computer/MobileDevice/Provisioning Profiles/'.
[2018.02.28-20.37.01:058][259]LogVSAccessor: Warning: Couldn't access Visual Studio
[2018.02.28-20.37.01:064][259]Candidate modules for hot reload:
[2018.02.28-20.37.01:064][259]  Lyfe_Game
[2018.02.28-20.37.01:064][259]Launching UnrealBuildTool... [C:/Program Files/Epic Games/UE_4.18/Engine/Binaries/DotNET/UnrealBuildTool.exe Lyfe_Game -ModuleWithSuffix Lyfe_Game 4683 Win64 Development -editorrecompile -canskiplink "C:/Users/Megapoort/Desktop/Lyfe/Lyfe_Game/Lyfe_Game.uproject" ]
[2018.02.28-20.37.01:085][259]Warning: Starting HotReload took  0.0s.
[2018.02.28-20.37.50:164][581]CompilerResultsLog: New page: Compilation - Feb 28, 2018, 10:37:50 PM
[2018.02.28-20.37.50:165][581]CompilerResultsLog: Performing full C++ include scan (hot reloading a new target)
[2018.02.28-20.37.50:165][581]CompilerResultsLog: Using 'git status' to determine working set for adaptive non-unity build.
[2018.02.28-20.37.50:165][581]CompilerResultsLog: Creating makefile for hot reloading Lyfe_Game (ini files are newer than UBTMakefile)
[2018.02.28-20.37.50:165][581]CompilerResultsLog: Compiling game modules for hot reload
[2018.02.28-20.37.50:165][581]CompilerResultsLog: Parsing headers for Lyfe_GameEditor
[2018.02.28-20.37.50:165][581]CompilerResultsLog:   Running UnrealHeaderTool "C:\Users\Megapoort\Desktop\Lyfe\Lyfe_Game\Lyfe_Game.uproject" "C:\Users\Megapoort\Desktop\Lyfe\Lyfe_Game\Intermediate\Build\Win64\Lyfe_GameEditor\Development\Lyfe_GameEditor.uhtmanifest" -LogCmds="loginit warning, logexit warning, logdatabase error" -Unattended -WarningsAsErrors -installed
[2018.02.28-20.37.50:165][581]CompilerResultsLog: Reflection code generated for Lyfe_GameEditor in 11,3156335 seconds
[2018.02.28-20.37.50:165][581]CompilerResultsLog: Performing 11 actions (4 in parallel)
[2018.02.28-20.37.50:166][581]CompilerResultsLog: Lyfe_GameGameModeBase.cpp
[2018.02.28-20.37.50:166][581]CompilerResultsLog: Camera_SingleCelled.cpp
[2018.02.28-20.37.50:166][581]CompilerResultsLog: Lyfe_Game.cpp
[2018.02.28-20.37.50:166][581]CompilerResultsLog: Character_SingleCelled.cpp
[2018.02.28-20.37.50:166][581]CompilerResultsLog: Stage_Meta_SingleCelled.cpp
[2018.02.28-20.37.50:166][581]CompilerResultsLog: Camera_SingleCelled.gen.cpp
[2018.02.28-20.37.50:166][581]CompilerResultsLog: Character_SingleCelled.gen.cpp
[2018.02.28-20.37.50:166][581]CompilerResultsLog: Lyfe_Game.init.gen.cpp
[2018.02.28-20.37.50:166][581]CompilerResultsLog: Lyfe_GameGameModeBase.gen.cpp
[2018.02.28-20.37.50:166][581]CompilerResultsLog: [10/11] Link UE4Editor-Lyfe_Game-4683.dll
[2018.02.28-20.37.50:166][581]CompilerResultsLog: [11/11] Link UE4Editor-Lyfe_Game-4683.lib
[2018.02.28-20.37.50:166][581]CompilerResultsLog:    Bibliothek "C:\Users\Megapoort\Desktop\Lyfe\Lyfe_Game\Intermediate\Build\Win64\UE4Editor\Development\UE4Editor-Lyfe_Game-4683.lib" und Objekt "C:\Users\Megapoort\Desktop\Lyfe\Lyfe_Game\Intermediate\Build\Win64\UE4Editor\Development\UE4Editor-Lyfe_Game-4683.exp" werden erstellt.
[2018.02.28-20.37.50:166][581]CompilerResultsLog:    Bibliothek "C:\Users\Megapoort\Desktop\Lyfe\Lyfe_Game\Intermediate\Build\Win64\UE4Editor\Development\UE4Editor-Lyfe_Game-4683.suppressed.lib" und Objekt "C:\Users\Megapoort\Desktop\Lyfe\Lyfe_Game\Intermediate\Build\Win64\UE4Editor\Development\UE4Editor-Lyfe_Game-4683.suppressed.exp" werden erstellt.
[2018.02.28-20.37.50:167][581]CompilerResultsLog: Total build time: 48,57 seconds (Local executor: 3,66 seconds)
[2018.02.28-20.37.50:167][581]LogMainFrame: MainFrame: Module compiling took 49.109 seconds
[2018.02.28-20.37.50:256][581]LogContentBrowser: Native class hierarchy updated for 'Lyfe_Game' in 0.0011 seconds. Added 3 classes and 3 folders.
[2018.02.28-20.37.50:258][581]Display: HotReload successful (0 functions remapped  0 scriptstructs remapped)
[2018.02.28-20.37.50:341][581]LogContentBrowser: Native class hierarchy populated in 0.0133 seconds. Added 2368 classes and 526 folders.
[2018.02.28-20.37.50:343][581]Display: HotReload took 49.3s.
[2018.02.28-20.38.01:514][318]LogTemp: Repeating last play command: Selected Viewport
[2018.02.28-20.38.01:532][318]LogPlayLevel: PlayLevel: No blueprints needed recompiling
[2018.02.28-20.38.01:532][318]PIE: New page: PIE session: Stage_SingleCelled_Test (Feb 28, 2018, 10:38:01 PM)
[2018.02.28-20.38.01:532][318]LogPlayLevel: Creating play world package: /Game/Scenes/UEDPIE_0_Stage_SingleCelled_Test
[2018.02.28-20.38.01:533][318]LogPlayLevel: PIE: StaticDuplicateObject took: (0.000973s)
[2018.02.28-20.38.01:533][318]LogAIModule: Creating AISystem for world Stage_SingleCelled_Test
[2018.02.28-20.38.01:534][318]LogPlayLevel: PIE: World Init took: (0.000772s)
[2018.02.28-20.38.01:534][318]LogPlayLevel: PIE: Created PIE world by copying editor world from /Game/Scenes/Stage_SingleCelled_Test.Stage_SingleCelled_Test to /Game/Scenes/UEDPIE_0_Stage_SingleCelled_Test.Stage_SingleCelled_Test (0.002010s)
[2018.02.28-20.38.01:575][318]LogInit: XAudio2 using 'Lautsprecher (Realtek High Definition Audio)' : 2 channels at 48 kHz using 32 bits per sample (channel mask 0x3)
[2018.02.28-20.38.01:586][318]LogInit: FAudioDevice initialized.
[2018.02.28-20.38.01:619][318]LogLoad: Game class is 'GameModeBase'
[2018.02.28-20.38.01:621][318]LogWorld: Bringing World /Game/Scenes/UEDPIE_0_Stage_SingleCelled_Test.Stage_SingleCelled_Test up for play (max tick rate 0) at 2018.02.28-21.38.01
[2018.02.28-20.38.01:621][318]LogWorld: Bringing up level for play took: 0.001088
[2018.02.28-20.38.01:624][318]PIE: Play in editor start time for /Game/Scenes/UEDPIE_0_Stage_SingleCelled_Test -0.59
[2018.02.28-20.38.18:885][313]LogEditor: Attempting to add actor of class 'Character_SingleCelled' to level at -250.00,-350.00,290.00
[2018.02.28-20.38.20:251][457]LogEditor: Attempting to add actor of class 'Character_SingleCelled' to level at -250.00,-350.00,290.00
[2018.02.28-20.38.30:609][614]LogEditorViewport: Clicking Background
[2018.02.28-20.38.31:916][764]LogEditorViewport: Clicking on Actor (LMB): Character_SingleCelled (Character_SingleCelled1)
[2018.02.28-20.38.44:341][150]LogEditorViewport: Clicking on Actor (LMB): CameraActor (PlayerCamera)
[2018.02.28-20.38.44:775][183]LogEditorViewport: Clicking on Actor (LMB): CameraActor (PlayerCamera)
[2018.02.28-20.38.45:764][299]Cmd: DELETE
[2018.02.28-20.38.45:764][299]Cmd: ACTOR DELETE
[2018.02.28-20.38.45:766][299]LogEditorActor: Deleted Actor: CameraActor
[2018.02.28-20.38.45:803][299]LogEditorActor: Deleted 1 Actors (0.038 secs)
[2018.02.28-20.38.46:563][385]LogEditorViewport: Clicking on Actor (LMB): Character_SingleCelled (Character_SingleCelled1)
[2018.02.28-20.38.47:558][487]Cmd: DELETE
[2018.02.28-20.38.47:558][487]Cmd: ACTOR DELETE
[2018.02.28-20.38.47:559][487]LogEditorActor: Deleted Actor: Character_SingleCelled
[2018.02.28-20.38.47:576][487]LogEditorActor: Deleted 1 Actors (0.018 secs)
[2018.02.28-20.40.23:989][716]LogSavePackage: Save=17.26ms
[2018.02.28-20.40.23:989][716]LogSavePackage: Moving '../../../../../../Users/Megapoort/Desktop/Lyfe/Lyfe_Game/Saved/Stage_SingleCelled_TestD6CBA67C43F9CDD18F62798B4C4C46BD.tmp' to '../../../../../../Users/Megapoort/Desktop/Lyfe/Lyfe_Game/Content/Scenes/Stage_SingleCelled_Test.umap'
[2018.02.28-20.40.23:995][716]LogSavePackage: Display: Finished SavePackage ../../../../../../Users/Megapoort/Desktop/Lyfe/Lyfe_Game/Content/Scenes/Stage_SingleCelled_Test.umap
[2018.02.28-20.40.24:062][716]LogSavePackage: Save=8.56ms
[2018.02.28-20.40.24:062][716]LogSavePackage: Moving '../../../../../../Users/Megapoort/Desktop/Lyfe/Lyfe_Game/Saved/Stage_SingleCelled_Test_BuiltDat3674377B406C3BF0A45165872F28A3C4.tmp' to '../../../../../../Users/Megapoort/Desktop/Lyfe/Lyfe_Game/Content/Scenes/Stage_SingleCelled_Test_BuiltData.uasset'
[2018.02.28-20.40.24:064][716]LogSavePackage: Display: Finished SavePackage ../../../../../../Users/Megapoort/Desktop/Lyfe/Lyfe_Game/Content/Scenes/Stage_SingleCelled_Test_BuiltData.uasset
[2018.02.28-20.40.25:494][849]Cmd: QUIT_EDITOR
[2018.02.28-20.40.25:670][849]LogWindowsTextInputMethodSystem: Display: IME system now deactivated.
[2018.02.28-20.40.25:686][849]LogExit: Preparing to exit.
[2018.02.28-20.40.26:718][849]LogDirectoryWatcher: A directory notification for 'C:/Users/Megapoort/Desktop/Lyfe/Lyfe_Game/Content/' was aborted.
[2018.02.28-20.40.26:743][849]LogExit: Editor shut down
[2018.02.28-20.40.26:749][849]LogExit: Transaction tracking system shut down
[2018.02.28-20.40.26:919][849]LogDirectoryWatcher: A directory notification for '../../../Engine/Content/' was aborted.
[2018.02.28-20.40.26:919][849]LogDirectoryWatcher: A directory notification for '../../../../../../Users/Megapoort/Desktop/Lyfe/Lyfe_Game/Content/' was aborted.
[2018.02.28-20.40.26:919][849]LogDirectoryWatcher: A directory notification for '../../../Engine/Plugins/2D/Paper2D/Content/' was aborted.
[2018.02.28-20.40.26:920][849]LogDirectoryWatcher: A directory notification for '../../../Engine/Plugins/Media/MediaCompositing/Content/' was aborted.
[2018.02.28-20.40.26:920][849]LogDirectoryWatcher: A directory notification for '../../../Engine/Plugins/Runtime/AppleARKit/Content/' was aborted.
[2018.02.28-20.40.26:920][849]LogDirectoryWatcher: A directory notification for '../../../Engine/Plugins/Runtime/Oculus/OculusVR/Content/' was aborted.
[2018.02.28-20.40.26:920][849]LogDirectoryWatcher: A directory notification for '../../../Engine/Plugins/Runtime/Steam/SteamVR/Content/' was aborted.
[2018.02.28-20.40.26:975][849]LogExit: Object subsystem successfully closed.
[2018.02.28-20.40.26:998][849]LogD3D11RHI: Shutdown
[2018.02.28-20.40.26:998][849]LogD3D11RHI: CleanupD3DDevice
[2018.02.28-20.40.27:001][849]LogD3D11RHI: ~FD3D11DynamicRHI
[2018.02.28-20.40.27:029][849]LogModuleManager: Shutting down and abandoning module Lyfe_Game (559)
[2018.02.28-20.40.27:029][849]LogModuleManager: Shutting down and abandoning module ExternalImagePicker (558)
[2018.02.28-20.40.27:029][849]LogModuleManager: Shutting down and abandoning module MovieSceneCapture (556)
[2018.02.28-20.40.27:029][849]LogModuleManager: Shutting down and abandoning module NewLevelDialog (554)
[2018.02.28-20.40.27:029][849]LogModuleManager: Shutting down and abandoning module HierarchicalLODOutliner (552)
[2018.02.28-20.40.27:029][849]LogModuleManager: Shutting down and abandoning module DesktopPlatform (550)
[2018.02.28-20.40.27:029][849]LogModuleManager: Shutting down and abandoning module SceneOutliner (548)
[2018.02.28-20.40.27:029][849]LogModuleManager: Shutting down and abandoning module AddContentDialog (546)
[2018.02.28-20.40.27:030][849]LogDirectoryWatcher: A directory notification for 'C:/Program Files/Epic Games/UE_4.18/FeaturePacks/' was aborted.
[2018.02.28-20.40.27:030][849]LogModuleManager: Shutting down and abandoning module WidgetCarousel (545)
[2018.02.28-20.40.27:030][849]LogModuleManager: Shutting down and abandoning module EditorWidgets (542)
[2018.02.28-20.40.27:030][849]LogModuleManager: Shutting down and abandoning module CollectionManager (540)
[2018.02.28-20.40.27:031][849]LogDirectoryWatcher: A directory notification for 'C:/Users/Megapoort/Desktop/Lyfe/Lyfe_Game/Content/Collections/' was aborted.
[2018.02.28-20.40.27:031][849]LogDirectoryWatcher: A directory notification for 'C:/Users/Megapoort/Desktop/Lyfe/Lyfe_Game/Content/Developers/Megapoort/Collections/' was aborted.
[2018.02.28-20.40.27:031][849]LogDirectoryWatcher: A directory notification for 'C:/Users/Megapoort/Desktop/Lyfe/Lyfe_Game/Saved/Collections/' was aborted.
[2018.02.28-20.40.27:031][849]LogModuleManager: Shutting down and abandoning module HierarchicalLODUtilities (538)
[2018.02.28-20.40.27:031][849]LogModuleManager: Shutting down and abandoning module StatsViewer (536)
[2018.02.28-20.40.27:031][849]LogModuleManager: Shutting down and abandoning module FoliageEdit (534)
[2018.02.28-20.40.27:031][849]LogModuleManager: Shutting down and abandoning module LandscapeEditor (532)
[2018.02.28-20.40.27:031][849]LogModuleManager: Shutting down and abandoning module MeshPaintMode (530)
[2018.02.28-20.40.27:031][849]LogModuleManager: Shutting down and abandoning module SceneDepthPickerMode (528)
[2018.02.28-20.40.27:031][849]LogModuleManager: Shutting down and abandoning module ActorPickerMode (526)
[2018.02.28-20.40.27:031][849]LogModuleManager: Shutting down and abandoning module GeometryMode (524)
[2018.02.28-20.40.27:031][849]LogModuleManager: Shutting down and abandoning module TextureAlignMode (522)
[2018.02.28-20.40.27:031][849]LogModuleManager: Shutting down and abandoning module BspMode (520)
[2018.02.28-20.40.27:031][849]LogModuleManager: Shutting down and abandoning module PIEPreviewDeviceProfileSelector (518)
[2018.02.28-20.40.27:031][849]LogModuleManager: Shutting down and abandoning module HardwareSurvey (516)
[2018.02.28-20.40.27:031][849]LogModuleManager: Shutting down and abandoning module SequenceRecorderSections (514)
[2018.02.28-20.40.27:031][849]LogModuleManager: Shutting down and abandoning module AutomationWorker (512)
[2018.02.28-20.40.27:031][849]LogModuleManager: Shutting down and abandoning module MatineeToLevelSequence (510)
[2018.02.28-20.40.27:031][849]LogModuleManager: Shutting down and abandoning module LevelSequenceEditor (508)
[2018.02.28-20.40.27:031][849]LogModuleManager: Shutting down and abandoning module PlacementMode (507)
[2018.02.28-20.40.27:032][849]LogModuleManager: Shutting down and abandoning module WmfMediaFactory (504)
[2018.02.28-20.40.27:032][849]LogModuleManager: Shutting down and abandoning module WmfMediaEditor (502)
[2018.02.28-20.40.27:032][849]LogModuleManager: Shutting down and abandoning module OpenExrWrapper (500)
[2018.02.28-20.40.27:032][849]LogModuleManager: Shutting down and abandoning module ImgMediaFactory (498)
[2018.02.28-20.40.27:032][849]LogModuleManager: Shutting down and abandoning module ImgMediaEditor (496)
[2018.02.28-20.40.27:032][849]LogModuleManager: Shutting down and abandoning module AvfMediaFactory (494)
[2018.02.28-20.40.27:032][849]LogModuleManager: Shutting down and abandoning module AvfMediaEditor (492)
[2018.02.28-20.40.27:032][849]LogModuleManager: Shutting down and abandoning module AndroidMediaFactory (490)
[2018.02.28-20.40.27:032][849]LogModuleManager: Shutting down and abandoning module AndroidMediaEditor (488)
[2018.02.28-20.40.27:032][849]LogModuleManager: Shutting down and abandoning module CharacterAI (486)
[2018.02.28-20.40.27:032][849]LogModuleManager: Shutting down and abandoning module AudioCapture (484)
[2018.02.28-20.40.27:032][849]LogModuleManager: Shutting down and abandoning module SequenceRecorder (483)
[2018.02.28-20.40.27:032][849]LogModuleManager: Shutting down and abandoning module SmartSnapping (480)
[2018.02.28-20.40.27:032][849]LogModuleManager: Shutting down and abandoning module SessionServices (478)
[2018.02.28-20.40.27:032][849]LogModuleManager: Shutting down and abandoning module ViewportSnapping (476)
[2018.02.28-20.40.27:032][849]LogModuleManager: Shutting down and abandoning module ViewportInteraction (474)
[2018.02.28-20.40.27:032][849]LogModuleManager: Shutting down and abandoning module ClothPainter (472)
[2018.02.28-20.40.27:032][849]LogModuleManager: Shutting down and abandoning module SkeletalMeshEditor (471)
[2018.02.28-20.40.27:032][849]LogModuleManager: Shutting down and abandoning module LogVisualizer (468)
[2018.02.28-20.40.27:032][849]LogModuleManager: Shutting down and abandoning module IntroTutorials (466)
[2018.02.28-20.40.27:032][849]LogModuleManager: Shutting down and abandoning module GameProjectGeneration (465)
[2018.02.28-20.40.27:032][849]LogModuleManager: Shutting down and abandoning module IOSPlatformEditor (462)
[2018.02.28-20.40.27:032][849]LogModuleManager: Shutting down and abandoning module HTML5PlatformEditor (460)
[2018.02.28-20.40.27:032][849]LogModuleManager: Shutting down and abandoning module AndroidPlatformEditor (458)
[2018.02.28-20.40.27:032][849]LogModuleManager: Shutting down and abandoning module AndroidDeviceDetection (457)
[2018.02.28-20.40.27:742][849]LogModuleManager: Shutting down and abandoning module WindowsPlatformEditor (454)
[2018.02.28-20.40.27:742][849]LogModuleManager: Shutting down and abandoning module IOSRuntimeSettings (452)
[2018.02.28-20.40.27:742][849]LogModuleManager: Shutting down and abandoning module AndroidRuntimeSettings (450)
[2018.02.28-20.40.27:742][849]LogModuleManager: Shutting down and abandoning module InputBindingEditor (448)
[2018.02.28-20.40.27:742][849]LogModuleManager: Shutting down and abandoning module MergeActors (446)
[2018.02.28-20.40.27:742][849]LogModuleManager: Shutting down and abandoning module SizeMap (444)
[2018.02.28-20.40.27:742][849]LogModuleManager: Shutting down and abandoning module TreeMap (442)
[2018.02.28-20.40.27:742][849]LogModuleManager: Shutting down and abandoning module ReferenceViewer (440)
[2018.02.28-20.40.27:742][849]LogModuleManager: Shutting down and abandoning module LocalizationDashboard (438)
[2018.02.28-20.40.27:742][849]LogModuleManager: Shutting down and abandoning module LocalizationService (437)
[2018.02.28-20.40.27:742][849]LogModuleManager: Shutting down and abandoning module HardwareTargeting (434)
[2018.02.28-20.40.27:743][849]LogModuleManager: Shutting down and abandoning module DeviceProfileEditor (432)
[2018.02.28-20.40.27:743][849]LogModuleManager: Shutting down and abandoning module UndoHistory (430)
[2018.02.28-20.40.27:743][849]LogModuleManager: Shutting down and abandoning module XmlParser (428)
[2018.02.28-20.40.27:743][849]LogModuleManager: Shutting down and abandoning module Blutility (426)
[2018.02.28-20.40.27:743][849]LogModuleManager: Shutting down and abandoning module ProjectSettingsViewer (424)
[2018.02.28-20.40.27:743][849]LogModuleManager: Shutting down and abandoning module ProjectTargetPlatformEditor (423)
[2018.02.28-20.40.27:743][849]LogModuleManager: Shutting down and abandoning module EditorSettingsViewer (420)
[2018.02.28-20.40.27:743][849]LogModuleManager: Shutting down and abandoning module SettingsEditor (418)
[2018.02.28-20.40.27:743][849]LogModuleManager: Shutting down and abandoning module ProjectLauncher (416)
[2018.02.28-20.40.27:743][849]LogModuleManager: Shutting down and abandoning module SessionFrontend (414)
[2018.02.28-20.40.27:743][849]LogModuleManager: Shutting down and abandoning module ProfilerClient (412)
[2018.02.28-20.40.27:743][849]LogModuleManager: Shutting down and abandoning module DeviceManager (410)
[2018.02.28-20.40.27:743][849]LogModuleManager: Shutting down and abandoning module TargetDeviceServices (409)
[2018.02.28-20.40.27:797][849]LogModuleManager: Shutting down and abandoning module AutomationController (406)
[2018.02.28-20.40.27:797][849]LogModuleManager: Shutting down and abandoning module AutomationWindow (404)
[2018.02.28-20.40.27:797][849]LogModuleManager: Shutting down and abandoning module Layers (402)
[2018.02.28-20.40.27:797][849]LogModuleManager: Shutting down and abandoning module ComponentVisualizers (400)
[2018.02.28-20.40.27:797][849]LogModuleManager: Shutting down and abandoning module DetailCustomizations (398)
[2018.02.28-20.40.27:797][849]LogModuleManager: Shutting down and abandoning module PackagesDialog (396)
[2018.02.28-20.40.27:797][849]LogModuleManager: Shutting down and abandoning module Persona (394)
[2018.02.28-20.40.27:798][849]LogModuleManager: Shutting down and abandoning module AdvancedPreviewScene (393)
[2018.02.28-20.40.27:798][849]LogModuleManager: Shutting down and abandoning module AnimGraph (391)
[2018.02.28-20.40.27:798][849]LogModuleManager: Shutting down and abandoning module Kismet (388)
[2018.02.28-20.40.27:798][849]LogModuleManager: Shutting down and abandoning module ClassViewer (386)
[2018.02.28-20.40.27:798][849]LogModuleManager: Shutting down and abandoning module Toolbox (384)
[2018.02.28-20.40.27:798][849]LogModuleManager: Shutting down and abandoning module ModuleUI (382)
[2018.02.28-20.40.27:798][849]LogModuleManager: Shutting down and abandoning module MovieSceneTools (380)
[2018.02.28-20.40.27:799][849]LogModuleManager: Shutting down and abandoning module OutputLog (378)
[2018.02.28-20.40.27:799][849]LogModuleManager: Shutting down and abandoning module GammaUI (376)
[2018.02.28-20.40.27:799][849]LogModuleManager: Shutting down and abandoning module Documentation (374)
[2018.02.28-20.40.27:799][849]LogModuleManager: Shutting down and abandoning module MovieSceneTracks (372)
[2018.02.28-20.40.27:799][849]LogModuleManager: Shutting down and abandoning module MovieScene (370)
[2018.02.28-20.40.27:799][849]LogModuleManager: Shutting down and abandoning module StreamingPauseRendering (368)
[2018.02.28-20.40.27:799][849]LogModuleManager: Shutting down and abandoning module LauncherPlatform (366)
[2018.02.28-20.40.27:799][849]LogModuleManager: Shutting down and abandoning module AnalyticsET (364)
[2018.02.28-20.40.27:799][849]LogModuleManager: Shutting down and abandoning module PortalServices (362)
[2018.02.28-20.40.27:799][849]LogModuleManager: Shutting down and abandoning module PortalRpc (360)
[2018.02.28-20.40.27:799][849]LogModuleManager: Shutting down and abandoning module MessagingRpc (358)
[2018.02.28-20.40.27:799][849]LogModuleManager: Shutting down and abandoning module AIModule (356)
[2018.02.28-20.40.27:799][849]LogModuleManager: Shutting down and abandoning module GameplayDebugger (355)
[2018.02.28-20.40.27:799][849]LogModuleManager: Shutting down and abandoning module AITestSuite (353)
[2018.02.28-20.40.27:799][849]LogModuleManager: Shutting down and abandoning module ProfilerService (350)
[2018.02.28-20.40.27:873][849]LogModuleManager: Shutting down and abandoning module TaskGraph (348)
[2018.02.28-20.40.27:873][849]LogModuleManager: Shutting down and abandoning module SteamVRController (346)
[2018.02.28-20.40.27:873][849]LogModuleManager: Shutting down and abandoning module ProceduralMeshComponentEditor (344)
[2018.02.28-20.40.27:873][849]LogModuleManager: Shutting down and abandoning module ProceduralMeshComponent (342)
[2018.02.28-20.40.27:873][849]LogModuleManager: Shutting down and abandoning module OculusInput (340)
[2018.02.28-20.40.27:873][849]LogModuleManager: Shutting down and abandoning module MobilePatchingUtils (338)
[2018.02.28-20.40.27:873][849]LogModuleManager: Shutting down and abandoning module CustomMeshComponent (336)
[2018.02.28-20.40.27:873][849]LogModuleManager: Shutting down and abandoning module CableComponent (334)
[2018.02.28-20.40.27:873][849]LogModuleManager: Shutting down and abandoning module ArchVisCharacter (332)
[2018.02.28-20.40.27:873][849]LogModuleManager: Shutting down and abandoning module AndroidPermission (330)
[2018.02.28-20.40.27:873][849]LogModuleManager: Shutting down and abandoning module ActorSequence (326)
[2018.02.28-20.40.27:873][849]LogModuleManager: Shutting down and abandoning module MediaPlayerEditor (324)
[2018.02.28-20.40.27:873][849]LogModuleManager: Shutting down and abandoning module MediaCompositingEditor (322)
[2018.02.28-20.40.27:873][849]LogModuleManager: Shutting down and abandoning module MediaCompositing (320)
[2018.02.28-20.40.27:873][849]LogModuleManager: Shutting down and abandoning module HTML5Networking (318)
[2018.02.28-20.40.27:873][849]LogModuleManager: Shutting down and abandoning module AlembicImporter (316)
[2018.02.28-20.40.27:874][849]LogModuleManager: Shutting down and abandoning module AlembicLibrary (315)
[2018.02.28-20.40.27:874][849]LogModuleManager: Shutting down and abandoning module GeometryCache (314)
[2018.02.28-20.40.27:874][849]LogModuleManager: Shutting down and abandoning module GeometryCacheEd (313)
[2018.02.28-20.40.27:874][849]LogModuleManager: Shutting down and abandoning module SpeedTreeImporter (308)
[2018.02.28-20.40.27:874][849]LogModuleManager: Shutting down and abandoning module PluginBrowser (306)
[2018.02.28-20.40.27:874][849]LogModuleManager: Shutting down and abandoning module MobileLauncherProfileWizard (304)
[2018.02.28-20.40.27:874][849]LogModuleManager: Shutting down and abandoning module VisualStudioSourceCodeAccess (302)
[2018.02.28-20.40.27:874][849]LogModuleManager: Shutting down and abandoning module VisualStudioCodeSourceCodeAccess (300)
[2018.02.28-20.40.27:874][849]LogModuleManager: Shutting down and abandoning module UObjectPlugin (298)
[2018.02.28-20.40.27:874][849]LogModuleManager: Shutting down and abandoning module SubversionSourceControl (296)
[2018.02.28-20.40.27:874][849]LogModuleManager: Shutting down and abandoning module PerforceSourceControl (294)
[2018.02.28-20.40.27:874][849]LogModuleManager: Shutting down and abandoning module GitSourceControl (292)
[2018.02.28-20.40.27:874][849]LogModuleManager: Shutting down and abandoning module SourceControl (291)
[2018.02.28-20.40.27:874][849]LogModuleManager: Shutting down and abandoning module LightPropagationVolumeEditor (288)
[2018.02.28-20.40.27:875][849]LogModuleManager: Shutting down and abandoning module PaperTiledImporter (286)
[2018.02.28-20.40.27:875][849]LogModuleManager: Shutting down and abandoning module PaperSpriteSheetImporter (284)
[2018.02.28-20.40.27:875][849]LogModuleManager: Shutting down and abandoning module Paper2DEditor (282)
[2018.02.28-20.40.27:875][849]LogModuleManager: Shutting down and abandoning module MeshPaint (281)
[2018.02.28-20.40.27:875][849]LogModuleManager: Shutting down and abandoning module LevelEditor (279)
[2018.02.28-20.40.27:877][849]LogModuleManager: Shutting down and abandoning module PixelInspectorModule (278)
[2018.02.28-20.40.27:877][849]LogModuleManager: Shutting down and abandoning module MainFrame (276)
[2018.02.28-20.40.27:877][849]LogModuleManager: Shutting down and abandoning module HotReload (275)
[2018.02.28-20.40.27:877][849]LogDirectoryWatcher: A directory notification for 'C:/Users/Megapoort/Desktop/Lyfe/Lyfe_Game/Binaries/Win64' was aborted.
[2018.02.28-20.40.27:878][849]LogModuleManager: Shutting down and abandoning module RuntimePhysXCooking (268)
[2018.02.28-20.40.27:878][849]LogModuleManager: Shutting down and abandoning module PhysXVehiclesEditor (266)
[2018.02.28-20.40.27:878][849]LogModuleManager: Shutting down and abandoning module PhysXVehicles (264)
[2018.02.28-20.40.27:878][849]LogModuleManager: Shutting down and abandoning module OculusEditor (262)
[2018.02.28-20.40.27:878][849]LogModuleManager: Shutting down and abandoning module LocationServicesBPLibrary (260)
[2018.02.28-20.40.27:878][849]LogModuleManager: Shutting down and abandoning module ImmediatePhysicsEditor (258)
[2018.02.28-20.40.27:878][849]LogModuleManager: Shutting down and abandoning module ImmediatePhysics (256)
[2018.02.28-20.40.27:878][849]LogModuleManager: Shutting down and abandoning module UdpMessaging (254)
[2018.02.28-20.40.27:979][849]LogModuleManager: Shutting down and abandoning module TcpMessaging (252)
[2018.02.28-20.40.28:080][849]LogModuleManager: Shutting down and abandoning module GameplayTagsEditor (250)
[2018.02.28-20.40.28:080][849]LogModuleManager: Shutting down and abandoning module FacialAnimationEditor (248)
[2018.02.28-20.40.28:080][849]LogModuleManager: Shutting down and abandoning module FacialAnimation (246)
[2018.02.28-20.40.28:080][849]LogModuleManager: Shutting down and abandoning module AssetManagerEditor (244)
[2018.02.28-20.40.28:080][849]LogModuleManager: Shutting down and abandoning module GraphEditor (243)
[2018.02.28-20.40.28:080][849]LogModuleManager: Shutting down and abandoning module ContentBrowser (241)
[2018.02.28-20.40.28:082][849]LogModuleManager: Shutting down and abandoning module LightPropagationVolumeRuntime (238)
[2018.02.28-20.40.28:082][849]LogModuleManager: Shutting down and abandoning module Paper2D (236)
[2018.02.28-20.40.28:082][849]LogModuleManager: Shutting down and abandoning module WindowsMoviePlayer (234)
[2018.02.28-20.40.28:082][849]LogModuleManager: Shutting down and abandoning module WmfMedia (232)
[2018.02.28-20.40.28:087][849]LogModuleManager: Shutting down and abandoning module ImgMedia (230)
[2018.02.28-20.40.28:087][849]LogModuleManager: Shutting down and abandoning module PacketHandler (228)
[2018.02.28-20.40.28:087][849]LogModuleManager: Shutting down and abandoning module ClothingSystemEditor (226)
[2018.02.28-20.40.28:087][849]LogModuleManager: Shutting down and abandoning module ClothingSystemRuntime (224)
[2018.02.28-20.40.28:087][849]LogModuleManager: Shutting down and abandoning module MediaAssets (222)
[2018.02.28-20.40.28:087][849]LogModuleManager: Shutting down and abandoning module Media (221)
[2018.02.28-20.40.28:093][849]LogModuleManager: Shutting down and abandoning module Overlay (218)
[2018.02.28-20.40.28:093][849]LogModuleManager: Shutting down and abandoning module OverlayEditor (217)
[2018.02.28-20.40.28:093][849]LogModuleManager: Shutting down and abandoning module VREditor (214)
[2018.02.28-20.40.28:094][849]LogModuleManager: Shutting down and abandoning module StringTableEditor (212)
[2018.02.28-20.40.28:094][849]LogModuleManager: Shutting down and abandoning module GameplayTasksEditor (210)
[2018.02.28-20.40.28:094][849]LogModuleManager: Shutting down and abandoning module BehaviorTreeEditor (208)
[2018.02.28-20.40.28:094][849]LogModuleManager: Shutting down and abandoning module FunctionalTesting (206)
[2018.02.28-20.40.28:094][849]LogModuleManager: Shutting down and abandoning module CollisionAnalyzer (204)
[2018.02.28-20.40.28:094][849]LogModuleManager: Shutting down and abandoning module WorkspaceMenuStructure (203)
[2018.02.28-20.40.28:094][849]LogModuleManager: Shutting down and abandoning module UMG (200)
[2018.02.28-20.40.28:094][849]LogModuleManager: Shutting down and abandoning module UMGEditor (199)
[2018.02.28-20.40.28:094][849]LogModuleManager: Shutting down and abandoning module Sequencer (198)
[2018.02.28-20.40.28:094][849]LogModuleManager: Shutting down and abandoning module MessageLog (195)
[2018.02.28-20.40.28:094][849]LogModuleManager: Shutting down and abandoning module SlateReflector (190)
[2018.02.28-20.40.28:094][849]LogModuleManager: Shutting down and abandoning module Slate (188)
[2018.02.28-20.40.28:095][849]LogModuleManager: Shutting down and abandoning module EditorStyle (186)
[2018.02.28-20.40.28:100][849]LogModuleManager: Shutting down and abandoning module MRMesh (184)
[2018.02.28-20.40.28:100][849]LogModuleManager: Shutting down and abandoning module SourceCodeAccess (182)
[2018.02.28-20.40.28:100][849]LogModuleManager: Shutting down and abandoning module HeadMountedDisplay (180)
[2018.02.28-20.40.28:100][849]LogModuleManager: Shutting down and abandoning module XAudio2 (178)
[2018.02.28-20.40.28:100][849]LogModuleManager: Shutting down and abandoning module Networking (176)
[2018.02.28-20.40.28:100][849]LogModuleManager: Shutting down and abandoning module Core (172)
[2018.02.28-20.40.28:100][849]LogModuleManager: Shutting down and abandoning module LevelSequence (168)
[2018.02.28-20.40.28:100][849]LogModuleManager: Shutting down and abandoning module DirectoryWatcher (166)
[2018.02.28-20.40.28:101][849]LogModuleManager: Shutting down and abandoning module KismetCompiler (164)
[2018.02.28-20.40.28:101][849]LogModuleManager: Shutting down and abandoning module MeshUtilities (162)
[2018.02.28-20.40.28:101][849]LogModuleManager: Shutting down and abandoning module MeshMergeUtilities (161)
[2018.02.28-20.40.28:101][849]LogModuleManager: Shutting down and abandoning module MeshReductionInterface (160)
[2018.02.28-20.40.28:101][849]LogModuleManager: Shutting down and abandoning module SimplygonSwarm (159)
[2018.02.28-20.40.28:102][849]LogModuleManager: Shutting down and abandoning module SimplygonMeshReduction (157)
[2018.02.28-20.40.28:102][849]LogModuleManager: Shutting down and abandoning module QuadricMeshReduction (155)
[2018.02.28-20.40.28:102][849]LogModuleManager: Shutting down and abandoning module MaterialBaking (151)
[2018.02.28-20.40.28:102][849]LogModuleManager: Shutting down and abandoning module DerivedDataCache (148)
[2018.02.28-20.40.28:186][849]LogDerivedDataCache: Shutdown
[2018.02.28-20.40.28:186][849]LogModuleManager: Shutting down and abandoning module TargetPlatform (146)
[2018.02.28-20.40.28:186][849]LogModuleManager: Shutting down and abandoning module VulkanShaderFormat (145)
[2018.02.28-20.40.28:186][849]LogModuleManager: Shutting down and abandoning module ShaderFormatVectorVM (143)
[2018.02.28-20.40.28:186][849]LogModuleManager: Shutting down and abandoning module ShaderFormatOpenGL (141)
[2018.02.28-20.40.28:186][849]LogModuleManager: Shutting down and abandoning module ShaderFormatD3D (139)
[2018.02.28-20.40.28:186][849]LogModuleManager: Shutting down and abandoning module MetalShaderFormat (137)
[2018.02.28-20.40.28:186][849]LogModuleManager: Shutting down and abandoning module TextureFormatUncompressed (135)
[2018.02.28-20.40.28:186][849]LogModuleManager: Shutting down and abandoning module TextureFormatPVR (133)
[2018.02.28-20.40.28:186][849]LogModuleManager: Shutting down and abandoning module TextureFormatDXT (131)
[2018.02.28-20.40.28:186][849]LogModuleManager: Shutting down and abandoning module TextureFormatIntelISPCTexComp (129)
[2018.02.28-20.40.28:186][849]LogModuleManager: Shutting down and abandoning module TextureFormatASTC (127)
[2018.02.28-20.40.28:186][849]LogModuleManager: Shutting down and abandoning module ImageWrapper (126)
[2018.02.28-20.40.28:187][849]LogModuleManager: Shutting down and abandoning module TextureFormatAndroid (123)
[2018.02.28-20.40.28:187][849]LogModuleManager: Shutting down and abandoning module AudioFormatOpus (121)
[2018.02.28-20.40.28:187][849]LogModuleManager: Shutting down and abandoning module AudioFormatOgg (119)
[2018.02.28-20.40.28:187][849]LogModuleManager: Shutting down and abandoning module AudioFormatADPCM (117)
[2018.02.28-20.40.28:187][849]LogModuleManager: Shutting down and abandoning module LinuxTargetPlatform (115)
[2018.02.28-20.40.28:187][849]LogModuleManager: Shutting down and abandoning module LinuxServerTargetPlatform (113)
[2018.02.28-20.40.28:187][849]LogModuleManager: Shutting down and abandoning module LinuxNoEditorTargetPlatform (111)
[2018.02.28-20.40.28:187][849]LogModuleManager: Shutting down and abandoning module LinuxClientTargetPlatform (109)
[2018.02.28-20.40.28:187][849]LogModuleManager: Shutting down and abandoning module TVOSTargetPlatform (107)
[2018.02.28-20.40.28:187][849]LogModuleManager: Shutting down and abandoning module Messaging (105)
[2018.02.28-20.40.28:187][849]LogModuleManager: Shutting down and abandoning module IOSTargetPlatform (103)
[2018.02.28-20.40.28:187][849]LogModuleManager: Shutting down and abandoning module HTML5TargetPlatform (101)
[2018.02.28-20.40.28:187][849]LogModuleManager: Shutting down and abandoning module AndroidTargetPlatform (99)
[2018.02.28-20.40.28:187][849]LogModuleManager: Shutting down and abandoning module Android_PVRTCTargetPlatform (97)
[2018.02.28-20.40.28:187][849]LogModuleManager: Shutting down and abandoning module Android_MultiTargetPlatform (95)
[2018.02.28-20.40.28:187][849]LogModuleManager: Shutting down and abandoning module Android_ETC2TargetPlatform (93)
[2018.02.28-20.40.28:187][849]LogModuleManager: Shutting down and abandoning module Android_ETC1TargetPlatform (91)
[2018.02.28-20.40.28:187][849]LogModuleManager: Shutting down and abandoning module Android_DXTTargetPlatform (89)
[2018.02.28-20.40.28:187][849]LogModuleManager: Shutting down and abandoning module Android_ATCTargetPlatform (87)
[2018.02.28-20.40.28:187][849]LogModuleManager: Shutting down and abandoning module Android_ASTCTargetPlatform (85)
[2018.02.28-20.40.28:187][849]LogModuleManager: Shutting down and abandoning module WindowsTargetPlatform (83)
[2018.02.28-20.40.28:187][849]LogModuleManager: Shutting down and abandoning module WindowsServerTargetPlatform (81)
[2018.02.28-20.40.28:188][849]LogModuleManager: Shutting down and abandoning module WindowsNoEditorTargetPlatform (79)
[2018.02.28-20.40.28:188][849]LogModuleManager: Shutting down and abandoning module WindowsClientTargetPlatform (77)
[2018.02.28-20.40.28:188][849]LogModuleManager: Shutting down and abandoning module MacTargetPlatform (75)
[2018.02.28-20.40.28:188][849]LogModuleManager: Shutting down and abandoning module MacServerTargetPlatform (73)
[2018.02.28-20.40.28:188][849]LogModuleManager: Shutting down and abandoning module MacNoEditorTargetPlatform (71)
[2018.02.28-20.40.28:188][849]LogModuleManager: Shutting down and abandoning module MacClientTargetPlatform (69)
[2018.02.28-20.40.28:188][849]LogModuleManager: Shutting down and abandoning module AllDesktopTargetPlatform (67)
[2018.02.28-20.40.28:188][849]LogModuleManager: Shutting down and abandoning module InputCore (64)
[2018.02.28-20.40.28:188][849]LogModuleManager: Shutting down and abandoning module Settings (62)
[2018.02.28-20.40.28:188][849]LogModuleManager: Shutting down and abandoning module PhysXCooking (60)
[2018.02.28-20.40.28:188][849]LogModuleManager: Shutting down and abandoning module SteamVR (58)
[2018.02.28-20.40.28:188][849]LogModuleManager: Shutting down and abandoning module OculusHMD (56)
[2018.02.28-20.40.28:188][849]LogModuleManager: Shutting down and abandoning module ExampleDeviceProfileSelector (54)
[2018.02.28-20.40.28:188][849]LogModuleManager: Shutting down and abandoning module AppleARKit (52)
[2018.02.28-20.40.28:188][849]LogModuleManager: Shutting down and abandoning module AugmentedReality (51)
[2018.02.28-20.40.28:188][849]LogModuleManager: Shutting down and abandoning module OnlineBlueprintSupport (48)
[2018.02.28-20.40.28:188][849]LogModuleManager: Shutting down and abandoning module OnlineSubsystem (44)
[2018.02.28-20.40.28:188][849]LogModuleManager: Shutting down and abandoning module XMPP (43)
[2018.02.28-20.40.28:189][849]LogModuleManager: Shutting down and abandoning module HTTP (41)
[2018.02.28-20.40.28:189][849]LogHttp: Display: Http module shutting down, but needs to wait on 1 outstanding Http requests:
[2018.02.28-20.40.28:189][849]LogHttp: Display: 	verb=[POST] url=[https://datarouter.ol.epicgames.com/datarouter/api/v1/public/data?SessionID=%7BEB2DB18B-425D-B3AC-966F-879ABBE04FBA%7D&AppID=UEEditor.Rocket.Release&AppVersion=4.18.3-3832480%2B%2B%2BUE4%2BRelease-4.18&UserID=7eb6bad64ce15bbb303063bcd884f707%7C93b0efcff2a6400190eaefacfcaa8ee1%7Ca0bc31c3-cdf1-46e9-bcbf-4702d3bc8472&AppEnvironment=datacollector-binary&UploadType=eteventstream] status=Processing
[2018.02.28-20.40.28:202][849]LogModuleManager: Shutting down and abandoning module SSL (40)
[2018.02.28-20.40.28:205][849]LogModuleManager: Shutting down and abandoning module AnimationModifiers (36)
[2018.02.28-20.40.28:206][849]LogModuleManager: Shutting down and abandoning module PropertyEditor (35)
[2018.02.28-20.40.28:206][849]LogModuleManager: Shutting down and abandoning module AudioEditor (32)
[2018.02.28-20.40.28:206][849]LogModuleManager: Shutting down and abandoning module TextureCompressor (30)
[2018.02.28-20.40.28:206][849]LogModuleManager: Shutting down and abandoning module ShaderCore (28)
[2018.02.28-20.40.28:206][849]LogModuleManager: Shutting down and abandoning module Landscape (26)
[2018.02.28-20.40.28:206][849]LogModuleManager: Shutting down and abandoning module SlateRHIRenderer (24)
[2018.02.28-20.40.28:208][849]LogModuleManager: Shutting down and abandoning module OpenGLDrv (22)
[2018.02.28-20.40.28:208][849]LogModuleManager: Shutting down and abandoning module D3D11RHI (20)
[2018.02.28-20.40.28:208][849]LogModuleManager: Shutting down and abandoning module AnimGraphRuntime (18)
[2018.02.28-20.40.28:208][849]LogModuleManager: Shutting down and abandoning module Renderer (16)
[2018.02.28-20.40.28:208][849]LogModuleManager: Shutting down and abandoning module Engine (14)
[2018.02.28-20.40.28:208][849]LogModuleManager: Shutting down and abandoning module CoreUObject (12)
[2018.02.28-20.40.28:208][849]LogModuleManager: Shutting down and abandoning module NetworkFile (10)
[2018.02.28-20.40.28:208][849]LogModuleManager: Shutting down and abandoning module CookedIterativeFile (8)
[2018.02.28-20.40.28:208][849]LogModuleManager: Shutting down and abandoning module StreamingFile (6)
[2018.02.28-20.40.28:208][849]LogModuleManager: Shutting down and abandoning module SandboxFile (4)
[2018.02.28-20.40.28:208][849]LogModuleManager: Shutting down and abandoning module PakFile (2)
[2018.02.28-20.40.28:216][849]LogExit: Exiting.
[2018.02.28-20.40.28:252][849]Log file closed, 02/28/18 21:40:28
