Log file open, 02/25/18 20:24:42
LogWindows: Failed to load 'aqProf.dll' (GetLastError=126)
LogWindows: File 'aqProf.dll' does not exist
LogWindows: Failed to load 'VSPerf140.dll' (GetLastError=126)
LogWindows: File 'VSPerf140.dll' does not exist
LogWindows: Failed to load 'VtuneApi.dll' (GetLastError=126)
LogWindows: File 'VtuneApi.dll' does not exist
LogWindows: Failed to load 'VtuneApi32e.dll' (GetLastError=126)
LogWindows: File 'VtuneApi32e.dll' does not exist
LogInit: Display: Running engine for game: Lyfe_Game
LogPlatformFile: Not using cached read wrapper
LogInit: Display: RandInit(511461597) SRandInit(511461598).
LogInit: Read version file with build ID '3709383'
LogInit: Overriding engine version to CL 3832480, compatible CL 3709383
LogInit: Registered custom module enumerator with build ID '3709383'
LogTaskGraph: Started task graph with 5 named threads and 14 total threads with 3 sets of task threads.
LogStats: Stats thread started at 0.192331
LogD3D11RHI: Aftermath initialized
LogPluginManager: Mounting plugin Paper2D
LogPluginManager: Mounting plugin LightPropagationVolume
LogPluginManager: Mounting plugin CodeLiteSourceCodeAccess
LogPluginManager: Mounting plugin GitSourceControl
LogPluginManager: Mounting plugin KDevelopSourceCodeAccess
LogPluginManager: Mounting plugin NullSourceCodeAccess
LogPluginManager: Mounting plugin PerforceSourceControl
LogPluginManager: Mounting plugin SubversionSourceControl
LogPluginManager: Mounting plugin UObjectPlugin
LogPluginManager: Mounting plugin VisualStudioCodeSourceCodeAccess
LogPluginManager: Mounting plugin VisualStudioSourceCodeAccess
LogPluginManager: Mounting plugin XCodeSourceCodeAccess
LogPluginManager: Mounting plugin AssetManagerEditor
LogPluginManager: Mounting plugin AudioCapture
LogPluginManager: Mounting plugin FacialAnimation
LogPluginManager: Mounting plugin GameplayTagsEditor
LogPluginManager: Mounting plugin MobileLauncherProfileWizard
LogPluginManager: Mounting plugin PluginBrowser
LogPluginManager: Mounting plugin SpeedTreeImporter
LogPluginManager: Mounting plugin AlembicImporter
LogPluginManager: Mounting plugin CharacterAI
LogPluginManager: Mounting plugin HTML5Networking
LogPluginManager: Mounting plugin AndroidMedia
LogPluginManager: Mounting plugin AvfMedia
LogPluginManager: Mounting plugin ImgMedia
LogPluginManager: Mounting plugin MediaCompositing
LogPluginManager: Mounting plugin MediaPlayerEditor
LogPluginManager: Mounting plugin WmfMedia
LogPluginManager: Mounting plugin TcpMessaging
LogPluginManager: Mounting plugin UdpMessaging
LogPluginManager: Mounting plugin ActorSequence
LogPluginManager: Mounting plugin LevelSequenceEditor
LogPluginManager: Mounting plugin MatineeToLevelSequence
LogPluginManager: Mounting plugin OnlineSubsystemGooglePlay
LogPluginManager: Mounting plugin OnlineSubsystemIOS
LogPluginManager: Mounting plugin OnlineSubsystem
LogPluginManager: Mounting plugin OnlineSubsystemNull
LogPluginManager: Mounting plugin OnlineSubsystemUtils
LogPluginManager: Mounting plugin AndroidDeviceProfileSelector
LogPluginManager: Mounting plugin AndroidMoviePlayer
LogPluginManager: Mounting plugin AndroidPermission
LogPluginManager: Mounting plugin AppleARKit
LogPluginManager: Mounting plugin AppleMoviePlayer
LogPluginManager: Mounting plugin ArchVisCharacter
LogPluginManager: Mounting plugin CableComponent
LogPluginManager: Mounting plugin CustomMeshComponent
LogPluginManager: Mounting plugin ExampleDeviceProfileSelector
LogPluginManager: Mounting plugin GoogleCloudMessaging
LogPluginManager: Mounting plugin ImmediatePhysics
LogPluginManager: Mounting plugin IOSDeviceProfileSelector
LogPluginManager: Mounting plugin LinuxDeviceProfileSelector
LogPluginManager: Mounting plugin LocationServicesBPLibrary
LogPluginManager: Mounting plugin MobilePatchingUtils
LogPluginManager: Mounting plugin OculusVR
LogPluginManager: Plugin shader directory ../../../Engine/Plugins/Runtime/Oculus/OculusVR/Shaders found
LogPluginManager: Mapping shader source directory ../../../Engine/Plugins/Runtime/Oculus/OculusVR/Shaders to virtual directory /Plugin/OculusVR
LogPluginManager: Mounting plugin PhysXVehicles
LogPluginManager: Mounting plugin ProceduralMeshComponent
LogPluginManager: Mounting plugin RuntimePhysXCooking
LogPluginManager: Mounting plugin SteamVR
LogPluginManager: Mounting plugin WindowsMoviePlayer
LogModuleManager: Display: Found up-to-date module file ../../../../../../Users/Megapoort/Desktop/Lyfe/Lyfe_Game/Binaries/Win64/UE4Editor-Lyfe_Game.dll (API version 3709383).
LogModuleManager: Display: Found up-to-date module file ../../../Engine/Plugins/2D/Paper2D/Binaries/Win64/UE4Editor-Paper2D.dll (API version 3709383).
LogModuleManager: Display: Found up-to-date module file ../../../Engine/Plugins/2D/Paper2D/Binaries/Win64/UE4Editor-Paper2DEditor.dll (API version 3709383).
LogModuleManager: Display: Found up-to-date module file ../../../Engine/Plugins/2D/Paper2D/Binaries/Win64/UE4Editor-PaperSpriteSheetImporter.dll (API version 3709383).
LogModuleManager: Display: Found up-to-date module file ../../../Engine/Plugins/2D/Paper2D/Binaries/Win64/UE4Editor-PaperTiledImporter.dll (API version 3709383).
LogModuleManager: Display: Found up-to-date module file ../../../Engine/Plugins/2D/Paper2D/Binaries/Win64/UE4Editor-SmartSnapping.dll (API version 3709383).
LogModuleManager: Display: Found up-to-date module file ../../../Engine/Plugins/Blendables/LightPropagationVolume/Binaries/Win64/UE4Editor-LightPropagationVolumeRuntime.dll (API version 3709383).
LogModuleManager: Display: Found up-to-date module file ../../../Engine/Plugins/Blendables/LightPropagationVolume/Binaries/Win64/UE4Editor-LightPropagationVolumeEditor.dll (API version 3709383).
LogModuleManager: Display: Found up-to-date module file ../../../Engine/Plugins/Developer/GitSourceControl/Binaries/Win64/UE4Editor-GitSourceControl.dll (API version 3709383).
LogModuleManager: Display: Found up-to-date module file ../../../Engine/Plugins/Developer/PerforceSourceControl/Binaries/Win64/UE4Editor-PerforceSourceControl.dll (API version 3709383).
LogModuleManager: Display: Found up-to-date module file ../../../Engine/Plugins/Developer/SubversionSourceControl/Binaries/Win64/UE4Editor-SubversionSourceControl.dll (API version 3709383).
LogModuleManager: Display: Found up-to-date module file ../../../Engine/Plugins/Developer/UObjectPlugin/Binaries/Win64/UE4Editor-UObjectPlugin.dll (API version 3709383).
LogModuleManager: Display: Found up-to-date module file ../../../Engine/Plugins/Developer/VisualStudioCodeSourceCodeAccess/Binaries/Win64/UE4Editor-VisualStudioCodeSourceCodeAccess.dll (API version 3709383).
LogModuleManager: Display: Found up-to-date module file ../../../Engine/Plugins/Developer/VisualStudioSourceCodeAccess/Binaries/Win64/UE4Editor-VisualStudioSourceCodeAccess.dll (API version 3709383).
LogModuleManager: Display: Found up-to-date module file ../../../Engine/Plugins/Editor/AssetManagerEditor/Binaries/Win64/UE4Editor-AssetManagerEditor.dll (API version 3709383).
LogModuleManager: Display: Found up-to-date module file ../../../Engine/Plugins/Editor/AudioCapture/Binaries/Win64/UE4Editor-AudioCapture.dll (API version 3709383).
LogModuleManager: Display: Found up-to-date module file ../../../Engine/Plugins/Editor/FacialAnimation/Binaries/Win64/UE4Editor-FacialAnimation.dll (API version 3709383).
LogModuleManager: Display: Found up-to-date module file ../../../Engine/Plugins/Editor/FacialAnimation/Binaries/Win64/UE4Editor-FacialAnimationEditor.dll (API version 3709383).
LogModuleManager: Display: Found up-to-date module file ../../../Engine/Plugins/Editor/GameplayTagsEditor/Binaries/Win64/UE4Editor-GameplayTagsEditor.dll (API version 3709383).
LogModuleManager: Display: Found up-to-date module file ../../../Engine/Plugins/Editor/MobileLauncherProfileWizard/Binaries/Win64/UE4Editor-MobileLauncherProfileWizard.dll (API version 3709383).
LogModuleManager: Display: Found up-to-date module file ../../../Engine/Plugins/Editor/PluginBrowser/Binaries/Win64/UE4Editor-PluginBrowser.dll (API version 3709383).
LogModuleManager: Display: Found up-to-date module file ../../../Engine/Plugins/Editor/SpeedTreeImporter/Binaries/Win64/UE4Editor-SpeedTreeImporter.dll (API version 3709383).
LogModuleManager: Display: Found up-to-date module file ../../../Engine/Plugins/Experimental/AlembicImporter/Binaries/Win64/UE4Editor-AlembicImporter.dll (API version 3709383).
LogModuleManager: Display: Found up-to-date module file ../../../Engine/Plugins/Experimental/AlembicImporter/Binaries/Win64/UE4Editor-AlembicLibrary.dll (API version 3709383).
LogModuleManager: Display: Found up-to-date module file ../../../Engine/Plugins/Experimental/CharacterAI/Binaries/Win64/UE4Editor-CharacterAI.dll (API version 3709383).
LogModuleManager: Display: Found up-to-date module file ../../../Engine/Plugins/Experimental/HTML5Networking/Binaries/Win64/UE4Editor-HTML5Networking.dll (API version 3709383).
LogModuleManager: Display: Found up-to-date module file ../../../Engine/Plugins/Media/AndroidMedia/Binaries/Win64/UE4Editor-AndroidMediaEditor.dll (API version 3709383).
LogModuleManager: Display: Found up-to-date module file ../../../Engine/Plugins/Media/AndroidMedia/Binaries/Win64/UE4Editor-AndroidMediaFactory.dll (API version 3709383).
LogModuleManager: Display: Found up-to-date module file ../../../Engine/Plugins/Media/AvfMedia/Binaries/Win64/UE4Editor-AvfMediaEditor.dll (API version 3709383).
LogModuleManager: Display: Found up-to-date module file ../../../Engine/Plugins/Media/AvfMedia/Binaries/Win64/UE4Editor-AvfMediaFactory.dll (API version 3709383).
LogModuleManager: Display: Found up-to-date module file ../../../Engine/Plugins/Media/AvfMedia/Binaries/Win64/UE4Editor-AvfMediaFactory.dll (API version 3709383).
LogModuleManager: Display: Found up-to-date module file ../../../Engine/Plugins/Media/ImgMedia/Binaries/Win64/UE4Editor-ImgMedia.dll (API version 3709383).
LogModuleManager: Display: Found up-to-date module file ../../../Engine/Plugins/Media/ImgMedia/Binaries/Win64/UE4Editor-ImgMediaEditor.dll (API version 3709383).
LogModuleManager: Display: Found up-to-date module file ../../../Engine/Plugins/Media/ImgMedia/Binaries/Win64/UE4Editor-ImgMediaFactory.dll (API version 3709383).
LogModuleManager: Display: Found up-to-date module file ../../../Engine/Plugins/Media/ImgMedia/Binaries/Win64/UE4Editor-ImgMediaFactory.dll (API version 3709383).
LogModuleManager: Display: Found up-to-date module file ../../../Engine/Plugins/Media/ImgMedia/Binaries/Win64/UE4Editor-OpenExrWrapper.dll (API version 3709383).
LogModuleManager: Display: Found up-to-date module file ../../../Engine/Plugins/Media/MediaCompositing/Binaries/Win64/UE4Editor-MediaCompositing.dll (API version 3709383).
LogModuleManager: Display: Found up-to-date module file ../../../Engine/Plugins/Media/MediaCompositing/Binaries/Win64/UE4Editor-MediaCompositingEditor.dll (API version 3709383).
LogModuleManager: Display: Found up-to-date module file ../../../Engine/Plugins/Media/MediaPlayerEditor/Binaries/Win64/UE4Editor-MediaPlayerEditor.dll (API version 3709383).
LogModuleManager: Display: Found up-to-date module file ../../../Engine/Plugins/Media/WmfMedia/Binaries/Win64/UE4Editor-WmfMedia.dll (API version 3709383).
LogModuleManager: Display: Found up-to-date module file ../../../Engine/Plugins/Media/WmfMedia/Binaries/Win64/UE4Editor-WmfMediaEditor.dll (API version 3709383).
LogModuleManager: Display: Found up-to-date module file ../../../Engine/Plugins/Media/WmfMedia/Binaries/Win64/UE4Editor-WmfMediaFactory.dll (API version 3709383).
LogModuleManager: Display: Found up-to-date module file ../../../Engine/Plugins/Media/WmfMedia/Binaries/Win64/UE4Editor-WmfMediaFactory.dll (API version 3709383).
LogModuleManager: Display: Found up-to-date module file ../../../Engine/Plugins/Messaging/TcpMessaging/Binaries/Win64/UE4Editor-TcpMessaging.dll (API version 3709383).
LogModuleManager: Display: Found up-to-date module file ../../../Engine/Plugins/Messaging/UdpMessaging/Binaries/Win64/UE4Editor-UdpMessaging.dll (API version 3709383).
LogModuleManager: Display: Found up-to-date module file ../../../Engine/Plugins/MovieScene/ActorSequence/Binaries/Win64/UE4Editor-ActorSequence.dll (API version 3709383).
LogModuleManager: Display: Found up-to-date module file ../../../Engine/Plugins/MovieScene/LevelSequenceEditor/Binaries/Win64/UE4Editor-LevelSequenceEditor.dll (API version 3709383).
LogModuleManager: Display: Found up-to-date module file ../../../Engine/Plugins/MovieScene/MatineeToLevelSequence/Binaries/Win64/UE4Editor-MatineeToLevelSequence.dll (API version 3709383).
LogModuleManager: Display: Found up-to-date module file ../../../Engine/Plugins/Online/OnlineSubsystem/Binaries/Win64/UE4Editor-OnlineSubsystem.dll (API version 3709383).
LogModuleManager: Display: Found up-to-date module file ../../../Engine/Plugins/Online/OnlineSubsystemNull/Binaries/Win64/UE4Editor-OnlineSubsystemNull.dll (API version 3709383).
LogModuleManager: Display: Found up-to-date module file ../../../Engine/Plugins/Online/OnlineSubsystemUtils/Binaries/Win64/UE4Editor-OnlineSubsystemUtils.dll (API version 3709383).
LogModuleManager: Display: Found up-to-date module file ../../../Engine/Plugins/Online/OnlineSubsystemUtils/Binaries/Win64/UE4Editor-OnlineBlueprintSupport.dll (API version 3709383).
LogModuleManager: Display: Found up-to-date module file ../../../Engine/Plugins/Runtime/AndroidDeviceProfileSelector/Binaries/Win64/UE4Editor-AndroidDeviceProfileSelector.dll (API version 3709383).
LogModuleManager: Display: Found up-to-date module file ../../../Engine/Plugins/Runtime/AndroidPermission/Binaries/Win64/UE4Editor-AndroidPermission.dll (API version 3709383).
LogModuleManager: Display: Found up-to-date module file ../../../Engine/Plugins/Runtime/AppleARKit/Binaries/Win64/UE4Editor-AppleARKit.dll (API version 3709383).
LogModuleManager: Display: Found up-to-date module file ../../../Engine/Plugins/Runtime/ArchVisCharacter/Binaries/Win64/UE4Editor-ArchVisCharacter.dll (API version 3709383).
LogModuleManager: Display: Found up-to-date module file ../../../Engine/Plugins/Runtime/CableComponent/Binaries/Win64/UE4Editor-CableComponent.dll (API version 3709383).
LogModuleManager: Display: Found up-to-date module file ../../../Engine/Plugins/Runtime/CustomMeshComponent/Binaries/Win64/UE4Editor-CustomMeshComponent.dll (API version 3709383).
LogModuleManager: Display: Found up-to-date module file ../../../Engine/Plugins/Runtime/ExampleDeviceProfileSelector/Binaries/Win64/UE4Editor-ExampleDeviceProfileSelector.dll (API version 3709383).
LogModuleManager: Display: Found up-to-date module file ../../../Engine/Plugins/Runtime/ImmediatePhysics/Binaries/Win64/UE4Editor-ImmediatePhysics.dll (API version 3709383).
LogModuleManager: Display: Found up-to-date module file ../../../Engine/Plugins/Runtime/ImmediatePhysics/Binaries/Win64/UE4Editor-ImmediatePhysicsEditor.dll (API version 3709383).
LogModuleManager: Display: Found up-to-date module file ../../../Engine/Plugins/Runtime/LocationServicesBPLibrary/Binaries/Win64/UE4Editor-LocationServicesBPLibrary.dll (API version 3709383).
LogModuleManager: Display: Found up-to-date module file ../../../Engine/Plugins/Runtime/MobilePatchingUtils/Binaries/Win64/UE4Editor-MobilePatchingUtils.dll (API version 3709383).
LogModuleManager: Display: Found up-to-date module file ../../../Engine/Plugins/Runtime/Oculus/OculusVR/Binaries/Win64/UE4Editor-OculusHMD.dll (API version 3709383).
LogModuleManager: Display: Found up-to-date module file ../../../Engine/Plugins/Runtime/Oculus/OculusVR/Binaries/Win64/UE4Editor-OculusInput.dll (API version 3709383).
LogModuleManager: Display: Found up-to-date module file ../../../Engine/Plugins/Runtime/Oculus/OculusVR/Binaries/Win64/UE4Editor-OculusEditor.dll (API version 3709383).
LogModuleManager: Display: Found up-to-date module file ../../../Engine/Plugins/Runtime/PhysXVehicles/Binaries/Win64/UE4Editor-PhysXVehicles.dll (API version 3709383).
LogModuleManager: Display: Found up-to-date module file ../../../Engine/Plugins/Runtime/PhysXVehicles/Binaries/Win64/UE4Editor-PhysXVehiclesEditor.dll (API version 3709383).
LogModuleManager: Display: Found up-to-date module file ../../../Engine/Plugins/Runtime/ProceduralMeshComponent/Binaries/Win64/UE4Editor-ProceduralMeshComponent.dll (API version 3709383).
LogModuleManager: Display: Found up-to-date module file ../../../Engine/Plugins/Runtime/ProceduralMeshComponent/Binaries/Win64/UE4Editor-ProceduralMeshComponentEditor.dll (API version 3709383).
LogModuleManager: Display: Found up-to-date module file ../../../Engine/Plugins/Runtime/RuntimePhysXCooking/Binaries/Win64/UE4Editor-RuntimePhysXCooking.dll (API version 3709383).
LogModuleManager: Display: Found up-to-date module file ../../../Engine/Plugins/Runtime/Steam/SteamVR/Binaries/Win64/UE4Editor-SteamVR.dll (API version 3709383).
LogModuleManager: Display: Found up-to-date module file ../../../Engine/Plugins/Runtime/Steam/SteamVR/Binaries/Win64/UE4Editor-SteamVRController.dll (API version 3709383).
LogModuleManager: Display: Found up-to-date module file ../../../Engine/Plugins/Runtime/WindowsMoviePlayer/Binaries/Win64/UE4Editor-WindowsMoviePlayer.dll (API version 3709383).
LogInit: Using libcurl 7.47.1
LogInit:  - built for x86_64-pc-win32
LogInit:  - supports SSL with OpenSSL/1.0.2g
LogInit:  - supports HTTP deflate (compression) using libz 1.2.8
LogInit:  - other features:
LogInit:      CURL_VERSION_SSL
LogInit:      CURL_VERSION_LIBZ
LogInit:      CURL_VERSION_IPV6
LogInit:      CURL_VERSION_ASYNCHDNS
LogInit:      CURL_VERSION_LARGEFILE
LogInit:      CURL_VERSION_IDN
LogInit:  CurlRequestOptions (configurable via config and command line):
LogInit:  - bVerifyPeer = false  - Libcurl will NOT verify peer certificate
LogInit:  - bUseHttpProxy = false  - Libcurl will NOT use HTTP proxy
LogInit:  - bDontReuseConnections = false  - Libcurl will reuse connections
LogInit:  - CertBundlePath = nullptr  - Libcurl will use whatever was configured at build time.
LogInit: Build: ++UE4+Release-4.18-CL-3832480
LogInit: Engine Version: 4.18.3-3832480+++UE4+Release-4.18
LogInit: Compatible Engine Version: 4.18.0-3709383+++UE4+Release-4.18
LogInit: Net CL: 3709383
LogDevObjectVersion: Number of dev versions registered: 16
LogDevObjectVersion:   Dev-Blueprints (B0D832E4-1F89-4F0D-ACCF-7EB736FD4AA2): 10
LogDevObjectVersion:   Dev-Build (E1C64328-A22C-4D53-A36C-8E866417BD8C): 0
LogDevObjectVersion:   Dev-Core (375EC13C-06E4-48FB-B500-84F0262A717E): 2
LogDevObjectVersion:   Dev-Editor (E4B068ED-F494-42E9-A231-DA0B2E46BB41): 20
LogDevObjectVersion:   Dev-Framework (CFFC743F-43B0-4480-9391-14DF171D2073): 30
LogDevObjectVersion:   Dev-Mobile (B02B49B5-BB20-44E9-A304-32B752E40360): 0
LogDevObjectVersion:   Dev-Networking (A4E4105C-59A1-49B5-A7C5-40C4547EDFEE): 0
LogDevObjectVersion:   Dev-Online (39C831C9-5AE6-47DC-9A44-9C173E1C8E7C): 0
LogDevObjectVersion:   Dev-Physics (78F01B33-EBEA-4F98-B9B4-84EACCB95AA2): 0
LogDevObjectVersion:   Dev-Platform (6631380F-2D4D-43E0-8009-CF276956A95A): 0
LogDevObjectVersion:   Dev-Rendering (12F88B9F-8875-4AFC-A67C-D90C383ABD29): 20
LogDevObjectVersion:   Dev-Sequencer (7B5AE74C-D270-4C10-A958-57980B212A5A): 4
LogDevObjectVersion:   Dev-VR (D7296918-1DD6-4BDD-9DE2-64A83CC13884): 0
LogDevObjectVersion:   Dev-LoadTimes (C2A15278-BFE7-4AFE-6C17-90FF531DF755): 1
LogDevObjectVersion:   Private-Geometry (6EACA3D4-40EC-4CC1-B786-8BED09428FC5): 1
LogDevObjectVersion:   Dev-AnimPhys (29E575DD-E0A3-4627-9D10-D276232CDCEA): 12
LogInit: Compiled (64-bit): Jan 12 2018 02:04:55
LogInit: Compiled with Visual C++: 19.00.24215.01
LogInit: Build Configuration: Development
LogInit: Branch Name: ++UE4+Release-4.18
LogInit: Command line: -EpicPortal 
LogInit: Base directory: C:/Program Files/Epic Games/UE_4.18/Engine/Binaries/Win64/
LogInit: Installed Engine Build: 1
LogInit: Presizing for max 8388607 objects, including 0 objects not considered by GC, pre-allocating 0 bytes for permanent pool.
LogInit: Object subsystem initialized
[2018.02.25-19.24.45:388][  0]LogInit: Selected Device Profile: [Windows]
[2018.02.25-19.24.45:388][  0]LogInit: Applying CVar settings loaded from the selected device profile: [Windows]
[2018.02.25-19.24.45:404][  0]LogInit: Computer: DESKTOP-47R6KV7
[2018.02.25-19.24.45:404][  0]LogInit: User: Megapoort
[2018.02.25-19.24.45:404][  0]LogInit: CPU Page size=4096, Cores=4
[2018.02.25-19.24.45:404][  0]LogInit: High frequency timer resolution =3.411558 MHz
[2018.02.25-19.24.45:405][  0]LogMemory: Memory total: Physical=15.9GB (16GB approx)
[2018.02.25-19.24.45:405][  0]LogMemory: Platform Memory Stats for Windows
[2018.02.25-19.24.45:405][  0]LogMemory: Process Physical Memory: 274.70 MB used, 274.70 MB peak
[2018.02.25-19.24.45:405][  0]LogMemory: Process Virtual Memory: 269.87 MB used, 269.87 MB peak
[2018.02.25-19.24.45:405][  0]LogMemory: Physical Memory: 6706.30 MB used,  9608.43 MB free, 16314.73 MB total
[2018.02.25-19.24.45:405][  0]LogMemory: Virtual Memory: 682.96 MB used,  9608.43 MB free, 134217728.00 MB total
[2018.02.25-19.24.45:595][  0]LogInit: Using OS detected language (de-DE).
[2018.02.25-19.24.45:595][  0]LogInit: Using OS detected locale (de-DE).
[2018.02.25-19.24.45:598][  0]LogTextLocalizationManager: No localization for 'de-DE' exists, so 'en' will be used for the language.
[2018.02.25-19.24.45:598][  0]LogTextLocalizationManager: No localization for 'de-DE' exists, so 'en' will be used for the locale.
[2018.02.25-19.24.46:097][  0]LogInit: Setting process to per monitor DPI aware
[2018.02.25-19.24.46:408][  0]LogD3D11RHI: D3D11 adapters:
[2018.02.25-19.24.46:469][  0]LogD3D11RHI:    0. 'NVIDIA GeForce GTX 1070' (Feature Level 11_0)
[2018.02.25-19.24.46:469][  0]LogD3D11RHI:       8096/0/8157 MB DedicatedVideo/DedicatedSystem/SharedSystem, Outputs:2, VendorId:0x10de
[2018.02.25-19.24.46:472][  0]LogD3D11RHI:    1. 'Microsoft Basic Render Driver' (Feature Level 11_0)
[2018.02.25-19.24.46:472][  0]LogD3D11RHI:       0/0/8157 MB DedicatedVideo/DedicatedSystem/SharedSystem, Outputs:0, VendorId:0x1414
[2018.02.25-19.24.46:472][  0]LogD3D11RHI: Chosen D3D11 Adapter: 0
[2018.02.25-19.24.46:483][  0]LogD3D11RHI: Creating new Direct3DDevice
[2018.02.25-19.24.46:483][  0]LogD3D11RHI:     GPU DeviceId: 0x1b81 (for the marketing name, search the web for "GPU Device Id")
[2018.02.25-19.24.46:483][  0]LogWindows: EnumDisplayDevices:
[2018.02.25-19.24.46:484][  0]LogWindows:    0. 'NVIDIA GeForce GTX 1070' (P:1 D:1)
[2018.02.25-19.24.46:484][  0]LogWindows:    1. 'NVIDIA GeForce GTX 1070' (P:0 D:1)
[2018.02.25-19.24.46:484][  0]LogWindows:    2. 'NVIDIA GeForce GTX 1070' (P:0 D:0)
[2018.02.25-19.24.46:484][  0]LogWindows:    3. 'NVIDIA GeForce GTX 1070' (P:0 D:0)
[2018.02.25-19.24.46:484][  0]LogWindows: DebugString: GetVideoDriverDetailsInvalid PrimaryIsNotTheChoosenAdapter GetVideoDriverDetailsInvalid PrimaryIsNotTheChoosenAdapter GetVideoDriverDetailsInvalid PrimaryIsNotTheChoosenAdapter GetVideoDriverDetailsInvalid PrimaryIsNotTheChoosenAdapter FoundDriverCount:0 
[2018.02.25-19.24.46:484][  0]LogD3D11RHI:     Adapter Name: NVIDIA GeForce GTX 1070
[2018.02.25-19.24.46:484][  0]LogD3D11RHI:   Driver Version: Unknown (internal:Unknown, unified:Unknown)
[2018.02.25-19.24.46:484][  0]LogD3D11RHI:      Driver Date: Unknown
[2018.02.25-19.24.46:484][  0]LogRHI: Texture pool is 5667 MB (70% of 8096 MB)
[2018.02.25-19.24.46:529][  0]LogD3D11RHI: Async texture creation enabled
[2018.02.25-19.24.46:561][  0]LogD3D11RHI: GPU Timing Frequency: 1000.000000 (Debug: 2 1)
[2018.02.25-19.24.46:653][  0]LogShaderCompilers: Guid format shader working directory is -6 characters bigger than the processId version (../../../../../../Users/Megapoort/Desktop/Lyfe/Lyfe_Game/Intermediate/Shaders/WorkingDirectory/8000/).
[2018.02.25-19.24.46:653][  0]LogShaderCompilers: Cleaned the shader compiler working directory 'C:/Users/Megapoort/AppData/Local/Temp/UnrealShaderWorkingDir/027EF59E463A72723CEABDBE3E6D2548/'.
[2018.02.25-19.24.46:653][  0]LogShaderCompilers: Display: Using Local Shader Compiler.
[2018.02.25-19.24.47:825][  0]LogTemp: Display: Loaded TP AllDesktopTargetPlatform
[2018.02.25-19.24.47:891][  0]LogTemp: Display: Loaded TP MacClientTargetPlatform
[2018.02.25-19.24.47:956][  0]LogTemp: Display: Loaded TP MacNoEditorTargetPlatform
[2018.02.25-19.24.48:026][  0]LogTemp: Display: Loaded TP MacServerTargetPlatform
[2018.02.25-19.24.48:092][  0]LogTemp: Display: Loaded TP MacTargetPlatform
[2018.02.25-19.24.48:159][  0]LogTemp: Display: Loaded TP WindowsClientTargetPlatform
[2018.02.25-19.24.48:226][  0]LogTemp: Display: Loaded TP WindowsNoEditorTargetPlatform
[2018.02.25-19.24.48:292][  0]LogTemp: Display: Loaded TP WindowsServerTargetPlatform
[2018.02.25-19.24.48:351][  0]LogTemp: Display: Loaded TP WindowsTargetPlatform
[2018.02.25-19.24.48:415][  0]LogTemp: Display: Loaded TP Android_ASTCTargetPlatform
[2018.02.25-19.24.48:482][  0]LogTemp: Display: Loaded TP Android_ATCTargetPlatform
[2018.02.25-19.24.48:544][  0]LogTemp: Display: Loaded TP Android_DXTTargetPlatform
[2018.02.25-19.24.48:613][  0]LogTemp: Display: Loaded TP Android_ETC1TargetPlatform
[2018.02.25-19.24.48:679][  0]LogTemp: Display: Loaded TP Android_ETC2TargetPlatform
[2018.02.25-19.24.48:814][  0]LogTemp: Display: Loaded TP Android_MultiTargetPlatform
[2018.02.25-19.24.48:814][  0]LogTemp: Display: Loaded TP Android_PVRTCTargetPlatform
[2018.02.25-19.24.48:885][  0]LogTemp: Display: Loaded TP AndroidTargetPlatform
[2018.02.25-19.24.48:935][  0]LogTemp: Display: Loaded TP HTML5TargetPlatform
[2018.02.25-19.24.49:046][  0]LogTemp: Display: Loaded TP IOSTargetPlatform
[2018.02.25-19.24.49:081][  0]LogTemp: Display: Loaded TP TVOSTargetPlatform
[2018.02.25-19.24.49:150][  0]LogTemp: Display: Loaded TP LinuxClientTargetPlatform
[2018.02.25-19.24.49:218][  0]LogTemp: Display: Loaded TP LinuxNoEditorTargetPlatform
[2018.02.25-19.24.49:280][  0]LogTemp: Display: Loaded TP LinuxServerTargetPlatform
[2018.02.25-19.24.49:348][  0]LogTemp: Display: Loaded TP LinuxTargetPlatform
[2018.02.25-19.24.49:348][  0]LogTargetPlatformManager: Display: Building Assets For Windows
[2018.02.25-19.24.49:973][  0]LogDerivedDataCache: Display: Max Cache Size: 512 MB
[2018.02.25-19.24.50:065][  0]LogDerivedDataCache: Loaded boot cache 0.09s 78MB C:/Users/Megapoort/AppData/Local/UnrealEngine/4.18/DerivedDataCache/Boot.ddc.
[2018.02.25-19.24.50:065][  0]LogDerivedDataCache: Display: Loaded Boot cache: C:/Users/Megapoort/AppData/Local/UnrealEngine/4.18/DerivedDataCache/Boot.ddc
[2018.02.25-19.24.50:065][  0]LogDerivedDataCache: FDerivedDataBackendGraph:  Pak pak cache file ../../../../../../Users/Megapoort/Desktop/Lyfe/Lyfe_Game/DerivedDataCache/DDC.ddp not found, will not use a pak cache.
[2018.02.25-19.24.50:065][  0]LogDerivedDataCache: Unable to find inner node Pak for hierarchical cache Hierarchy.
[2018.02.25-19.24.50:065][  0]LogDerivedDataCache: FDerivedDataBackendGraph:  CompressedPak pak cache file ../../../../../../Users/Megapoort/Desktop/Lyfe/Lyfe_Game/DerivedDataCache/Compressed.ddp not found, will not use a pak cache.
[2018.02.25-19.24.50:065][  0]LogDerivedDataCache: Unable to find inner node CompressedPak for hierarchical cache Hierarchy.
[2018.02.25-19.24.50:085][  0]LogDerivedDataCache: Display: Pak cache opened for reading ../../../Engine/DerivedDataCache/Compressed.ddp.
[2018.02.25-19.24.50:097][  0]LogDerivedDataCache: Using Local data cache path C:/Users/Megapoort/AppData/Local/UnrealEngine/Common/DerivedDataCache: Writable
[2018.02.25-19.24.50:124][  0]LogMaterial: Verifying Global Shaders for PCD3D_SM5
[2018.02.25-19.24.50:124][  0]LogSlate: Using Freetype 2.6.0
[2018.02.25-19.24.50:125][  0]LogSlate: SlateFontCache - WITH_FREETYPE: 1, WITH_HARFBUZZ: 1
[2018.02.25-19.24.50:125][  0]LogSlate: SlateFontCache - WITH_FREETYPE: 1, WITH_HARFBUZZ: 1
[2018.02.25-19.24.50:600][  0]LogInit: Selected Device Profile: [Windows]
[2018.02.25-19.24.50:992][  0]LogSimplygon: Simplygon DLL not present - disabling.
[2018.02.25-19.24.51:042][  0]LogMeshReduction: Using SimplygonSwarm for distributed automatic mesh merging
[2018.02.25-19.24.51:042][  0]LogMeshReduction: Using QuadricMeshReduction for automatic static mesh reduction
[2018.02.25-19.24.51:042][  0]LogMeshReduction: No automatic skeletal mesh reduction module available
[2018.02.25-19.24.51:042][  0]LogMeshReduction: No automatic mesh merging module available
[2018.02.25-19.24.51:042][  0]LogMeshMerging: No automatic mesh merging module available
[2018.02.25-19.24.51:105][  0]LogNetVersion: Lyfe_Game , NetCL: 3709383, EngineNetVer: 2, GameNetVer: 0 (Checksum: 1298029676)
[2018.02.25-19.24.51:308][  0]LogAssetRegistry: FAssetRegistry took 0.0268 seconds to start up
[2018.02.25-19.24.52:056][  0]LogPackageLocalizationCache: Processed 7 localized package path(s) for 1 prioritized culture(s) in 0.112519 seconds
[2018.02.25-19.24.52:064][  0]LogUObjectArray: 35870 objects as part of root set at end of initial load.
[2018.02.25-19.24.52:064][  0]LogUObjectAllocator: 7363696 out of 0 bytes used by permanent object pool.
[2018.02.25-19.24.52:064][  0]LogUObjectArray: CloseDisregardForGC: 0/0 objects in disregard for GC pool
[2018.02.25-19.24.52:129][  0]LogInit: WinSock: version 1.1 (2.2), MaxSocks=32767, MaxUdp=65467
[2018.02.25-19.24.55:727][  0]LogTcpMessaging: Initializing TcpMessaging bridge
[2018.02.25-19.24.55:803][  0]LogUdpMessaging: Initializing bridge on interface 0.0.0.0:0 to multicast group 230.0.0.1:6666.
[2018.02.25-19.24.56:763][  0]LogMaterial: Uniform references updated for custom material expression Custom.
[2018.02.25-19.24.57:304][  0]SourceControl: Source control is disabled
[2018.02.25-19.24.57:304][  0]SourceControl: Source control is disabled
[2018.02.25-19.24.57:376][  0]SourceControl: Source control is disabled
[2018.02.25-19.24.57:446][  0]SourceControl: Source control is disabled
[2018.02.25-19.24.58:532][  0]LogAndroidPermission: UAndroidPermissionCallbackProxy::GetInstance
[2018.02.25-19.24.58:896][  0]LogOcInput: OculusInput pre-init called
[2018.02.25-19.24.59:230][  0]LogEngine: Initializing Engine...
[2018.02.25-19.24.59:233][  0]LogHMD: Failed to initialize OpenVR with code 110
[2018.02.25-19.24.59:450][  0]LogStats: UGameplayTagsManager::ConstructGameplayTagTree: Construct from data asset -  0.000 s
[2018.02.25-19.24.59:450][  0]LogStats: UGameplayTagsManager::ConstructGameplayTagTree: GameplayTagTreeChangedEvent.Broadcast -  0.000 s
[2018.02.25-19.24.59:614][  0]LogAIModule: Creating AISystem for world Untitled
[2018.02.25-19.24.59:624][  0]LogInit: XAudio2 using 'Lautsprecher (Realtek High Definition Audio)' : 2 channels at 48 kHz using 32 bits per sample (channel mask 0x3)
[2018.02.25-19.24.59:640][  0]LogInit: FAudioDevice initialized.
[2018.02.25-19.24.59:766][  0]LogDerivedDataCache: Saved boot cache 0.13s 78MB C:/Users/Megapoort/AppData/Local/UnrealEngine/4.18/DerivedDataCache/Boot.ddc.
[2018.02.25-19.24.59:794][  0]LogInit: Texture streaming: Enabled
[2018.02.25-19.24.59:921][  0]LogEngineSessionManager: EngineSessionManager initialized
[2018.02.25-19.25.00:083][  0]LogInit: Transaction tracking system initialized
[2018.02.25-19.25.00:474][  0]BlueprintLog: New page: Editor Load
[2018.02.25-19.25.01:655][  0]LocalizationService: Localization service is disabled
[2018.02.25-19.25.02:679][  0]LogConsoleResponse: Display: 
[2018.02.25-19.25.02:889][  0]LogFileCache: Scanning file cache for directory 'C:/Users/Megapoort/Desktop/Lyfe/Lyfe_Game/Content/' took 0.01s
[2018.02.25-19.25.02:889][  0]LogCook: Display: Max memory allowance for cook 16384mb min free memory 0mb
[2018.02.25-19.25.02:890][  0]LogCook: Display: Mobile HDR setting 1
[2018.02.25-19.25.02:890][  0]LogGameplayTags: Display: UGameplayTagsManager::DoneAddingNativeTags. DelegateIsBound: 0
[2018.02.25-19.25.04:601][  0]SourceControl: Source control is disabled
[2018.02.25-19.25.04:601][  0]Cmd: MAP LOAD FILE="../../../Engine/Content/Maps/Templates/Template_Default.umap" TEMPLATE=1 SHOWPROGRESS=1 FEATURELEVEL=3
[2018.02.25-19.25.04:601][  0]LightingResults: New page: Lighting Build
[2018.02.25-19.25.04:660][  0]MapCheck: New page: Map Check
[2018.02.25-19.25.04:660][  0]LightingResults: New page: Lighting Build
[2018.02.25-19.25.04:939][  0]LogAIModule: Creating AISystem for world Untitled_1
[2018.02.25-19.25.04:946][  0]LogEditorServer: Finished looking for orphan Actors (0.000 secs)
[2018.02.25-19.25.04:957][  0]Cmd: MAP CHECKDEP NOCLEARLOG
[2018.02.25-19.25.05:019][  0]MapCheck: Map check complete: 0 Error(s), 0 Warning(s), took 61.252ms to complete.
[2018.02.25-19.25.05:019][  0]LogFileHelpers: Loading map 'Template_Default' took 0.417
[2018.02.25-19.25.05:195][  0]LogCollectionManager: Loaded 0 collections in 0.002445 seconds
[2018.02.25-19.25.05:303][  0]LogFileCache: Scanning file cache for directory 'C:/Users/Megapoort/Desktop/Lyfe/Lyfe_Game/Saved/Collections/' took 0.01s
[2018.02.25-19.25.05:303][  0]LogFileCache: Scanning file cache for directory 'C:/Users/Megapoort/Desktop/Lyfe/Lyfe_Game/Content/Developers/Megapoort/Collections/' took 0.01s
[2018.02.25-19.25.05:303][  0]LogFileCache: Scanning file cache for directory 'C:/Users/Megapoort/Desktop/Lyfe/Lyfe_Game/Content/Collections/' took 0.01s
[2018.02.25-19.25.05:303][  0]LogCollectionManager: Rebuilt the GUID cache for 0 collections in 0.000000 seconds
[2018.02.25-19.25.05:315][  0]LogContentBrowser: Native class hierarchy populated in 0.0116 seconds. Added 2364 classes and 521 folders.
[2018.02.25-19.25.05:405][  0]LogContentBrowser: Native class hierarchy updated for 'WidgetCarousel' in 0.0008 seconds. Added 0 classes and 0 folders.
[2018.02.25-19.25.05:462][  0]LogContentBrowser: Native class hierarchy updated for 'AddContentDialog' in 0.0009 seconds. Added 0 classes and 0 folders.
[2018.02.25-19.25.05:520][  0]LogContentBrowser: Native class hierarchy updated for 'SceneOutliner' in 0.0009 seconds. Added 1 classes and 2 folders.
[2018.02.25-19.25.05:572][  0]LogSlate: Took 0.000322 seconds to synchronously load lazily loaded font '../../../Engine/Content/Slate/Fonts/Roboto-Regular.ttf' (155K)
[2018.02.25-19.25.05:576][  0]LogSlate: Took 0.000290 seconds to synchronously load lazily loaded font '../../../Engine/Content/Slate/Fonts/Roboto-Bold.ttf' (160K)
[2018.02.25-19.25.05:585][  0]LogSlate: Took 0.000235 seconds to synchronously load lazily loaded font '../../../Engine/Content/Editor/Slate/Fonts/FontAwesome.ttf' (139K)
[2018.02.25-19.25.05:722][  0]LogRenderer: Reallocating scene render targets to support 1616x600 Format 10 NumSamples 1 (Frame:1).
[2018.02.25-19.25.05:992][  0]LogContentBrowser: Native class hierarchy updated for 'HierarchicalLODOutliner' in 0.0009 seconds. Added 1 classes and 2 folders.
[2018.02.25-19.25.05:992][  0]LogLoad: (Engine Initialization) Total time: 24.35 seconds
[2018.02.25-19.25.05:992][  0]LogLoad: (Engine Initialization) Total Blueprint compile time: 0.00 seconds
[2018.02.25-19.25.05:992][  0]LogExternalProfiler: No external profilers were discovered.  External profiling features will not be available.
[2018.02.25-19.25.06:002][  0]LogWindowsTextInputMethodSystem: Display: IME system now deactivated.
[2018.02.25-19.25.06:030][  0]LogContentStreaming: Texture pool size now 1000 MB
[2018.02.25-19.25.06:073][  1]LogAssetRegistry: Asset discovery search completed in 14.7868 seconds
[2018.02.25-19.25.06:074][  1]LogCollectionManager: Rebuilt the object cache for 0 collections in 0.000000 seconds (found 0 objects)
[2018.02.25-19.25.06:074][  1]LogCollectionManager: Fixed up redirectors for 0 collections in 0.000053 seconds (updated 0 objects)
[2018.02.25-19.25.09:539][393]LogTemp: Repeating last play command: Selected Viewport
[2018.02.25-19.25.09:556][393]LogPlayLevel: PlayLevel: No blueprints needed recompiling
[2018.02.25-19.25.09:557][393]PIE: New page: PIE session: Untitled_1 (Feb 25, 2018, 9:25:09 PM)
[2018.02.25-19.25.09:557][393]LogPlayLevel: Creating play world package: /Temp/UEDPIE_0_Untitled_1
[2018.02.25-19.25.09:563][393]LogPlayLevel: PIE: StaticDuplicateObject took: (0.006135s)
[2018.02.25-19.25.09:565][393]LogAIModule: Creating AISystem for world Untitled_1
[2018.02.25-19.25.09:565][393]LogPlayLevel: PIE: World Init took: (0.001622s)
[2018.02.25-19.25.09:565][393]LogPlayLevel: PIE: Created PIE world by copying editor world from /Temp/Untitled_1.Untitled_1 to /Temp/UEDPIE_0_Untitled_1.Untitled_1 (0.008126s)
[2018.02.25-19.25.09:580][393]LogInit: XAudio2 using 'Lautsprecher (Realtek High Definition Audio)' : 2 channels at 48 kHz using 32 bits per sample (channel mask 0x3)
[2018.02.25-19.25.09:593][393]LogInit: FAudioDevice initialized.
[2018.02.25-19.25.09:638][393]LogLoad: Game class is 'GameModeBase'
[2018.02.25-19.25.09:640][393]LogWorld: Bringing World /Temp/UEDPIE_0_Untitled_1.Untitled_1 up for play (max tick rate 0) at 2018.02.25-20.25.09
[2018.02.25-19.25.09:640][393]LogWorld: Bringing up level for play took: 0.000810
[2018.02.25-19.25.09:696][393]LogContentBrowser: Native class hierarchy updated for 'MovieSceneCapture' in 0.0009 seconds. Added 11 classes and 0 folders.
[2018.02.25-19.25.09:697][393]PIE: Play in editor start time for /Temp/UEDPIE_0_Untitled_1 -0.582
[2018.02.25-19.25.46:220][ 85]LogEditorViewport: Clicking on Actor (LMB): BP_Sky_Sphere_C (Sky Sphere)
[2018.02.25-19.25.47:413][193]LogEditorViewport: Clicking on Actor (LMB): BP_Sky_Sphere_C (Sky Sphere)
[2018.02.25-19.25.59:349][618]LogEditorViewport: Clicking on Actor (LMB): BP_Sky_Sphere_C (Sky Sphere)
[2018.02.25-19.26.20:805][169]LogSlate: Took 0.000227 seconds to synchronously load lazily loaded font '../../../Engine/Content/Slate/Fonts/Roboto-Light.ttf' (159K)
[2018.02.25-19.27.21:669][999]LogSlate: Took 0.000228 seconds to synchronously load lazily loaded font '../../../Engine/Content/Slate/Fonts/Roboto-Light.ttf' (159K)
[2018.02.25-19.27.21:736][999]LogSlate: Took 0.014733 seconds to synchronously load lazily loaded font '../../../Engine/Content/Editor/Slate/Fonts/Roboto-BoldCondensed.ttf' (158K)
[2018.02.25-19.27.46:322][ 80]LogEditorViewport: Clicking on Actor (LMB): BP_Sky_Sphere_C (Sky Sphere)
[2018.02.25-19.28.13:941][179]LogEditorViewport: Clicking on Actor (LMB): SphereReflectionCapture (SphereReflectionCapture)
[2018.02.25-19.28.19:787][822]LogEditorViewport: Clicking on Actor (LMB): SkyLight (SkyLight)
[2018.02.25-19.28.23:263][149]LogEditorViewport: Clicking on Actor (LMB): AtmosphericFog (Atmospheric Fog)
[2018.02.25-19.29.50:499][647]Cmd: OBJ SAVEPACKAGE PACKAGE="/Game/Scenes/TestMap" FILE="../../../../../../Users/Megapoort/Desktop/Lyfe/Lyfe_Game/Content/Scenes/TestMap.umap" SILENT=true AUTOSAVING=false KEEPDIRTY=false
[2018.02.25-19.29.50:551][647]LogSavePackage: Save=31.95ms
[2018.02.25-19.29.50:551][647]LogSavePackage: Moving '../../../../../../Users/Megapoort/Desktop/Lyfe/Lyfe_Game/Saved/TestMap4441BE934E1E701B7FB13797E779BF54.tmp' to '../../../../../../Users/Megapoort/Desktop/Lyfe/Lyfe_Game/Content/Scenes/TestMap.umap'
[2018.02.25-19.29.50:555][647]LogSavePackage: Display: Finished SavePackage ../../../../../../Users/Megapoort/Desktop/Lyfe/Lyfe_Game/Content/Scenes/TestMap.umap
[2018.02.25-19.29.50:672][647]Cmd: OBJ SAVEPACKAGE PACKAGE="/Game/Scenes/TestMap_BuiltData" FILE="../../../../../../Users/Megapoort/Desktop/Lyfe/Lyfe_Game/Content/Scenes/TestMap_BuiltData.uasset" SILENT=true
[2018.02.25-19.29.50:716][647]LogSavePackage: Save=39.68ms
[2018.02.25-19.29.50:717][647]LogSavePackage: Moving '../../../../../../Users/Megapoort/Desktop/Lyfe/Lyfe_Game/Saved/TestMap_BuiltData3600D0E349F930D14F0B44851202B798.tmp' to '../../../../../../Users/Megapoort/Desktop/Lyfe/Lyfe_Game/Content/Scenes/TestMap_BuiltData.uasset'
[2018.02.25-19.29.50:720][647]LogSavePackage: Display: Finished SavePackage ../../../../../../Users/Megapoort/Desktop/Lyfe/Lyfe_Game/Content/Scenes/TestMap_BuiltData.uasset
[2018.02.25-19.29.50:729][647]LogFileHelpers: Saving map 'TestMap' took 0.332
[2018.02.25-19.33.53:629][315]Running C:/Program Files/Epic Games/UE_4.18/Engine/Binaries/DotNET/UnrealBuildTool.exe  -projectfiles -project="C:/Users/Megapoort/Desktop/Lyfe/Lyfe_Game/Lyfe_Game.uproject" -game -rocket -progress
[2018.02.25-19.33.53:996][315]Discovering modules, targets and source code for project...
[2018.02.25-19.33.58:111][315]LogSlate: Took 0.000231 seconds to synchronously load lazily loaded font '../../../Engine/Content/Slate/Fonts/Roboto-Regular.ttf' (155K)
[2018.02.25-19.34.00:159][315]LogVSAccessor: Warning: Couldn't access Visual Studio
[2018.02.25-19.34.00:173][315]Candidate modules for hot reload:
[2018.02.25-19.34.00:173][315]  Lyfe_Game
[2018.02.25-19.34.00:173][315]Launching UnrealBuildTool... [C:/Program Files/Epic Games/UE_4.18/Engine/Binaries/DotNET/UnrealBuildTool.exe Lyfe_Game -ModuleWithSuffix Lyfe_Game 4078 Win64 Development -editorrecompile -canskiplink "C:/Users/Megapoort/Desktop/Lyfe/Lyfe_Game/Lyfe_Game.uproject" ]
[2018.02.25-19.34.24:803][315]CompilerResultsLog: New page: Compilation - Feb 25, 2018, 9:34:24 PM
[2018.02.25-19.34.24:803][315]CompilerResultsLog: Performing full C++ include scan (hot reloading a new target)
[2018.02.25-19.34.24:803][315]CompilerResultsLog: Using 'git status' to determine working set for adaptive non-unity build.
[2018.02.25-19.34.24:803][315]CompilerResultsLog: Creating makefile for hot reloading Lyfe_Game (no existing makefile)
[2018.02.25-19.34.24:803][315]CompilerResultsLog: Compiling game modules for hot reload
[2018.02.25-19.34.24:803][315]CompilerResultsLog: Parsing headers for Lyfe_GameEditor
[2018.02.25-19.34.24:803][315]CompilerResultsLog:   Running UnrealHeaderTool "C:\Users\Megapoort\Desktop\Lyfe\Lyfe_Game\Lyfe_Game.uproject" "C:\Users\Megapoort\Desktop\Lyfe\Lyfe_Game\Intermediate\Build\Win64\Lyfe_GameEditor\Development\Lyfe_GameEditor.uhtmanifest" -LogCmds="loginit warning, logexit warning, logdatabase error" -Unattended -WarningsAsErrors -installed
[2018.02.25-19.34.24:803][315]CompilerResultsLog: Reflection code generated for Lyfe_GameEditor in 12,5574555 seconds
[2018.02.25-19.34.24:803][315]CompilerResultsLog: Performing 8 actions (4 in parallel)
[2018.02.25-19.34.24:803][315]CompilerResultsLog: Lyfe_Game.cpp
[2018.02.25-19.34.24:803][315]CompilerResultsLog: Lyfe_GameGameModeBase.cpp
[2018.02.25-19.34.24:803][315]CompilerResultsLog: Camera_Editor.gen.cpp
[2018.02.25-19.34.24:803][315]CompilerResultsLog: Camera_Editor.cpp
[2018.02.25-19.34.24:803][315]CompilerResultsLog: Lyfe_Game.init.gen.cpp
[2018.02.25-19.34.24:803][315]CompilerResultsLog: Lyfe_GameGameModeBase.gen.cpp
[2018.02.25-19.34.24:803][315]CompilerResultsLog: [7/8] Link UE4Editor-Lyfe_Game-4078.dll
[2018.02.25-19.34.24:803][315]CompilerResultsLog: [8/8] Link UE4Editor-Lyfe_Game-4078.lib
[2018.02.25-19.34.24:803][315]CompilerResultsLog:    Bibliothek "C:\Users\Megapoort\Desktop\Lyfe\Lyfe_Game\Intermediate\Build\Win64\UE4Editor\Development\UE4Editor-Lyfe_Game-4078.suppressed.lib" und Objekt "C:\Users\Megapoort\Desktop\Lyfe\Lyfe_Game\Intermediate\Build\Win64\UE4Editor\Development\UE4Editor-Lyfe_Game-4078.suppressed.exp" werden erstellt.
[2018.02.25-19.34.24:803][315]CompilerResultsLog:    Bibliothek "C:\Users\Megapoort\Desktop\Lyfe\Lyfe_Game\Intermediate\Build\Win64\UE4Editor\Development\UE4Editor-Lyfe_Game-4078.lib" und Objekt "C:\Users\Megapoort\Desktop\Lyfe\Lyfe_Game\Intermediate\Build\Win64\UE4Editor\Development\UE4Editor-Lyfe_Game-4078.exp" werden erstellt.
[2018.02.25-19.34.24:803][315]CompilerResultsLog: Total build time: 24,25 seconds (Local executor: 2,73 seconds)
[2018.02.25-19.34.24:804][315]LogMainFrame: MainFrame: Module compiling took 24.645 seconds
[2018.02.25-19.34.24:906][315]LogClass: Could not find existing class Camera_Editor in package /Script/Lyfe_Game for HotReload, assuming new class
[2018.02.25-19.34.24:910][315]LogContentBrowser: Native class hierarchy updated for 'Lyfe_Game' in 0.0020 seconds. Added 2 classes and 4 folders.
[2018.02.25-19.34.24:912][315]Display: HotReload successful (0 functions remapped  0 scriptstructs remapped)
[2018.02.25-19.34.25:038][315]LogContentBrowser: Native class hierarchy populated in 0.0146 seconds. Added 2367 classes and 527 folders.
[2018.02.25-19.34.25:039][315]Display: HotReload took 24.9s.
[2018.02.25-19.34.25:040][315]Warning: HotReload operation took 24.9s.
[2018.02.25-19.34.25:143][315]LogHotReload: New module detected: UE4Editor-Lyfe_Game-4078.dll
[2018.02.25-19.34.25:175][316]LogHotReload: Starting Hot-Reload from IDE
[2018.02.25-19.34.25:275][316]LogContentBrowser: Native class hierarchy updated for 'Lyfe_Game' in 0.0019 seconds. Added 2 classes and 4 folders.
[2018.02.25-19.34.25:276][316]Display: HotReload successful (0 functions remapped  0 scriptstructs remapped)
[2018.02.25-19.34.25:300][316]LogContentBrowser: Native class hierarchy populated in 0.0132 seconds. Added 2367 classes and 527 folders.
[2018.02.25-19.34.25:307][316]Display: HotReload took  0.1s.
[2018.02.25-19.34.27:725][406]LogVSAccessor: Warning: Visual Studio is open but could not be queried - it may be blocked by a modal operation
[2018.02.25-19.35.22:849][582]LogVSAccessor: Warning: Visual Studio is open but could not be queried - it may be blocked by a modal operation
[2018.02.25-19.35.23:182][583]LogVSAccessor: Warning: Visual Studio is open but could not be queried - it may be blocked by a modal operation
[2018.02.25-19.35.23:516][584]LogVSAccessor: Warning: Visual Studio is open but could not be queried - it may be blocked by a modal operation
[2018.02.25-19.35.23:850][585]LogVSAccessor: Warning: Visual Studio is open but could not be queried - it may be blocked by a modal operation
[2018.02.25-19.35.24:182][586]LogVSAccessor: Warning: Visual Studio is open but could not be queried - it may be blocked by a modal operation
[2018.02.25-19.35.24:516][587]LogVSAccessor: Warning: Visual Studio is open but could not be queried - it may be blocked by a modal operation
[2018.02.25-19.35.24:849][588]LogVSAccessor: Warning: Visual Studio is open but could not be queried - it may be blocked by a modal operation
[2018.02.25-19.35.25:183][589]LogVSAccessor: Warning: Visual Studio is open but could not be queried - it may be blocked by a modal operation
[2018.02.25-19.35.25:516][590]LogVSAccessor: Warning: Visual Studio is open but could not be queried - it may be blocked by a modal operation
[2018.02.25-19.35.25:849][591]LogVSAccessor: Warning: Visual Studio is open but could not be queried - it may be blocked by a modal operation
[2018.02.25-19.35.26:182][592]LogVSAccessor: Warning: Visual Studio is open but could not be queried - it may be blocked by a modal operation
[2018.02.25-19.35.26:516][593]LogVSAccessor: Warning: Visual Studio is open but could not be queried - it may be blocked by a modal operation
[2018.02.25-19.35.26:849][594]LogVSAccessor: Warning: Visual Studio is open but could not be queried - it may be blocked by a modal operation
[2018.02.25-19.35.27:183][595]LogVSAccessor: Warning: Visual Studio is open but could not be queried - it may be blocked by a modal operation
[2018.02.25-19.35.27:516][596]LogVSAccessor: Warning: Visual Studio is open but could not be queried - it may be blocked by a modal operation
[2018.02.25-19.35.27:850][597]LogVSAccessor: Warning: Visual Studio is open but could not be queried - it may be blocked by a modal operation
[2018.02.25-19.35.28:182][598]LogVSAccessor: Warning: Visual Studio is open but could not be queried - it may be blocked by a modal operation
[2018.02.25-19.35.28:516][599]LogVSAccessor: Warning: Visual Studio is open but could not be queried - it may be blocked by a modal operation
[2018.02.25-19.35.28:849][600]LogVSAccessor: Warning: Visual Studio is open but could not be queried - it may be blocked by a modal operation
[2018.02.25-19.35.29:184][601]LogVSAccessor: Warning: Visual Studio is open but could not be queried - it may be blocked by a modal operation
[2018.02.25-19.35.29:516][602]LogVSAccessor: Warning: Visual Studio is open but could not be queried - it may be blocked by a modal operation
[2018.02.25-19.35.41:323][603]LogVSAccessor: Warning: Visual Studio is open but could not be queried - it may be blocked by a modal operation
[2018.02.25-19.35.41:485][604]LogVSAccessor: Warning: Visual Studio is open but could not be queried - it may be blocked by a modal operation
[2018.02.25-19.35.41:747][605]LogVSAccessor: Warning: Visual Studio is open but could not be queried - it may be blocked by a modal operation
[2018.02.25-19.35.42:004][606]LogVSAccessor: Warning: Visual Studio is open but could not be queried - it may be blocked by a modal operation
[2018.02.25-19.35.42:335][607]LogVSAccessor: Warning: Visual Studio is open but could not be queried - it may be blocked by a modal operation
[2018.02.25-19.35.42:704][608]LogVSAccessor: Warning: Visual Studio is open but could not be queried - it may be blocked by a modal operation
[2018.02.25-19.35.43:004][609]LogVSAccessor: Warning: Visual Studio is open but could not be queried - it may be blocked by a modal operation
[2018.02.25-19.35.43:337][610]LogVSAccessor: Warning: Visual Studio is open but could not be queried - it may be blocked by a modal operation
[2018.02.25-19.35.43:669][611]LogVSAccessor: Warning: Visual Studio is open but could not be queried - it may be blocked by a modal operation
[2018.02.25-19.35.44:003][612]LogVSAccessor: Warning: Visual Studio is open but could not be queried - it may be blocked by a modal operation
[2018.02.25-19.35.44:338][613]LogVSAccessor: Warning: Visual Studio is open but could not be queried - it may be blocked by a modal operation
[2018.02.25-19.35.44:669][614]LogVSAccessor: Warning: Visual Studio is open but could not be queried - it may be blocked by a modal operation
[2018.02.25-19.35.45:003][615]LogVSAccessor: Warning: Visual Studio is open but could not be queried - it may be blocked by a modal operation
[2018.02.25-19.35.45:337][616]LogVSAccessor: Warning: Visual Studio is open but could not be queried - it may be blocked by a modal operation
[2018.02.25-19.35.45:669][617]LogVSAccessor: Warning: Visual Studio is open but could not be queried - it may be blocked by a modal operation
[2018.02.25-19.35.46:004][618]LogVSAccessor: Warning: Visual Studio is open but could not be queried - it may be blocked by a modal operation
[2018.02.25-19.35.46:337][619]LogVSAccessor: Warning: Visual Studio is open but could not be queried - it may be blocked by a modal operation
[2018.02.25-19.35.47:698][620]LogVSAccessor: Warning: Visual Studio is open but could not be queried - it may be blocked by a modal operation
[2018.02.25-19.35.47:714][621]LogVSAccessor: Warning: Visual Studio is open but could not be queried - it may be blocked by a modal operation
[2018.02.25-19.35.52:011][633]LogVSAccessor: Warning: Visual Studio is open but could not be queried - it may be blocked by a modal operation
[2018.02.25-19.35.52:043][634]LogVSAccessor: Warning: Visual Studio is open but could not be queried - it may be blocked by a modal operation
[2018.02.25-19.35.53:048][637]LogVSAccessor: Warning: Visual Studio is open but could not be queried - it may be blocked by a modal operation
[2018.02.25-19.35.53:374][638]LogVSAccessor: Warning: Visual Studio is open but could not be queried - it may be blocked by a modal operation
[2018.02.25-19.35.53:707][639]LogVSAccessor: Warning: Visual Studio is open but could not be queried - it may be blocked by a modal operation
[2018.02.25-19.35.54:040][640]LogVSAccessor: Warning: Visual Studio is open but could not be queried - it may be blocked by a modal operation
[2018.02.25-19.35.54:374][641]LogVSAccessor: Warning: Visual Studio is open but could not be queried - it may be blocked by a modal operation
[2018.02.25-19.35.54:707][642]LogVSAccessor: Warning: Visual Studio is open but could not be queried - it may be blocked by a modal operation
[2018.02.25-19.35.55:040][643]LogVSAccessor: Warning: Visual Studio is open but could not be queried - it may be blocked by a modal operation
[2018.02.25-19.35.55:376][644]LogVSAccessor: Warning: Visual Studio is open but could not be queried - it may be blocked by a modal operation
[2018.02.25-19.35.55:707][645]LogVSAccessor: Warning: Visual Studio is open but could not be queried - it may be blocked by a modal operation
[2018.02.25-19.35.56:040][646]LogVSAccessor: Warning: Visual Studio is open but could not be queried - it may be blocked by a modal operation
[2018.02.25-19.35.56:373][647]LogVSAccessor: Warning: Visual Studio is open but could not be queried - it may be blocked by a modal operation
[2018.02.25-19.35.56:707][648]LogVSAccessor: Warning: Visual Studio is open but could not be queried - it may be blocked by a modal operation
[2018.02.25-19.35.57:040][649]LogVSAccessor: Warning: Visual Studio is open but could not be queried - it may be blocked by a modal operation
[2018.02.25-19.35.57:374][650]LogVSAccessor: Warning: Visual Studio is open but could not be queried - it may be blocked by a modal operation
[2018.02.25-19.35.57:806][651]LogVSAccessor: Warning: Visual Studio is open but could not be queried - it may be blocked by a modal operation
[2018.02.25-19.36.03:224][663]LogVSAccessor: Warning: Visual Studio is open but could not be queried - it may be blocked by a modal operation
[2018.02.25-19.39.10:856][899]LogEditorViewport: Clicking on Actor (LMB): BP_Sky_Sphere_C (Sky Sphere)
[2018.02.25-19.39.25:206][302]LogWindows: LaunchFileInExternalEditor C:/Users/Megapoort/Desktop/Lyfe/Lyfe_Game/Source/Lyfe_Game/Public/Camera/Camera_Editor.h 
[2018.02.25-19.39.25:462][302]LogWindows: Launch application code for C:/Users/Megapoort/Desktop/Lyfe/Lyfe_Game/Source/Lyfe_Game/Public/Camera/Camera_Editor.h : 42
[2018.02.25-19.39.25:463][302]LogWindows: LaunchFileInExternalEditor C:/Users/Megapoort/Desktop/Lyfe/Lyfe_Game/Source/Lyfe_Game/Private/Camera/Camera_Editor.cpp 
[2018.02.25-19.39.25:633][302]LogWindows: Launch application code for C:/Users/Megapoort/Desktop/Lyfe/Lyfe_Game/Source/Lyfe_Game/Private/Camera/Camera_Editor.cpp : 42
[2018.02.25-19.39.25:633][302]LogVSAccessor: Warning: Couldn't access Visual Studio
[2018.02.25-19.39.25:646][302]LogVSAccessor: Warning: Couldn't access module table
[2018.02.25-19.39.25:646][302]LogVSAccessor: Warning: Couldn't access module table
[2018.02.25-19.39.25:646][302]LogVSAccessor: Warning: Couldn't access module table
[2018.02.25-19.39.25:647][302]LogVSAccessor: Warning: Couldn't access module table
[2018.02.25-19.39.25:647][302]LogVSAccessor: Warning: Couldn't access module table
[2018.02.25-19.39.25:647][302]LogVSAccessor: Warning: Couldn't access module table
[2018.02.25-19.39.25:647][302]LogVSAccessor: Warning: Couldn't access module table
[2018.02.25-19.39.25:648][302]LogVSAccessor: Warning: Couldn't access module table
[2018.02.25-19.39.25:648][302]LogVSAccessor: Warning: Couldn't access module table
[2018.02.25-19.39.25:648][302]LogVSAccessor: Warning: Couldn't access module table
[2018.02.25-19.39.25:648][302]LogVSAccessor: Warning: Couldn't access module table
[2018.02.25-19.39.25:649][302]LogVSAccessor: Warning: Couldn't access module table
[2018.02.25-19.39.25:649][302]LogVSAccessor: Warning: Couldn't access module table
[2018.02.25-19.39.25:649][302]LogVSAccessor: Warning: Couldn't access module table
[2018.02.25-19.39.25:649][302]LogVSAccessor: Warning: Couldn't access module table
[2018.02.25-19.39.25:650][302]LogVSAccessor: Warning: Couldn't access module table
[2018.02.25-19.39.25:650][302]LogVSAccessor: Warning: Couldn't access module table
[2018.02.25-19.39.25:650][302]LogVSAccessor: Warning: Couldn't access module table
[2018.02.25-19.39.25:650][302]LogVSAccessor: Warning: Couldn't access module table
[2018.02.25-19.39.25:651][302]LogVSAccessor: Warning: Couldn't access module table
[2018.02.25-19.39.25:651][302]LogVSAccessor: Warning: Couldn't access module table
[2018.02.25-19.39.25:651][302]LogVSAccessor: Warning: Couldn't access module table
[2018.02.25-19.39.25:651][302]LogVSAccessor: Warning: Couldn't access module table
[2018.02.25-19.39.25:651][302]LogVSAccessor: Warning: Couldn't access module table
[2018.02.25-19.39.25:652][302]LogVSAccessor: Warning: Couldn't access module table
[2018.02.25-19.39.25:652][302]LogVSAccessor: Warning: Couldn't access module table
[2018.02.25-19.39.25:652][302]LogVSAccessor: Warning: Couldn't access module table
[2018.02.25-19.39.25:652][302]LogVSAccessor: Warning: Couldn't access module table
[2018.02.25-19.39.25:652][302]LogVSAccessor: Warning: Couldn't access module table
[2018.02.25-19.39.25:652][302]LogVSAccessor: Warning: Couldn't access module table
[2018.02.25-19.39.25:652][302]LogVSAccessor: Warning: Couldn't access module table
[2018.02.25-19.39.25:652][302]LogVSAccessor: Warning: Couldn't access module table
[2018.02.25-19.39.25:653][302]LogVSAccessor: Warning: Couldn't access module table
[2018.02.25-19.39.25:653][302]LogVSAccessor: Warning: Couldn't access module table
[2018.02.25-19.39.25:653][302]LogVSAccessor: Warning: Couldn't access module table
[2018.02.25-19.39.25:653][302]LogVSAccessor: Warning: Couldn't access module table
[2018.02.25-19.39.25:653][302]LogVSAccessor: Warning: Couldn't access module table
[2018.02.25-19.39.25:653][302]LogVSAccessor: Warning: Couldn't access module table
[2018.02.25-19.39.25:653][302]LogVSAccessor: Warning: Couldn't access module table
[2018.02.25-19.39.25:653][302]LogVSAccessor: Warning: Couldn't access module table
[2018.02.25-19.39.25:654][302]LogVSAccessor: Warning: Couldn't access module table
[2018.02.25-19.39.25:654][302]LogVSAccessor: Warning: Couldn't access module table
[2018.02.25-19.39.25:654][302]LogVSAccessor: Warning: Couldn't access module table
[2018.02.25-19.39.25:654][302]LogVSAccessor: Warning: Couldn't access module table
[2018.02.25-19.39.25:654][302]LogVSAccessor: Warning: Couldn't access module table
[2018.02.25-19.39.25:654][302]LogVSAccessor: Warning: Couldn't access module table
[2018.02.25-19.39.25:654][302]LogVSAccessor: Warning: Couldn't access module table
[2018.02.25-19.39.25:655][302]LogVSAccessor: Warning: Couldn't access module table
[2018.02.25-19.39.25:655][302]LogVSAccessor: Warning: Couldn't access module table
[2018.02.25-19.39.25:655][302]LogVSAccessor: Warning: Couldn't access module table
[2018.02.25-19.39.25:655][302]LogVSAccessor: Warning: Couldn't access module table
[2018.02.25-19.39.25:655][302]LogVSAccessor: Warning: Couldn't access module table
[2018.02.25-19.39.25:655][302]LogVSAccessor: Warning: Couldn't access module table
[2018.02.25-19.39.25:655][302]LogVSAccessor: Warning: Couldn't access module table
[2018.02.25-19.39.25:655][302]LogVSAccessor: Warning: Couldn't access module table
[2018.02.25-19.39.25:656][302]LogVSAccessor: Warning: Couldn't access module table
[2018.02.25-19.39.25:656][302]LogVSAccessor: Warning: Couldn't access module table
[2018.02.25-19.39.25:656][302]LogVSAccessor: Warning: Couldn't access module table
[2018.02.25-19.39.25:656][302]LogVSAccessor: Warning: Couldn't access module table
[2018.02.25-19.39.25:656][302]LogVSAccessor: Warning: Couldn't access module table
[2018.02.25-19.39.25:656][302]LogVSAccessor: Warning: Couldn't access module table
[2018.02.25-19.39.25:656][302]LogVSAccessor: Warning: Couldn't access module table
[2018.02.25-19.39.25:656][302]LogVSAccessor: Warning: Couldn't access module table
[2018.02.25-19.39.25:657][302]LogVSAccessor: Warning: Couldn't access module table
[2018.02.25-19.39.25:657][302]LogVSAccessor: Warning: Couldn't access module table
[2018.02.25-19.39.25:657][302]LogVSAccessor: Warning: Couldn't access module table
[2018.02.25-19.39.25:657][302]LogVSAccessor: Warning: Couldn't access module table
[2018.02.25-19.39.25:657][302]LogVSAccessor: Warning: Couldn't access module table
[2018.02.25-19.39.25:657][302]LogVSAccessor: Warning: Couldn't access module table
[2018.02.25-19.39.25:657][302]LogVSAccessor: Warning: Couldn't access module table
[2018.02.25-19.39.25:658][302]LogVSAccessor: Warning: Couldn't access module table
[2018.02.25-19.39.25:658][302]LogVSAccessor: Warning: Couldn't access module table
[2018.02.25-19.39.25:658][302]LogVSAccessor: Warning: Couldn't access module table
[2018.02.25-19.39.25:658][302]LogVSAccessor: Warning: Couldn't access module table
[2018.02.25-19.39.25:658][302]LogVSAccessor: Warning: Couldn't access module table
[2018.02.25-19.39.25:658][302]LogVSAccessor: Warning: Couldn't access module table
[2018.02.25-19.39.25:658][302]LogVSAccessor: Warning: Couldn't access module table
[2018.02.25-19.39.25:658][302]LogVSAccessor: Warning: Couldn't access module table
[2018.02.25-19.39.25:659][302]LogVSAccessor: Warning: Couldn't access module table
[2018.02.25-19.39.25:659][302]LogVSAccessor: Warning: Couldn't access module table
[2018.02.25-19.39.25:659][302]LogVSAccessor: Warning: Couldn't access module table
[2018.02.25-19.39.25:659][302]LogVSAccessor: Warning: Couldn't access module table
[2018.02.25-19.39.25:659][302]LogVSAccessor: Warning: Couldn't access module table
[2018.02.25-19.39.25:659][302]LogVSAccessor: Warning: Couldn't access module table
[2018.02.25-19.39.25:659][302]LogVSAccessor: Warning: Couldn't access module table
[2018.02.25-19.39.25:660][302]LogVSAccessor: Warning: Couldn't access module table
[2018.02.25-19.39.25:660][302]LogVSAccessor: Warning: Couldn't access module table
[2018.02.25-19.39.25:660][302]LogVSAccessor: Warning: Couldn't access module table
[2018.02.25-19.39.25:660][302]LogVSAccessor: Warning: Couldn't access module table
[2018.02.25-19.39.25:660][302]LogVSAccessor: Warning: Couldn't access module table
[2018.02.25-19.39.25:660][302]LogVSAccessor: Warning: Couldn't access module table
[2018.02.25-19.39.25:660][302]LogVSAccessor: Warning: Couldn't access module table
[2018.02.25-19.39.25:661][302]LogVSAccessor: Warning: Couldn't access module table
[2018.02.25-19.39.25:661][302]LogVSAccessor: Warning: Couldn't access module table
[2018.02.25-19.39.25:698][302]LogVSAccessor: Warning: Couldn't access module table
[2018.02.25-19.39.25:709][302]LogVSAccessor: Warning: Couldn't access module table
[2018.02.25-19.39.25:749][302]LogVSAccessor: Warning: Couldn't access module table
[2018.02.25-19.39.25:749][302]LogVSAccessor: Warning: Couldn't access module table
[2018.02.25-19.39.25:751][302]LogVSAccessor: Warning: Couldn't access module table
[2018.02.25-19.39.25:751][302]LogVSAccessor: Warning: Couldn't access module table
[2018.02.25-19.39.25:752][302]LogVSAccessor: Warning: Couldn't access module table
[2018.02.25-19.39.25:752][302]LogVSAccessor: Warning: Couldn't access module table
[2018.02.25-19.39.25:755][302]LogVSAccessor: Warning: Couldn't access module table
[2018.02.25-19.43.47:019][454]LogVSAccessor: Warning: Visual Studio is open but could not be queried - it may be blocked by a modal operation
[2018.02.25-19.43.47:084][455]LogVSAccessor: Warning: Visual Studio is open but could not be queried - it may be blocked by a modal operation
[2018.02.25-19.43.55:740][975]LogVSAccessor: Warning: Visual Studio is open but could not be queried - it may be blocked by a modal operation
[2018.02.25-19.43.55:754][976]LogVSAccessor: Warning: Visual Studio is open but could not be queried - it may be blocked by a modal operation
[2018.02.25-19.44.00:588][481]Cmd: OBJ SAVEPACKAGE PACKAGE="/Game/Scenes/TestMap" FILE="../../../../../../Users/Megapoort/Desktop/Lyfe/Lyfe_Game/Content/Scenes/TestMap.umap" SILENT=true AUTOSAVING=false KEEPDIRTY=false
[2018.02.25-19.44.00:637][481]LogSavePackage: Save=29.36ms
[2018.02.25-19.44.00:638][481]LogSavePackage: Moving '../../../../../../Users/Megapoort/Desktop/Lyfe/Lyfe_Game/Saved/TestMapCA14577946D3533E18C306BCABE39AD1.tmp' to '../../../../../../Users/Megapoort/Desktop/Lyfe/Lyfe_Game/Content/Scenes/TestMap.umap'
[2018.02.25-19.44.00:641][481]LogSavePackage: Display: Finished SavePackage ../../../../../../Users/Megapoort/Desktop/Lyfe/Lyfe_Game/Content/Scenes/TestMap.umap
[2018.02.25-19.44.00:693][481]Cmd: OBJ SAVEPACKAGE PACKAGE="/Game/Scenes/TestMap_BuiltData" FILE="../../../../../../Users/Megapoort/Desktop/Lyfe/Lyfe_Game/Content/Scenes/TestMap_BuiltData.uasset" SILENT=true
[2018.02.25-19.44.00:716][481]LogSavePackage: Save=15.06ms
[2018.02.25-19.44.00:716][481]LogSavePackage: Moving '../../../../../../Users/Megapoort/Desktop/Lyfe/Lyfe_Game/Saved/TestMap_BuiltData1F9807744EB47F7CB942EE93820D975C.tmp' to '../../../../../../Users/Megapoort/Desktop/Lyfe/Lyfe_Game/Content/Scenes/TestMap_BuiltData.uasset'
[2018.02.25-19.44.00:718][481]LogSavePackage: Display: Finished SavePackage ../../../../../../Users/Megapoort/Desktop/Lyfe/Lyfe_Game/Content/Scenes/TestMap_BuiltData.uasset
[2018.02.25-19.44.07:381][224]LogWindowsTextInputMethodSystem: Display: IME system now deactivated.
[2018.02.25-19.44.07:572][225]Cmd: QUIT_EDITOR
[2018.02.25-19.44.08:513][225]LogExit: Preparing to exit.
[2018.02.25-19.44.09:119][225]LogDirectoryWatcher: A directory notification for 'C:/Users/Megapoort/Desktop/Lyfe/Lyfe_Game/Content/' was aborted.
[2018.02.25-19.44.09:144][225]LogExit: Editor shut down
[2018.02.25-19.44.09:149][225]LogExit: Transaction tracking system shut down
[2018.02.25-19.44.09:316][225]LogDirectoryWatcher: A directory notification for '../../../Engine/Content/' was aborted.
[2018.02.25-19.44.09:316][225]LogDirectoryWatcher: A directory notification for '../../../../../../Users/Megapoort/Desktop/Lyfe/Lyfe_Game/Content/' was aborted.
[2018.02.25-19.44.09:316][225]LogDirectoryWatcher: A directory notification for '../../../Engine/Plugins/2D/Paper2D/Content/' was aborted.
[2018.02.25-19.44.09:316][225]LogDirectoryWatcher: A directory notification for '../../../Engine/Plugins/Media/MediaCompositing/Content/' was aborted.
[2018.02.25-19.44.09:316][225]LogDirectoryWatcher: A directory notification for '../../../Engine/Plugins/Runtime/AppleARKit/Content/' was aborted.
[2018.02.25-19.44.09:316][225]LogDirectoryWatcher: A directory notification for '../../../Engine/Plugins/Runtime/Oculus/OculusVR/Content/' was aborted.
[2018.02.25-19.44.09:316][225]LogDirectoryWatcher: A directory notification for '../../../Engine/Plugins/Runtime/Steam/SteamVR/Content/' was aborted.
[2018.02.25-19.44.09:365][225]LogExit: Object subsystem successfully closed.
[2018.02.25-19.44.09:383][225]LogD3D11RHI: Shutdown
[2018.02.25-19.44.09:383][225]LogD3D11RHI: CleanupD3DDevice
[2018.02.25-19.44.09:385][225]LogD3D11RHI: ~FD3D11DynamicRHI
[2018.02.25-19.44.09:412][225]LogModuleManager: Shutting down and abandoning module Lyfe_Game (556)
[2018.02.25-19.44.09:412][225]LogModuleManager: Shutting down and abandoning module MovieSceneCapture (554)
[2018.02.25-19.44.09:412][225]LogModuleManager: Shutting down and abandoning module HierarchicalLODOutliner (552)
[2018.02.25-19.44.09:412][225]LogModuleManager: Shutting down and abandoning module DesktopPlatform (550)
[2018.02.25-19.44.09:412][225]LogModuleManager: Shutting down and abandoning module SceneOutliner (548)
[2018.02.25-19.44.09:412][225]LogModuleManager: Shutting down and abandoning module AddContentDialog (546)
[2018.02.25-19.44.09:412][225]LogDirectoryWatcher: A directory notification for 'C:/Program Files/Epic Games/UE_4.18/FeaturePacks/' was aborted.
[2018.02.25-19.44.09:413][225]LogModuleManager: Shutting down and abandoning module WidgetCarousel (545)
[2018.02.25-19.44.09:413][225]LogModuleManager: Shutting down and abandoning module EditorWidgets (542)
[2018.02.25-19.44.09:413][225]LogModuleManager: Shutting down and abandoning module CollectionManager (540)
[2018.02.25-19.44.09:413][225]LogDirectoryWatcher: A directory notification for 'C:/Users/Megapoort/Desktop/Lyfe/Lyfe_Game/Content/Collections/' was aborted.
[2018.02.25-19.44.09:413][225]LogDirectoryWatcher: A directory notification for 'C:/Users/Megapoort/Desktop/Lyfe/Lyfe_Game/Content/Developers/Megapoort/Collections/' was aborted.
[2018.02.25-19.44.09:414][225]LogDirectoryWatcher: A directory notification for 'C:/Users/Megapoort/Desktop/Lyfe/Lyfe_Game/Saved/Collections/' was aborted.
[2018.02.25-19.44.09:414][225]LogModuleManager: Shutting down and abandoning module HierarchicalLODUtilities (538)
[2018.02.25-19.44.09:414][225]LogModuleManager: Shutting down and abandoning module StatsViewer (536)
[2018.02.25-19.44.09:414][225]LogModuleManager: Shutting down and abandoning module FoliageEdit (534)
[2018.02.25-19.44.09:414][225]LogModuleManager: Shutting down and abandoning module LandscapeEditor (532)
[2018.02.25-19.44.09:414][225]LogModuleManager: Shutting down and abandoning module MeshPaintMode (530)
[2018.02.25-19.44.09:414][225]LogModuleManager: Shutting down and abandoning module SceneDepthPickerMode (528)
[2018.02.25-19.44.09:414][225]LogModuleManager: Shutting down and abandoning module ActorPickerMode (526)
[2018.02.25-19.44.09:414][225]LogModuleManager: Shutting down and abandoning module GeometryMode (524)
[2018.02.25-19.44.09:414][225]LogModuleManager: Shutting down and abandoning module TextureAlignMode (522)
[2018.02.25-19.44.09:414][225]LogModuleManager: Shutting down and abandoning module BspMode (520)
[2018.02.25-19.44.09:414][225]LogModuleManager: Shutting down and abandoning module PIEPreviewDeviceProfileSelector (518)
[2018.02.25-19.44.09:414][225]LogModuleManager: Shutting down and abandoning module HardwareSurvey (516)
[2018.02.25-19.44.09:414][225]LogModuleManager: Shutting down and abandoning module SequenceRecorderSections (514)
[2018.02.25-19.44.09:414][225]LogModuleManager: Shutting down and abandoning module AutomationWorker (512)
[2018.02.25-19.44.09:414][225]LogModuleManager: Shutting down and abandoning module MatineeToLevelSequence (510)
[2018.02.25-19.44.09:414][225]LogModuleManager: Shutting down and abandoning module LevelSequenceEditor (508)
[2018.02.25-19.44.09:414][225]LogModuleManager: Shutting down and abandoning module PlacementMode (507)
[2018.02.25-19.44.09:414][225]LogModuleManager: Shutting down and abandoning module WmfMediaFactory (504)
[2018.02.25-19.44.09:414][225]LogModuleManager: Shutting down and abandoning module WmfMediaEditor (502)
[2018.02.25-19.44.09:414][225]LogModuleManager: Shutting down and abandoning module OpenExrWrapper (500)
[2018.02.25-19.44.09:414][225]LogModuleManager: Shutting down and abandoning module ImgMediaFactory (498)
[2018.02.25-19.44.09:414][225]LogModuleManager: Shutting down and abandoning module ImgMediaEditor (496)
[2018.02.25-19.44.09:414][225]LogModuleManager: Shutting down and abandoning module AvfMediaFactory (494)
[2018.02.25-19.44.09:414][225]LogModuleManager: Shutting down and abandoning module AvfMediaEditor (492)
[2018.02.25-19.44.09:414][225]LogModuleManager: Shutting down and abandoning module AndroidMediaFactory (490)
[2018.02.25-19.44.09:414][225]LogModuleManager: Shutting down and abandoning module AndroidMediaEditor (488)
[2018.02.25-19.44.09:414][225]LogModuleManager: Shutting down and abandoning module CharacterAI (486)
[2018.02.25-19.44.09:414][225]LogModuleManager: Shutting down and abandoning module AudioCapture (484)
[2018.02.25-19.44.09:414][225]LogModuleManager: Shutting down and abandoning module SequenceRecorder (483)
[2018.02.25-19.44.09:415][225]LogModuleManager: Shutting down and abandoning module SmartSnapping (480)
[2018.02.25-19.44.09:415][225]LogModuleManager: Shutting down and abandoning module SessionServices (478)
[2018.02.25-19.44.09:415][225]LogModuleManager: Shutting down and abandoning module ViewportSnapping (476)
[2018.02.25-19.44.09:415][225]LogModuleManager: Shutting down and abandoning module ViewportInteraction (474)
[2018.02.25-19.44.09:415][225]LogModuleManager: Shutting down and abandoning module ClothPainter (472)
[2018.02.25-19.44.09:415][225]LogModuleManager: Shutting down and abandoning module SkeletalMeshEditor (471)
[2018.02.25-19.44.09:415][225]LogModuleManager: Shutting down and abandoning module LogVisualizer (468)
[2018.02.25-19.44.09:415][225]LogModuleManager: Shutting down and abandoning module IntroTutorials (466)
[2018.02.25-19.44.09:415][225]LogModuleManager: Shutting down and abandoning module GameProjectGeneration (465)
[2018.02.25-19.44.09:415][225]LogModuleManager: Shutting down and abandoning module IOSPlatformEditor (462)
[2018.02.25-19.44.09:415][225]LogModuleManager: Shutting down and abandoning module HTML5PlatformEditor (460)
[2018.02.25-19.44.09:415][225]LogModuleManager: Shutting down and abandoning module AndroidPlatformEditor (458)
[2018.02.25-19.44.09:415][225]LogModuleManager: Shutting down and abandoning module AndroidDeviceDetection (457)
[2018.02.25-19.44.09:456][225]LogModuleManager: Shutting down and abandoning module WindowsPlatformEditor (454)
[2018.02.25-19.44.09:456][225]LogModuleManager: Shutting down and abandoning module IOSRuntimeSettings (452)
[2018.02.25-19.44.09:456][225]LogModuleManager: Shutting down and abandoning module AndroidRuntimeSettings (450)
[2018.02.25-19.44.09:456][225]LogModuleManager: Shutting down and abandoning module InputBindingEditor (448)
[2018.02.25-19.44.09:456][225]LogModuleManager: Shutting down and abandoning module MergeActors (446)
[2018.02.25-19.44.09:456][225]LogModuleManager: Shutting down and abandoning module SizeMap (444)
[2018.02.25-19.44.09:456][225]LogModuleManager: Shutting down and abandoning module TreeMap (442)
[2018.02.25-19.44.09:456][225]LogModuleManager: Shutting down and abandoning module ReferenceViewer (440)
[2018.02.25-19.44.09:456][225]LogModuleManager: Shutting down and abandoning module LocalizationDashboard (438)
[2018.02.25-19.44.09:457][225]LogModuleManager: Shutting down and abandoning module LocalizationService (437)
[2018.02.25-19.44.09:457][225]LogModuleManager: Shutting down and abandoning module HardwareTargeting (434)
[2018.02.25-19.44.09:457][225]LogModuleManager: Shutting down and abandoning module DeviceProfileEditor (432)
[2018.02.25-19.44.09:457][225]LogModuleManager: Shutting down and abandoning module UndoHistory (430)
[2018.02.25-19.44.09:457][225]LogModuleManager: Shutting down and abandoning module XmlParser (428)
[2018.02.25-19.44.09:457][225]LogModuleManager: Shutting down and abandoning module Blutility (426)
[2018.02.25-19.44.09:457][225]LogModuleManager: Shutting down and abandoning module ProjectSettingsViewer (424)
[2018.02.25-19.44.09:457][225]LogModuleManager: Shutting down and abandoning module ProjectTargetPlatformEditor (423)
[2018.02.25-19.44.09:457][225]LogModuleManager: Shutting down and abandoning module EditorSettingsViewer (420)
[2018.02.25-19.44.09:457][225]LogModuleManager: Shutting down and abandoning module SettingsEditor (418)
[2018.02.25-19.44.09:457][225]LogModuleManager: Shutting down and abandoning module ProjectLauncher (416)
[2018.02.25-19.44.09:457][225]LogModuleManager: Shutting down and abandoning module SessionFrontend (414)
[2018.02.25-19.44.09:457][225]LogModuleManager: Shutting down and abandoning module ProfilerClient (412)
[2018.02.25-19.44.09:457][225]LogModuleManager: Shutting down and abandoning module DeviceManager (410)
[2018.02.25-19.44.09:457][225]LogModuleManager: Shutting down and abandoning module TargetDeviceServices (409)
[2018.02.25-19.44.09:509][225]LogModuleManager: Shutting down and abandoning module AutomationController (406)
[2018.02.25-19.44.09:509][225]LogModuleManager: Shutting down and abandoning module AutomationWindow (404)
[2018.02.25-19.44.09:509][225]LogModuleManager: Shutting down and abandoning module Layers (402)
[2018.02.25-19.44.09:509][225]LogModuleManager: Shutting down and abandoning module ComponentVisualizers (400)
[2018.02.25-19.44.09:509][225]LogModuleManager: Shutting down and abandoning module DetailCustomizations (398)
[2018.02.25-19.44.09:509][225]LogModuleManager: Shutting down and abandoning module PackagesDialog (396)
[2018.02.25-19.44.09:509][225]LogModuleManager: Shutting down and abandoning module Persona (394)
[2018.02.25-19.44.09:510][225]LogModuleManager: Shutting down and abandoning module AdvancedPreviewScene (393)
[2018.02.25-19.44.09:510][225]LogModuleManager: Shutting down and abandoning module AnimGraph (391)
[2018.02.25-19.44.09:510][225]LogModuleManager: Shutting down and abandoning module Kismet (388)
[2018.02.25-19.44.09:510][225]LogModuleManager: Shutting down and abandoning module ClassViewer (386)
[2018.02.25-19.44.09:511][225]LogModuleManager: Shutting down and abandoning module Toolbox (384)
[2018.02.25-19.44.09:511][225]LogModuleManager: Shutting down and abandoning module ModuleUI (382)
[2018.02.25-19.44.09:511][225]LogModuleManager: Shutting down and abandoning module MovieSceneTools (380)
[2018.02.25-19.44.09:511][225]LogModuleManager: Shutting down and abandoning module OutputLog (378)
[2018.02.25-19.44.09:511][225]LogModuleManager: Shutting down and abandoning module GammaUI (376)
[2018.02.25-19.44.09:511][225]LogModuleManager: Shutting down and abandoning module Documentation (374)
[2018.02.25-19.44.09:511][225]LogModuleManager: Shutting down and abandoning module MovieSceneTracks (372)
[2018.02.25-19.44.09:511][225]LogModuleManager: Shutting down and abandoning module MovieScene (370)
[2018.02.25-19.44.09:511][225]LogModuleManager: Shutting down and abandoning module StreamingPauseRendering (368)
[2018.02.25-19.44.09:511][225]LogModuleManager: Shutting down and abandoning module LauncherPlatform (366)
[2018.02.25-19.44.09:511][225]LogModuleManager: Shutting down and abandoning module AnalyticsET (364)
[2018.02.25-19.44.09:511][225]LogModuleManager: Shutting down and abandoning module PortalServices (362)
[2018.02.25-19.44.09:511][225]LogModuleManager: Shutting down and abandoning module PortalRpc (360)
[2018.02.25-19.44.09:511][225]LogModuleManager: Shutting down and abandoning module MessagingRpc (358)
[2018.02.25-19.44.09:511][225]LogModuleManager: Shutting down and abandoning module AIModule (356)
[2018.02.25-19.44.09:512][225]LogModuleManager: Shutting down and abandoning module GameplayDebugger (355)
[2018.02.25-19.44.09:512][225]LogModuleManager: Shutting down and abandoning module AITestSuite (353)
[2018.02.25-19.44.09:512][225]LogModuleManager: Shutting down and abandoning module ProfilerService (350)
[2018.02.25-19.44.09:644][225]LogModuleManager: Shutting down and abandoning module TaskGraph (348)
[2018.02.25-19.44.09:644][225]LogModuleManager: Shutting down and abandoning module SteamVRController (346)
[2018.02.25-19.44.09:644][225]LogModuleManager: Shutting down and abandoning module ProceduralMeshComponentEditor (344)
[2018.02.25-19.44.09:644][225]LogModuleManager: Shutting down and abandoning module ProceduralMeshComponent (342)
[2018.02.25-19.44.09:644][225]LogModuleManager: Shutting down and abandoning module OculusInput (340)
[2018.02.25-19.44.09:644][225]LogModuleManager: Shutting down and abandoning module MobilePatchingUtils (338)
[2018.02.25-19.44.09:644][225]LogModuleManager: Shutting down and abandoning module CustomMeshComponent (336)
[2018.02.25-19.44.09:644][225]LogModuleManager: Shutting down and abandoning module CableComponent (334)
[2018.02.25-19.44.09:644][225]LogModuleManager: Shutting down and abandoning module ArchVisCharacter (332)
[2018.02.25-19.44.09:644][225]LogModuleManager: Shutting down and abandoning module AndroidPermission (330)
[2018.02.25-19.44.09:644][225]LogModuleManager: Shutting down and abandoning module ActorSequence (326)
[2018.02.25-19.44.09:644][225]LogModuleManager: Shutting down and abandoning module MediaPlayerEditor (324)
[2018.02.25-19.44.09:644][225]LogModuleManager: Shutting down and abandoning module MediaCompositingEditor (322)
[2018.02.25-19.44.09:644][225]LogModuleManager: Shutting down and abandoning module MediaCompositing (320)
[2018.02.25-19.44.09:644][225]LogModuleManager: Shutting down and abandoning module HTML5Networking (318)
[2018.02.25-19.44.09:644][225]LogModuleManager: Shutting down and abandoning module AlembicImporter (316)
[2018.02.25-19.44.09:644][225]LogModuleManager: Shutting down and abandoning module AlembicLibrary (315)
[2018.02.25-19.44.09:644][225]LogModuleManager: Shutting down and abandoning module GeometryCache (314)
[2018.02.25-19.44.09:644][225]LogModuleManager: Shutting down and abandoning module GeometryCacheEd (313)
[2018.02.25-19.44.09:644][225]LogModuleManager: Shutting down and abandoning module SpeedTreeImporter (308)
[2018.02.25-19.44.09:644][225]LogModuleManager: Shutting down and abandoning module PluginBrowser (306)
[2018.02.25-19.44.09:644][225]LogModuleManager: Shutting down and abandoning module MobileLauncherProfileWizard (304)
[2018.02.25-19.44.09:644][225]LogModuleManager: Shutting down and abandoning module VisualStudioSourceCodeAccess (302)
[2018.02.25-19.44.09:644][225]LogModuleManager: Shutting down and abandoning module VisualStudioCodeSourceCodeAccess (300)
[2018.02.25-19.44.09:644][225]LogModuleManager: Shutting down and abandoning module UObjectPlugin (298)
[2018.02.25-19.44.09:644][225]LogModuleManager: Shutting down and abandoning module SubversionSourceControl (296)
[2018.02.25-19.44.09:644][225]LogModuleManager: Shutting down and abandoning module PerforceSourceControl (294)
[2018.02.25-19.44.09:645][225]LogModuleManager: Shutting down and abandoning module GitSourceControl (292)
[2018.02.25-19.44.09:645][225]LogModuleManager: Shutting down and abandoning module SourceControl (291)
[2018.02.25-19.44.09:645][225]LogModuleManager: Shutting down and abandoning module LightPropagationVolumeEditor (288)
[2018.02.25-19.44.09:645][225]LogModuleManager: Shutting down and abandoning module PaperTiledImporter (286)
[2018.02.25-19.44.09:645][225]LogModuleManager: Shutting down and abandoning module PaperSpriteSheetImporter (284)
[2018.02.25-19.44.09:645][225]LogModuleManager: Shutting down and abandoning module Paper2DEditor (282)
[2018.02.25-19.44.09:645][225]LogModuleManager: Shutting down and abandoning module MeshPaint (281)
[2018.02.25-19.44.09:645][225]LogModuleManager: Shutting down and abandoning module LevelEditor (279)
[2018.02.25-19.44.09:646][225]LogModuleManager: Shutting down and abandoning module PixelInspectorModule (278)
[2018.02.25-19.44.09:646][225]LogModuleManager: Shutting down and abandoning module MainFrame (276)
[2018.02.25-19.44.09:646][225]LogModuleManager: Shutting down and abandoning module HotReload (275)
[2018.02.25-19.44.09:646][225]LogDirectoryWatcher: A directory notification for 'C:/Users/Megapoort/Desktop/Lyfe/Lyfe_Game/Binaries/Win64' was aborted.
[2018.02.25-19.44.09:646][225]LogModuleManager: Shutting down and abandoning module RuntimePhysXCooking (268)
[2018.02.25-19.44.09:646][225]LogModuleManager: Shutting down and abandoning module PhysXVehiclesEditor (266)
[2018.02.25-19.44.09:646][225]LogModuleManager: Shutting down and abandoning module PhysXVehicles (264)
[2018.02.25-19.44.09:646][225]LogModuleManager: Shutting down and abandoning module OculusEditor (262)
[2018.02.25-19.44.09:646][225]LogModuleManager: Shutting down and abandoning module LocationServicesBPLibrary (260)
[2018.02.25-19.44.09:647][225]LogModuleManager: Shutting down and abandoning module ImmediatePhysicsEditor (258)
[2018.02.25-19.44.09:647][225]LogModuleManager: Shutting down and abandoning module ImmediatePhysics (256)
[2018.02.25-19.44.09:647][225]LogModuleManager: Shutting down and abandoning module UdpMessaging (254)
[2018.02.25-19.44.09:747][225]LogModuleManager: Shutting down and abandoning module TcpMessaging (252)
[2018.02.25-19.44.10:024][225]LogModuleManager: Shutting down and abandoning module GameplayTagsEditor (250)
[2018.02.25-19.44.10:024][225]LogModuleManager: Shutting down and abandoning module FacialAnimationEditor (248)
[2018.02.25-19.44.10:024][225]LogModuleManager: Shutting down and abandoning module FacialAnimation (246)
[2018.02.25-19.44.10:025][225]LogModuleManager: Shutting down and abandoning module AssetManagerEditor (244)
[2018.02.25-19.44.10:025][225]LogModuleManager: Shutting down and abandoning module GraphEditor (243)
[2018.02.25-19.44.10:025][225]LogModuleManager: Shutting down and abandoning module ContentBrowser (241)
[2018.02.25-19.44.10:027][225]LogModuleManager: Shutting down and abandoning module LightPropagationVolumeRuntime (238)
[2018.02.25-19.44.10:027][225]LogModuleManager: Shutting down and abandoning module Paper2D (236)
[2018.02.25-19.44.10:027][225]LogModuleManager: Shutting down and abandoning module WindowsMoviePlayer (234)
[2018.02.25-19.44.10:027][225]LogModuleManager: Shutting down and abandoning module WmfMedia (232)
[2018.02.25-19.44.10:037][225]LogModuleManager: Shutting down and abandoning module ImgMedia (230)
[2018.02.25-19.44.10:037][225]LogModuleManager: Shutting down and abandoning module PacketHandler (228)
[2018.02.25-19.44.10:037][225]LogModuleManager: Shutting down and abandoning module ClothingSystemEditor (226)
[2018.02.25-19.44.10:037][225]LogModuleManager: Shutting down and abandoning module ClothingSystemRuntime (224)
[2018.02.25-19.44.10:037][225]LogModuleManager: Shutting down and abandoning module MediaAssets (222)
[2018.02.25-19.44.10:037][225]LogModuleManager: Shutting down and abandoning module Media (221)
[2018.02.25-19.44.10:044][225]LogModuleManager: Shutting down and abandoning module Overlay (218)
[2018.02.25-19.44.10:044][225]LogModuleManager: Shutting down and abandoning module OverlayEditor (217)
[2018.02.25-19.44.10:044][225]LogModuleManager: Shutting down and abandoning module VREditor (214)
[2018.02.25-19.44.10:044][225]LogModuleManager: Shutting down and abandoning module StringTableEditor (212)
[2018.02.25-19.44.10:044][225]LogModuleManager: Shutting down and abandoning module GameplayTasksEditor (210)
[2018.02.25-19.44.10:044][225]LogModuleManager: Shutting down and abandoning module BehaviorTreeEditor (208)
[2018.02.25-19.44.10:044][225]LogModuleManager: Shutting down and abandoning module FunctionalTesting (206)
[2018.02.25-19.44.10:044][225]LogModuleManager: Shutting down and abandoning module CollisionAnalyzer (204)
[2018.02.25-19.44.10:044][225]LogModuleManager: Shutting down and abandoning module WorkspaceMenuStructure (203)
[2018.02.25-19.44.10:044][225]LogModuleManager: Shutting down and abandoning module UMG (200)
[2018.02.25-19.44.10:044][225]LogModuleManager: Shutting down and abandoning module UMGEditor (199)
[2018.02.25-19.44.10:044][225]LogModuleManager: Shutting down and abandoning module Sequencer (198)
[2018.02.25-19.44.10:044][225]LogModuleManager: Shutting down and abandoning module MessageLog (195)
[2018.02.25-19.44.10:044][225]LogModuleManager: Shutting down and abandoning module SlateReflector (190)
[2018.02.25-19.44.10:044][225]LogModuleManager: Shutting down and abandoning module Slate (188)
[2018.02.25-19.44.10:044][225]LogModuleManager: Shutting down and abandoning module EditorStyle (186)
[2018.02.25-19.44.10:047][225]LogModuleManager: Shutting down and abandoning module MRMesh (184)
[2018.02.25-19.44.10:047][225]LogModuleManager: Shutting down and abandoning module SourceCodeAccess (182)
[2018.02.25-19.44.10:047][225]LogModuleManager: Shutting down and abandoning module HeadMountedDisplay (180)
[2018.02.25-19.44.10:047][225]LogModuleManager: Shutting down and abandoning module XAudio2 (178)
[2018.02.25-19.44.10:047][225]LogModuleManager: Shutting down and abandoning module Networking (176)
[2018.02.25-19.44.10:047][225]LogModuleManager: Shutting down and abandoning module Core (172)
[2018.02.25-19.44.10:047][225]LogModuleManager: Shutting down and abandoning module LevelSequence (168)
[2018.02.25-19.44.10:047][225]LogModuleManager: Shutting down and abandoning module DirectoryWatcher (166)
[2018.02.25-19.44.10:048][225]LogModuleManager: Shutting down and abandoning module KismetCompiler (164)
[2018.02.25-19.44.10:048][225]LogModuleManager: Shutting down and abandoning module MeshUtilities (162)
[2018.02.25-19.44.10:048][225]LogModuleManager: Shutting down and abandoning module MeshMergeUtilities (161)
[2018.02.25-19.44.10:048][225]LogModuleManager: Shutting down and abandoning module MeshReductionInterface (160)
[2018.02.25-19.44.10:048][225]LogModuleManager: Shutting down and abandoning module SimplygonSwarm (159)
[2018.02.25-19.44.10:048][225]LogModuleManager: Shutting down and abandoning module SimplygonMeshReduction (157)
[2018.02.25-19.44.10:049][225]LogModuleManager: Shutting down and abandoning module QuadricMeshReduction (155)
[2018.02.25-19.44.10:049][225]LogModuleManager: Shutting down and abandoning module MaterialBaking (151)
[2018.02.25-19.44.10:049][225]LogModuleManager: Shutting down and abandoning module DerivedDataCache (148)
[2018.02.25-19.44.10:122][225]LogDerivedDataCache: Shutdown
[2018.02.25-19.44.10:122][225]LogModuleManager: Shutting down and abandoning module TargetPlatform (146)
[2018.02.25-19.44.10:122][225]LogModuleManager: Shutting down and abandoning module VulkanShaderFormat (145)
[2018.02.25-19.44.10:122][225]LogModuleManager: Shutting down and abandoning module ShaderFormatVectorVM (143)
[2018.02.25-19.44.10:123][225]LogModuleManager: Shutting down and abandoning module ShaderFormatOpenGL (141)
[2018.02.25-19.44.10:123][225]LogModuleManager: Shutting down and abandoning module ShaderFormatD3D (139)
[2018.02.25-19.44.10:123][225]LogModuleManager: Shutting down and abandoning module MetalShaderFormat (137)
[2018.02.25-19.44.10:123][225]LogModuleManager: Shutting down and abandoning module TextureFormatUncompressed (135)
[2018.02.25-19.44.10:123][225]LogModuleManager: Shutting down and abandoning module TextureFormatPVR (133)
[2018.02.25-19.44.10:123][225]LogModuleManager: Shutting down and abandoning module TextureFormatDXT (131)
[2018.02.25-19.44.10:123][225]LogModuleManager: Shutting down and abandoning module TextureFormatIntelISPCTexComp (129)
[2018.02.25-19.44.10:123][225]LogModuleManager: Shutting down and abandoning module TextureFormatASTC (127)
[2018.02.25-19.44.10:123][225]LogModuleManager: Shutting down and abandoning module ImageWrapper (126)
[2018.02.25-19.44.10:123][225]LogModuleManager: Shutting down and abandoning module TextureFormatAndroid (123)
[2018.02.25-19.44.10:123][225]LogModuleManager: Shutting down and abandoning module AudioFormatOpus (121)
[2018.02.25-19.44.10:123][225]LogModuleManager: Shutting down and abandoning module AudioFormatOgg (119)
[2018.02.25-19.44.10:123][225]LogModuleManager: Shutting down and abandoning module AudioFormatADPCM (117)
[2018.02.25-19.44.10:123][225]LogModuleManager: Shutting down and abandoning module LinuxTargetPlatform (115)
[2018.02.25-19.44.10:123][225]LogModuleManager: Shutting down and abandoning module LinuxServerTargetPlatform (113)
[2018.02.25-19.44.10:123][225]LogModuleManager: Shutting down and abandoning module LinuxNoEditorTargetPlatform (111)
[2018.02.25-19.44.10:123][225]LogModuleManager: Shutting down and abandoning module LinuxClientTargetPlatform (109)
[2018.02.25-19.44.10:123][225]LogModuleManager: Shutting down and abandoning module TVOSTargetPlatform (107)
[2018.02.25-19.44.10:123][225]LogModuleManager: Shutting down and abandoning module Messaging (105)
[2018.02.25-19.44.10:123][225]LogModuleManager: Shutting down and abandoning module IOSTargetPlatform (103)
[2018.02.25-19.44.10:124][225]LogModuleManager: Shutting down and abandoning module HTML5TargetPlatform (101)
[2018.02.25-19.44.10:124][225]LogModuleManager: Shutting down and abandoning module AndroidTargetPlatform (99)
[2018.02.25-19.44.10:124][225]LogModuleManager: Shutting down and abandoning module Android_PVRTCTargetPlatform (97)
[2018.02.25-19.44.10:124][225]LogModuleManager: Shutting down and abandoning module Android_MultiTargetPlatform (95)
[2018.02.25-19.44.10:124][225]LogModuleManager: Shutting down and abandoning module Android_ETC2TargetPlatform (93)
[2018.02.25-19.44.10:124][225]LogModuleManager: Shutting down and abandoning module Android_ETC1TargetPlatform (91)
[2018.02.25-19.44.10:124][225]LogModuleManager: Shutting down and abandoning module Android_DXTTargetPlatform (89)
[2018.02.25-19.44.10:124][225]LogModuleManager: Shutting down and abandoning module Android_ATCTargetPlatform (87)
[2018.02.25-19.44.10:124][225]LogModuleManager: Shutting down and abandoning module Android_ASTCTargetPlatform (85)
[2018.02.25-19.44.10:124][225]LogModuleManager: Shutting down and abandoning module WindowsTargetPlatform (83)
[2018.02.25-19.44.10:124][225]LogModuleManager: Shutting down and abandoning module WindowsServerTargetPlatform (81)
[2018.02.25-19.44.10:124][225]LogModuleManager: Shutting down and abandoning module WindowsNoEditorTargetPlatform (79)
[2018.02.25-19.44.10:124][225]LogModuleManager: Shutting down and abandoning module WindowsClientTargetPlatform (77)
[2018.02.25-19.44.10:124][225]LogModuleManager: Shutting down and abandoning module MacTargetPlatform (75)
[2018.02.25-19.44.10:124][225]LogModuleManager: Shutting down and abandoning module MacServerTargetPlatform (73)
[2018.02.25-19.44.10:124][225]LogModuleManager: Shutting down and abandoning module MacNoEditorTargetPlatform (71)
[2018.02.25-19.44.10:124][225]LogModuleManager: Shutting down and abandoning module MacClientTargetPlatform (69)
[2018.02.25-19.44.10:124][225]LogModuleManager: Shutting down and abandoning module AllDesktopTargetPlatform (67)
[2018.02.25-19.44.10:124][225]LogModuleManager: Shutting down and abandoning module InputCore (64)
[2018.02.25-19.44.10:124][225]LogModuleManager: Shutting down and abandoning module Settings (62)
[2018.02.25-19.44.10:124][225]LogModuleManager: Shutting down and abandoning module PhysXCooking (60)
[2018.02.25-19.44.10:124][225]LogModuleManager: Shutting down and abandoning module SteamVR (58)
[2018.02.25-19.44.10:124][225]LogModuleManager: Shutting down and abandoning module OculusHMD (56)
[2018.02.25-19.44.10:125][225]LogModuleManager: Shutting down and abandoning module ExampleDeviceProfileSelector (54)
[2018.02.25-19.44.10:125][225]LogModuleManager: Shutting down and abandoning module AppleARKit (52)
[2018.02.25-19.44.10:125][225]LogModuleManager: Shutting down and abandoning module AugmentedReality (51)
[2018.02.25-19.44.10:125][225]LogModuleManager: Shutting down and abandoning module OnlineBlueprintSupport (48)
[2018.02.25-19.44.10:125][225]LogModuleManager: Shutting down and abandoning module OnlineSubsystem (44)
[2018.02.25-19.44.10:125][225]LogModuleManager: Shutting down and abandoning module XMPP (43)
[2018.02.25-19.44.10:125][225]LogModuleManager: Shutting down and abandoning module HTTP (41)
[2018.02.25-19.44.10:125][225]LogHttp: Display: Http module shutting down, but needs to wait on 1 outstanding Http requests:
[2018.02.25-19.44.10:125][225]LogHttp: Display: 	verb=[POST] url=[https://datarouter.ol.epicgames.com/datarouter/api/v1/public/data?SessionID=%7B023A1DA1-4B60-1000-2004-48A5AE56F82C%7D&AppID=UEEditor.Rocket.Release&AppVersion=4.18.3-3832480%2B%2B%2BUE4%2BRelease-4.18&UserID=7eb6bad64ce15bbb303063bcd884f707%7C93b0efcff2a6400190eaefacfcaa8ee1%7Ca0bc31c3-cdf1-46e9-bcbf-4702d3bc8472&AppEnvironment=datacollector-binary&UploadType=eteventstream] status=Processing
[2018.02.25-19.44.10:158][225]LogModuleManager: Shutting down and abandoning module SSL (40)
[2018.02.25-19.44.10:161][225]LogModuleManager: Shutting down and abandoning module AnimationModifiers (36)
[2018.02.25-19.44.10:161][225]LogModuleManager: Shutting down and abandoning module PropertyEditor (35)
[2018.02.25-19.44.10:161][225]LogModuleManager: Shutting down and abandoning module AudioEditor (32)
[2018.02.25-19.44.10:161][225]LogModuleManager: Shutting down and abandoning module TextureCompressor (30)
[2018.02.25-19.44.10:161][225]LogModuleManager: Shutting down and abandoning module ShaderCore (28)
[2018.02.25-19.44.10:161][225]LogModuleManager: Shutting down and abandoning module Landscape (26)
[2018.02.25-19.44.10:161][225]LogModuleManager: Shutting down and abandoning module SlateRHIRenderer (24)
[2018.02.25-19.44.10:163][225]LogModuleManager: Shutting down and abandoning module OpenGLDrv (22)
[2018.02.25-19.44.10:163][225]LogModuleManager: Shutting down and abandoning module D3D11RHI (20)
[2018.02.25-19.44.10:163][225]LogModuleManager: Shutting down and abandoning module AnimGraphRuntime (18)
[2018.02.25-19.44.10:163][225]LogModuleManager: Shutting down and abandoning module Renderer (16)
[2018.02.25-19.44.10:163][225]LogModuleManager: Shutting down and abandoning module Engine (14)
[2018.02.25-19.44.10:163][225]LogModuleManager: Shutting down and abandoning module CoreUObject (12)
[2018.02.25-19.44.10:163][225]LogModuleManager: Shutting down and abandoning module NetworkFile (10)
[2018.02.25-19.44.10:164][225]LogModuleManager: Shutting down and abandoning module CookedIterativeFile (8)
[2018.02.25-19.44.10:164][225]LogModuleManager: Shutting down and abandoning module StreamingFile (6)
[2018.02.25-19.44.10:164][225]LogModuleManager: Shutting down and abandoning module SandboxFile (4)
[2018.02.25-19.44.10:164][225]LogModuleManager: Shutting down and abandoning module PakFile (2)
[2018.02.25-19.44.10:172][225]LogExit: Exiting.
[2018.02.25-19.44.10:200][225]Log file closed, 02/25/18 20:44:10
