Log file open, 03/01/18 23:08:32
LogWindows: Failed to load 'aqProf.dll' (GetLastError=126)
LogWindows: File 'aqProf.dll' does not exist
LogWindows: Failed to load 'VSPerf140.dll' (GetLastError=126)
LogWindows: File 'VSPerf140.dll' does not exist
LogWindows: Failed to load 'VtuneApi.dll' (GetLastError=126)
LogWindows: File 'VtuneApi.dll' does not exist
LogWindows: Failed to load 'VtuneApi32e.dll' (GetLastError=126)
LogWindows: File 'VtuneApi32e.dll' does not exist
LogInit: Display: Running engine for game: Lyfe_Game
LogPlatformFile: Not using cached read wrapper
LogInit: Display: RandInit(697982732) SRandInit(697982732).
LogInit: Read version file with build ID '3709383'
LogInit: Overriding engine version to CL 3832480, compatible CL 3709383
LogInit: Registered custom module enumerator with build ID '3709383'
LogTaskGraph: Started task graph with 5 named threads and 14 total threads with 3 sets of task threads.
LogStats: Stats thread started at 0.184382
LogD3D11RHI: Aftermath initialized
LogPluginManager: Mounting plugin Paper2D
LogPluginManager: Mounting plugin LightPropagationVolume
LogPluginManager: Mounting plugin CodeLiteSourceCodeAccess
LogPluginManager: Mounting plugin GitSourceControl
LogPluginManager: Mounting plugin KDevelopSourceCodeAccess
LogPluginManager: Mounting plugin NullSourceCodeAccess
LogPluginManager: Mounting plugin PerforceSourceControl
LogPluginManager: Mounting plugin SubversionSourceControl
LogPluginManager: Mounting plugin UObjectPlugin
LogPluginManager: Mounting plugin VisualStudioCodeSourceCodeAccess
LogPluginManager: Mounting plugin VisualStudioSourceCodeAccess
LogPluginManager: Mounting plugin XCodeSourceCodeAccess
LogPluginManager: Mounting plugin AssetManagerEditor
LogPluginManager: Mounting plugin AudioCapture
LogPluginManager: Mounting plugin FacialAnimation
LogPluginManager: Mounting plugin GameplayTagsEditor
LogPluginManager: Mounting plugin MobileLauncherProfileWizard
LogPluginManager: Mounting plugin PluginBrowser
LogPluginManager: Mounting plugin SpeedTreeImporter
LogPluginManager: Mounting plugin AlembicImporter
LogPluginManager: Mounting plugin CharacterAI
LogPluginManager: Mounting plugin HTML5Networking
LogPluginManager: Mounting plugin AndroidMedia
LogPluginManager: Mounting plugin AvfMedia
LogPluginManager: Mounting plugin ImgMedia
LogPluginManager: Mounting plugin MediaCompositing
LogPluginManager: Mounting plugin MediaPlayerEditor
LogPluginManager: Mounting plugin WmfMedia
LogPluginManager: Mounting plugin TcpMessaging
LogPluginManager: Mounting plugin UdpMessaging
LogPluginManager: Mounting plugin ActorSequence
LogPluginManager: Mounting plugin LevelSequenceEditor
LogPluginManager: Mounting plugin MatineeToLevelSequence
LogPluginManager: Mounting plugin OnlineSubsystemGooglePlay
LogPluginManager: Mounting plugin OnlineSubsystemIOS
LogPluginManager: Mounting plugin OnlineSubsystem
LogPluginManager: Mounting plugin OnlineSubsystemNull
LogPluginManager: Mounting plugin OnlineSubsystemUtils
LogPluginManager: Mounting plugin AndroidDeviceProfileSelector
LogPluginManager: Mounting plugin AndroidMoviePlayer
LogPluginManager: Mounting plugin AndroidPermission
LogPluginManager: Mounting plugin AppleARKit
LogPluginManager: Mounting plugin AppleMoviePlayer
LogPluginManager: Mounting plugin ArchVisCharacter
LogPluginManager: Mounting plugin CableComponent
LogPluginManager: Mounting plugin CustomMeshComponent
LogPluginManager: Mounting plugin ExampleDeviceProfileSelector
LogPluginManager: Mounting plugin GoogleCloudMessaging
LogPluginManager: Mounting plugin ImmediatePhysics
LogPluginManager: Mounting plugin IOSDeviceProfileSelector
LogPluginManager: Mounting plugin LinuxDeviceProfileSelector
LogPluginManager: Mounting plugin LocationServicesBPLibrary
LogPluginManager: Mounting plugin MobilePatchingUtils
LogPluginManager: Mounting plugin OculusVR
LogPluginManager: Plugin shader directory ../../../Engine/Plugins/Runtime/Oculus/OculusVR/Shaders found
LogPluginManager: Mapping shader source directory ../../../Engine/Plugins/Runtime/Oculus/OculusVR/Shaders to virtual directory /Plugin/OculusVR
LogPluginManager: Mounting plugin PhysXVehicles
LogPluginManager: Mounting plugin ProceduralMeshComponent
LogPluginManager: Mounting plugin RuntimePhysXCooking
LogPluginManager: Mounting plugin SteamVR
LogPluginManager: Mounting plugin WindowsMoviePlayer
LogModuleManager: Display: Found up-to-date module file ../../../../../../Users/Megapoort/Desktop/Lyfe/Lyfe_Game/Binaries/Win64/UE4Editor-Lyfe_Game-7941.dll (API version 3709383).
LogModuleManager: Display: Found up-to-date module file ../../../Engine/Plugins/2D/Paper2D/Binaries/Win64/UE4Editor-Paper2D.dll (API version 3709383).
LogModuleManager: Display: Found up-to-date module file ../../../Engine/Plugins/2D/Paper2D/Binaries/Win64/UE4Editor-Paper2DEditor.dll (API version 3709383).
LogModuleManager: Display: Found up-to-date module file ../../../Engine/Plugins/2D/Paper2D/Binaries/Win64/UE4Editor-PaperSpriteSheetImporter.dll (API version 3709383).
LogModuleManager: Display: Found up-to-date module file ../../../Engine/Plugins/2D/Paper2D/Binaries/Win64/UE4Editor-PaperTiledImporter.dll (API version 3709383).
LogModuleManager: Display: Found up-to-date module file ../../../Engine/Plugins/2D/Paper2D/Binaries/Win64/UE4Editor-SmartSnapping.dll (API version 3709383).
LogModuleManager: Display: Found up-to-date module file ../../../Engine/Plugins/Blendables/LightPropagationVolume/Binaries/Win64/UE4Editor-LightPropagationVolumeRuntime.dll (API version 3709383).
LogModuleManager: Display: Found up-to-date module file ../../../Engine/Plugins/Blendables/LightPropagationVolume/Binaries/Win64/UE4Editor-LightPropagationVolumeEditor.dll (API version 3709383).
LogModuleManager: Display: Found up-to-date module file ../../../Engine/Plugins/Developer/GitSourceControl/Binaries/Win64/UE4Editor-GitSourceControl.dll (API version 3709383).
LogModuleManager: Display: Found up-to-date module file ../../../Engine/Plugins/Developer/PerforceSourceControl/Binaries/Win64/UE4Editor-PerforceSourceControl.dll (API version 3709383).
LogModuleManager: Display: Found up-to-date module file ../../../Engine/Plugins/Developer/SubversionSourceControl/Binaries/Win64/UE4Editor-SubversionSourceControl.dll (API version 3709383).
LogModuleManager: Display: Found up-to-date module file ../../../Engine/Plugins/Developer/UObjectPlugin/Binaries/Win64/UE4Editor-UObjectPlugin.dll (API version 3709383).
LogModuleManager: Display: Found up-to-date module file ../../../Engine/Plugins/Developer/VisualStudioCodeSourceCodeAccess/Binaries/Win64/UE4Editor-VisualStudioCodeSourceCodeAccess.dll (API version 3709383).
LogModuleManager: Display: Found up-to-date module file ../../../Engine/Plugins/Developer/VisualStudioSourceCodeAccess/Binaries/Win64/UE4Editor-VisualStudioSourceCodeAccess.dll (API version 3709383).
LogModuleManager: Display: Found up-to-date module file ../../../Engine/Plugins/Editor/AssetManagerEditor/Binaries/Win64/UE4Editor-AssetManagerEditor.dll (API version 3709383).
LogModuleManager: Display: Found up-to-date module file ../../../Engine/Plugins/Editor/AudioCapture/Binaries/Win64/UE4Editor-AudioCapture.dll (API version 3709383).
LogModuleManager: Display: Found up-to-date module file ../../../Engine/Plugins/Editor/FacialAnimation/Binaries/Win64/UE4Editor-FacialAnimation.dll (API version 3709383).
LogModuleManager: Display: Found up-to-date module file ../../../Engine/Plugins/Editor/FacialAnimation/Binaries/Win64/UE4Editor-FacialAnimationEditor.dll (API version 3709383).
LogModuleManager: Display: Found up-to-date module file ../../../Engine/Plugins/Editor/GameplayTagsEditor/Binaries/Win64/UE4Editor-GameplayTagsEditor.dll (API version 3709383).
LogModuleManager: Display: Found up-to-date module file ../../../Engine/Plugins/Editor/MobileLauncherProfileWizard/Binaries/Win64/UE4Editor-MobileLauncherProfileWizard.dll (API version 3709383).
LogModuleManager: Display: Found up-to-date module file ../../../Engine/Plugins/Editor/PluginBrowser/Binaries/Win64/UE4Editor-PluginBrowser.dll (API version 3709383).
LogModuleManager: Display: Found up-to-date module file ../../../Engine/Plugins/Editor/SpeedTreeImporter/Binaries/Win64/UE4Editor-SpeedTreeImporter.dll (API version 3709383).
LogModuleManager: Display: Found up-to-date module file ../../../Engine/Plugins/Experimental/AlembicImporter/Binaries/Win64/UE4Editor-AlembicImporter.dll (API version 3709383).
LogModuleManager: Display: Found up-to-date module file ../../../Engine/Plugins/Experimental/AlembicImporter/Binaries/Win64/UE4Editor-AlembicLibrary.dll (API version 3709383).
LogModuleManager: Display: Found up-to-date module file ../../../Engine/Plugins/Experimental/CharacterAI/Binaries/Win64/UE4Editor-CharacterAI.dll (API version 3709383).
LogModuleManager: Display: Found up-to-date module file ../../../Engine/Plugins/Experimental/HTML5Networking/Binaries/Win64/UE4Editor-HTML5Networking.dll (API version 3709383).
LogModuleManager: Display: Found up-to-date module file ../../../Engine/Plugins/Media/AndroidMedia/Binaries/Win64/UE4Editor-AndroidMediaEditor.dll (API version 3709383).
LogModuleManager: Display: Found up-to-date module file ../../../Engine/Plugins/Media/AndroidMedia/Binaries/Win64/UE4Editor-AndroidMediaFactory.dll (API version 3709383).
LogModuleManager: Display: Found up-to-date module file ../../../Engine/Plugins/Media/AvfMedia/Binaries/Win64/UE4Editor-AvfMediaEditor.dll (API version 3709383).
LogModuleManager: Display: Found up-to-date module file ../../../Engine/Plugins/Media/AvfMedia/Binaries/Win64/UE4Editor-AvfMediaFactory.dll (API version 3709383).
LogModuleManager: Display: Found up-to-date module file ../../../Engine/Plugins/Media/AvfMedia/Binaries/Win64/UE4Editor-AvfMediaFactory.dll (API version 3709383).
LogModuleManager: Display: Found up-to-date module file ../../../Engine/Plugins/Media/ImgMedia/Binaries/Win64/UE4Editor-ImgMedia.dll (API version 3709383).
LogModuleManager: Display: Found up-to-date module file ../../../Engine/Plugins/Media/ImgMedia/Binaries/Win64/UE4Editor-ImgMediaEditor.dll (API version 3709383).
LogModuleManager: Display: Found up-to-date module file ../../../Engine/Plugins/Media/ImgMedia/Binaries/Win64/UE4Editor-ImgMediaFactory.dll (API version 3709383).
LogModuleManager: Display: Found up-to-date module file ../../../Engine/Plugins/Media/ImgMedia/Binaries/Win64/UE4Editor-ImgMediaFactory.dll (API version 3709383).
LogModuleManager: Display: Found up-to-date module file ../../../Engine/Plugins/Media/ImgMedia/Binaries/Win64/UE4Editor-OpenExrWrapper.dll (API version 3709383).
LogModuleManager: Display: Found up-to-date module file ../../../Engine/Plugins/Media/MediaCompositing/Binaries/Win64/UE4Editor-MediaCompositing.dll (API version 3709383).
LogModuleManager: Display: Found up-to-date module file ../../../Engine/Plugins/Media/MediaCompositing/Binaries/Win64/UE4Editor-MediaCompositingEditor.dll (API version 3709383).
LogModuleManager: Display: Found up-to-date module file ../../../Engine/Plugins/Media/MediaPlayerEditor/Binaries/Win64/UE4Editor-MediaPlayerEditor.dll (API version 3709383).
LogModuleManager: Display: Found up-to-date module file ../../../Engine/Plugins/Media/WmfMedia/Binaries/Win64/UE4Editor-WmfMedia.dll (API version 3709383).
LogModuleManager: Display: Found up-to-date module file ../../../Engine/Plugins/Media/WmfMedia/Binaries/Win64/UE4Editor-WmfMediaEditor.dll (API version 3709383).
LogModuleManager: Display: Found up-to-date module file ../../../Engine/Plugins/Media/WmfMedia/Binaries/Win64/UE4Editor-WmfMediaFactory.dll (API version 3709383).
LogModuleManager: Display: Found up-to-date module file ../../../Engine/Plugins/Media/WmfMedia/Binaries/Win64/UE4Editor-WmfMediaFactory.dll (API version 3709383).
LogModuleManager: Display: Found up-to-date module file ../../../Engine/Plugins/Messaging/TcpMessaging/Binaries/Win64/UE4Editor-TcpMessaging.dll (API version 3709383).
LogModuleManager: Display: Found up-to-date module file ../../../Engine/Plugins/Messaging/UdpMessaging/Binaries/Win64/UE4Editor-UdpMessaging.dll (API version 3709383).
LogModuleManager: Display: Found up-to-date module file ../../../Engine/Plugins/MovieScene/ActorSequence/Binaries/Win64/UE4Editor-ActorSequence.dll (API version 3709383).
LogModuleManager: Display: Found up-to-date module file ../../../Engine/Plugins/MovieScene/LevelSequenceEditor/Binaries/Win64/UE4Editor-LevelSequenceEditor.dll (API version 3709383).
LogModuleManager: Display: Found up-to-date module file ../../../Engine/Plugins/MovieScene/MatineeToLevelSequence/Binaries/Win64/UE4Editor-MatineeToLevelSequence.dll (API version 3709383).
LogModuleManager: Display: Found up-to-date module file ../../../Engine/Plugins/Online/OnlineSubsystem/Binaries/Win64/UE4Editor-OnlineSubsystem.dll (API version 3709383).
LogModuleManager: Display: Found up-to-date module file ../../../Engine/Plugins/Online/OnlineSubsystemNull/Binaries/Win64/UE4Editor-OnlineSubsystemNull.dll (API version 3709383).
LogModuleManager: Display: Found up-to-date module file ../../../Engine/Plugins/Online/OnlineSubsystemUtils/Binaries/Win64/UE4Editor-OnlineSubsystemUtils.dll (API version 3709383).
LogModuleManager: Display: Found up-to-date module file ../../../Engine/Plugins/Online/OnlineSubsystemUtils/Binaries/Win64/UE4Editor-OnlineBlueprintSupport.dll (API version 3709383).
LogModuleManager: Display: Found up-to-date module file ../../../Engine/Plugins/Runtime/AndroidDeviceProfileSelector/Binaries/Win64/UE4Editor-AndroidDeviceProfileSelector.dll (API version 3709383).
LogModuleManager: Display: Found up-to-date module file ../../../Engine/Plugins/Runtime/AndroidPermission/Binaries/Win64/UE4Editor-AndroidPermission.dll (API version 3709383).
LogModuleManager: Display: Found up-to-date module file ../../../Engine/Plugins/Runtime/AppleARKit/Binaries/Win64/UE4Editor-AppleARKit.dll (API version 3709383).
LogModuleManager: Display: Found up-to-date module file ../../../Engine/Plugins/Runtime/ArchVisCharacter/Binaries/Win64/UE4Editor-ArchVisCharacter.dll (API version 3709383).
LogModuleManager: Display: Found up-to-date module file ../../../Engine/Plugins/Runtime/CableComponent/Binaries/Win64/UE4Editor-CableComponent.dll (API version 3709383).
LogModuleManager: Display: Found up-to-date module file ../../../Engine/Plugins/Runtime/CustomMeshComponent/Binaries/Win64/UE4Editor-CustomMeshComponent.dll (API version 3709383).
LogModuleManager: Display: Found up-to-date module file ../../../Engine/Plugins/Runtime/ExampleDeviceProfileSelector/Binaries/Win64/UE4Editor-ExampleDeviceProfileSelector.dll (API version 3709383).
LogModuleManager: Display: Found up-to-date module file ../../../Engine/Plugins/Runtime/ImmediatePhysics/Binaries/Win64/UE4Editor-ImmediatePhysics.dll (API version 3709383).
LogModuleManager: Display: Found up-to-date module file ../../../Engine/Plugins/Runtime/ImmediatePhysics/Binaries/Win64/UE4Editor-ImmediatePhysicsEditor.dll (API version 3709383).
LogModuleManager: Display: Found up-to-date module file ../../../Engine/Plugins/Runtime/LocationServicesBPLibrary/Binaries/Win64/UE4Editor-LocationServicesBPLibrary.dll (API version 3709383).
LogModuleManager: Display: Found up-to-date module file ../../../Engine/Plugins/Runtime/MobilePatchingUtils/Binaries/Win64/UE4Editor-MobilePatchingUtils.dll (API version 3709383).
LogModuleManager: Display: Found up-to-date module file ../../../Engine/Plugins/Runtime/Oculus/OculusVR/Binaries/Win64/UE4Editor-OculusHMD.dll (API version 3709383).
LogModuleManager: Display: Found up-to-date module file ../../../Engine/Plugins/Runtime/Oculus/OculusVR/Binaries/Win64/UE4Editor-OculusInput.dll (API version 3709383).
LogModuleManager: Display: Found up-to-date module file ../../../Engine/Plugins/Runtime/Oculus/OculusVR/Binaries/Win64/UE4Editor-OculusEditor.dll (API version 3709383).
LogModuleManager: Display: Found up-to-date module file ../../../Engine/Plugins/Runtime/PhysXVehicles/Binaries/Win64/UE4Editor-PhysXVehicles.dll (API version 3709383).
LogModuleManager: Display: Found up-to-date module file ../../../Engine/Plugins/Runtime/PhysXVehicles/Binaries/Win64/UE4Editor-PhysXVehiclesEditor.dll (API version 3709383).
LogModuleManager: Display: Found up-to-date module file ../../../Engine/Plugins/Runtime/ProceduralMeshComponent/Binaries/Win64/UE4Editor-ProceduralMeshComponent.dll (API version 3709383).
LogModuleManager: Display: Found up-to-date module file ../../../Engine/Plugins/Runtime/ProceduralMeshComponent/Binaries/Win64/UE4Editor-ProceduralMeshComponentEditor.dll (API version 3709383).
LogModuleManager: Display: Found up-to-date module file ../../../Engine/Plugins/Runtime/RuntimePhysXCooking/Binaries/Win64/UE4Editor-RuntimePhysXCooking.dll (API version 3709383).
LogModuleManager: Display: Found up-to-date module file ../../../Engine/Plugins/Runtime/Steam/SteamVR/Binaries/Win64/UE4Editor-SteamVR.dll (API version 3709383).
LogModuleManager: Display: Found up-to-date module file ../../../Engine/Plugins/Runtime/Steam/SteamVR/Binaries/Win64/UE4Editor-SteamVRController.dll (API version 3709383).
LogModuleManager: Display: Found up-to-date module file ../../../Engine/Plugins/Runtime/WindowsMoviePlayer/Binaries/Win64/UE4Editor-WindowsMoviePlayer.dll (API version 3709383).
LogInit: Using libcurl 7.47.1
LogInit:  - built for x86_64-pc-win32
LogInit:  - supports SSL with OpenSSL/1.0.2g
LogInit:  - supports HTTP deflate (compression) using libz 1.2.8
LogInit:  - other features:
LogInit:      CURL_VERSION_SSL
LogInit:      CURL_VERSION_LIBZ
LogInit:      CURL_VERSION_IPV6
LogInit:      CURL_VERSION_ASYNCHDNS
LogInit:      CURL_VERSION_LARGEFILE
LogInit:      CURL_VERSION_IDN
LogInit:  CurlRequestOptions (configurable via config and command line):
LogInit:  - bVerifyPeer = false  - Libcurl will NOT verify peer certificate
LogInit:  - bUseHttpProxy = false  - Libcurl will NOT use HTTP proxy
LogInit:  - bDontReuseConnections = false  - Libcurl will reuse connections
LogInit:  - CertBundlePath = nullptr  - Libcurl will use whatever was configured at build time.
LogInit: Build: ++UE4+Release-4.18-CL-3832480
LogInit: Engine Version: 4.18.3-3832480+++UE4+Release-4.18
LogInit: Compatible Engine Version: 4.18.0-3709383+++UE4+Release-4.18
LogInit: Net CL: 3709383
LogDevObjectVersion: Number of dev versions registered: 16
LogDevObjectVersion:   Dev-Blueprints (B0D832E4-1F89-4F0D-ACCF-7EB736FD4AA2): 10
LogDevObjectVersion:   Dev-Build (E1C64328-A22C-4D53-A36C-8E866417BD8C): 0
LogDevObjectVersion:   Dev-Core (375EC13C-06E4-48FB-B500-84F0262A717E): 2
LogDevObjectVersion:   Dev-Editor (E4B068ED-F494-42E9-A231-DA0B2E46BB41): 20
LogDevObjectVersion:   Dev-Framework (CFFC743F-43B0-4480-9391-14DF171D2073): 30
LogDevObjectVersion:   Dev-Mobile (B02B49B5-BB20-44E9-A304-32B752E40360): 0
LogDevObjectVersion:   Dev-Networking (A4E4105C-59A1-49B5-A7C5-40C4547EDFEE): 0
LogDevObjectVersion:   Dev-Online (39C831C9-5AE6-47DC-9A44-9C173E1C8E7C): 0
LogDevObjectVersion:   Dev-Physics (78F01B33-EBEA-4F98-B9B4-84EACCB95AA2): 0
LogDevObjectVersion:   Dev-Platform (6631380F-2D4D-43E0-8009-CF276956A95A): 0
LogDevObjectVersion:   Dev-Rendering (12F88B9F-8875-4AFC-A67C-D90C383ABD29): 20
LogDevObjectVersion:   Dev-Sequencer (7B5AE74C-D270-4C10-A958-57980B212A5A): 4
LogDevObjectVersion:   Dev-VR (D7296918-1DD6-4BDD-9DE2-64A83CC13884): 0
LogDevObjectVersion:   Dev-LoadTimes (C2A15278-BFE7-4AFE-6C17-90FF531DF755): 1
LogDevObjectVersion:   Private-Geometry (6EACA3D4-40EC-4CC1-B786-8BED09428FC5): 1
LogDevObjectVersion:   Dev-AnimPhys (29E575DD-E0A3-4627-9D10-D276232CDCEA): 12
LogInit: Compiled (64-bit): Jan 12 2018 02:04:55
LogInit: Compiled with Visual C++: 19.00.24215.01
LogInit: Build Configuration: Development
LogInit: Branch Name: ++UE4+Release-4.18
LogInit: Command line: 
LogInit: Base directory: C:/Program Files/Epic Games/UE_4.18/Engine/Binaries/Win64/
LogInit: Installed Engine Build: 1
LogInit: Presizing for max 8388607 objects, including 0 objects not considered by GC, pre-allocating 0 bytes for permanent pool.
LogInit: Object subsystem initialized
[2018.03.01-22.08.35:404][  0]LogInit: Selected Device Profile: [Windows]
[2018.03.01-22.08.35:404][  0]LogInit: Applying CVar settings loaded from the selected device profile: [Windows]
[2018.03.01-22.08.35:438][  0]LogInit: Computer: DESKTOP-47R6KV7
[2018.03.01-22.08.35:438][  0]LogInit: User: Megapoort
[2018.03.01-22.08.35:438][  0]LogInit: CPU Page size=4096, Cores=4
[2018.03.01-22.08.35:438][  0]LogInit: High frequency timer resolution =3.411561 MHz
[2018.03.01-22.08.35:439][  0]LogMemory: Memory total: Physical=15.9GB (16GB approx)
[2018.03.01-22.08.35:439][  0]LogMemory: Platform Memory Stats for Windows
[2018.03.01-22.08.35:439][  0]LogMemory: Process Physical Memory: 273.82 MB used, 273.82 MB peak
[2018.03.01-22.08.35:439][  0]LogMemory: Process Virtual Memory: 271.93 MB used, 271.93 MB peak
[2018.03.01-22.08.35:439][  0]LogMemory: Physical Memory: 6526.82 MB used,  9787.91 MB free, 16314.73 MB total
[2018.03.01-22.08.35:439][  0]LogMemory: Virtual Memory: 684.49 MB used,  9787.91 MB free, 134217728.00 MB total
[2018.03.01-22.08.35:645][  0]LogInit: Using OS detected language (de-DE).
[2018.03.01-22.08.35:646][  0]LogInit: Using OS detected locale (de-DE).
[2018.03.01-22.08.35:649][  0]LogTextLocalizationManager: No localization for 'de-DE' exists, so 'en' will be used for the language.
[2018.03.01-22.08.35:649][  0]LogTextLocalizationManager: No localization for 'de-DE' exists, so 'en' will be used for the locale.
[2018.03.01-22.08.36:086][  0]LogInit: Setting process to per monitor DPI aware
[2018.03.01-22.08.36:376][  0]LogD3D11RHI: D3D11 adapters:
[2018.03.01-22.08.36:451][  0]LogD3D11RHI:    0. 'NVIDIA GeForce GTX 1070' (Feature Level 11_0)
[2018.03.01-22.08.36:451][  0]LogD3D11RHI:       8096/0/8157 MB DedicatedVideo/DedicatedSystem/SharedSystem, Outputs:2, VendorId:0x10de
[2018.03.01-22.08.36:454][  0]LogD3D11RHI:    1. 'Microsoft Basic Render Driver' (Feature Level 11_0)
[2018.03.01-22.08.36:454][  0]LogD3D11RHI:       0/0/8157 MB DedicatedVideo/DedicatedSystem/SharedSystem, Outputs:0, VendorId:0x1414
[2018.03.01-22.08.36:454][  0]LogD3D11RHI: Chosen D3D11 Adapter: 0
[2018.03.01-22.08.36:462][  0]LogD3D11RHI: Creating new Direct3DDevice
[2018.03.01-22.08.36:462][  0]LogD3D11RHI:     GPU DeviceId: 0x1b81 (for the marketing name, search the web for "GPU Device Id")
[2018.03.01-22.08.36:462][  0]LogWindows: EnumDisplayDevices:
[2018.03.01-22.08.36:462][  0]LogWindows:    0. 'NVIDIA GeForce GTX 1070' (P:1 D:1)
[2018.03.01-22.08.36:463][  0]LogWindows:    1. 'NVIDIA GeForce GTX 1070' (P:0 D:1)
[2018.03.01-22.08.36:463][  0]LogWindows:    2. 'NVIDIA GeForce GTX 1070' (P:0 D:0)
[2018.03.01-22.08.36:463][  0]LogWindows:    3. 'NVIDIA GeForce GTX 1070' (P:0 D:0)
[2018.03.01-22.08.36:463][  0]LogWindows: DebugString: GetVideoDriverDetailsInvalid PrimaryIsNotTheChoosenAdapter GetVideoDriverDetailsInvalid PrimaryIsNotTheChoosenAdapter GetVideoDriverDetailsInvalid PrimaryIsNotTheChoosenAdapter GetVideoDriverDetailsInvalid PrimaryIsNotTheChoosenAdapter FoundDriverCount:0 
[2018.03.01-22.08.36:463][  0]LogD3D11RHI:     Adapter Name: NVIDIA GeForce GTX 1070
[2018.03.01-22.08.36:463][  0]LogD3D11RHI:   Driver Version: Unknown (internal:Unknown, unified:Unknown)
[2018.03.01-22.08.36:463][  0]LogD3D11RHI:      Driver Date: Unknown
[2018.03.01-22.08.36:463][  0]LogRHI: Texture pool is 5667 MB (70% of 8096 MB)
[2018.03.01-22.08.36:498][  0]LogD3D11RHI: Async texture creation enabled
[2018.03.01-22.08.36:511][  0]LogD3D11RHI: GPU Timing Frequency: 1000.000000 (Debug: 2 1)
[2018.03.01-22.08.36:603][  0]LogShaderCompilers: Guid format shader working directory is -6 characters bigger than the processId version (../../../../../../Users/Megapoort/Desktop/Lyfe/Lyfe_Game/Intermediate/Shaders/WorkingDirectory/2008/).
[2018.03.01-22.08.36:603][  0]LogShaderCompilers: Cleaned the shader compiler working directory 'C:/Users/Megapoort/AppData/Local/Temp/UnrealShaderWorkingDir/02D0952D4A602B84139A95B74F20ECD6/'.
[2018.03.01-22.08.36:603][  0]LogShaderCompilers: Display: Using Local Shader Compiler.
[2018.03.01-22.08.37:656][  0]LogTemp: Display: Loaded TP AllDesktopTargetPlatform
[2018.03.01-22.08.37:724][  0]LogTemp: Display: Loaded TP MacClientTargetPlatform
[2018.03.01-22.08.37:786][  0]LogTemp: Display: Loaded TP MacNoEditorTargetPlatform
[2018.03.01-22.08.37:858][  0]LogTemp: Display: Loaded TP MacServerTargetPlatform
[2018.03.01-22.08.37:921][  0]LogTemp: Display: Loaded TP MacTargetPlatform
[2018.03.01-22.08.37:982][  0]LogTemp: Display: Loaded TP WindowsClientTargetPlatform
[2018.03.01-22.08.38:061][  0]LogTemp: Display: Loaded TP WindowsNoEditorTargetPlatform
[2018.03.01-22.08.38:124][  0]LogTemp: Display: Loaded TP WindowsServerTargetPlatform
[2018.03.01-22.08.38:185][  0]LogTemp: Display: Loaded TP WindowsTargetPlatform
[2018.03.01-22.08.38:244][  0]LogTemp: Display: Loaded TP Android_ASTCTargetPlatform
[2018.03.01-22.08.38:308][  0]LogTemp: Display: Loaded TP Android_ATCTargetPlatform
[2018.03.01-22.08.38:369][  0]LogTemp: Display: Loaded TP Android_DXTTargetPlatform
[2018.03.01-22.08.38:429][  0]LogTemp: Display: Loaded TP Android_ETC1TargetPlatform
[2018.03.01-22.08.38:488][  0]LogTemp: Display: Loaded TP Android_ETC2TargetPlatform
[2018.03.01-22.08.38:607][  0]LogTemp: Display: Loaded TP Android_MultiTargetPlatform
[2018.03.01-22.08.38:607][  0]LogTemp: Display: Loaded TP Android_PVRTCTargetPlatform
[2018.03.01-22.08.38:667][  0]LogTemp: Display: Loaded TP AndroidTargetPlatform
[2018.03.01-22.08.38:712][  0]LogTemp: Display: Loaded TP HTML5TargetPlatform
[2018.03.01-22.08.38:814][  0]LogTemp: Display: Loaded TP IOSTargetPlatform
[2018.03.01-22.08.38:863][  0]LogTemp: Display: Loaded TP TVOSTargetPlatform
[2018.03.01-22.08.38:939][  0]LogTemp: Display: Loaded TP LinuxClientTargetPlatform
[2018.03.01-22.08.38:999][  0]LogTemp: Display: Loaded TP LinuxNoEditorTargetPlatform
[2018.03.01-22.08.39:057][  0]LogTemp: Display: Loaded TP LinuxServerTargetPlatform
[2018.03.01-22.08.39:144][  0]LogTemp: Display: Loaded TP LinuxTargetPlatform
[2018.03.01-22.08.39:144][  0]LogTargetPlatformManager: Display: Building Assets For Windows
[2018.03.01-22.08.39:817][  0]LogDerivedDataCache: Display: Max Cache Size: 512 MB
[2018.03.01-22.08.39:914][  0]LogDerivedDataCache: Loaded boot cache 0.10s 79MB C:/Users/Megapoort/AppData/Local/UnrealEngine/4.18/DerivedDataCache/Boot.ddc.
[2018.03.01-22.08.39:914][  0]LogDerivedDataCache: Display: Loaded Boot cache: C:/Users/Megapoort/AppData/Local/UnrealEngine/4.18/DerivedDataCache/Boot.ddc
[2018.03.01-22.08.39:914][  0]LogDerivedDataCache: FDerivedDataBackendGraph:  Pak pak cache file ../../../../../../Users/Megapoort/Desktop/Lyfe/Lyfe_Game/DerivedDataCache/DDC.ddp not found, will not use a pak cache.
[2018.03.01-22.08.39:914][  0]LogDerivedDataCache: Unable to find inner node Pak for hierarchical cache Hierarchy.
[2018.03.01-22.08.39:914][  0]LogDerivedDataCache: FDerivedDataBackendGraph:  CompressedPak pak cache file ../../../../../../Users/Megapoort/Desktop/Lyfe/Lyfe_Game/DerivedDataCache/Compressed.ddp not found, will not use a pak cache.
[2018.03.01-22.08.39:914][  0]LogDerivedDataCache: Unable to find inner node CompressedPak for hierarchical cache Hierarchy.
[2018.03.01-22.08.39:941][  0]LogDerivedDataCache: Display: Pak cache opened for reading ../../../Engine/DerivedDataCache/Compressed.ddp.
[2018.03.01-22.08.39:954][  0]LogDerivedDataCache: Using Local data cache path C:/Users/Megapoort/AppData/Local/UnrealEngine/Common/DerivedDataCache: Writable
[2018.03.01-22.08.39:968][  0]LogMaterial: Verifying Global Shaders for PCD3D_SM5
[2018.03.01-22.08.39:968][  0]LogSlate: Using Freetype 2.6.0
[2018.03.01-22.08.39:969][  0]LogSlate: SlateFontCache - WITH_FREETYPE: 1, WITH_HARFBUZZ: 1
[2018.03.01-22.08.39:969][  0]LogSlate: SlateFontCache - WITH_FREETYPE: 1, WITH_HARFBUZZ: 1
[2018.03.01-22.08.40:439][  0]LogInit: Selected Device Profile: [Windows]
[2018.03.01-22.08.40:816][  0]LogSimplygon: Simplygon DLL not present - disabling.
[2018.03.01-22.08.40:863][  0]LogMeshReduction: Using SimplygonSwarm for distributed automatic mesh merging
[2018.03.01-22.08.40:863][  0]LogMeshReduction: Using QuadricMeshReduction for automatic static mesh reduction
[2018.03.01-22.08.40:863][  0]LogMeshReduction: No automatic skeletal mesh reduction module available
[2018.03.01-22.08.40:864][  0]LogMeshReduction: No automatic mesh merging module available
[2018.03.01-22.08.40:864][  0]LogMeshMerging: No automatic mesh merging module available
[2018.03.01-22.08.40:903][  0]LogNetVersion: Lyfe_Game , NetCL: 3709383, EngineNetVer: 2, GameNetVer: 0 (Checksum: 1298029676)
[2018.03.01-22.08.41:078][  0]LogAssetRegistry: FAssetRegistry took 0.0273 seconds to start up
[2018.03.01-22.08.41:613][  0]LogPackageLocalizationCache: Processed 7 localized package path(s) for 1 prioritized culture(s) in 0.043727 seconds
[2018.03.01-22.08.41:619][  0]LogUObjectArray: 35870 objects as part of root set at end of initial load.
[2018.03.01-22.08.41:619][  0]LogUObjectAllocator: 7363704 out of 0 bytes used by permanent object pool.
[2018.03.01-22.08.41:619][  0]LogUObjectArray: CloseDisregardForGC: 0/0 objects in disregard for GC pool
[2018.03.01-22.08.41:687][  0]LogInit: WinSock: version 1.1 (2.2), MaxSocks=32767, MaxUdp=65467
[2018.03.01-22.08.44:869][  0]LogTcpMessaging: Initializing TcpMessaging bridge
[2018.03.01-22.08.44:919][  0]LogUdpMessaging: Initializing bridge on interface 0.0.0.0:0 to multicast group 230.0.0.1:6666.
[2018.03.01-22.08.45:957][  0]LogMaterial: Uniform references updated for custom material expression Custom.
[2018.03.01-22.08.46:448][  0]SourceControl: Source control is disabled
[2018.03.01-22.08.46:449][  0]SourceControl: Source control is disabled
[2018.03.01-22.08.46:525][  0]SourceControl: Source control is disabled
[2018.03.01-22.08.46:591][  0]SourceControl: Source control is disabled
[2018.03.01-22.08.47:642][  0]LogAndroidPermission: UAndroidPermissionCallbackProxy::GetInstance
[2018.03.01-22.08.48:014][  0]LogOcInput: OculusInput pre-init called
[2018.03.01-22.08.48:385][  0]LogEngine: Initializing Engine...
[2018.03.01-22.08.48:388][  0]LogHMD: Failed to initialize OpenVR with code 110
[2018.03.01-22.08.48:624][  0]LogStats: UGameplayTagsManager::ConstructGameplayTagTree: Construct from data asset -  0.000 s
[2018.03.01-22.08.48:625][  0]LogStats: UGameplayTagsManager::ConstructGameplayTagTree: GameplayTagTreeChangedEvent.Broadcast -  0.000 s
[2018.03.01-22.08.48:776][  0]LogAIModule: Creating AISystem for world Untitled
[2018.03.01-22.08.48:793][  0]LogInit: XAudio2 using 'Lautsprecher (Realtek High Definition Audio)' : 2 channels at 48 kHz using 32 bits per sample (channel mask 0x3)
[2018.03.01-22.08.48:812][  0]LogInit: FAudioDevice initialized.
[2018.03.01-22.08.48:931][  0]LogDerivedDataCache: Saved boot cache 0.12s 79MB C:/Users/Megapoort/AppData/Local/UnrealEngine/4.18/DerivedDataCache/Boot.ddc.
[2018.03.01-22.08.48:957][  0]LogInit: Texture streaming: Enabled
[2018.03.01-22.08.49:076][  0]LogEngineSessionManager: EngineSessionManager initialized
[2018.03.01-22.08.49:083][  0]LogEngineSessionManager: EngineSessionManager sent abnormal shutdown report. Type=Crashed, SessionId={826094BF-447A-1DCC-C317-8286A3909164}
[2018.03.01-22.08.49:253][  0]LogInit: Transaction tracking system initialized
[2018.03.01-22.08.49:617][  0]BlueprintLog: New page: Editor Load
[2018.03.01-22.08.50:703][  0]LocalizationService: Localization service is disabled
[2018.03.01-22.08.51:728][  0]LogConsoleResponse: Display: 
[2018.03.01-22.08.51:932][  0]LogCook: Display: Max memory allowance for cook 16384mb min free memory 0mb
[2018.03.01-22.08.51:932][  0]LogCook: Display: Mobile HDR setting 1
[2018.03.01-22.08.51:932][  0]LogGameplayTags: Display: UGameplayTagsManager::DoneAddingNativeTags. DelegateIsBound: 0
[2018.03.01-22.08.52:902][  0]LogFileCache: Scanning file cache for directory 'C:/Users/Megapoort/Desktop/Lyfe/Lyfe_Game/Content/' took 0.01s
[2018.03.01-22.08.53:520][  0]SourceControl: Source control is disabled
[2018.03.01-22.08.53:625][  0]LogWindowsTextInputMethodSystem: Display: IME system now deactivated.
[2018.03.01-22.08.53:626][  0]LogSlate: Took 0.000258 seconds to synchronously load lazily loaded font '../../../Engine/Content/Slate/Fonts/Roboto-Regular.ttf' (155K)
[2018.03.01-22.09.08:347][  0]LogWindowsTextInputMethodSystem: Display: IME system now deactivated.
[2018.03.01-22.09.08:348][  0]LogWindowsTextInputMethodSystem: Display: IME system now deactivated.
[2018.03.01-22.09.14:997][  0]LogWindowsTextInputMethodSystem: Display: IME system now deactivated.
[2018.03.01-22.09.14:999][  0]LogWindowsTextInputMethodSystem: Display: IME system now deactivated.
[2018.03.01-22.09.15:009][  0]Cmd: MAP LOAD FILE="../../../../../../Users/Megapoort/Desktop/Lyfe/Lyfe_Game/Content/Scenes/Stage_SingleCelled_Test.umap" TEMPLATE=0 SHOWPROGRESS=1 FEATURELEVEL=3
[2018.03.01-22.09.15:010][  0]LightingResults: New page: Lighting Build
[2018.03.01-22.09.15:078][  0]MapCheck: New page: Map Check
[2018.03.01-22.09.15:078][  0]LightingResults: New page: Lighting Build
[2018.03.01-22.09.15:104][  0]LogAIModule: Creating AISystem for world Stage_SingleCelled_Test
[2018.03.01-22.09.15:108][  0]LogEditorServer: Finished looking for orphan Actors (0.000 secs)
[2018.03.01-22.09.15:124][  0]Cmd: MAP CHECKDEP NOCLEARLOG
[2018.03.01-22.09.15:210][  0]MapCheck: Map check complete: 0 Error(s), 0 Warning(s), took 86.026ms to complete.
[2018.03.01-22.09.15:211][  0]LogFileHelpers: Loading map 'Stage_SingleCelled_Test' took 0.202
[2018.03.01-22.09.15:313][  0]LogStats: Warning: MetaData mismatch. Did you assign a stat to two groups? New //STATGROUP_Threads//SplashScreenThread///Thread_2370_0///####STATCAT_Advanced#### old //STATGROUP_Threads//SplashScreenThread///Thread_33bc_0///####STATCAT_Advanced####
[2018.03.01-22.09.15:313][  0]LogCollectionManager: Loaded 0 collections in 0.002239 seconds
[2018.03.01-22.09.15:403][  0]LogFileCache: Scanning file cache for directory 'C:/Users/Megapoort/Desktop/Lyfe/Lyfe_Game/Saved/Collections/' took 0.01s
[2018.03.01-22.09.15:403][  0]LogFileCache: Scanning file cache for directory 'C:/Users/Megapoort/Desktop/Lyfe/Lyfe_Game/Content/Developers/Megapoort/Collections/' took 0.01s
[2018.03.01-22.09.15:403][  0]LogFileCache: Scanning file cache for directory 'C:/Users/Megapoort/Desktop/Lyfe/Lyfe_Game/Content/Collections/' took 0.01s
[2018.03.01-22.09.15:403][  0]LogCollectionManager: Rebuilt the GUID cache for 0 collections in 0.000000 seconds
[2018.03.01-22.09.15:414][  0]LogContentBrowser: Native class hierarchy populated in 0.0113 seconds. Added 2366 classes and 522 folders.
[2018.03.01-22.09.15:489][  0]LogContentBrowser: Native class hierarchy updated for 'WidgetCarousel' in 0.0011 seconds. Added 0 classes and 0 folders.
[2018.03.01-22.09.15:539][  0]LogContentBrowser: Native class hierarchy updated for 'AddContentDialog' in 0.0011 seconds. Added 0 classes and 0 folders.
[2018.03.01-22.09.15:590][  0]LogContentBrowser: Native class hierarchy updated for 'SceneOutliner' in 0.0012 seconds. Added 1 classes and 2 folders.
[2018.03.01-22.09.15:633][  0]LogSlate: Took 0.000339 seconds to synchronously load lazily loaded font '../../../Engine/Content/Slate/Fonts/Roboto-Bold.ttf' (160K)
[2018.03.01-22.09.15:645][  0]LogSlate: Took 0.000368 seconds to synchronously load lazily loaded font '../../../Engine/Content/Editor/Slate/Fonts/FontAwesome.ttf' (139K)
[2018.03.01-22.09.15:781][  0]LogRenderer: Reallocating scene render targets to support 1528x600 Format 10 NumSamples 1 (Frame:1).
[2018.03.01-22.09.15:837][  0]LogSlate: Took 0.000307 seconds to synchronously load lazily loaded font '../../../Engine/Content/Slate/Fonts/Roboto-Light.ttf' (159K)
[2018.03.01-22.09.15:973][  0]LogContentBrowser: Native class hierarchy updated for 'HierarchicalLODOutliner' in 0.0012 seconds. Added 1 classes and 2 folders.
[2018.03.01-22.09.15:973][  0]LogLoad: (Engine Initialization) Total time: 44.36 seconds
[2018.03.01-22.09.15:973][  0]LogLoad: (Engine Initialization) Total Blueprint compile time: 0.00 seconds
[2018.03.01-22.09.15:973][  0]LogExternalProfiler: No external profilers were discovered.  External profiling features will not be available.
[2018.03.01-22.09.15:999][  0]LogAssetRegistry: Asset discovery search completed in 34.9433 seconds
[2018.03.01-22.09.16:001][  0]LogCollectionManager: Rebuilt the object cache for 0 collections in 0.000000 seconds (found 0 objects)
[2018.03.01-22.09.16:001][  0]LogCollectionManager: Fixed up redirectors for 0 collections in 0.000069 seconds (updated 0 objects)
[2018.03.01-22.09.16:009][  0]LogContentStreaming: Texture pool size now 1000 MB
[2018.03.01-22.09.17:603][172]LogEditor: Attempting to add actor of class 'Character_SingleCelled' to level at -1080.00,-140.00,1350.00
[2018.03.01-22.09.18:376][253]LogEditor: Attempting to add actor of class 'Character_SingleCelled' to level at -1080.00,-140.00,1350.00
[2018.03.01-22.09.21:403][603]LogSlate: Took 0.000219 seconds to synchronously load lazily loaded font '../../../Engine/Content/Slate/Fonts/Roboto-Light.ttf' (159K)
[2018.03.01-22.09.21:547][603]LogSavePackage: Save=39.90ms
[2018.03.01-22.09.21:547][603]LogSavePackage: Moving '../../../../../../Users/Megapoort/Desktop/Lyfe/Lyfe_Game/Saved/Stage_SingleCelled_TestB87C9F2B4F6532B2E2CC00B571CCE737.tmp' to '../../../../../../Users/Megapoort/Desktop/Lyfe/Lyfe_Game/Content/Scenes/Stage_SingleCelled_Test.umap'
[2018.03.01-22.09.21:554][603]LogSavePackage: Display: Finished SavePackage ../../../../../../Users/Megapoort/Desktop/Lyfe/Lyfe_Game/Content/Scenes/Stage_SingleCelled_Test.umap
[2018.03.01-22.09.21:624][603]LogSavePackage: Save=11.33ms
[2018.03.01-22.09.21:624][603]LogSavePackage: Moving '../../../../../../Users/Megapoort/Desktop/Lyfe/Lyfe_Game/Saved/Stage_SingleCelled_Test_BuiltDatDA9783084EC3EB12565E3782299CDEA7.tmp' to '../../../../../../Users/Megapoort/Desktop/Lyfe/Lyfe_Game/Content/Scenes/Stage_SingleCelled_Test_BuiltData.uasset'
[2018.03.01-22.09.21:626][603]LogSavePackage: Display: Finished SavePackage ../../../../../../Users/Megapoort/Desktop/Lyfe/Lyfe_Game/Content/Scenes/Stage_SingleCelled_Test_BuiltData.uasset
[2018.03.01-22.09.23:358][801]LogTemp: Repeating last play command: Selected Viewport
[2018.03.01-22.09.23:387][801]LogPlayLevel: PlayLevel: No blueprints needed recompiling
[2018.03.01-22.09.23:388][801]PIE: New page: PIE session: Stage_SingleCelled_Test (Mar 2, 2018, 12:09:23 AM)
[2018.03.01-22.09.23:388][801]LogPlayLevel: Creating play world package: /Game/Scenes/UEDPIE_0_Stage_SingleCelled_Test
[2018.03.01-22.09.23:389][801]LogPlayLevel: PIE: StaticDuplicateObject took: (0.001206s)
[2018.03.01-22.09.23:390][801]LogAIModule: Creating AISystem for world Stage_SingleCelled_Test
[2018.03.01-22.09.23:390][801]LogPlayLevel: PIE: World Init took: (0.000863s)
[2018.03.01-22.09.23:390][801]LogPlayLevel: PIE: Created PIE world by copying editor world from /Game/Scenes/Stage_SingleCelled_Test.Stage_SingleCelled_Test to /Game/Scenes/UEDPIE_0_Stage_SingleCelled_Test.Stage_SingleCelled_Test (0.002382s)
[2018.03.01-22.09.23:408][801]LogInit: XAudio2 using 'Lautsprecher (Realtek High Definition Audio)' : 2 channels at 48 kHz using 32 bits per sample (channel mask 0x3)
[2018.03.01-22.09.23:419][801]LogInit: FAudioDevice initialized.
[2018.03.01-22.09.23:464][801]LogLoad: Game class is 'GameModeBase'
[2018.03.01-22.09.23:466][801]LogWorld: Bringing World /Game/Scenes/UEDPIE_0_Stage_SingleCelled_Test.Stage_SingleCelled_Test up for play (max tick rate 0) at 2018.03.01-23.09.23
[2018.03.01-22.09.23:466][801]LogWorld: Bringing up level for play took: 0.000978
[2018.03.01-22.09.23:524][801]LogContentBrowser: Native class hierarchy updated for 'MovieSceneCapture' in 0.0012 seconds. Added 11 classes and 0 folders.
[2018.03.01-22.09.23:525][801]LogWindows: Windows GetLastError: Der Vorgang wurde erfolgreich beendet. (0)
[2018.03.01-22.09.24:476][801]LogWindows: Error: === Critical error: ===
[2018.03.01-22.09.24:476][801]LogWindows: Error: 
[2018.03.01-22.09.24:476][801]LogWindows: Error: Fatal error: [File:D:\Build\++UE4+Release-4.18+Compile\Sync\Engine\Source\Runtime\CoreUObject\Private\UObject\Obj.cpp] [Line: 102] 
[2018.03.01-22.09.24:476][801]LogWindows: Error: No object initializer found during construction.
[2018.03.01-22.09.24:476][801]LogWindows: Error: 
[2018.03.01-22.09.24:476][801]LogWindows: Error: 
[2018.03.01-22.09.24:476][801]LogWindows: Error: [Callstack] 0x00000000D7AA4008 KERNELBASE.dll!UnknownFunction []
[2018.03.01-22.09.24:476][801]LogWindows: Error: [Callstack] 0x00000000C44C76D4 UE4Editor-ApplicationCore.dll!UnknownFunction []
[2018.03.01-22.09.24:476][801]LogWindows: Error: [Callstack] 0x00000000BAE0330B UE4Editor-Core.dll!UnknownFunction []
[2018.03.01-22.09.24:476][801]LogWindows: Error: [Callstack] 0x00000000BAD947F9 UE4Editor-Core.dll!UnknownFunction []
[2018.03.01-22.09.24:476][801]LogWindows: Error: [Callstack] 0x00000000B8413DF6 UE4Editor-CoreUObject.dll!UnknownFunction []
[2018.03.01-22.09.24:476][801]LogWindows: Error: [Callstack] 0x0000000090C5281E UE4Editor-Lyfe_Game-7941.dll!ACharacter_SingleCelled::BeginPlay() [c:\users\megapoort\desktop\lyfe\lyfe_game\source\lyfe_game\private\character_singlecelled.cpp:26]
[2018.03.01-22.09.24:476][801]LogWindows: Error: [Callstack] 0x0000000098B2CAEB UE4Editor-Engine.dll!UnknownFunction []
[2018.03.01-22.09.24:476][801]LogWindows: Error: [Callstack] 0x0000000099D25790 UE4Editor-Engine.dll!UnknownFunction []
[2018.03.01-22.09.24:476][801]LogWindows: Error: [Callstack] 0x000000009927DAC1 UE4Editor-Engine.dll!UnknownFunction []
[2018.03.01-22.09.24:476][801]LogWindows: Error: [Callstack] 0x0000000099D106AE UE4Editor-Engine.dll!UnknownFunction []
[2018.03.01-22.09.24:476][801]LogWindows: Error: [Callstack] 0x00000000992A04CE UE4Editor-Engine.dll!UnknownFunction []
[2018.03.01-22.09.24:476][801]LogWindows: Error: [Callstack] 0x000000009CE5B235 UE4Editor-UnrealEd.dll!UnknownFunction []
[2018.03.01-22.09.24:476][801]LogWindows: Error: [Callstack] 0x000000009CE8556E UE4Editor-UnrealEd.dll!UnknownFunction []
[2018.03.01-22.09.24:476][801]LogWindows: Error: [Callstack] 0x000000009CEA192F UE4Editor-UnrealEd.dll!UnknownFunction []
[2018.03.01-22.09.24:476][801]LogWindows: Error: [Callstack] 0x000000009C8F6024 UE4Editor-UnrealEd.dll!UnknownFunction []
[2018.03.01-22.09.24:476][801]LogWindows: Error: [Callstack] 0x000000009D1A4AC6 UE4Editor-UnrealEd.dll!UnknownFunction []
[2018.03.01-22.09.24:476][801]LogWindows: Error: [Callstack] 0x00000000E8245A26 UE4Editor.exe!UnknownFunction []
[2018.03.01-22.09.24:476][801]LogWindows: Error: [Callstack] 0x00000000E8255430 UE4Editor.exe!UnknownFunction []
[2018.03.01-22.09.24:476][801]LogWindows: Error: [Callstack] 0x00000000E82554AA UE4Editor.exe!UnknownFunction []
[2018.03.01-22.09.24:476][801]LogWindows: Error: [Callstack] 0x00000000E8262379 UE4Editor.exe!UnknownFunction []
[2018.03.01-22.09.24:476][801]LogWindows: Error: [Callstack] 0x00000000E8263D57 UE4Editor.exe!UnknownFunction []
[2018.03.01-22.09.24:476][801]LogWindows: Error: [Callstack] 0x00000000DAD41FE4 KERNEL32.DLL!UnknownFunction []
[2018.03.01-22.09.24:476][801]LogWindows: Error: [Callstack] 0x00000000DB04EFC1 ntdll.dll!UnknownFunction []
[2018.03.01-22.09.24:476][801]LogWindows: Error: [Callstack] 0x00000000DB04EFC1 ntdll.dll!UnknownFunction []
[2018.03.01-22.09.24:476][801]LogWindows: Error: 
[2018.03.01-22.09.24:492][801]LogExit: Executing StaticShutdownAfterError
[2018.03.01-22.09.24:494][801]LogWindows: FPlatformMisc::RequestExit(1)
[2018.03.01-22.09.24:494][801]Log file closed, 03/01/18 23:09:24
