Log file open, 02/25/18 20:49:21
LogWindows: Failed to load 'aqProf.dll' (GetLastError=126)
LogWindows: File 'aqProf.dll' does not exist
LogWindows: Failed to load 'VSPerf140.dll' (GetLastError=126)
LogWindows: File 'VSPerf140.dll' does not exist
LogWindows: Failed to load 'VtuneApi.dll' (GetLastError=126)
LogWindows: File 'VtuneApi.dll' does not exist
LogWindows: Failed to load 'VtuneApi32e.dll' (GetLastError=126)
LogWindows: File 'VtuneApi32e.dll' does not exist
LogInit: Display: Running engine for game: Lyfe_Game
LogPlatformFile: Not using cached read wrapper
LogInit: Display: RandInit(1262108477) SRandInit(1262108477).
LogInit: Read version file with build ID '3709383'
LogInit: Overriding engine version to CL 3832480, compatible CL 3709383
LogInit: Registered custom module enumerator with build ID '3709383'
LogTaskGraph: Started task graph with 5 named threads and 14 total threads with 3 sets of task threads.
LogStats: Stats thread started at 0.239649
LogD3D11RHI: Aftermath initialized
LogPluginManager: Mounting plugin Paper2D
LogPluginManager: Mounting plugin LightPropagationVolume
LogPluginManager: Mounting plugin CodeLiteSourceCodeAccess
LogPluginManager: Mounting plugin GitSourceControl
LogPluginManager: Mounting plugin KDevelopSourceCodeAccess
LogPluginManager: Mounting plugin NullSourceCodeAccess
LogPluginManager: Mounting plugin PerforceSourceControl
LogPluginManager: Mounting plugin SubversionSourceControl
LogPluginManager: Mounting plugin UObjectPlugin
LogPluginManager: Mounting plugin VisualStudioCodeSourceCodeAccess
LogPluginManager: Mounting plugin VisualStudioSourceCodeAccess
LogPluginManager: Mounting plugin XCodeSourceCodeAccess
LogPluginManager: Mounting plugin AssetManagerEditor
LogPluginManager: Mounting plugin AudioCapture
LogPluginManager: Mounting plugin FacialAnimation
LogPluginManager: Mounting plugin GameplayTagsEditor
LogPluginManager: Mounting plugin MobileLauncherProfileWizard
LogPluginManager: Mounting plugin PluginBrowser
LogPluginManager: Mounting plugin SpeedTreeImporter
LogPluginManager: Mounting plugin AlembicImporter
LogPluginManager: Mounting plugin CharacterAI
LogPluginManager: Mounting plugin HTML5Networking
LogPluginManager: Mounting plugin AndroidMedia
LogPluginManager: Mounting plugin AvfMedia
LogPluginManager: Mounting plugin ImgMedia
LogPluginManager: Mounting plugin MediaCompositing
LogPluginManager: Mounting plugin MediaPlayerEditor
LogPluginManager: Mounting plugin WmfMedia
LogPluginManager: Mounting plugin TcpMessaging
LogPluginManager: Mounting plugin UdpMessaging
LogPluginManager: Mounting plugin ActorSequence
LogPluginManager: Mounting plugin LevelSequenceEditor
LogPluginManager: Mounting plugin MatineeToLevelSequence
LogPluginManager: Mounting plugin OnlineSubsystemGooglePlay
LogPluginManager: Mounting plugin OnlineSubsystemIOS
LogPluginManager: Mounting plugin OnlineSubsystem
LogPluginManager: Mounting plugin OnlineSubsystemNull
LogPluginManager: Mounting plugin OnlineSubsystemUtils
LogPluginManager: Mounting plugin AndroidDeviceProfileSelector
LogPluginManager: Mounting plugin AndroidMoviePlayer
LogPluginManager: Mounting plugin AndroidPermission
LogPluginManager: Mounting plugin AppleARKit
LogPluginManager: Mounting plugin AppleMoviePlayer
LogPluginManager: Mounting plugin ArchVisCharacter
LogPluginManager: Mounting plugin CableComponent
LogPluginManager: Mounting plugin CustomMeshComponent
LogPluginManager: Mounting plugin ExampleDeviceProfileSelector
LogPluginManager: Mounting plugin GoogleCloudMessaging
LogPluginManager: Mounting plugin ImmediatePhysics
LogPluginManager: Mounting plugin IOSDeviceProfileSelector
LogPluginManager: Mounting plugin LinuxDeviceProfileSelector
LogPluginManager: Mounting plugin LocationServicesBPLibrary
LogPluginManager: Mounting plugin MobilePatchingUtils
LogPluginManager: Mounting plugin OculusVR
LogPluginManager: Plugin shader directory ../../../Engine/Plugins/Runtime/Oculus/OculusVR/Shaders found
LogPluginManager: Mapping shader source directory ../../../Engine/Plugins/Runtime/Oculus/OculusVR/Shaders to virtual directory /Plugin/OculusVR
LogPluginManager: Mounting plugin PhysXVehicles
LogPluginManager: Mounting plugin ProceduralMeshComponent
LogPluginManager: Mounting plugin RuntimePhysXCooking
LogPluginManager: Mounting plugin SteamVR
LogPluginManager: Mounting plugin WindowsMoviePlayer
LogModuleManager: Display: Found up-to-date module file ../../../../../../Users/Megapoort/Desktop/Lyfe/Lyfe_Game/Binaries/Win64/UE4Editor-Lyfe_Game-4078.dll (API version 3709383).
LogModuleManager: Display: Found up-to-date module file ../../../Engine/Plugins/2D/Paper2D/Binaries/Win64/UE4Editor-Paper2D.dll (API version 3709383).
LogModuleManager: Display: Found up-to-date module file ../../../Engine/Plugins/2D/Paper2D/Binaries/Win64/UE4Editor-Paper2DEditor.dll (API version 3709383).
LogModuleManager: Display: Found up-to-date module file ../../../Engine/Plugins/2D/Paper2D/Binaries/Win64/UE4Editor-PaperSpriteSheetImporter.dll (API version 3709383).
LogModuleManager: Display: Found up-to-date module file ../../../Engine/Plugins/2D/Paper2D/Binaries/Win64/UE4Editor-PaperTiledImporter.dll (API version 3709383).
LogModuleManager: Display: Found up-to-date module file ../../../Engine/Plugins/2D/Paper2D/Binaries/Win64/UE4Editor-SmartSnapping.dll (API version 3709383).
LogModuleManager: Display: Found up-to-date module file ../../../Engine/Plugins/Blendables/LightPropagationVolume/Binaries/Win64/UE4Editor-LightPropagationVolumeRuntime.dll (API version 3709383).
LogModuleManager: Display: Found up-to-date module file ../../../Engine/Plugins/Blendables/LightPropagationVolume/Binaries/Win64/UE4Editor-LightPropagationVolumeEditor.dll (API version 3709383).
LogModuleManager: Display: Found up-to-date module file ../../../Engine/Plugins/Developer/GitSourceControl/Binaries/Win64/UE4Editor-GitSourceControl.dll (API version 3709383).
LogModuleManager: Display: Found up-to-date module file ../../../Engine/Plugins/Developer/PerforceSourceControl/Binaries/Win64/UE4Editor-PerforceSourceControl.dll (API version 3709383).
LogModuleManager: Display: Found up-to-date module file ../../../Engine/Plugins/Developer/SubversionSourceControl/Binaries/Win64/UE4Editor-SubversionSourceControl.dll (API version 3709383).
LogModuleManager: Display: Found up-to-date module file ../../../Engine/Plugins/Developer/UObjectPlugin/Binaries/Win64/UE4Editor-UObjectPlugin.dll (API version 3709383).
LogModuleManager: Display: Found up-to-date module file ../../../Engine/Plugins/Developer/VisualStudioCodeSourceCodeAccess/Binaries/Win64/UE4Editor-VisualStudioCodeSourceCodeAccess.dll (API version 3709383).
LogModuleManager: Display: Found up-to-date module file ../../../Engine/Plugins/Developer/VisualStudioSourceCodeAccess/Binaries/Win64/UE4Editor-VisualStudioSourceCodeAccess.dll (API version 3709383).
LogModuleManager: Display: Found up-to-date module file ../../../Engine/Plugins/Editor/AssetManagerEditor/Binaries/Win64/UE4Editor-AssetManagerEditor.dll (API version 3709383).
LogModuleManager: Display: Found up-to-date module file ../../../Engine/Plugins/Editor/AudioCapture/Binaries/Win64/UE4Editor-AudioCapture.dll (API version 3709383).
LogModuleManager: Display: Found up-to-date module file ../../../Engine/Plugins/Editor/FacialAnimation/Binaries/Win64/UE4Editor-FacialAnimation.dll (API version 3709383).
LogModuleManager: Display: Found up-to-date module file ../../../Engine/Plugins/Editor/FacialAnimation/Binaries/Win64/UE4Editor-FacialAnimationEditor.dll (API version 3709383).
LogModuleManager: Display: Found up-to-date module file ../../../Engine/Plugins/Editor/GameplayTagsEditor/Binaries/Win64/UE4Editor-GameplayTagsEditor.dll (API version 3709383).
LogModuleManager: Display: Found up-to-date module file ../../../Engine/Plugins/Editor/MobileLauncherProfileWizard/Binaries/Win64/UE4Editor-MobileLauncherProfileWizard.dll (API version 3709383).
LogModuleManager: Display: Found up-to-date module file ../../../Engine/Plugins/Editor/PluginBrowser/Binaries/Win64/UE4Editor-PluginBrowser.dll (API version 3709383).
LogModuleManager: Display: Found up-to-date module file ../../../Engine/Plugins/Editor/SpeedTreeImporter/Binaries/Win64/UE4Editor-SpeedTreeImporter.dll (API version 3709383).
LogModuleManager: Display: Found up-to-date module file ../../../Engine/Plugins/Experimental/AlembicImporter/Binaries/Win64/UE4Editor-AlembicImporter.dll (API version 3709383).
LogModuleManager: Display: Found up-to-date module file ../../../Engine/Plugins/Experimental/AlembicImporter/Binaries/Win64/UE4Editor-AlembicLibrary.dll (API version 3709383).
LogModuleManager: Display: Found up-to-date module file ../../../Engine/Plugins/Experimental/CharacterAI/Binaries/Win64/UE4Editor-CharacterAI.dll (API version 3709383).
LogModuleManager: Display: Found up-to-date module file ../../../Engine/Plugins/Experimental/HTML5Networking/Binaries/Win64/UE4Editor-HTML5Networking.dll (API version 3709383).
LogModuleManager: Display: Found up-to-date module file ../../../Engine/Plugins/Media/AndroidMedia/Binaries/Win64/UE4Editor-AndroidMediaEditor.dll (API version 3709383).
LogModuleManager: Display: Found up-to-date module file ../../../Engine/Plugins/Media/AndroidMedia/Binaries/Win64/UE4Editor-AndroidMediaFactory.dll (API version 3709383).
LogModuleManager: Display: Found up-to-date module file ../../../Engine/Plugins/Media/AvfMedia/Binaries/Win64/UE4Editor-AvfMediaEditor.dll (API version 3709383).
LogModuleManager: Display: Found up-to-date module file ../../../Engine/Plugins/Media/AvfMedia/Binaries/Win64/UE4Editor-AvfMediaFactory.dll (API version 3709383).
LogModuleManager: Display: Found up-to-date module file ../../../Engine/Plugins/Media/AvfMedia/Binaries/Win64/UE4Editor-AvfMediaFactory.dll (API version 3709383).
LogModuleManager: Display: Found up-to-date module file ../../../Engine/Plugins/Media/ImgMedia/Binaries/Win64/UE4Editor-ImgMedia.dll (API version 3709383).
LogModuleManager: Display: Found up-to-date module file ../../../Engine/Plugins/Media/ImgMedia/Binaries/Win64/UE4Editor-ImgMediaEditor.dll (API version 3709383).
LogModuleManager: Display: Found up-to-date module file ../../../Engine/Plugins/Media/ImgMedia/Binaries/Win64/UE4Editor-ImgMediaFactory.dll (API version 3709383).
LogModuleManager: Display: Found up-to-date module file ../../../Engine/Plugins/Media/ImgMedia/Binaries/Win64/UE4Editor-ImgMediaFactory.dll (API version 3709383).
LogModuleManager: Display: Found up-to-date module file ../../../Engine/Plugins/Media/ImgMedia/Binaries/Win64/UE4Editor-OpenExrWrapper.dll (API version 3709383).
LogModuleManager: Display: Found up-to-date module file ../../../Engine/Plugins/Media/MediaCompositing/Binaries/Win64/UE4Editor-MediaCompositing.dll (API version 3709383).
LogModuleManager: Display: Found up-to-date module file ../../../Engine/Plugins/Media/MediaCompositing/Binaries/Win64/UE4Editor-MediaCompositingEditor.dll (API version 3709383).
LogModuleManager: Display: Found up-to-date module file ../../../Engine/Plugins/Media/MediaPlayerEditor/Binaries/Win64/UE4Editor-MediaPlayerEditor.dll (API version 3709383).
LogModuleManager: Display: Found up-to-date module file ../../../Engine/Plugins/Media/WmfMedia/Binaries/Win64/UE4Editor-WmfMedia.dll (API version 3709383).
LogModuleManager: Display: Found up-to-date module file ../../../Engine/Plugins/Media/WmfMedia/Binaries/Win64/UE4Editor-WmfMediaEditor.dll (API version 3709383).
LogModuleManager: Display: Found up-to-date module file ../../../Engine/Plugins/Media/WmfMedia/Binaries/Win64/UE4Editor-WmfMediaFactory.dll (API version 3709383).
LogModuleManager: Display: Found up-to-date module file ../../../Engine/Plugins/Media/WmfMedia/Binaries/Win64/UE4Editor-WmfMediaFactory.dll (API version 3709383).
LogModuleManager: Display: Found up-to-date module file ../../../Engine/Plugins/Messaging/TcpMessaging/Binaries/Win64/UE4Editor-TcpMessaging.dll (API version 3709383).
LogModuleManager: Display: Found up-to-date module file ../../../Engine/Plugins/Messaging/UdpMessaging/Binaries/Win64/UE4Editor-UdpMessaging.dll (API version 3709383).
LogModuleManager: Display: Found up-to-date module file ../../../Engine/Plugins/MovieScene/ActorSequence/Binaries/Win64/UE4Editor-ActorSequence.dll (API version 3709383).
LogModuleManager: Display: Found up-to-date module file ../../../Engine/Plugins/MovieScene/LevelSequenceEditor/Binaries/Win64/UE4Editor-LevelSequenceEditor.dll (API version 3709383).
LogModuleManager: Display: Found up-to-date module file ../../../Engine/Plugins/MovieScene/MatineeToLevelSequence/Binaries/Win64/UE4Editor-MatineeToLevelSequence.dll (API version 3709383).
LogModuleManager: Display: Found up-to-date module file ../../../Engine/Plugins/Online/OnlineSubsystem/Binaries/Win64/UE4Editor-OnlineSubsystem.dll (API version 3709383).
LogModuleManager: Display: Found up-to-date module file ../../../Engine/Plugins/Online/OnlineSubsystemNull/Binaries/Win64/UE4Editor-OnlineSubsystemNull.dll (API version 3709383).
LogModuleManager: Display: Found up-to-date module file ../../../Engine/Plugins/Online/OnlineSubsystemUtils/Binaries/Win64/UE4Editor-OnlineSubsystemUtils.dll (API version 3709383).
LogModuleManager: Display: Found up-to-date module file ../../../Engine/Plugins/Online/OnlineSubsystemUtils/Binaries/Win64/UE4Editor-OnlineBlueprintSupport.dll (API version 3709383).
LogModuleManager: Display: Found up-to-date module file ../../../Engine/Plugins/Runtime/AndroidDeviceProfileSelector/Binaries/Win64/UE4Editor-AndroidDeviceProfileSelector.dll (API version 3709383).
LogModuleManager: Display: Found up-to-date module file ../../../Engine/Plugins/Runtime/AndroidPermission/Binaries/Win64/UE4Editor-AndroidPermission.dll (API version 3709383).
LogModuleManager: Display: Found up-to-date module file ../../../Engine/Plugins/Runtime/AppleARKit/Binaries/Win64/UE4Editor-AppleARKit.dll (API version 3709383).
LogModuleManager: Display: Found up-to-date module file ../../../Engine/Plugins/Runtime/ArchVisCharacter/Binaries/Win64/UE4Editor-ArchVisCharacter.dll (API version 3709383).
LogModuleManager: Display: Found up-to-date module file ../../../Engine/Plugins/Runtime/CableComponent/Binaries/Win64/UE4Editor-CableComponent.dll (API version 3709383).
LogModuleManager: Display: Found up-to-date module file ../../../Engine/Plugins/Runtime/CustomMeshComponent/Binaries/Win64/UE4Editor-CustomMeshComponent.dll (API version 3709383).
LogModuleManager: Display: Found up-to-date module file ../../../Engine/Plugins/Runtime/ExampleDeviceProfileSelector/Binaries/Win64/UE4Editor-ExampleDeviceProfileSelector.dll (API version 3709383).
LogModuleManager: Display: Found up-to-date module file ../../../Engine/Plugins/Runtime/ImmediatePhysics/Binaries/Win64/UE4Editor-ImmediatePhysics.dll (API version 3709383).
LogModuleManager: Display: Found up-to-date module file ../../../Engine/Plugins/Runtime/ImmediatePhysics/Binaries/Win64/UE4Editor-ImmediatePhysicsEditor.dll (API version 3709383).
LogModuleManager: Display: Found up-to-date module file ../../../Engine/Plugins/Runtime/LocationServicesBPLibrary/Binaries/Win64/UE4Editor-LocationServicesBPLibrary.dll (API version 3709383).
LogModuleManager: Display: Found up-to-date module file ../../../Engine/Plugins/Runtime/MobilePatchingUtils/Binaries/Win64/UE4Editor-MobilePatchingUtils.dll (API version 3709383).
LogModuleManager: Display: Found up-to-date module file ../../../Engine/Plugins/Runtime/Oculus/OculusVR/Binaries/Win64/UE4Editor-OculusHMD.dll (API version 3709383).
LogModuleManager: Display: Found up-to-date module file ../../../Engine/Plugins/Runtime/Oculus/OculusVR/Binaries/Win64/UE4Editor-OculusInput.dll (API version 3709383).
LogModuleManager: Display: Found up-to-date module file ../../../Engine/Plugins/Runtime/Oculus/OculusVR/Binaries/Win64/UE4Editor-OculusEditor.dll (API version 3709383).
LogModuleManager: Display: Found up-to-date module file ../../../Engine/Plugins/Runtime/PhysXVehicles/Binaries/Win64/UE4Editor-PhysXVehicles.dll (API version 3709383).
LogModuleManager: Display: Found up-to-date module file ../../../Engine/Plugins/Runtime/PhysXVehicles/Binaries/Win64/UE4Editor-PhysXVehiclesEditor.dll (API version 3709383).
LogModuleManager: Display: Found up-to-date module file ../../../Engine/Plugins/Runtime/ProceduralMeshComponent/Binaries/Win64/UE4Editor-ProceduralMeshComponent.dll (API version 3709383).
LogModuleManager: Display: Found up-to-date module file ../../../Engine/Plugins/Runtime/ProceduralMeshComponent/Binaries/Win64/UE4Editor-ProceduralMeshComponentEditor.dll (API version 3709383).
LogModuleManager: Display: Found up-to-date module file ../../../Engine/Plugins/Runtime/RuntimePhysXCooking/Binaries/Win64/UE4Editor-RuntimePhysXCooking.dll (API version 3709383).
LogModuleManager: Display: Found up-to-date module file ../../../Engine/Plugins/Runtime/Steam/SteamVR/Binaries/Win64/UE4Editor-SteamVR.dll (API version 3709383).
LogModuleManager: Display: Found up-to-date module file ../../../Engine/Plugins/Runtime/Steam/SteamVR/Binaries/Win64/UE4Editor-SteamVRController.dll (API version 3709383).
LogModuleManager: Display: Found up-to-date module file ../../../Engine/Plugins/Runtime/WindowsMoviePlayer/Binaries/Win64/UE4Editor-WindowsMoviePlayer.dll (API version 3709383).
LogInit: Using libcurl 7.47.1
LogInit:  - built for x86_64-pc-win32
LogInit:  - supports SSL with OpenSSL/1.0.2g
LogInit:  - supports HTTP deflate (compression) using libz 1.2.8
LogInit:  - other features:
LogInit:      CURL_VERSION_SSL
LogInit:      CURL_VERSION_LIBZ
LogInit:      CURL_VERSION_IPV6
LogInit:      CURL_VERSION_ASYNCHDNS
LogInit:      CURL_VERSION_LARGEFILE
LogInit:      CURL_VERSION_IDN
LogInit:  CurlRequestOptions (configurable via config and command line):
LogInit:  - bVerifyPeer = false  - Libcurl will NOT verify peer certificate
LogInit:  - bUseHttpProxy = false  - Libcurl will NOT use HTTP proxy
LogInit:  - bDontReuseConnections = false  - Libcurl will reuse connections
LogInit:  - CertBundlePath = nullptr  - Libcurl will use whatever was configured at build time.
LogInit: Build: ++UE4+Release-4.18-CL-3832480
LogInit: Engine Version: 4.18.3-3832480+++UE4+Release-4.18
LogInit: Compatible Engine Version: 4.18.0-3709383+++UE4+Release-4.18
LogInit: Net CL: 3709383
LogDevObjectVersion: Number of dev versions registered: 16
LogDevObjectVersion:   Dev-Blueprints (B0D832E4-1F89-4F0D-ACCF-7EB736FD4AA2): 10
LogDevObjectVersion:   Dev-Build (E1C64328-A22C-4D53-A36C-8E866417BD8C): 0
LogDevObjectVersion:   Dev-Core (375EC13C-06E4-48FB-B500-84F0262A717E): 2
LogDevObjectVersion:   Dev-Editor (E4B068ED-F494-42E9-A231-DA0B2E46BB41): 20
LogDevObjectVersion:   Dev-Framework (CFFC743F-43B0-4480-9391-14DF171D2073): 30
LogDevObjectVersion:   Dev-Mobile (B02B49B5-BB20-44E9-A304-32B752E40360): 0
LogDevObjectVersion:   Dev-Networking (A4E4105C-59A1-49B5-A7C5-40C4547EDFEE): 0
LogDevObjectVersion:   Dev-Online (39C831C9-5AE6-47DC-9A44-9C173E1C8E7C): 0
LogDevObjectVersion:   Dev-Physics (78F01B33-EBEA-4F98-B9B4-84EACCB95AA2): 0
LogDevObjectVersion:   Dev-Platform (6631380F-2D4D-43E0-8009-CF276956A95A): 0
LogDevObjectVersion:   Dev-Rendering (12F88B9F-8875-4AFC-A67C-D90C383ABD29): 20
LogDevObjectVersion:   Dev-Sequencer (7B5AE74C-D270-4C10-A958-57980B212A5A): 4
LogDevObjectVersion:   Dev-VR (D7296918-1DD6-4BDD-9DE2-64A83CC13884): 0
LogDevObjectVersion:   Dev-LoadTimes (C2A15278-BFE7-4AFE-6C17-90FF531DF755): 1
LogDevObjectVersion:   Private-Geometry (6EACA3D4-40EC-4CC1-B786-8BED09428FC5): 1
LogDevObjectVersion:   Dev-AnimPhys (29E575DD-E0A3-4627-9D10-D276232CDCEA): 12
LogInit: Compiled (64-bit): Jan 12 2018 02:04:55
LogInit: Compiled with Visual C++: 19.00.24215.01
LogInit: Build Configuration: Development
LogInit: Branch Name: ++UE4+Release-4.18
LogInit: Command line: -EpicPortal 
LogInit: Base directory: C:/Program Files/Epic Games/UE_4.18/Engine/Binaries/Win64/
LogInit: Installed Engine Build: 1
LogInit: Presizing for max 8388607 objects, including 0 objects not considered by GC, pre-allocating 0 bytes for permanent pool.
LogInit: Object subsystem initialized
[2018.02.25-19.49.24:181][  0]LogInit: Selected Device Profile: [Windows]
[2018.02.25-19.49.24:181][  0]LogInit: Applying CVar settings loaded from the selected device profile: [Windows]
[2018.02.25-19.49.24:217][  0]LogInit: Computer: DESKTOP-47R6KV7
[2018.02.25-19.49.24:217][  0]LogInit: User: Megapoort
[2018.02.25-19.49.24:217][  0]LogInit: CPU Page size=4096, Cores=4
[2018.02.25-19.49.24:217][  0]LogInit: High frequency timer resolution =3.411558 MHz
[2018.02.25-19.49.24:217][  0]LogMemory: Memory total: Physical=15.9GB (16GB approx)
[2018.02.25-19.49.24:217][  0]LogMemory: Platform Memory Stats for Windows
[2018.02.25-19.49.24:217][  0]LogMemory: Process Physical Memory: 275.48 MB used, 275.48 MB peak
[2018.02.25-19.49.24:217][  0]LogMemory: Process Virtual Memory: 271.96 MB used, 271.96 MB peak
[2018.02.25-19.49.24:217][  0]LogMemory: Physical Memory: 5656.82 MB used,  10657.90 MB free, 16314.73 MB total
[2018.02.25-19.49.24:218][  0]LogMemory: Virtual Memory: 685.02 MB used,  10657.90 MB free, 134217728.00 MB total
[2018.02.25-19.49.24:406][  0]LogInit: Using OS detected language (de-DE).
[2018.02.25-19.49.24:406][  0]LogInit: Using OS detected locale (de-DE).
[2018.02.25-19.49.24:409][  0]LogTextLocalizationManager: No localization for 'de-DE' exists, so 'en' will be used for the language.
[2018.02.25-19.49.24:409][  0]LogTextLocalizationManager: No localization for 'de-DE' exists, so 'en' will be used for the locale.
[2018.02.25-19.49.24:851][  0]LogInit: Setting process to per monitor DPI aware
[2018.02.25-19.49.25:175][  0]LogD3D11RHI: D3D11 adapters:
[2018.02.25-19.49.25:262][  0]LogD3D11RHI:    0. 'NVIDIA GeForce GTX 1070' (Feature Level 11_0)
[2018.02.25-19.49.25:262][  0]LogD3D11RHI:       8096/0/8157 MB DedicatedVideo/DedicatedSystem/SharedSystem, Outputs:2, VendorId:0x10de
[2018.02.25-19.49.25:264][  0]LogD3D11RHI:    1. 'Microsoft Basic Render Driver' (Feature Level 11_0)
[2018.02.25-19.49.25:264][  0]LogD3D11RHI:       0/0/8157 MB DedicatedVideo/DedicatedSystem/SharedSystem, Outputs:0, VendorId:0x1414
[2018.02.25-19.49.25:264][  0]LogD3D11RHI: Chosen D3D11 Adapter: 0
[2018.02.25-19.49.25:276][  0]LogD3D11RHI: Creating new Direct3DDevice
[2018.02.25-19.49.25:276][  0]LogD3D11RHI:     GPU DeviceId: 0x1b81 (for the marketing name, search the web for "GPU Device Id")
[2018.02.25-19.49.25:276][  0]LogWindows: EnumDisplayDevices:
[2018.02.25-19.49.25:277][  0]LogWindows:    0. 'NVIDIA GeForce GTX 1070' (P:1 D:1)
[2018.02.25-19.49.25:277][  0]LogWindows:    1. 'NVIDIA GeForce GTX 1070' (P:0 D:1)
[2018.02.25-19.49.25:277][  0]LogWindows:    2. 'NVIDIA GeForce GTX 1070' (P:0 D:0)
[2018.02.25-19.49.25:278][  0]LogWindows:    3. 'NVIDIA GeForce GTX 1070' (P:0 D:0)
[2018.02.25-19.49.25:278][  0]LogWindows: DebugString: GetVideoDriverDetailsInvalid PrimaryIsNotTheChoosenAdapter GetVideoDriverDetailsInvalid PrimaryIsNotTheChoosenAdapter GetVideoDriverDetailsInvalid PrimaryIsNotTheChoosenAdapter GetVideoDriverDetailsInvalid PrimaryIsNotTheChoosenAdapter FoundDriverCount:0 
[2018.02.25-19.49.25:278][  0]LogD3D11RHI:     Adapter Name: NVIDIA GeForce GTX 1070
[2018.02.25-19.49.25:278][  0]LogD3D11RHI:   Driver Version: Unknown (internal:Unknown, unified:Unknown)
[2018.02.25-19.49.25:278][  0]LogD3D11RHI:      Driver Date: Unknown
[2018.02.25-19.49.25:278][  0]LogRHI: Texture pool is 5667 MB (70% of 8096 MB)
[2018.02.25-19.49.25:328][  0]LogD3D11RHI: Async texture creation enabled
[2018.02.25-19.49.25:341][  0]LogD3D11RHI: GPU Timing Frequency: 1000.000000 (Debug: 2 1)
[2018.02.25-19.49.25:436][  0]LogShaderCompilers: Guid format shader working directory is -7 characters bigger than the processId version (../../../../../../Users/Megapoort/Desktop/Lyfe/Lyfe_Game/Intermediate/Shaders/WorkingDirectory/12560/).
[2018.02.25-19.49.25:436][  0]LogShaderCompilers: Cleaned the shader compiler working directory 'C:/Users/Megapoort/AppData/Local/Temp/UnrealShaderWorkingDir/210A42E84A2CB8C45A3BD5B55216C220/'.
[2018.02.25-19.49.25:436][  0]LogShaderCompilers: Display: Using Local Shader Compiler.
[2018.02.25-19.49.26:508][  0]LogTemp: Display: Loaded TP AllDesktopTargetPlatform
[2018.02.25-19.49.26:570][  0]LogTemp: Display: Loaded TP MacClientTargetPlatform
[2018.02.25-19.49.26:634][  0]LogTemp: Display: Loaded TP MacNoEditorTargetPlatform
[2018.02.25-19.49.26:697][  0]LogTemp: Display: Loaded TP MacServerTargetPlatform
[2018.02.25-19.49.26:759][  0]LogTemp: Display: Loaded TP MacTargetPlatform
[2018.02.25-19.49.26:821][  0]LogTemp: Display: Loaded TP WindowsClientTargetPlatform
[2018.02.25-19.49.26:884][  0]LogTemp: Display: Loaded TP WindowsNoEditorTargetPlatform
[2018.02.25-19.49.26:946][  0]LogTemp: Display: Loaded TP WindowsServerTargetPlatform
[2018.02.25-19.49.27:000][  0]LogTemp: Display: Loaded TP WindowsTargetPlatform
[2018.02.25-19.49.27:061][  0]LogTemp: Display: Loaded TP Android_ASTCTargetPlatform
[2018.02.25-19.49.27:121][  0]LogTemp: Display: Loaded TP Android_ATCTargetPlatform
[2018.02.25-19.49.27:183][  0]LogTemp: Display: Loaded TP Android_DXTTargetPlatform
[2018.02.25-19.49.27:244][  0]LogTemp: Display: Loaded TP Android_ETC1TargetPlatform
[2018.02.25-19.49.27:305][  0]LogTemp: Display: Loaded TP Android_ETC2TargetPlatform
[2018.02.25-19.49.27:428][  0]LogTemp: Display: Loaded TP Android_MultiTargetPlatform
[2018.02.25-19.49.27:428][  0]LogTemp: Display: Loaded TP Android_PVRTCTargetPlatform
[2018.02.25-19.49.27:508][  0]LogTemp: Display: Loaded TP AndroidTargetPlatform
[2018.02.25-19.49.27:557][  0]LogTemp: Display: Loaded TP HTML5TargetPlatform
[2018.02.25-19.49.27:684][  0]LogTemp: Display: Loaded TP IOSTargetPlatform
[2018.02.25-19.49.27:738][  0]LogTemp: Display: Loaded TP TVOSTargetPlatform
[2018.02.25-19.49.27:801][  0]LogTemp: Display: Loaded TP LinuxClientTargetPlatform
[2018.02.25-19.49.27:864][  0]LogTemp: Display: Loaded TP LinuxNoEditorTargetPlatform
[2018.02.25-19.49.27:926][  0]LogTemp: Display: Loaded TP LinuxServerTargetPlatform
[2018.02.25-19.49.27:989][  0]LogTemp: Display: Loaded TP LinuxTargetPlatform
[2018.02.25-19.49.27:989][  0]LogTargetPlatformManager: Display: Building Assets For Windows
[2018.02.25-19.49.28:579][  0]LogDerivedDataCache: Display: Max Cache Size: 512 MB
[2018.02.25-19.49.28:683][  0]LogDerivedDataCache: Loaded boot cache 0.10s 78MB C:/Users/Megapoort/AppData/Local/UnrealEngine/4.18/DerivedDataCache/Boot.ddc.
[2018.02.25-19.49.28:683][  0]LogDerivedDataCache: Display: Loaded Boot cache: C:/Users/Megapoort/AppData/Local/UnrealEngine/4.18/DerivedDataCache/Boot.ddc
[2018.02.25-19.49.28:683][  0]LogDerivedDataCache: FDerivedDataBackendGraph:  Pak pak cache file ../../../../../../Users/Megapoort/Desktop/Lyfe/Lyfe_Game/DerivedDataCache/DDC.ddp not found, will not use a pak cache.
[2018.02.25-19.49.28:683][  0]LogDerivedDataCache: Unable to find inner node Pak for hierarchical cache Hierarchy.
[2018.02.25-19.49.28:683][  0]LogDerivedDataCache: FDerivedDataBackendGraph:  CompressedPak pak cache file ../../../../../../Users/Megapoort/Desktop/Lyfe/Lyfe_Game/DerivedDataCache/Compressed.ddp not found, will not use a pak cache.
[2018.02.25-19.49.28:683][  0]LogDerivedDataCache: Unable to find inner node CompressedPak for hierarchical cache Hierarchy.
[2018.02.25-19.49.28:712][  0]LogDerivedDataCache: Display: Pak cache opened for reading ../../../Engine/DerivedDataCache/Compressed.ddp.
[2018.02.25-19.49.28:724][  0]LogDerivedDataCache: Using Local data cache path C:/Users/Megapoort/AppData/Local/UnrealEngine/Common/DerivedDataCache: Writable
[2018.02.25-19.49.28:749][  0]LogMaterial: Verifying Global Shaders for PCD3D_SM5
[2018.02.25-19.49.28:750][  0]LogSlate: Using Freetype 2.6.0
[2018.02.25-19.49.28:751][  0]LogSlate: SlateFontCache - WITH_FREETYPE: 1, WITH_HARFBUZZ: 1
[2018.02.25-19.49.28:751][  0]LogSlate: SlateFontCache - WITH_FREETYPE: 1, WITH_HARFBUZZ: 1
[2018.02.25-19.49.29:218][  0]LogInit: Selected Device Profile: [Windows]
[2018.02.25-19.49.29:627][  0]LogSimplygon: Simplygon DLL not present - disabling.
[2018.02.25-19.49.29:675][  0]LogMeshReduction: Using SimplygonSwarm for distributed automatic mesh merging
[2018.02.25-19.49.29:675][  0]LogMeshReduction: Using QuadricMeshReduction for automatic static mesh reduction
[2018.02.25-19.49.29:675][  0]LogMeshReduction: No automatic skeletal mesh reduction module available
[2018.02.25-19.49.29:675][  0]LogMeshReduction: No automatic mesh merging module available
[2018.02.25-19.49.29:675][  0]LogMeshMerging: No automatic mesh merging module available
[2018.02.25-19.49.29:743][  0]LogNetVersion: Lyfe_Game , NetCL: 3709383, EngineNetVer: 2, GameNetVer: 0 (Checksum: 1298029676)
[2018.02.25-19.49.29:951][  0]LogAssetRegistry: FAssetRegistry took 0.0271 seconds to start up
[2018.02.25-19.49.30:522][  0]LogPackageLocalizationCache: Processed 7 localized package path(s) for 1 prioritized culture(s) in 0.058368 seconds
[2018.02.25-19.49.30:528][  0]LogUObjectArray: 35870 objects as part of root set at end of initial load.
[2018.02.25-19.49.30:528][  0]LogUObjectAllocator: 7363704 out of 0 bytes used by permanent object pool.
[2018.02.25-19.49.30:528][  0]LogUObjectArray: CloseDisregardForGC: 0/0 objects in disregard for GC pool
[2018.02.25-19.49.30:591][  0]LogInit: WinSock: version 1.1 (2.2), MaxSocks=32767, MaxUdp=65467
[2018.02.25-19.49.34:074][  0]LogTcpMessaging: Initializing TcpMessaging bridge
[2018.02.25-19.49.34:128][  0]LogUdpMessaging: Initializing bridge on interface 0.0.0.0:0 to multicast group 230.0.0.1:6666.
[2018.02.25-19.49.35:258][  0]LogMaterial: Uniform references updated for custom material expression Custom.
[2018.02.25-19.49.35:752][  0]SourceControl: Source control is disabled
[2018.02.25-19.49.35:752][  0]SourceControl: Source control is disabled
[2018.02.25-19.49.35:837][  0]SourceControl: Source control is disabled
[2018.02.25-19.49.35:902][  0]SourceControl: Source control is disabled
[2018.02.25-19.49.36:967][  0]LogAndroidPermission: UAndroidPermissionCallbackProxy::GetInstance
[2018.02.25-19.49.37:335][  0]LogOcInput: OculusInput pre-init called
[2018.02.25-19.49.37:729][  0]LogEngine: Initializing Engine...
[2018.02.25-19.49.37:732][  0]LogHMD: Failed to initialize OpenVR with code 110
[2018.02.25-19.49.37:972][  0]LogStats: UGameplayTagsManager::ConstructGameplayTagTree: Construct from data asset -  0.000 s
[2018.02.25-19.49.37:972][  0]LogStats: UGameplayTagsManager::ConstructGameplayTagTree: GameplayTagTreeChangedEvent.Broadcast -  0.000 s
[2018.02.25-19.49.38:129][  0]LogAIModule: Creating AISystem for world Untitled
[2018.02.25-19.49.38:153][  0]LogInit: XAudio2 using 'Lautsprecher (Realtek High Definition Audio)' : 2 channels at 48 kHz using 32 bits per sample (channel mask 0x3)
[2018.02.25-19.49.38:171][  0]LogInit: FAudioDevice initialized.
[2018.02.25-19.49.38:293][  0]LogDerivedDataCache: Saved boot cache 0.12s 78MB C:/Users/Megapoort/AppData/Local/UnrealEngine/4.18/DerivedDataCache/Boot.ddc.
[2018.02.25-19.49.38:324][  0]LogInit: Texture streaming: Enabled
[2018.02.25-19.49.38:471][  0]LogEngineSessionManager: EngineSessionManager initialized
[2018.02.25-19.49.38:721][  0]LogInit: Transaction tracking system initialized
[2018.02.25-19.49.39:113][  0]BlueprintLog: New page: Editor Load
[2018.02.25-19.49.40:255][  0]LocalizationService: Localization service is disabled
[2018.02.25-19.49.41:166][  0]LogConsoleResponse: Display: 
[2018.02.25-19.49.41:402][  0]LogCook: Display: Max memory allowance for cook 16384mb min free memory 0mb
[2018.02.25-19.49.41:402][  0]LogCook: Display: Mobile HDR setting 1
[2018.02.25-19.49.41:402][  0]LogGameplayTags: Display: UGameplayTagsManager::DoneAddingNativeTags. DelegateIsBound: 0
[2018.02.25-19.49.42:323][  0]LogFileCache: Scanning file cache for directory 'C:/Users/Megapoort/Desktop/Lyfe/Lyfe_Game/Content/' took 0.02s
[2018.02.25-19.49.43:088][  0]SourceControl: Source control is disabled
[2018.02.25-19.49.43:088][  0]Cmd: MAP LOAD FILE="../../../Engine/Content/Maps/Templates/Template_Default.umap" TEMPLATE=1 SHOWPROGRESS=1 FEATURELEVEL=3
[2018.02.25-19.49.43:088][  0]LightingResults: New page: Lighting Build
[2018.02.25-19.49.43:138][  0]MapCheck: New page: Map Check
[2018.02.25-19.49.43:138][  0]LightingResults: New page: Lighting Build
[2018.02.25-19.49.43:471][  0]LogAIModule: Creating AISystem for world Untitled_1
[2018.02.25-19.49.43:483][  0]LogEditorServer: Finished looking for orphan Actors (0.000 secs)
[2018.02.25-19.49.43:501][  0]Cmd: MAP CHECKDEP NOCLEARLOG
[2018.02.25-19.49.43:565][  0]MapCheck: Map check complete: 0 Error(s), 0 Warning(s), took 63.671ms to complete.
[2018.02.25-19.49.43:565][  0]LogFileHelpers: Loading map 'Template_Default' took 0.477
[2018.02.25-19.49.43:871][  0]LogCollectionManager: Loaded 0 collections in 0.005319 seconds
[2018.02.25-19.49.43:995][  0]LogFileCache: Scanning file cache for directory 'C:/Users/Megapoort/Desktop/Lyfe/Lyfe_Game/Saved/Collections/' took 0.01s
[2018.02.25-19.49.43:995][  0]LogFileCache: Scanning file cache for directory 'C:/Users/Megapoort/Desktop/Lyfe/Lyfe_Game/Content/Developers/Megapoort/Collections/' took 0.01s
[2018.02.25-19.49.43:995][  0]LogFileCache: Scanning file cache for directory 'C:/Users/Megapoort/Desktop/Lyfe/Lyfe_Game/Content/Collections/' took 0.01s
[2018.02.25-19.49.43:995][  0]LogCollectionManager: Rebuilt the GUID cache for 0 collections in 0.000000 seconds
[2018.02.25-19.49.44:009][  0]LogContentBrowser: Native class hierarchy populated in 0.0135 seconds. Added 2365 classes and 523 folders.
[2018.02.25-19.49.44:107][  0]LogContentBrowser: Native class hierarchy updated for 'WidgetCarousel' in 0.0021 seconds. Added 0 classes and 0 folders.
[2018.02.25-19.49.44:646][  0]LogContentBrowser: Native class hierarchy updated for 'AddContentDialog' in 0.0049 seconds. Added 0 classes and 0 folders.
[2018.02.25-19.49.44:763][  0]LogContentBrowser: Native class hierarchy updated for 'SceneOutliner' in 0.0032 seconds. Added 1 classes and 2 folders.
[2018.02.25-19.49.44:957][  0]LogContentBrowser: Native class hierarchy updated for 'HierarchicalLODOutliner' in 0.0020 seconds. Added 1 classes and 2 folders.
[2018.02.25-19.49.44:957][  0]LogLoad: (Engine Initialization) Total time: 24.39 seconds
[2018.02.25-19.49.44:957][  0]LogLoad: (Engine Initialization) Total Blueprint compile time: 0.00 seconds
[2018.02.25-19.49.44:958][  0]LogExternalProfiler: No external profilers were discovered.  External profiling features will not be available.
[2018.02.25-19.49.45:320][  0]LogContentStreaming: Texture pool size now 1000 MB
[2018.02.25-19.49.45:323][  0]LogSlate: Took 0.000398 seconds to synchronously load lazily loaded font '../../../Engine/Content/Slate/Fonts/Roboto-Regular.ttf' (155K)
[2018.02.25-19.49.45:327][  0]LogSlate: Took 0.000324 seconds to synchronously load lazily loaded font '../../../Engine/Content/Slate/Fonts/Roboto-Bold.ttf' (160K)
[2018.02.25-19.49.45:351][  0]LogSlate: Took 0.015411 seconds to synchronously load lazily loaded font '../../../Engine/Content/Editor/Slate/Fonts/FontAwesome.ttf' (139K)
[2018.02.25-19.49.45:541][  0]LogSlate: Took 0.013335 seconds to synchronously load lazily loaded font '../../../Engine/Content/Slate/Fonts/Roboto-Light.ttf' (159K)
[2018.02.25-19.49.45:644][  1]LogRenderer: Reallocating scene render targets to support 804x360 Format 10 NumSamples 1 (Frame:1).
[2018.02.25-19.49.45:644][  1]LogAssetRegistry: Asset discovery search completed in 15.7150 seconds
[2018.02.25-19.49.45:645][  1]LogCollectionManager: Rebuilt the object cache for 0 collections in 0.000000 seconds (found 0 objects)
[2018.02.25-19.49.45:645][  1]LogCollectionManager: Fixed up redirectors for 0 collections in 0.000044 seconds (updated 0 objects)
[2018.02.25-19.49.48:371][ 16]LogSlate: Took 0.000224 seconds to synchronously load lazily loaded font '../../../Engine/Content/Slate/Fonts/Roboto-Light.ttf' (159K)
[2018.02.25-19.49.53:236][330]LogVSAccessor: Warning: Visual Studio is open but could not be queried - it may be blocked by a modal operation
[2018.02.25-19.49.53:251][331]LogVSAccessor: Warning: Visual Studio is open but could not be queried - it may be blocked by a modal operation
[2018.02.25-19.50.31:419][968]LogRenderer: Reallocating scene render targets to support 1616x600 Format 10 NumSamples 1 (Frame:1725).
[2018.02.25-19.51.10:425][ 51]LogVSAccessor: Warning: Visual Studio is open but could not be queried - it may be blocked by a modal operation
[2018.02.25-19.51.33:154][119]LogVSAccessor: Warning: Visual Studio is open but could not be queried - it may be blocked by a modal operation
[2018.02.25-19.52.00:120][200]LogVSAccessor: Warning: Visual Studio is open but could not be queried - it may be blocked by a modal operation
[2018.02.25-19.52.00:453][201]LogVSAccessor: Warning: Visual Studio is open but could not be queried - it may be blocked by a modal operation
[2018.02.25-19.52.00:787][202]LogVSAccessor: Warning: Visual Studio is open but could not be queried - it may be blocked by a modal operation
[2018.02.25-19.52.01:120][203]LogVSAccessor: Warning: Visual Studio is open but could not be queried - it may be blocked by a modal operation
[2018.02.25-19.52.09:210][225]LogVSAccessor: Warning: Visual Studio is open but could not be queried - it may be blocked by a modal operation
[2018.02.25-19.52.09:540][226]LogVSAccessor: Warning: Visual Studio is open but could not be queried - it may be blocked by a modal operation
[2018.02.25-19.52.09:759][227]LogVSAccessor: Warning: Visual Studio is open but could not be queried - it may be blocked by a modal operation
[2018.02.25-19.52.10:092][228]LogVSAccessor: Warning: Visual Studio is open but could not be queried - it may be blocked by a modal operation
[2018.02.25-19.52.10:465][229]LogVSAccessor: Warning: Visual Studio is open but could not be queried - it may be blocked by a modal operation
[2018.02.25-19.52.10:761][230]LogVSAccessor: Warning: Visual Studio is open but could not be queried - it may be blocked by a modal operation
[2018.02.25-19.52.11:092][231]LogVSAccessor: Warning: Visual Studio is open but could not be queried - it may be blocked by a modal operation
[2018.02.25-19.52.11:426][232]LogVSAccessor: Warning: Visual Studio is open but could not be queried - it may be blocked by a modal operation
[2018.02.25-19.52.11:759][233]LogVSAccessor: Warning: Visual Studio is open but could not be queried - it may be blocked by a modal operation
[2018.02.25-19.52.12:093][234]LogVSAccessor: Warning: Visual Studio is open but could not be queried - it may be blocked by a modal operation
[2018.02.25-19.52.12:426][235]LogVSAccessor: Warning: Visual Studio is open but could not be queried - it may be blocked by a modal operation
[2018.02.25-19.52.12:785][236]LogVSAccessor: Warning: Visual Studio is open but could not be queried - it may be blocked by a modal operation
[2018.02.25-19.52.13:093][237]LogVSAccessor: Warning: Visual Studio is open but could not be queried - it may be blocked by a modal operation
[2018.02.25-19.52.13:425][238]LogVSAccessor: Warning: Visual Studio is open but could not be queried - it may be blocked by a modal operation
[2018.02.25-19.52.13:759][239]LogVSAccessor: Warning: Visual Studio is open but could not be queried - it may be blocked by a modal operation
[2018.02.25-19.52.14:092][240]LogVSAccessor: Warning: Visual Studio is open but could not be queried - it may be blocked by a modal operation
[2018.02.25-19.52.14:426][241]LogVSAccessor: Warning: Visual Studio is open but could not be queried - it may be blocked by a modal operation
[2018.02.25-19.52.14:759][242]LogVSAccessor: Warning: Visual Studio is open but could not be queried - it may be blocked by a modal operation
[2018.02.25-19.52.15:093][243]LogVSAccessor: Warning: Visual Studio is open but could not be queried - it may be blocked by a modal operation
[2018.02.25-19.52.15:425][244]LogVSAccessor: Warning: Visual Studio is open but could not be queried - it may be blocked by a modal operation
[2018.02.25-19.52.15:759][245]LogVSAccessor: Warning: Visual Studio is open but could not be queried - it may be blocked by a modal operation
[2018.02.25-19.52.16:092][246]LogVSAccessor: Warning: Visual Studio is open but could not be queried - it may be blocked by a modal operation
[2018.02.25-19.52.16:425][247]LogVSAccessor: Warning: Visual Studio is open but could not be queried - it may be blocked by a modal operation
[2018.02.25-19.52.16:760][248]LogVSAccessor: Warning: Visual Studio is open but could not be queried - it may be blocked by a modal operation
[2018.02.25-19.52.17:093][249]LogVSAccessor: Warning: Visual Studio is open but could not be queried - it may be blocked by a modal operation
[2018.02.25-19.52.17:425][250]LogVSAccessor: Warning: Visual Studio is open but could not be queried - it may be blocked by a modal operation
[2018.02.25-19.52.17:759][251]LogVSAccessor: Warning: Visual Studio is open but could not be queried - it may be blocked by a modal operation
[2018.02.25-19.52.18:092][252]LogVSAccessor: Warning: Visual Studio is open but could not be queried - it may be blocked by a modal operation
[2018.02.25-19.52.18:425][253]LogVSAccessor: Warning: Visual Studio is open but could not be queried - it may be blocked by a modal operation
[2018.02.25-19.52.18:760][254]LogVSAccessor: Warning: Visual Studio is open but could not be queried - it may be blocked by a modal operation
[2018.02.25-19.52.19:092][255]LogVSAccessor: Warning: Visual Studio is open but could not be queried - it may be blocked by a modal operation
[2018.02.25-19.52.19:426][256]LogVSAccessor: Warning: Visual Studio is open but could not be queried - it may be blocked by a modal operation
[2018.02.25-19.52.19:759][257]LogVSAccessor: Warning: Visual Studio is open but could not be queried - it may be blocked by a modal operation
[2018.02.25-19.52.20:092][258]LogVSAccessor: Warning: Visual Studio is open but could not be queried - it may be blocked by a modal operation
[2018.02.25-19.52.20:442][259]LogVSAccessor: Warning: Visual Studio is open but could not be queried - it may be blocked by a modal operation
[2018.02.25-19.52.20:760][260]LogVSAccessor: Warning: Visual Studio is open but could not be queried - it may be blocked by a modal operation
[2018.02.25-19.52.21:093][261]LogVSAccessor: Warning: Visual Studio is open but could not be queried - it may be blocked by a modal operation
[2018.02.25-19.52.21:426][262]LogVSAccessor: Warning: Visual Studio is open but could not be queried - it may be blocked by a modal operation
[2018.02.25-19.52.21:759][263]LogVSAccessor: Warning: Visual Studio is open but could not be queried - it may be blocked by a modal operation
[2018.02.25-19.52.22:092][264]LogVSAccessor: Warning: Visual Studio is open but could not be queried - it may be blocked by a modal operation
[2018.02.25-19.52.22:426][265]LogVSAccessor: Warning: Visual Studio is open but could not be queried - it may be blocked by a modal operation
[2018.02.25-19.52.22:761][266]LogVSAccessor: Warning: Visual Studio is open but could not be queried - it may be blocked by a modal operation
[2018.02.25-19.52.23:093][267]LogVSAccessor: Warning: Visual Studio is open but could not be queried - it may be blocked by a modal operation
[2018.02.25-19.52.23:426][268]LogVSAccessor: Warning: Visual Studio is open but could not be queried - it may be blocked by a modal operation
[2018.02.25-19.52.23:759][269]LogVSAccessor: Warning: Visual Studio is open but could not be queried - it may be blocked by a modal operation
[2018.02.25-19.52.33:617][298]LogVSAccessor: Warning: Visual Studio is open but could not be queried - it may be blocked by a modal operation
[2018.02.25-19.52.33:951][299]LogVSAccessor: Warning: Visual Studio is open but could not be queried - it may be blocked by a modal operation
[2018.02.25-19.52.34:285][300]LogVSAccessor: Warning: Visual Studio is open but could not be queried - it may be blocked by a modal operation
[2018.02.25-19.52.34:617][301]LogVSAccessor: Warning: Visual Studio is open but could not be queried - it may be blocked by a modal operation
[2018.02.25-19.53.43:699][497]LogVSAccessor: Warning: Visual Studio is open but could not be queried - it may be blocked by a modal operation
[2018.02.25-19.53.47:045][507]LogVSAccessor: Warning: Visual Studio is open but could not be queried - it may be blocked by a modal operation
[2018.02.25-19.54.14:033][588]LogVSAccessor: Warning: Visual Studio is open but could not be queried - it may be blocked by a modal operation
[2018.02.25-19.54.14:367][589]LogVSAccessor: Warning: Visual Studio is open but could not be queried - it may be blocked by a modal operation
[2018.02.25-19.54.14:701][590]LogVSAccessor: Warning: Visual Studio is open but could not be queried - it may be blocked by a modal operation
[2018.02.25-19.54.32:699][644]LogVSAccessor: Warning: Visual Studio is open but could not be queried - it may be blocked by a modal operation
[2018.02.25-19.54.33:035][645]LogVSAccessor: Warning: Visual Studio is open but could not be queried - it may be blocked by a modal operation
[2018.02.25-19.54.33:368][646]LogVSAccessor: Warning: Visual Studio is open but could not be queried - it may be blocked by a modal operation
[2018.02.25-19.54.33:701][647]LogVSAccessor: Warning: Visual Studio is open but could not be queried - it may be blocked by a modal operation
[2018.02.25-19.54.34:034][648]LogVSAccessor: Warning: Visual Studio is open but could not be queried - it may be blocked by a modal operation
[2018.02.25-19.54.34:368][649]LogVSAccessor: Warning: Visual Studio is open but could not be queried - it may be blocked by a modal operation
[2018.02.25-19.54.34:706][650]LogVSAccessor: Warning: Visual Studio is open but could not be queried - it may be blocked by a modal operation
[2018.02.25-19.54.35:036][651]LogVSAccessor: Warning: Visual Studio is open but could not be queried - it may be blocked by a modal operation
[2018.02.25-19.54.35:368][652]LogVSAccessor: Warning: Visual Studio is open but could not be queried - it may be blocked by a modal operation
[2018.02.25-19.54.35:701][653]LogVSAccessor: Warning: Visual Studio is open but could not be queried - it may be blocked by a modal operation
[2018.02.25-19.54.36:035][654]LogVSAccessor: Warning: Visual Studio is open but could not be queried - it may be blocked by a modal operation
[2018.02.25-19.54.36:369][655]LogVSAccessor: Warning: Visual Studio is open but could not be queried - it may be blocked by a modal operation
[2018.02.25-19.54.36:701][656]LogVSAccessor: Warning: Visual Studio is open but could not be queried - it may be blocked by a modal operation
[2018.02.25-19.54.37:038][657]LogVSAccessor: Warning: Visual Studio is open but could not be queried - it may be blocked by a modal operation
[2018.02.25-19.54.37:368][658]LogVSAccessor: Warning: Visual Studio is open but could not be queried - it may be blocked by a modal operation
[2018.02.25-19.54.37:701][659]LogVSAccessor: Warning: Visual Studio is open but could not be queried - it may be blocked by a modal operation
[2018.02.25-19.54.38:032][660]LogVSAccessor: Warning: Visual Studio is open but could not be queried - it may be blocked by a modal operation
[2018.02.25-19.54.38:368][661]LogVSAccessor: Warning: Visual Studio is open but could not be queried - it may be blocked by a modal operation
[2018.02.25-19.54.38:701][662]LogVSAccessor: Warning: Visual Studio is open but could not be queried - it may be blocked by a modal operation
[2018.02.25-19.54.39:035][663]LogVSAccessor: Warning: Visual Studio is open but could not be queried - it may be blocked by a modal operation
[2018.02.25-19.54.48:700][692]LogWindows: LaunchFileInExternalEditor C:/Users/Megapoort/Desktop/Lyfe/Lyfe_Game/Source/Lyfe_Game/Public/Camera/Camera_Editor.h 
[2018.02.25-19.54.48:864][692]LogWindows: Launch application code for C:/Users/Megapoort/Desktop/Lyfe/Lyfe_Game/Source/Lyfe_Game/Public/Camera/Camera_Editor.h : 42
[2018.02.25-19.54.48:864][692]LogWindows: LaunchFileInExternalEditor C:/Users/Megapoort/Desktop/Lyfe/Lyfe_Game/Source/Lyfe_Game/Private/Camera/Camera_Editor.cpp 
[2018.02.25-19.54.48:958][692]LogWindows: Launch application code for C:/Users/Megapoort/Desktop/Lyfe/Lyfe_Game/Source/Lyfe_Game/Private/Camera/Camera_Editor.cpp : 42
[2018.02.25-19.54.48:958][692]LogVSAccessor: Warning: Couldn't access Visual Studio
[2018.02.25-19.54.48:966][692]LogVSAccessor: Warning: Couldn't access module table
[2018.02.25-19.54.48:966][692]LogVSAccessor: Warning: Couldn't access module table
[2018.02.25-19.54.48:966][692]LogVSAccessor: Warning: Couldn't access module table
[2018.02.25-19.54.48:966][692]LogVSAccessor: Warning: Couldn't access module table
[2018.02.25-19.54.48:966][692]LogVSAccessor: Warning: Couldn't access module table
[2018.02.25-19.54.48:966][692]LogVSAccessor: Warning: Couldn't access module table
[2018.02.25-19.54.48:967][692]LogVSAccessor: Warning: Couldn't access module table
[2018.02.25-19.54.48:967][692]LogVSAccessor: Warning: Couldn't access module table
[2018.02.25-19.54.48:967][692]LogVSAccessor: Warning: Couldn't access module table
[2018.02.25-19.54.48:967][692]LogVSAccessor: Warning: Couldn't access module table
[2018.02.25-19.54.48:967][692]LogVSAccessor: Warning: Couldn't access module table
[2018.02.25-19.54.48:967][692]LogVSAccessor: Warning: Couldn't access module table
[2018.02.25-19.54.48:967][692]LogVSAccessor: Warning: Couldn't access module table
[2018.02.25-19.54.48:968][692]LogVSAccessor: Warning: Couldn't access module table
[2018.02.25-19.54.48:968][692]LogVSAccessor: Warning: Couldn't access module table
[2018.02.25-19.54.48:968][692]LogVSAccessor: Warning: Couldn't access module table
[2018.02.25-19.54.48:968][692]LogVSAccessor: Warning: Couldn't access module table
[2018.02.25-19.54.48:968][692]LogVSAccessor: Warning: Couldn't access module table
[2018.02.25-19.54.48:968][692]LogVSAccessor: Warning: Couldn't access module table
[2018.02.25-19.54.48:968][692]LogVSAccessor: Warning: Couldn't access module table
[2018.02.25-19.54.48:968][692]LogVSAccessor: Warning: Couldn't access module table
[2018.02.25-19.54.48:969][692]LogVSAccessor: Warning: Couldn't access module table
[2018.02.25-19.54.48:969][692]LogVSAccessor: Warning: Couldn't access module table
[2018.02.25-19.54.48:969][692]LogVSAccessor: Warning: Couldn't access module table
[2018.02.25-19.54.48:969][692]LogVSAccessor: Warning: Couldn't access module table
[2018.02.25-19.54.48:969][692]LogVSAccessor: Warning: Couldn't access module table
[2018.02.25-19.54.48:969][692]LogVSAccessor: Warning: Couldn't access module table
[2018.02.25-19.54.48:970][692]LogVSAccessor: Warning: Couldn't access module table
[2018.02.25-19.54.48:970][692]LogVSAccessor: Warning: Couldn't access module table
[2018.02.25-19.54.48:970][692]LogVSAccessor: Warning: Couldn't access module table
[2018.02.25-19.54.48:970][692]LogVSAccessor: Warning: Couldn't access module table
[2018.02.25-19.54.48:970][692]LogVSAccessor: Warning: Couldn't access module table
[2018.02.25-19.54.48:970][692]LogVSAccessor: Warning: Couldn't access module table
[2018.02.25-19.54.48:971][692]LogVSAccessor: Warning: Couldn't access module table
[2018.02.25-19.54.48:971][692]LogVSAccessor: Warning: Couldn't access module table
[2018.02.25-19.54.48:971][692]LogVSAccessor: Warning: Couldn't access module table
[2018.02.25-19.54.48:971][692]LogVSAccessor: Warning: Couldn't access module table
[2018.02.25-19.54.48:971][692]LogVSAccessor: Warning: Couldn't access module table
[2018.02.25-19.54.48:971][692]LogVSAccessor: Warning: Couldn't access module table
[2018.02.25-19.54.48:972][692]LogVSAccessor: Warning: Couldn't access module table
[2018.02.25-19.54.48:972][692]LogVSAccessor: Warning: Couldn't access module table
[2018.02.25-19.54.48:972][692]LogVSAccessor: Warning: Couldn't access module table
[2018.02.25-19.54.48:972][692]LogVSAccessor: Warning: Couldn't access module table
[2018.02.25-19.54.48:972][692]LogVSAccessor: Warning: Couldn't access module table
[2018.02.25-19.54.48:972][692]LogVSAccessor: Warning: Couldn't access module table
[2018.02.25-19.54.48:973][692]LogVSAccessor: Warning: Couldn't access module table
[2018.02.25-19.54.48:973][692]LogVSAccessor: Warning: Couldn't access module table
[2018.02.25-19.54.48:973][692]LogVSAccessor: Warning: Couldn't access module table
[2018.02.25-19.54.48:973][692]LogVSAccessor: Warning: Couldn't access module table
[2018.02.25-19.54.48:973][692]LogVSAccessor: Warning: Couldn't access module table
[2018.02.25-19.54.48:973][692]LogVSAccessor: Warning: Couldn't access module table
[2018.02.25-19.54.48:973][692]LogVSAccessor: Warning: Couldn't access module table
[2018.02.25-19.54.48:974][692]LogVSAccessor: Warning: Couldn't access module table
[2018.02.25-19.54.48:974][692]LogVSAccessor: Warning: Couldn't access module table
[2018.02.25-19.54.48:974][692]LogVSAccessor: Warning: Couldn't access module table
[2018.02.25-19.54.48:974][692]LogVSAccessor: Warning: Couldn't access module table
[2018.02.25-19.54.48:974][692]LogVSAccessor: Warning: Couldn't access module table
[2018.02.25-19.54.48:974][692]LogVSAccessor: Warning: Couldn't access module table
[2018.02.25-19.54.48:974][692]LogVSAccessor: Warning: Couldn't access module table
[2018.02.25-19.54.48:975][692]LogVSAccessor: Warning: Couldn't access module table
[2018.02.25-19.54.48:975][692]LogVSAccessor: Warning: Couldn't access module table
[2018.02.25-19.54.48:975][692]LogVSAccessor: Warning: Couldn't access module table
[2018.02.25-19.54.48:975][692]LogVSAccessor: Warning: Couldn't access module table
[2018.02.25-19.54.48:975][692]LogVSAccessor: Warning: Couldn't access module table
[2018.02.25-19.54.48:975][692]LogVSAccessor: Warning: Couldn't access module table
[2018.02.25-19.54.48:976][692]LogVSAccessor: Warning: Couldn't access module table
[2018.02.25-19.54.48:976][692]LogVSAccessor: Warning: Couldn't access module table
[2018.02.25-19.54.48:976][692]LogVSAccessor: Warning: Couldn't access module table
[2018.02.25-19.54.48:976][692]LogVSAccessor: Warning: Couldn't access module table
[2018.02.25-19.54.48:976][692]LogVSAccessor: Warning: Couldn't access module table
[2018.02.25-19.54.48:977][692]LogVSAccessor: Warning: Couldn't access module table
[2018.02.25-19.54.48:977][692]LogVSAccessor: Warning: Couldn't access module table
[2018.02.25-19.54.48:977][692]LogVSAccessor: Warning: Couldn't access module table
[2018.02.25-19.54.48:977][692]LogVSAccessor: Warning: Couldn't access module table
[2018.02.25-19.54.48:977][692]LogVSAccessor: Warning: Couldn't access module table
[2018.02.25-19.54.48:977][692]LogVSAccessor: Warning: Couldn't access module table
[2018.02.25-19.54.48:977][692]LogVSAccessor: Warning: Couldn't access module table
[2018.02.25-19.54.48:978][692]LogVSAccessor: Warning: Couldn't access module table
[2018.02.25-19.54.48:978][692]LogVSAccessor: Warning: Couldn't access module table
[2018.02.25-19.54.48:978][692]LogVSAccessor: Warning: Couldn't access module table
[2018.02.25-19.54.48:978][692]LogVSAccessor: Warning: Couldn't access module table
[2018.02.25-19.54.48:978][692]LogVSAccessor: Warning: Couldn't access module table
[2018.02.25-19.54.48:978][692]LogVSAccessor: Warning: Couldn't access module table
[2018.02.25-19.54.48:978][692]LogVSAccessor: Warning: Couldn't access module table
[2018.02.25-19.54.48:979][692]LogVSAccessor: Warning: Couldn't access module table
[2018.02.25-19.54.48:979][692]LogVSAccessor: Warning: Couldn't access module table
[2018.02.25-19.54.48:979][692]LogVSAccessor: Warning: Couldn't access module table
[2018.02.25-19.54.48:979][692]LogVSAccessor: Warning: Couldn't access module table
[2018.02.25-19.54.48:979][692]LogVSAccessor: Warning: Couldn't access module table
[2018.02.25-19.54.48:979][692]LogVSAccessor: Warning: Couldn't access module table
[2018.02.25-19.54.48:980][692]LogVSAccessor: Warning: Couldn't access module table
[2018.02.25-19.54.48:980][692]LogVSAccessor: Warning: Couldn't access module table
[2018.02.25-19.54.48:980][692]LogVSAccessor: Warning: Couldn't access module table
[2018.02.25-19.54.48:980][692]LogVSAccessor: Warning: Couldn't access module table
[2018.02.25-19.54.49:021][692]LogVSAccessor: Warning: Couldn't access module table
[2018.02.25-19.54.49:032][692]LogVSAccessor: Warning: Couldn't access module table
[2018.02.25-19.54.49:070][692]LogVSAccessor: Warning: Couldn't access module table
[2018.02.25-19.54.49:070][692]LogVSAccessor: Warning: Couldn't access module table
[2018.02.25-19.54.49:072][692]LogVSAccessor: Warning: Couldn't access module table
[2018.02.25-19.54.49:072][692]LogVSAccessor: Warning: Couldn't access module table
[2018.02.25-19.56.26:472][ 73]LogWindowsTextInputMethodSystem: Display: IME system now deactivated.
[2018.02.25-19.56.26:661][ 74]Cmd: QUIT_EDITOR
[2018.02.25-19.56.26:717][ 74]LogExit: Preparing to exit.
[2018.02.25-19.56.27:273][ 74]LogDirectoryWatcher: A directory notification for 'C:/Users/Megapoort/Desktop/Lyfe/Lyfe_Game/Content/' was aborted.
[2018.02.25-19.56.27:290][ 74]LogExit: Editor shut down
[2018.02.25-19.56.27:296][ 74]LogExit: Transaction tracking system shut down
[2018.02.25-19.56.27:423][ 74]LogDirectoryWatcher: A directory notification for '../../../Engine/Content/' was aborted.
[2018.02.25-19.56.27:423][ 74]LogDirectoryWatcher: A directory notification for '../../../../../../Users/Megapoort/Desktop/Lyfe/Lyfe_Game/Content/' was aborted.
[2018.02.25-19.56.27:423][ 74]LogDirectoryWatcher: A directory notification for '../../../Engine/Plugins/2D/Paper2D/Content/' was aborted.
[2018.02.25-19.56.27:423][ 74]LogDirectoryWatcher: A directory notification for '../../../Engine/Plugins/Media/MediaCompositing/Content/' was aborted.
[2018.02.25-19.56.27:423][ 74]LogDirectoryWatcher: A directory notification for '../../../Engine/Plugins/Runtime/AppleARKit/Content/' was aborted.
[2018.02.25-19.56.27:423][ 74]LogDirectoryWatcher: A directory notification for '../../../Engine/Plugins/Runtime/Oculus/OculusVR/Content/' was aborted.
[2018.02.25-19.56.27:424][ 74]LogDirectoryWatcher: A directory notification for '../../../Engine/Plugins/Runtime/Steam/SteamVR/Content/' was aborted.
[2018.02.25-19.56.27:479][ 74]LogExit: Object subsystem successfully closed.
[2018.02.25-19.56.27:498][ 74]LogD3D11RHI: Shutdown
[2018.02.25-19.56.27:498][ 74]LogD3D11RHI: CleanupD3DDevice
[2018.02.25-19.56.27:499][ 74]LogD3D11RHI: ~FD3D11DynamicRHI
[2018.02.25-19.56.27:517][ 74]LogModuleManager: Shutting down and abandoning module HierarchicalLODOutliner (552)
[2018.02.25-19.56.27:517][ 74]LogModuleManager: Shutting down and abandoning module DesktopPlatform (550)
[2018.02.25-19.56.27:517][ 74]LogModuleManager: Shutting down and abandoning module SceneOutliner (548)
[2018.02.25-19.56.27:517][ 74]LogModuleManager: Shutting down and abandoning module AddContentDialog (546)
[2018.02.25-19.56.27:517][ 74]LogDirectoryWatcher: A directory notification for 'C:/Program Files/Epic Games/UE_4.18/FeaturePacks/' was aborted.
[2018.02.25-19.56.27:519][ 74]LogModuleManager: Shutting down and abandoning module WidgetCarousel (545)
[2018.02.25-19.56.27:519][ 74]LogModuleManager: Shutting down and abandoning module EditorWidgets (542)
[2018.02.25-19.56.27:519][ 74]LogModuleManager: Shutting down and abandoning module CollectionManager (540)
[2018.02.25-19.56.27:519][ 74]LogDirectoryWatcher: A directory notification for 'C:/Users/Megapoort/Desktop/Lyfe/Lyfe_Game/Content/Collections/' was aborted.
[2018.02.25-19.56.27:519][ 74]LogDirectoryWatcher: A directory notification for 'C:/Users/Megapoort/Desktop/Lyfe/Lyfe_Game/Content/Developers/Megapoort/Collections/' was aborted.
[2018.02.25-19.56.27:519][ 74]LogDirectoryWatcher: A directory notification for 'C:/Users/Megapoort/Desktop/Lyfe/Lyfe_Game/Saved/Collections/' was aborted.
[2018.02.25-19.56.27:519][ 74]LogModuleManager: Shutting down and abandoning module HierarchicalLODUtilities (538)
[2018.02.25-19.56.27:519][ 74]LogModuleManager: Shutting down and abandoning module StatsViewer (536)
[2018.02.25-19.56.27:519][ 74]LogModuleManager: Shutting down and abandoning module FoliageEdit (534)
[2018.02.25-19.56.27:519][ 74]LogModuleManager: Shutting down and abandoning module LandscapeEditor (532)
[2018.02.25-19.56.27:519][ 74]LogModuleManager: Shutting down and abandoning module MeshPaintMode (530)
[2018.02.25-19.56.27:520][ 74]LogModuleManager: Shutting down and abandoning module SceneDepthPickerMode (528)
[2018.02.25-19.56.27:520][ 74]LogModuleManager: Shutting down and abandoning module ActorPickerMode (526)
[2018.02.25-19.56.27:520][ 74]LogModuleManager: Shutting down and abandoning module GeometryMode (524)
[2018.02.25-19.56.27:520][ 74]LogModuleManager: Shutting down and abandoning module TextureAlignMode (522)
[2018.02.25-19.56.27:520][ 74]LogModuleManager: Shutting down and abandoning module BspMode (520)
[2018.02.25-19.56.27:520][ 74]LogModuleManager: Shutting down and abandoning module PIEPreviewDeviceProfileSelector (518)
[2018.02.25-19.56.27:520][ 74]LogModuleManager: Shutting down and abandoning module HardwareSurvey (516)
[2018.02.25-19.56.27:520][ 74]LogModuleManager: Shutting down and abandoning module SequenceRecorderSections (514)
[2018.02.25-19.56.27:520][ 74]LogModuleManager: Shutting down and abandoning module AutomationWorker (512)
[2018.02.25-19.56.27:520][ 74]LogModuleManager: Shutting down and abandoning module MatineeToLevelSequence (510)
[2018.02.25-19.56.27:520][ 74]LogModuleManager: Shutting down and abandoning module LevelSequenceEditor (508)
[2018.02.25-19.56.27:520][ 74]LogModuleManager: Shutting down and abandoning module PlacementMode (507)
[2018.02.25-19.56.27:520][ 74]LogModuleManager: Shutting down and abandoning module WmfMediaFactory (504)
[2018.02.25-19.56.27:520][ 74]LogModuleManager: Shutting down and abandoning module WmfMediaEditor (502)
[2018.02.25-19.56.27:520][ 74]LogModuleManager: Shutting down and abandoning module OpenExrWrapper (500)
[2018.02.25-19.56.27:520][ 74]LogModuleManager: Shutting down and abandoning module ImgMediaFactory (498)
[2018.02.25-19.56.27:520][ 74]LogModuleManager: Shutting down and abandoning module ImgMediaEditor (496)
[2018.02.25-19.56.27:520][ 74]LogModuleManager: Shutting down and abandoning module AvfMediaFactory (494)
[2018.02.25-19.56.27:520][ 74]LogModuleManager: Shutting down and abandoning module AvfMediaEditor (492)
[2018.02.25-19.56.27:520][ 74]LogModuleManager: Shutting down and abandoning module AndroidMediaFactory (490)
[2018.02.25-19.56.27:520][ 74]LogModuleManager: Shutting down and abandoning module AndroidMediaEditor (488)
[2018.02.25-19.56.27:520][ 74]LogModuleManager: Shutting down and abandoning module CharacterAI (486)
[2018.02.25-19.56.27:520][ 74]LogModuleManager: Shutting down and abandoning module AudioCapture (484)
[2018.02.25-19.56.27:520][ 74]LogModuleManager: Shutting down and abandoning module SequenceRecorder (483)
[2018.02.25-19.56.27:520][ 74]LogModuleManager: Shutting down and abandoning module SmartSnapping (480)
[2018.02.25-19.56.27:520][ 74]LogModuleManager: Shutting down and abandoning module SessionServices (478)
[2018.02.25-19.56.27:520][ 74]LogModuleManager: Shutting down and abandoning module ViewportSnapping (476)
[2018.02.25-19.56.27:520][ 74]LogModuleManager: Shutting down and abandoning module ViewportInteraction (474)
[2018.02.25-19.56.27:520][ 74]LogModuleManager: Shutting down and abandoning module ClothPainter (472)
[2018.02.25-19.56.27:520][ 74]LogModuleManager: Shutting down and abandoning module SkeletalMeshEditor (471)
[2018.02.25-19.56.27:520][ 74]LogModuleManager: Shutting down and abandoning module LogVisualizer (468)
[2018.02.25-19.56.27:520][ 74]LogModuleManager: Shutting down and abandoning module IntroTutorials (466)
[2018.02.25-19.56.27:520][ 74]LogModuleManager: Shutting down and abandoning module GameProjectGeneration (465)
[2018.02.25-19.56.27:520][ 74]LogModuleManager: Shutting down and abandoning module IOSPlatformEditor (462)
[2018.02.25-19.56.27:520][ 74]LogModuleManager: Shutting down and abandoning module HTML5PlatformEditor (460)
[2018.02.25-19.56.27:520][ 74]LogModuleManager: Shutting down and abandoning module AndroidPlatformEditor (458)
[2018.02.25-19.56.27:521][ 74]LogModuleManager: Shutting down and abandoning module AndroidDeviceDetection (457)
[2018.02.25-19.56.27:832][ 74]LogModuleManager: Shutting down and abandoning module WindowsPlatformEditor (454)
[2018.02.25-19.56.27:832][ 74]LogModuleManager: Shutting down and abandoning module IOSRuntimeSettings (452)
[2018.02.25-19.56.27:832][ 74]LogModuleManager: Shutting down and abandoning module AndroidRuntimeSettings (450)
[2018.02.25-19.56.27:832][ 74]LogModuleManager: Shutting down and abandoning module InputBindingEditor (448)
[2018.02.25-19.56.27:832][ 74]LogModuleManager: Shutting down and abandoning module MergeActors (446)
[2018.02.25-19.56.27:832][ 74]LogModuleManager: Shutting down and abandoning module SizeMap (444)
[2018.02.25-19.56.27:832][ 74]LogModuleManager: Shutting down and abandoning module TreeMap (442)
[2018.02.25-19.56.27:832][ 74]LogModuleManager: Shutting down and abandoning module ReferenceViewer (440)
[2018.02.25-19.56.27:832][ 74]LogModuleManager: Shutting down and abandoning module LocalizationDashboard (438)
[2018.02.25-19.56.27:832][ 74]LogModuleManager: Shutting down and abandoning module LocalizationService (437)
[2018.02.25-19.56.27:832][ 74]LogModuleManager: Shutting down and abandoning module HardwareTargeting (434)
[2018.02.25-19.56.27:832][ 74]LogModuleManager: Shutting down and abandoning module DeviceProfileEditor (432)
[2018.02.25-19.56.27:832][ 74]LogModuleManager: Shutting down and abandoning module UndoHistory (430)
[2018.02.25-19.56.27:833][ 74]LogModuleManager: Shutting down and abandoning module XmlParser (428)
[2018.02.25-19.56.27:833][ 74]LogModuleManager: Shutting down and abandoning module Blutility (426)
[2018.02.25-19.56.27:833][ 74]LogModuleManager: Shutting down and abandoning module ProjectSettingsViewer (424)
[2018.02.25-19.56.27:833][ 74]LogModuleManager: Shutting down and abandoning module ProjectTargetPlatformEditor (423)
[2018.02.25-19.56.27:833][ 74]LogModuleManager: Shutting down and abandoning module EditorSettingsViewer (420)
[2018.02.25-19.56.27:833][ 74]LogModuleManager: Shutting down and abandoning module SettingsEditor (418)
[2018.02.25-19.56.27:833][ 74]LogModuleManager: Shutting down and abandoning module ProjectLauncher (416)
[2018.02.25-19.56.27:833][ 74]LogModuleManager: Shutting down and abandoning module SessionFrontend (414)
[2018.02.25-19.56.27:833][ 74]LogModuleManager: Shutting down and abandoning module ProfilerClient (412)
[2018.02.25-19.56.27:833][ 74]LogModuleManager: Shutting down and abandoning module DeviceManager (410)
[2018.02.25-19.56.27:833][ 74]LogModuleManager: Shutting down and abandoning module TargetDeviceServices (409)
[2018.02.25-19.56.27:884][ 74]LogModuleManager: Shutting down and abandoning module AutomationController (406)
[2018.02.25-19.56.27:884][ 74]LogModuleManager: Shutting down and abandoning module AutomationWindow (404)
[2018.02.25-19.56.27:884][ 74]LogModuleManager: Shutting down and abandoning module Layers (402)
[2018.02.25-19.56.27:885][ 74]LogModuleManager: Shutting down and abandoning module ComponentVisualizers (400)
[2018.02.25-19.56.27:885][ 74]LogModuleManager: Shutting down and abandoning module DetailCustomizations (398)
[2018.02.25-19.56.27:885][ 74]LogModuleManager: Shutting down and abandoning module PackagesDialog (396)
[2018.02.25-19.56.27:885][ 74]LogModuleManager: Shutting down and abandoning module Persona (394)
[2018.02.25-19.56.27:885][ 74]LogModuleManager: Shutting down and abandoning module AdvancedPreviewScene (393)
[2018.02.25-19.56.27:885][ 74]LogModuleManager: Shutting down and abandoning module AnimGraph (391)
[2018.02.25-19.56.27:885][ 74]LogModuleManager: Shutting down and abandoning module Kismet (388)
[2018.02.25-19.56.27:886][ 74]LogModuleManager: Shutting down and abandoning module ClassViewer (386)
[2018.02.25-19.56.27:886][ 74]LogModuleManager: Shutting down and abandoning module Toolbox (384)
[2018.02.25-19.56.27:886][ 74]LogModuleManager: Shutting down and abandoning module ModuleUI (382)
[2018.02.25-19.56.27:886][ 74]LogModuleManager: Shutting down and abandoning module MovieSceneTools (380)
[2018.02.25-19.56.27:886][ 74]LogModuleManager: Shutting down and abandoning module OutputLog (378)
[2018.02.25-19.56.27:886][ 74]LogModuleManager: Shutting down and abandoning module GammaUI (376)
[2018.02.25-19.56.27:886][ 74]LogModuleManager: Shutting down and abandoning module Documentation (374)
[2018.02.25-19.56.27:886][ 74]LogModuleManager: Shutting down and abandoning module MovieSceneTracks (372)
[2018.02.25-19.56.27:886][ 74]LogModuleManager: Shutting down and abandoning module MovieScene (370)
[2018.02.25-19.56.27:886][ 74]LogModuleManager: Shutting down and abandoning module StreamingPauseRendering (368)
[2018.02.25-19.56.27:886][ 74]LogModuleManager: Shutting down and abandoning module LauncherPlatform (366)
[2018.02.25-19.56.27:886][ 74]LogModuleManager: Shutting down and abandoning module AnalyticsET (364)
[2018.02.25-19.56.27:886][ 74]LogModuleManager: Shutting down and abandoning module PortalServices (362)
[2018.02.25-19.56.27:886][ 74]LogModuleManager: Shutting down and abandoning module PortalRpc (360)
[2018.02.25-19.56.27:886][ 74]LogModuleManager: Shutting down and abandoning module MessagingRpc (358)
[2018.02.25-19.56.27:886][ 74]LogModuleManager: Shutting down and abandoning module AIModule (356)
[2018.02.25-19.56.27:887][ 74]LogModuleManager: Shutting down and abandoning module GameplayDebugger (355)
[2018.02.25-19.56.27:887][ 74]LogModuleManager: Shutting down and abandoning module AITestSuite (353)
[2018.02.25-19.56.27:887][ 74]LogModuleManager: Shutting down and abandoning module ProfilerService (350)
[2018.02.25-19.56.28:012][ 74]LogModuleManager: Shutting down and abandoning module TaskGraph (348)
[2018.02.25-19.56.28:012][ 74]LogModuleManager: Shutting down and abandoning module SteamVRController (346)
[2018.02.25-19.56.28:012][ 74]LogModuleManager: Shutting down and abandoning module ProceduralMeshComponentEditor (344)
[2018.02.25-19.56.28:012][ 74]LogModuleManager: Shutting down and abandoning module ProceduralMeshComponent (342)
[2018.02.25-19.56.28:012][ 74]LogModuleManager: Shutting down and abandoning module OculusInput (340)
[2018.02.25-19.56.28:012][ 74]LogModuleManager: Shutting down and abandoning module MobilePatchingUtils (338)
[2018.02.25-19.56.28:012][ 74]LogModuleManager: Shutting down and abandoning module CustomMeshComponent (336)
[2018.02.25-19.56.28:012][ 74]LogModuleManager: Shutting down and abandoning module CableComponent (334)
[2018.02.25-19.56.28:012][ 74]LogModuleManager: Shutting down and abandoning module ArchVisCharacter (332)
[2018.02.25-19.56.28:012][ 74]LogModuleManager: Shutting down and abandoning module AndroidPermission (330)
[2018.02.25-19.56.28:012][ 74]LogModuleManager: Shutting down and abandoning module ActorSequence (326)
[2018.02.25-19.56.28:012][ 74]LogModuleManager: Shutting down and abandoning module MediaPlayerEditor (324)
[2018.02.25-19.56.28:012][ 74]LogModuleManager: Shutting down and abandoning module MediaCompositingEditor (322)
[2018.02.25-19.56.28:012][ 74]LogModuleManager: Shutting down and abandoning module MediaCompositing (320)
[2018.02.25-19.56.28:012][ 74]LogModuleManager: Shutting down and abandoning module HTML5Networking (318)
[2018.02.25-19.56.28:012][ 74]LogModuleManager: Shutting down and abandoning module AlembicImporter (316)
[2018.02.25-19.56.28:012][ 74]LogModuleManager: Shutting down and abandoning module AlembicLibrary (315)
[2018.02.25-19.56.28:012][ 74]LogModuleManager: Shutting down and abandoning module GeometryCache (314)
[2018.02.25-19.56.28:012][ 74]LogModuleManager: Shutting down and abandoning module GeometryCacheEd (313)
[2018.02.25-19.56.28:012][ 74]LogModuleManager: Shutting down and abandoning module SpeedTreeImporter (308)
[2018.02.25-19.56.28:012][ 74]LogModuleManager: Shutting down and abandoning module PluginBrowser (306)
[2018.02.25-19.56.28:012][ 74]LogModuleManager: Shutting down and abandoning module MobileLauncherProfileWizard (304)
[2018.02.25-19.56.28:012][ 74]LogModuleManager: Shutting down and abandoning module VisualStudioSourceCodeAccess (302)
[2018.02.25-19.56.28:012][ 74]LogModuleManager: Shutting down and abandoning module VisualStudioCodeSourceCodeAccess (300)
[2018.02.25-19.56.28:012][ 74]LogModuleManager: Shutting down and abandoning module UObjectPlugin (298)
[2018.02.25-19.56.28:012][ 74]LogModuleManager: Shutting down and abandoning module SubversionSourceControl (296)
[2018.02.25-19.56.28:012][ 74]LogModuleManager: Shutting down and abandoning module PerforceSourceControl (294)
[2018.02.25-19.56.28:012][ 74]LogModuleManager: Shutting down and abandoning module GitSourceControl (292)
[2018.02.25-19.56.28:013][ 74]LogModuleManager: Shutting down and abandoning module SourceControl (291)
[2018.02.25-19.56.28:013][ 74]LogModuleManager: Shutting down and abandoning module LightPropagationVolumeEditor (288)
[2018.02.25-19.56.28:013][ 74]LogModuleManager: Shutting down and abandoning module PaperTiledImporter (286)
[2018.02.25-19.56.28:013][ 74]LogModuleManager: Shutting down and abandoning module PaperSpriteSheetImporter (284)
[2018.02.25-19.56.28:013][ 74]LogModuleManager: Shutting down and abandoning module Paper2DEditor (282)
[2018.02.25-19.56.28:013][ 74]LogModuleManager: Shutting down and abandoning module MeshPaint (281)
[2018.02.25-19.56.28:013][ 74]LogModuleManager: Shutting down and abandoning module LevelEditor (279)
[2018.02.25-19.56.28:014][ 74]LogModuleManager: Shutting down and abandoning module PixelInspectorModule (278)
[2018.02.25-19.56.28:014][ 74]LogModuleManager: Shutting down and abandoning module MainFrame (276)
[2018.02.25-19.56.28:014][ 74]LogModuleManager: Shutting down and abandoning module HotReload (275)
[2018.02.25-19.56.28:014][ 74]LogDirectoryWatcher: A directory notification for 'C:/Users/Megapoort/Desktop/Lyfe/Lyfe_Game/Binaries/Win64' was aborted.
[2018.02.25-19.56.28:014][ 74]LogModuleManager: Shutting down and abandoning module Lyfe_Game (270)
[2018.02.25-19.56.28:014][ 74]LogModuleManager: Shutting down and abandoning module RuntimePhysXCooking (268)
[2018.02.25-19.56.28:014][ 74]LogModuleManager: Shutting down and abandoning module PhysXVehiclesEditor (266)
[2018.02.25-19.56.28:014][ 74]LogModuleManager: Shutting down and abandoning module PhysXVehicles (264)
[2018.02.25-19.56.28:014][ 74]LogModuleManager: Shutting down and abandoning module OculusEditor (262)
[2018.02.25-19.56.28:014][ 74]LogModuleManager: Shutting down and abandoning module LocationServicesBPLibrary (260)
[2018.02.25-19.56.28:014][ 74]LogModuleManager: Shutting down and abandoning module ImmediatePhysicsEditor (258)
[2018.02.25-19.56.28:014][ 74]LogModuleManager: Shutting down and abandoning module ImmediatePhysics (256)
[2018.02.25-19.56.28:014][ 74]LogModuleManager: Shutting down and abandoning module UdpMessaging (254)
[2018.02.25-19.56.28:115][ 74]LogModuleManager: Shutting down and abandoning module TcpMessaging (252)
[2018.02.25-19.56.28:215][ 74]LogModuleManager: Shutting down and abandoning module GameplayTagsEditor (250)
[2018.02.25-19.56.28:215][ 74]LogModuleManager: Shutting down and abandoning module FacialAnimationEditor (248)
[2018.02.25-19.56.28:215][ 74]LogModuleManager: Shutting down and abandoning module FacialAnimation (246)
[2018.02.25-19.56.28:215][ 74]LogModuleManager: Shutting down and abandoning module AssetManagerEditor (244)
[2018.02.25-19.56.28:216][ 74]LogModuleManager: Shutting down and abandoning module GraphEditor (243)
[2018.02.25-19.56.28:216][ 74]LogModuleManager: Shutting down and abandoning module ContentBrowser (241)
[2018.02.25-19.56.28:218][ 74]LogModuleManager: Shutting down and abandoning module LightPropagationVolumeRuntime (238)
[2018.02.25-19.56.28:218][ 74]LogModuleManager: Shutting down and abandoning module Paper2D (236)
[2018.02.25-19.56.28:218][ 74]LogModuleManager: Shutting down and abandoning module WindowsMoviePlayer (234)
[2018.02.25-19.56.28:218][ 74]LogModuleManager: Shutting down and abandoning module WmfMedia (232)
[2018.02.25-19.56.28:222][ 74]LogModuleManager: Shutting down and abandoning module ImgMedia (230)
[2018.02.25-19.56.28:222][ 74]LogModuleManager: Shutting down and abandoning module PacketHandler (228)
[2018.02.25-19.56.28:222][ 74]LogModuleManager: Shutting down and abandoning module ClothingSystemEditor (226)
[2018.02.25-19.56.28:222][ 74]LogModuleManager: Shutting down and abandoning module ClothingSystemRuntime (224)
[2018.02.25-19.56.28:222][ 74]LogModuleManager: Shutting down and abandoning module MediaAssets (222)
[2018.02.25-19.56.28:222][ 74]LogModuleManager: Shutting down and abandoning module Media (221)
[2018.02.25-19.56.28:228][ 74]LogModuleManager: Shutting down and abandoning module Overlay (218)
[2018.02.25-19.56.28:228][ 74]LogModuleManager: Shutting down and abandoning module OverlayEditor (217)
[2018.02.25-19.56.28:228][ 74]LogModuleManager: Shutting down and abandoning module VREditor (214)
[2018.02.25-19.56.28:229][ 74]LogModuleManager: Shutting down and abandoning module StringTableEditor (212)
[2018.02.25-19.56.28:229][ 74]LogModuleManager: Shutting down and abandoning module GameplayTasksEditor (210)
[2018.02.25-19.56.28:229][ 74]LogModuleManager: Shutting down and abandoning module BehaviorTreeEditor (208)
[2018.02.25-19.56.28:229][ 74]LogModuleManager: Shutting down and abandoning module FunctionalTesting (206)
[2018.02.25-19.56.28:229][ 74]LogModuleManager: Shutting down and abandoning module CollisionAnalyzer (204)
[2018.02.25-19.56.28:229][ 74]LogModuleManager: Shutting down and abandoning module WorkspaceMenuStructure (203)
[2018.02.25-19.56.28:229][ 74]LogModuleManager: Shutting down and abandoning module UMG (200)
[2018.02.25-19.56.28:229][ 74]LogModuleManager: Shutting down and abandoning module UMGEditor (199)
[2018.02.25-19.56.28:229][ 74]LogModuleManager: Shutting down and abandoning module Sequencer (198)
[2018.02.25-19.56.28:229][ 74]LogModuleManager: Shutting down and abandoning module MessageLog (195)
[2018.02.25-19.56.28:229][ 74]LogModuleManager: Shutting down and abandoning module SlateReflector (190)
[2018.02.25-19.56.28:229][ 74]LogModuleManager: Shutting down and abandoning module Slate (188)
[2018.02.25-19.56.28:229][ 74]LogModuleManager: Shutting down and abandoning module EditorStyle (186)
[2018.02.25-19.56.28:235][ 74]LogModuleManager: Shutting down and abandoning module MRMesh (184)
[2018.02.25-19.56.28:235][ 74]LogModuleManager: Shutting down and abandoning module SourceCodeAccess (182)
[2018.02.25-19.56.28:235][ 74]LogModuleManager: Shutting down and abandoning module HeadMountedDisplay (180)
[2018.02.25-19.56.28:235][ 74]LogModuleManager: Shutting down and abandoning module XAudio2 (178)
[2018.02.25-19.56.28:235][ 74]LogModuleManager: Shutting down and abandoning module Networking (176)
[2018.02.25-19.56.28:235][ 74]LogModuleManager: Shutting down and abandoning module Core (172)
[2018.02.25-19.56.28:235][ 74]LogModuleManager: Shutting down and abandoning module LevelSequence (168)
[2018.02.25-19.56.28:235][ 74]LogModuleManager: Shutting down and abandoning module DirectoryWatcher (166)
[2018.02.25-19.56.28:236][ 74]LogModuleManager: Shutting down and abandoning module KismetCompiler (164)
[2018.02.25-19.56.28:236][ 74]LogModuleManager: Shutting down and abandoning module MeshUtilities (162)
[2018.02.25-19.56.28:236][ 74]LogModuleManager: Shutting down and abandoning module MeshMergeUtilities (161)
[2018.02.25-19.56.28:236][ 74]LogModuleManager: Shutting down and abandoning module MeshReductionInterface (160)
[2018.02.25-19.56.28:236][ 74]LogModuleManager: Shutting down and abandoning module SimplygonSwarm (159)
[2018.02.25-19.56.28:236][ 74]LogModuleManager: Shutting down and abandoning module SimplygonMeshReduction (157)
[2018.02.25-19.56.28:236][ 74]LogModuleManager: Shutting down and abandoning module QuadricMeshReduction (155)
[2018.02.25-19.56.28:236][ 74]LogModuleManager: Shutting down and abandoning module MaterialBaking (151)
[2018.02.25-19.56.28:237][ 74]LogModuleManager: Shutting down and abandoning module DerivedDataCache (148)
[2018.02.25-19.56.28:320][ 74]LogDerivedDataCache: Shutdown
[2018.02.25-19.56.28:320][ 74]LogModuleManager: Shutting down and abandoning module TargetPlatform (146)
[2018.02.25-19.56.28:320][ 74]LogModuleManager: Shutting down and abandoning module VulkanShaderFormat (145)
[2018.02.25-19.56.28:320][ 74]LogModuleManager: Shutting down and abandoning module ShaderFormatVectorVM (143)
[2018.02.25-19.56.28:320][ 74]LogModuleManager: Shutting down and abandoning module ShaderFormatOpenGL (141)
[2018.02.25-19.56.28:320][ 74]LogModuleManager: Shutting down and abandoning module ShaderFormatD3D (139)
[2018.02.25-19.56.28:320][ 74]LogModuleManager: Shutting down and abandoning module MetalShaderFormat (137)
[2018.02.25-19.56.28:321][ 74]LogModuleManager: Shutting down and abandoning module TextureFormatUncompressed (135)
[2018.02.25-19.56.28:321][ 74]LogModuleManager: Shutting down and abandoning module TextureFormatPVR (133)
[2018.02.25-19.56.28:321][ 74]LogModuleManager: Shutting down and abandoning module TextureFormatDXT (131)
[2018.02.25-19.56.28:321][ 74]LogModuleManager: Shutting down and abandoning module TextureFormatIntelISPCTexComp (129)
[2018.02.25-19.56.28:321][ 74]LogModuleManager: Shutting down and abandoning module TextureFormatASTC (127)
[2018.02.25-19.56.28:321][ 74]LogModuleManager: Shutting down and abandoning module ImageWrapper (126)
[2018.02.25-19.56.28:321][ 74]LogModuleManager: Shutting down and abandoning module TextureFormatAndroid (123)
[2018.02.25-19.56.28:321][ 74]LogModuleManager: Shutting down and abandoning module AudioFormatOpus (121)
[2018.02.25-19.56.28:321][ 74]LogModuleManager: Shutting down and abandoning module AudioFormatOgg (119)
[2018.02.25-19.56.28:321][ 74]LogModuleManager: Shutting down and abandoning module AudioFormatADPCM (117)
[2018.02.25-19.56.28:321][ 74]LogModuleManager: Shutting down and abandoning module LinuxTargetPlatform (115)
[2018.02.25-19.56.28:321][ 74]LogModuleManager: Shutting down and abandoning module LinuxServerTargetPlatform (113)
[2018.02.25-19.56.28:321][ 74]LogModuleManager: Shutting down and abandoning module LinuxNoEditorTargetPlatform (111)
[2018.02.25-19.56.28:321][ 74]LogModuleManager: Shutting down and abandoning module LinuxClientTargetPlatform (109)
[2018.02.25-19.56.28:321][ 74]LogModuleManager: Shutting down and abandoning module TVOSTargetPlatform (107)
[2018.02.25-19.56.28:321][ 74]LogModuleManager: Shutting down and abandoning module Messaging (105)
[2018.02.25-19.56.28:321][ 74]LogModuleManager: Shutting down and abandoning module IOSTargetPlatform (103)
[2018.02.25-19.56.28:321][ 74]LogModuleManager: Shutting down and abandoning module HTML5TargetPlatform (101)
[2018.02.25-19.56.28:321][ 74]LogModuleManager: Shutting down and abandoning module AndroidTargetPlatform (99)
[2018.02.25-19.56.28:321][ 74]LogModuleManager: Shutting down and abandoning module Android_PVRTCTargetPlatform (97)
[2018.02.25-19.56.28:322][ 74]LogModuleManager: Shutting down and abandoning module Android_MultiTargetPlatform (95)
[2018.02.25-19.56.28:322][ 74]LogModuleManager: Shutting down and abandoning module Android_ETC2TargetPlatform (93)
[2018.02.25-19.56.28:322][ 74]LogModuleManager: Shutting down and abandoning module Android_ETC1TargetPlatform (91)
[2018.02.25-19.56.28:322][ 74]LogModuleManager: Shutting down and abandoning module Android_DXTTargetPlatform (89)
[2018.02.25-19.56.28:322][ 74]LogModuleManager: Shutting down and abandoning module Android_ATCTargetPlatform (87)
[2018.02.25-19.56.28:322][ 74]LogModuleManager: Shutting down and abandoning module Android_ASTCTargetPlatform (85)
[2018.02.25-19.56.28:322][ 74]LogModuleManager: Shutting down and abandoning module WindowsTargetPlatform (83)
[2018.02.25-19.56.28:322][ 74]LogModuleManager: Shutting down and abandoning module WindowsServerTargetPlatform (81)
[2018.02.25-19.56.28:322][ 74]LogModuleManager: Shutting down and abandoning module WindowsNoEditorTargetPlatform (79)
[2018.02.25-19.56.28:322][ 74]LogModuleManager: Shutting down and abandoning module WindowsClientTargetPlatform (77)
[2018.02.25-19.56.28:322][ 74]LogModuleManager: Shutting down and abandoning module MacTargetPlatform (75)
[2018.02.25-19.56.28:322][ 74]LogModuleManager: Shutting down and abandoning module MacServerTargetPlatform (73)
[2018.02.25-19.56.28:322][ 74]LogModuleManager: Shutting down and abandoning module MacNoEditorTargetPlatform (71)
[2018.02.25-19.56.28:322][ 74]LogModuleManager: Shutting down and abandoning module MacClientTargetPlatform (69)
[2018.02.25-19.56.28:322][ 74]LogModuleManager: Shutting down and abandoning module AllDesktopTargetPlatform (67)
[2018.02.25-19.56.28:322][ 74]LogModuleManager: Shutting down and abandoning module InputCore (64)
[2018.02.25-19.56.28:322][ 74]LogModuleManager: Shutting down and abandoning module Settings (62)
[2018.02.25-19.56.28:322][ 74]LogModuleManager: Shutting down and abandoning module PhysXCooking (60)
[2018.02.25-19.56.28:322][ 74]LogModuleManager: Shutting down and abandoning module SteamVR (58)
[2018.02.25-19.56.28:322][ 74]LogModuleManager: Shutting down and abandoning module OculusHMD (56)
[2018.02.25-19.56.28:322][ 74]LogModuleManager: Shutting down and abandoning module ExampleDeviceProfileSelector (54)
[2018.02.25-19.56.28:322][ 74]LogModuleManager: Shutting down and abandoning module AppleARKit (52)
[2018.02.25-19.56.28:322][ 74]LogModuleManager: Shutting down and abandoning module AugmentedReality (51)
[2018.02.25-19.56.28:323][ 74]LogModuleManager: Shutting down and abandoning module OnlineBlueprintSupport (48)
[2018.02.25-19.56.28:323][ 74]LogModuleManager: Shutting down and abandoning module OnlineSubsystem (44)
[2018.02.25-19.56.28:323][ 74]LogModuleManager: Shutting down and abandoning module XMPP (43)
[2018.02.25-19.56.28:323][ 74]LogModuleManager: Shutting down and abandoning module HTTP (41)
[2018.02.25-19.56.28:323][ 74]LogHttp: Display: Http module shutting down, but needs to wait on 1 outstanding Http requests:
[2018.02.25-19.56.28:323][ 74]LogHttp: Display: 	verb=[POST] url=[https://datarouter.ol.epicgames.com/datarouter/api/v1/public/data?SessionID=%7B7C6B30A4-45B2-39D3-68F3-15905312816B%7D&AppID=UEEditor.Rocket.Release&AppVersion=4.18.3-3832480%2B%2B%2BUE4%2BRelease-4.18&UserID=7eb6bad64ce15bbb303063bcd884f707%7C93b0efcff2a6400190eaefacfcaa8ee1%7Ca0bc31c3-cdf1-46e9-bcbf-4702d3bc8472&AppEnvironment=datacollector-binary&UploadType=eteventstream] status=Processing
[2018.02.25-19.56.28:332][ 74]LogModuleManager: Shutting down and abandoning module SSL (40)
[2018.02.25-19.56.28:334][ 74]LogModuleManager: Shutting down and abandoning module AnimationModifiers (36)
[2018.02.25-19.56.28:334][ 74]LogModuleManager: Shutting down and abandoning module PropertyEditor (35)
[2018.02.25-19.56.28:334][ 74]LogModuleManager: Shutting down and abandoning module AudioEditor (32)
[2018.02.25-19.56.28:334][ 74]LogModuleManager: Shutting down and abandoning module TextureCompressor (30)
[2018.02.25-19.56.28:334][ 74]LogModuleManager: Shutting down and abandoning module ShaderCore (28)
[2018.02.25-19.56.28:335][ 74]LogModuleManager: Shutting down and abandoning module Landscape (26)
[2018.02.25-19.56.28:335][ 74]LogModuleManager: Shutting down and abandoning module SlateRHIRenderer (24)
[2018.02.25-19.56.28:336][ 74]LogModuleManager: Shutting down and abandoning module OpenGLDrv (22)
[2018.02.25-19.56.28:336][ 74]LogModuleManager: Shutting down and abandoning module D3D11RHI (20)
[2018.02.25-19.56.28:336][ 74]LogModuleManager: Shutting down and abandoning module AnimGraphRuntime (18)
[2018.02.25-19.56.28:336][ 74]LogModuleManager: Shutting down and abandoning module Renderer (16)
[2018.02.25-19.56.28:336][ 74]LogModuleManager: Shutting down and abandoning module Engine (14)
[2018.02.25-19.56.28:336][ 74]LogModuleManager: Shutting down and abandoning module CoreUObject (12)
[2018.02.25-19.56.28:336][ 74]LogModuleManager: Shutting down and abandoning module NetworkFile (10)
[2018.02.25-19.56.28:336][ 74]LogModuleManager: Shutting down and abandoning module CookedIterativeFile (8)
[2018.02.25-19.56.28:336][ 74]LogModuleManager: Shutting down and abandoning module StreamingFile (6)
[2018.02.25-19.56.28:336][ 74]LogModuleManager: Shutting down and abandoning module SandboxFile (4)
[2018.02.25-19.56.28:336][ 74]LogModuleManager: Shutting down and abandoning module PakFile (2)
[2018.02.25-19.56.28:343][ 74]LogExit: Exiting.
[2018.02.25-19.56.28:372][ 74]Log file closed, 02/25/18 20:56:28
