Log file open, 02/27/18 18:24:24
LogWindows: Failed to load 'aqProf.dll' (GetLastError=126)
LogWindows: File 'aqProf.dll' does not exist
LogWindows: Failed to load 'VSPerf140.dll' (GetLastError=126)
LogWindows: File 'VSPerf140.dll' does not exist
LogWindows: Failed to load 'VtuneApi.dll' (GetLastError=126)
LogWindows: File 'VtuneApi.dll' does not exist
LogWindows: Failed to load 'VtuneApi32e.dll' (GetLastError=126)
LogWindows: File 'VtuneApi32e.dll' does not exist
LogInit: Display: Running engine for game: Lyfe_Game
LogPlatformFile: Not using cached read wrapper
LogInit: Display: RandInit(-1505328393) SRandInit(-1505328393).
LogInit: Read version file with build ID '3709383'
LogInit: Overriding engine version to CL 3832480, compatible CL 3709383
LogInit: Registered custom module enumerator with build ID '3709383'
LogTaskGraph: Started task graph with 5 named threads and 14 total threads with 3 sets of task threads.
LogStats: Stats thread started at 0.194584
LogD3D11RHI: Aftermath initialized
LogPluginManager: Mounting plugin Paper2D
LogPluginManager: Mounting plugin LightPropagationVolume
LogPluginManager: Mounting plugin CodeLiteSourceCodeAccess
LogPluginManager: Mounting plugin GitSourceControl
LogPluginManager: Mounting plugin KDevelopSourceCodeAccess
LogPluginManager: Mounting plugin NullSourceCodeAccess
LogPluginManager: Mounting plugin PerforceSourceControl
LogPluginManager: Mounting plugin SubversionSourceControl
LogPluginManager: Mounting plugin UObjectPlugin
LogPluginManager: Mounting plugin VisualStudioCodeSourceCodeAccess
LogPluginManager: Mounting plugin VisualStudioSourceCodeAccess
LogPluginManager: Mounting plugin XCodeSourceCodeAccess
LogPluginManager: Mounting plugin AssetManagerEditor
LogPluginManager: Mounting plugin AudioCapture
LogPluginManager: Mounting plugin FacialAnimation
LogPluginManager: Mounting plugin GameplayTagsEditor
LogPluginManager: Mounting plugin MobileLauncherProfileWizard
LogPluginManager: Mounting plugin PluginBrowser
LogPluginManager: Mounting plugin SpeedTreeImporter
LogPluginManager: Mounting plugin AlembicImporter
LogPluginManager: Mounting plugin CharacterAI
LogPluginManager: Mounting plugin HTML5Networking
LogPluginManager: Mounting plugin AndroidMedia
LogPluginManager: Mounting plugin AvfMedia
LogPluginManager: Mounting plugin ImgMedia
LogPluginManager: Mounting plugin MediaCompositing
LogPluginManager: Mounting plugin MediaPlayerEditor
LogPluginManager: Mounting plugin WmfMedia
LogPluginManager: Mounting plugin TcpMessaging
LogPluginManager: Mounting plugin UdpMessaging
LogPluginManager: Mounting plugin ActorSequence
LogPluginManager: Mounting plugin LevelSequenceEditor
LogPluginManager: Mounting plugin MatineeToLevelSequence
LogPluginManager: Mounting plugin OnlineSubsystemGooglePlay
LogPluginManager: Mounting plugin OnlineSubsystemIOS
LogPluginManager: Mounting plugin OnlineSubsystem
LogPluginManager: Mounting plugin OnlineSubsystemNull
LogPluginManager: Mounting plugin OnlineSubsystemUtils
LogPluginManager: Mounting plugin AndroidDeviceProfileSelector
LogPluginManager: Mounting plugin AndroidMoviePlayer
LogPluginManager: Mounting plugin AndroidPermission
LogPluginManager: Mounting plugin AppleARKit
LogPluginManager: Mounting plugin AppleMoviePlayer
LogPluginManager: Mounting plugin ArchVisCharacter
LogPluginManager: Mounting plugin CableComponent
LogPluginManager: Mounting plugin CustomMeshComponent
LogPluginManager: Mounting plugin ExampleDeviceProfileSelector
LogPluginManager: Mounting plugin GoogleCloudMessaging
LogPluginManager: Mounting plugin ImmediatePhysics
LogPluginManager: Mounting plugin IOSDeviceProfileSelector
LogPluginManager: Mounting plugin LinuxDeviceProfileSelector
LogPluginManager: Mounting plugin LocationServicesBPLibrary
LogPluginManager: Mounting plugin MobilePatchingUtils
LogPluginManager: Mounting plugin OculusVR
LogPluginManager: Plugin shader directory ../../../Engine/Plugins/Runtime/Oculus/OculusVR/Shaders found
LogPluginManager: Mapping shader source directory ../../../Engine/Plugins/Runtime/Oculus/OculusVR/Shaders to virtual directory /Plugin/OculusVR
LogPluginManager: Mounting plugin PhysXVehicles
LogPluginManager: Mounting plugin ProceduralMeshComponent
LogPluginManager: Mounting plugin RuntimePhysXCooking
LogPluginManager: Mounting plugin SteamVR
LogPluginManager: Mounting plugin WindowsMoviePlayer
LogModuleManager: Display: Found up-to-date module file ../../../Engine/Plugins/2D/Paper2D/Binaries/Win64/UE4Editor-Paper2D.dll (API version 3709383).
LogModuleManager: Display: Found up-to-date module file ../../../Engine/Plugins/2D/Paper2D/Binaries/Win64/UE4Editor-Paper2DEditor.dll (API version 3709383).
LogModuleManager: Display: Found up-to-date module file ../../../Engine/Plugins/2D/Paper2D/Binaries/Win64/UE4Editor-PaperSpriteSheetImporter.dll (API version 3709383).
LogModuleManager: Display: Found up-to-date module file ../../../Engine/Plugins/2D/Paper2D/Binaries/Win64/UE4Editor-PaperTiledImporter.dll (API version 3709383).
LogModuleManager: Display: Found up-to-date module file ../../../Engine/Plugins/2D/Paper2D/Binaries/Win64/UE4Editor-SmartSnapping.dll (API version 3709383).
LogModuleManager: Display: Found up-to-date module file ../../../Engine/Plugins/Blendables/LightPropagationVolume/Binaries/Win64/UE4Editor-LightPropagationVolumeRuntime.dll (API version 3709383).
LogModuleManager: Display: Found up-to-date module file ../../../Engine/Plugins/Blendables/LightPropagationVolume/Binaries/Win64/UE4Editor-LightPropagationVolumeEditor.dll (API version 3709383).
LogModuleManager: Display: Found up-to-date module file ../../../Engine/Plugins/Developer/GitSourceControl/Binaries/Win64/UE4Editor-GitSourceControl.dll (API version 3709383).
LogModuleManager: Display: Found up-to-date module file ../../../Engine/Plugins/Developer/PerforceSourceControl/Binaries/Win64/UE4Editor-PerforceSourceControl.dll (API version 3709383).
LogModuleManager: Display: Found up-to-date module file ../../../Engine/Plugins/Developer/SubversionSourceControl/Binaries/Win64/UE4Editor-SubversionSourceControl.dll (API version 3709383).
LogModuleManager: Display: Found up-to-date module file ../../../Engine/Plugins/Developer/UObjectPlugin/Binaries/Win64/UE4Editor-UObjectPlugin.dll (API version 3709383).
LogModuleManager: Display: Found up-to-date module file ../../../Engine/Plugins/Developer/VisualStudioCodeSourceCodeAccess/Binaries/Win64/UE4Editor-VisualStudioCodeSourceCodeAccess.dll (API version 3709383).
LogModuleManager: Display: Found up-to-date module file ../../../Engine/Plugins/Developer/VisualStudioSourceCodeAccess/Binaries/Win64/UE4Editor-VisualStudioSourceCodeAccess.dll (API version 3709383).
LogModuleManager: Display: Found up-to-date module file ../../../Engine/Plugins/Editor/AssetManagerEditor/Binaries/Win64/UE4Editor-AssetManagerEditor.dll (API version 3709383).
LogModuleManager: Display: Found up-to-date module file ../../../Engine/Plugins/Editor/AudioCapture/Binaries/Win64/UE4Editor-AudioCapture.dll (API version 3709383).
LogModuleManager: Display: Found up-to-date module file ../../../Engine/Plugins/Editor/FacialAnimation/Binaries/Win64/UE4Editor-FacialAnimation.dll (API version 3709383).
LogModuleManager: Display: Found up-to-date module file ../../../Engine/Plugins/Editor/FacialAnimation/Binaries/Win64/UE4Editor-FacialAnimationEditor.dll (API version 3709383).
LogModuleManager: Display: Found up-to-date module file ../../../Engine/Plugins/Editor/GameplayTagsEditor/Binaries/Win64/UE4Editor-GameplayTagsEditor.dll (API version 3709383).
LogModuleManager: Display: Found up-to-date module file ../../../Engine/Plugins/Editor/MobileLauncherProfileWizard/Binaries/Win64/UE4Editor-MobileLauncherProfileWizard.dll (API version 3709383).
LogModuleManager: Display: Found up-to-date module file ../../../Engine/Plugins/Editor/PluginBrowser/Binaries/Win64/UE4Editor-PluginBrowser.dll (API version 3709383).
LogModuleManager: Display: Found up-to-date module file ../../../Engine/Plugins/Editor/SpeedTreeImporter/Binaries/Win64/UE4Editor-SpeedTreeImporter.dll (API version 3709383).
LogModuleManager: Display: Found up-to-date module file ../../../Engine/Plugins/Experimental/AlembicImporter/Binaries/Win64/UE4Editor-AlembicImporter.dll (API version 3709383).
LogModuleManager: Display: Found up-to-date module file ../../../Engine/Plugins/Experimental/AlembicImporter/Binaries/Win64/UE4Editor-AlembicLibrary.dll (API version 3709383).
LogModuleManager: Display: Found up-to-date module file ../../../Engine/Plugins/Experimental/CharacterAI/Binaries/Win64/UE4Editor-CharacterAI.dll (API version 3709383).
LogModuleManager: Display: Found up-to-date module file ../../../Engine/Plugins/Experimental/HTML5Networking/Binaries/Win64/UE4Editor-HTML5Networking.dll (API version 3709383).
LogModuleManager: Display: Found up-to-date module file ../../../Engine/Plugins/Media/AndroidMedia/Binaries/Win64/UE4Editor-AndroidMediaEditor.dll (API version 3709383).
LogModuleManager: Display: Found up-to-date module file ../../../Engine/Plugins/Media/AndroidMedia/Binaries/Win64/UE4Editor-AndroidMediaFactory.dll (API version 3709383).
LogModuleManager: Display: Found up-to-date module file ../../../Engine/Plugins/Media/AvfMedia/Binaries/Win64/UE4Editor-AvfMediaEditor.dll (API version 3709383).
LogModuleManager: Display: Found up-to-date module file ../../../Engine/Plugins/Media/AvfMedia/Binaries/Win64/UE4Editor-AvfMediaFactory.dll (API version 3709383).
LogModuleManager: Display: Found up-to-date module file ../../../Engine/Plugins/Media/AvfMedia/Binaries/Win64/UE4Editor-AvfMediaFactory.dll (API version 3709383).
LogModuleManager: Display: Found up-to-date module file ../../../Engine/Plugins/Media/ImgMedia/Binaries/Win64/UE4Editor-ImgMedia.dll (API version 3709383).
LogModuleManager: Display: Found up-to-date module file ../../../Engine/Plugins/Media/ImgMedia/Binaries/Win64/UE4Editor-ImgMediaEditor.dll (API version 3709383).
LogModuleManager: Display: Found up-to-date module file ../../../Engine/Plugins/Media/ImgMedia/Binaries/Win64/UE4Editor-ImgMediaFactory.dll (API version 3709383).
LogModuleManager: Display: Found up-to-date module file ../../../Engine/Plugins/Media/ImgMedia/Binaries/Win64/UE4Editor-ImgMediaFactory.dll (API version 3709383).
LogModuleManager: Display: Found up-to-date module file ../../../Engine/Plugins/Media/ImgMedia/Binaries/Win64/UE4Editor-OpenExrWrapper.dll (API version 3709383).
LogModuleManager: Display: Found up-to-date module file ../../../Engine/Plugins/Media/MediaCompositing/Binaries/Win64/UE4Editor-MediaCompositing.dll (API version 3709383).
LogModuleManager: Display: Found up-to-date module file ../../../Engine/Plugins/Media/MediaCompositing/Binaries/Win64/UE4Editor-MediaCompositingEditor.dll (API version 3709383).
LogModuleManager: Display: Found up-to-date module file ../../../Engine/Plugins/Media/MediaPlayerEditor/Binaries/Win64/UE4Editor-MediaPlayerEditor.dll (API version 3709383).
LogModuleManager: Display: Found up-to-date module file ../../../Engine/Plugins/Media/WmfMedia/Binaries/Win64/UE4Editor-WmfMedia.dll (API version 3709383).
LogModuleManager: Display: Found up-to-date module file ../../../Engine/Plugins/Media/WmfMedia/Binaries/Win64/UE4Editor-WmfMediaEditor.dll (API version 3709383).
LogModuleManager: Display: Found up-to-date module file ../../../Engine/Plugins/Media/WmfMedia/Binaries/Win64/UE4Editor-WmfMediaFactory.dll (API version 3709383).
LogModuleManager: Display: Found up-to-date module file ../../../Engine/Plugins/Media/WmfMedia/Binaries/Win64/UE4Editor-WmfMediaFactory.dll (API version 3709383).
LogModuleManager: Display: Found up-to-date module file ../../../Engine/Plugins/Messaging/TcpMessaging/Binaries/Win64/UE4Editor-TcpMessaging.dll (API version 3709383).
LogModuleManager: Display: Found up-to-date module file ../../../Engine/Plugins/Messaging/UdpMessaging/Binaries/Win64/UE4Editor-UdpMessaging.dll (API version 3709383).
LogModuleManager: Display: Found up-to-date module file ../../../Engine/Plugins/MovieScene/ActorSequence/Binaries/Win64/UE4Editor-ActorSequence.dll (API version 3709383).
LogModuleManager: Display: Found up-to-date module file ../../../Engine/Plugins/MovieScene/LevelSequenceEditor/Binaries/Win64/UE4Editor-LevelSequenceEditor.dll (API version 3709383).
LogModuleManager: Display: Found up-to-date module file ../../../Engine/Plugins/MovieScene/MatineeToLevelSequence/Binaries/Win64/UE4Editor-MatineeToLevelSequence.dll (API version 3709383).
LogModuleManager: Display: Found up-to-date module file ../../../Engine/Plugins/Online/OnlineSubsystem/Binaries/Win64/UE4Editor-OnlineSubsystem.dll (API version 3709383).
LogModuleManager: Display: Found up-to-date module file ../../../Engine/Plugins/Online/OnlineSubsystemNull/Binaries/Win64/UE4Editor-OnlineSubsystemNull.dll (API version 3709383).
LogModuleManager: Display: Found up-to-date module file ../../../Engine/Plugins/Online/OnlineSubsystemUtils/Binaries/Win64/UE4Editor-OnlineSubsystemUtils.dll (API version 3709383).
LogModuleManager: Display: Found up-to-date module file ../../../Engine/Plugins/Online/OnlineSubsystemUtils/Binaries/Win64/UE4Editor-OnlineBlueprintSupport.dll (API version 3709383).
LogModuleManager: Display: Found up-to-date module file ../../../Engine/Plugins/Runtime/AndroidDeviceProfileSelector/Binaries/Win64/UE4Editor-AndroidDeviceProfileSelector.dll (API version 3709383).
LogModuleManager: Display: Found up-to-date module file ../../../Engine/Plugins/Runtime/AndroidPermission/Binaries/Win64/UE4Editor-AndroidPermission.dll (API version 3709383).
LogModuleManager: Display: Found up-to-date module file ../../../Engine/Plugins/Runtime/AppleARKit/Binaries/Win64/UE4Editor-AppleARKit.dll (API version 3709383).
LogModuleManager: Display: Found up-to-date module file ../../../Engine/Plugins/Runtime/ArchVisCharacter/Binaries/Win64/UE4Editor-ArchVisCharacter.dll (API version 3709383).
LogModuleManager: Display: Found up-to-date module file ../../../Engine/Plugins/Runtime/CableComponent/Binaries/Win64/UE4Editor-CableComponent.dll (API version 3709383).
LogModuleManager: Display: Found up-to-date module file ../../../Engine/Plugins/Runtime/CustomMeshComponent/Binaries/Win64/UE4Editor-CustomMeshComponent.dll (API version 3709383).
LogModuleManager: Display: Found up-to-date module file ../../../Engine/Plugins/Runtime/ExampleDeviceProfileSelector/Binaries/Win64/UE4Editor-ExampleDeviceProfileSelector.dll (API version 3709383).
LogModuleManager: Display: Found up-to-date module file ../../../Engine/Plugins/Runtime/ImmediatePhysics/Binaries/Win64/UE4Editor-ImmediatePhysics.dll (API version 3709383).
LogModuleManager: Display: Found up-to-date module file ../../../Engine/Plugins/Runtime/ImmediatePhysics/Binaries/Win64/UE4Editor-ImmediatePhysicsEditor.dll (API version 3709383).
LogModuleManager: Display: Found up-to-date module file ../../../Engine/Plugins/Runtime/LocationServicesBPLibrary/Binaries/Win64/UE4Editor-LocationServicesBPLibrary.dll (API version 3709383).
LogModuleManager: Display: Found up-to-date module file ../../../Engine/Plugins/Runtime/MobilePatchingUtils/Binaries/Win64/UE4Editor-MobilePatchingUtils.dll (API version 3709383).
LogModuleManager: Display: Found up-to-date module file ../../../Engine/Plugins/Runtime/Oculus/OculusVR/Binaries/Win64/UE4Editor-OculusHMD.dll (API version 3709383).
LogModuleManager: Display: Found up-to-date module file ../../../Engine/Plugins/Runtime/Oculus/OculusVR/Binaries/Win64/UE4Editor-OculusInput.dll (API version 3709383).
LogModuleManager: Display: Found up-to-date module file ../../../Engine/Plugins/Runtime/Oculus/OculusVR/Binaries/Win64/UE4Editor-OculusEditor.dll (API version 3709383).
LogModuleManager: Display: Found up-to-date module file ../../../Engine/Plugins/Runtime/PhysXVehicles/Binaries/Win64/UE4Editor-PhysXVehicles.dll (API version 3709383).
LogModuleManager: Display: Found up-to-date module file ../../../Engine/Plugins/Runtime/PhysXVehicles/Binaries/Win64/UE4Editor-PhysXVehiclesEditor.dll (API version 3709383).
LogModuleManager: Display: Found up-to-date module file ../../../Engine/Plugins/Runtime/ProceduralMeshComponent/Binaries/Win64/UE4Editor-ProceduralMeshComponent.dll (API version 3709383).
LogModuleManager: Display: Found up-to-date module file ../../../Engine/Plugins/Runtime/ProceduralMeshComponent/Binaries/Win64/UE4Editor-ProceduralMeshComponentEditor.dll (API version 3709383).
LogModuleManager: Display: Found up-to-date module file ../../../Engine/Plugins/Runtime/RuntimePhysXCooking/Binaries/Win64/UE4Editor-RuntimePhysXCooking.dll (API version 3709383).
LogModuleManager: Display: Found up-to-date module file ../../../Engine/Plugins/Runtime/Steam/SteamVR/Binaries/Win64/UE4Editor-SteamVR.dll (API version 3709383).
LogModuleManager: Display: Found up-to-date module file ../../../Engine/Plugins/Runtime/Steam/SteamVR/Binaries/Win64/UE4Editor-SteamVRController.dll (API version 3709383).
LogModuleManager: Display: Found up-to-date module file ../../../Engine/Plugins/Runtime/WindowsMoviePlayer/Binaries/Win64/UE4Editor-WindowsMoviePlayer.dll (API version 3709383).
LogInit: Warning: Incompatible or missing module: UE4Editor-Lyfe_Game.dll
Running C:/Program Files/Epic Games/UE_4.18/Engine/Binaries/DotNET/UnrealBuildTool.exe Lyfe_Game Development Win64 -project="C:/Users/Megapoort/Desktop/Lyfe/Lyfe_Game/Lyfe_Game.uproject" -editorrecompile -progress -NoHotReloadFromIDE
Using 'git status' to determine working set for adaptive non-unity build.
Creating makefile for Lyfe_Game (no existing makefile)
@progress push 5%
Parsing headers for Lyfe_GameEditor
  Running UnrealHeaderTool "C:\Users\Megapoort\Desktop\Lyfe\Lyfe_Game\Lyfe_Game.uproject" "C:\Users\Megapoort\Desktop\Lyfe\Lyfe_Game\Intermediate\Build\Win64\Lyfe_GameEditor\Development\Lyfe_GameEditor.uhtmanifest" -LogCmds="loginit warning, logexit warning, logdatabase error" -Unattended -WarningsAsErrors -installed
Reflection code generated for Lyfe_GameEditor in 11,8084297 seconds
@progress pop
Performing 6 actions (4 in parallel)
Lyfe_GameGameModeBase.cpp
Lyfe_Game.cpp
Lyfe_GameGameModeBase.gen.cpp
Lyfe_Game.init.gen.cpp
[5/6] Link UE4Editor-Lyfe_Game.dll
[6/6] Link UE4Editor-Lyfe_Game.lib
   Bibliothek "C:\Users\Megapoort\Desktop\Lyfe\Lyfe_Game\Intermediate\Build\Win64\UE4Editor\Development\UE4Editor-Lyfe_Game.lib" und Objekt "C:\Users\Megapoort\Desktop\Lyfe\Lyfe_Game\Intermediate\Build\Win64\UE4Editor\Development\UE4Editor-Lyfe_Game.exp" werden erstellt.
   Bibliothek "C:\Users\Megapoort\Desktop\Lyfe\Lyfe_Game\Intermediate\Build\Win64\UE4Editor\Development\UE4Editor-Lyfe_Game.suppressed.lib" und Objekt "C:\Users\Megapoort\Desktop\Lyfe\Lyfe_Game\Intermediate\Build\Win64\UE4Editor\Development\UE4Editor-Lyfe_Game.suppressed.exp" werden erstellt.
Total build time: 52,76 seconds (Local executor: 3,43 seconds)
LogModuleManager: Display: Found up-to-date module file ../../../../../../Users/Megapoort/Desktop/Lyfe/Lyfe_Game/Binaries/Win64/UE4Editor-Lyfe_Game.dll (API version 3709383).
LogModuleManager: Display: Found up-to-date module file ../../../Engine/Plugins/2D/Paper2D/Binaries/Win64/UE4Editor-Paper2D.dll (API version 3709383).
LogModuleManager: Display: Found up-to-date module file ../../../Engine/Plugins/2D/Paper2D/Binaries/Win64/UE4Editor-Paper2DEditor.dll (API version 3709383).
LogModuleManager: Display: Found up-to-date module file ../../../Engine/Plugins/2D/Paper2D/Binaries/Win64/UE4Editor-PaperSpriteSheetImporter.dll (API version 3709383).
LogModuleManager: Display: Found up-to-date module file ../../../Engine/Plugins/2D/Paper2D/Binaries/Win64/UE4Editor-PaperTiledImporter.dll (API version 3709383).
LogModuleManager: Display: Found up-to-date module file ../../../Engine/Plugins/2D/Paper2D/Binaries/Win64/UE4Editor-SmartSnapping.dll (API version 3709383).
LogModuleManager: Display: Found up-to-date module file ../../../Engine/Plugins/Blendables/LightPropagationVolume/Binaries/Win64/UE4Editor-LightPropagationVolumeRuntime.dll (API version 3709383).
LogModuleManager: Display: Found up-to-date module file ../../../Engine/Plugins/Blendables/LightPropagationVolume/Binaries/Win64/UE4Editor-LightPropagationVolumeEditor.dll (API version 3709383).
LogModuleManager: Display: Found up-to-date module file ../../../Engine/Plugins/Developer/GitSourceControl/Binaries/Win64/UE4Editor-GitSourceControl.dll (API version 3709383).
LogModuleManager: Display: Found up-to-date module file ../../../Engine/Plugins/Developer/PerforceSourceControl/Binaries/Win64/UE4Editor-PerforceSourceControl.dll (API version 3709383).
LogModuleManager: Display: Found up-to-date module file ../../../Engine/Plugins/Developer/SubversionSourceControl/Binaries/Win64/UE4Editor-SubversionSourceControl.dll (API version 3709383).
LogModuleManager: Display: Found up-to-date module file ../../../Engine/Plugins/Developer/UObjectPlugin/Binaries/Win64/UE4Editor-UObjectPlugin.dll (API version 3709383).
LogModuleManager: Display: Found up-to-date module file ../../../Engine/Plugins/Developer/VisualStudioCodeSourceCodeAccess/Binaries/Win64/UE4Editor-VisualStudioCodeSourceCodeAccess.dll (API version 3709383).
LogModuleManager: Display: Found up-to-date module file ../../../Engine/Plugins/Developer/VisualStudioSourceCodeAccess/Binaries/Win64/UE4Editor-VisualStudioSourceCodeAccess.dll (API version 3709383).
LogModuleManager: Display: Found up-to-date module file ../../../Engine/Plugins/Editor/AssetManagerEditor/Binaries/Win64/UE4Editor-AssetManagerEditor.dll (API version 3709383).
LogModuleManager: Display: Found up-to-date module file ../../../Engine/Plugins/Editor/AudioCapture/Binaries/Win64/UE4Editor-AudioCapture.dll (API version 3709383).
LogModuleManager: Display: Found up-to-date module file ../../../Engine/Plugins/Editor/FacialAnimation/Binaries/Win64/UE4Editor-FacialAnimation.dll (API version 3709383).
LogModuleManager: Display: Found up-to-date module file ../../../Engine/Plugins/Editor/FacialAnimation/Binaries/Win64/UE4Editor-FacialAnimationEditor.dll (API version 3709383).
LogModuleManager: Display: Found up-to-date module file ../../../Engine/Plugins/Editor/GameplayTagsEditor/Binaries/Win64/UE4Editor-GameplayTagsEditor.dll (API version 3709383).
LogModuleManager: Display: Found up-to-date module file ../../../Engine/Plugins/Editor/MobileLauncherProfileWizard/Binaries/Win64/UE4Editor-MobileLauncherProfileWizard.dll (API version 3709383).
LogModuleManager: Display: Found up-to-date module file ../../../Engine/Plugins/Editor/PluginBrowser/Binaries/Win64/UE4Editor-PluginBrowser.dll (API version 3709383).
LogModuleManager: Display: Found up-to-date module file ../../../Engine/Plugins/Editor/SpeedTreeImporter/Binaries/Win64/UE4Editor-SpeedTreeImporter.dll (API version 3709383).
LogModuleManager: Display: Found up-to-date module file ../../../Engine/Plugins/Experimental/AlembicImporter/Binaries/Win64/UE4Editor-AlembicImporter.dll (API version 3709383).
LogModuleManager: Display: Found up-to-date module file ../../../Engine/Plugins/Experimental/AlembicImporter/Binaries/Win64/UE4Editor-AlembicLibrary.dll (API version 3709383).
LogModuleManager: Display: Found up-to-date module file ../../../Engine/Plugins/Experimental/CharacterAI/Binaries/Win64/UE4Editor-CharacterAI.dll (API version 3709383).
LogModuleManager: Display: Found up-to-date module file ../../../Engine/Plugins/Experimental/HTML5Networking/Binaries/Win64/UE4Editor-HTML5Networking.dll (API version 3709383).
LogModuleManager: Display: Found up-to-date module file ../../../Engine/Plugins/Media/AndroidMedia/Binaries/Win64/UE4Editor-AndroidMediaEditor.dll (API version 3709383).
LogModuleManager: Display: Found up-to-date module file ../../../Engine/Plugins/Media/AndroidMedia/Binaries/Win64/UE4Editor-AndroidMediaFactory.dll (API version 3709383).
LogModuleManager: Display: Found up-to-date module file ../../../Engine/Plugins/Media/AvfMedia/Binaries/Win64/UE4Editor-AvfMediaEditor.dll (API version 3709383).
LogModuleManager: Display: Found up-to-date module file ../../../Engine/Plugins/Media/AvfMedia/Binaries/Win64/UE4Editor-AvfMediaFactory.dll (API version 3709383).
LogModuleManager: Display: Found up-to-date module file ../../../Engine/Plugins/Media/AvfMedia/Binaries/Win64/UE4Editor-AvfMediaFactory.dll (API version 3709383).
LogModuleManager: Display: Found up-to-date module file ../../../Engine/Plugins/Media/ImgMedia/Binaries/Win64/UE4Editor-ImgMedia.dll (API version 3709383).
LogModuleManager: Display: Found up-to-date module file ../../../Engine/Plugins/Media/ImgMedia/Binaries/Win64/UE4Editor-ImgMediaEditor.dll (API version 3709383).
LogModuleManager: Display: Found up-to-date module file ../../../Engine/Plugins/Media/ImgMedia/Binaries/Win64/UE4Editor-ImgMediaFactory.dll (API version 3709383).
LogModuleManager: Display: Found up-to-date module file ../../../Engine/Plugins/Media/ImgMedia/Binaries/Win64/UE4Editor-ImgMediaFactory.dll (API version 3709383).
LogModuleManager: Display: Found up-to-date module file ../../../Engine/Plugins/Media/ImgMedia/Binaries/Win64/UE4Editor-OpenExrWrapper.dll (API version 3709383).
LogModuleManager: Display: Found up-to-date module file ../../../Engine/Plugins/Media/MediaCompositing/Binaries/Win64/UE4Editor-MediaCompositing.dll (API version 3709383).
LogModuleManager: Display: Found up-to-date module file ../../../Engine/Plugins/Media/MediaCompositing/Binaries/Win64/UE4Editor-MediaCompositingEditor.dll (API version 3709383).
LogModuleManager: Display: Found up-to-date module file ../../../Engine/Plugins/Media/MediaPlayerEditor/Binaries/Win64/UE4Editor-MediaPlayerEditor.dll (API version 3709383).
LogModuleManager: Display: Found up-to-date module file ../../../Engine/Plugins/Media/WmfMedia/Binaries/Win64/UE4Editor-WmfMedia.dll (API version 3709383).
LogModuleManager: Display: Found up-to-date module file ../../../Engine/Plugins/Media/WmfMedia/Binaries/Win64/UE4Editor-WmfMediaEditor.dll (API version 3709383).
LogModuleManager: Display: Found up-to-date module file ../../../Engine/Plugins/Media/WmfMedia/Binaries/Win64/UE4Editor-WmfMediaFactory.dll (API version 3709383).
LogModuleManager: Display: Found up-to-date module file ../../../Engine/Plugins/Media/WmfMedia/Binaries/Win64/UE4Editor-WmfMediaFactory.dll (API version 3709383).
LogModuleManager: Display: Found up-to-date module file ../../../Engine/Plugins/Messaging/TcpMessaging/Binaries/Win64/UE4Editor-TcpMessaging.dll (API version 3709383).
LogModuleManager: Display: Found up-to-date module file ../../../Engine/Plugins/Messaging/UdpMessaging/Binaries/Win64/UE4Editor-UdpMessaging.dll (API version 3709383).
LogModuleManager: Display: Found up-to-date module file ../../../Engine/Plugins/MovieScene/ActorSequence/Binaries/Win64/UE4Editor-ActorSequence.dll (API version 3709383).
LogModuleManager: Display: Found up-to-date module file ../../../Engine/Plugins/MovieScene/LevelSequenceEditor/Binaries/Win64/UE4Editor-LevelSequenceEditor.dll (API version 3709383).
LogModuleManager: Display: Found up-to-date module file ../../../Engine/Plugins/MovieScene/MatineeToLevelSequence/Binaries/Win64/UE4Editor-MatineeToLevelSequence.dll (API version 3709383).
LogModuleManager: Display: Found up-to-date module file ../../../Engine/Plugins/Online/OnlineSubsystem/Binaries/Win64/UE4Editor-OnlineSubsystem.dll (API version 3709383).
LogModuleManager: Display: Found up-to-date module file ../../../Engine/Plugins/Online/OnlineSubsystemNull/Binaries/Win64/UE4Editor-OnlineSubsystemNull.dll (API version 3709383).
LogModuleManager: Display: Found up-to-date module file ../../../Engine/Plugins/Online/OnlineSubsystemUtils/Binaries/Win64/UE4Editor-OnlineSubsystemUtils.dll (API version 3709383).
LogModuleManager: Display: Found up-to-date module file ../../../Engine/Plugins/Online/OnlineSubsystemUtils/Binaries/Win64/UE4Editor-OnlineBlueprintSupport.dll (API version 3709383).
LogModuleManager: Display: Found up-to-date module file ../../../Engine/Plugins/Runtime/AndroidDeviceProfileSelector/Binaries/Win64/UE4Editor-AndroidDeviceProfileSelector.dll (API version 3709383).
LogModuleManager: Display: Found up-to-date module file ../../../Engine/Plugins/Runtime/AndroidPermission/Binaries/Win64/UE4Editor-AndroidPermission.dll (API version 3709383).
LogModuleManager: Display: Found up-to-date module file ../../../Engine/Plugins/Runtime/AppleARKit/Binaries/Win64/UE4Editor-AppleARKit.dll (API version 3709383).
LogModuleManager: Display: Found up-to-date module file ../../../Engine/Plugins/Runtime/ArchVisCharacter/Binaries/Win64/UE4Editor-ArchVisCharacter.dll (API version 3709383).
LogModuleManager: Display: Found up-to-date module file ../../../Engine/Plugins/Runtime/CableComponent/Binaries/Win64/UE4Editor-CableComponent.dll (API version 3709383).
LogModuleManager: Display: Found up-to-date module file ../../../Engine/Plugins/Runtime/CustomMeshComponent/Binaries/Win64/UE4Editor-CustomMeshComponent.dll (API version 3709383).
LogModuleManager: Display: Found up-to-date module file ../../../Engine/Plugins/Runtime/ExampleDeviceProfileSelector/Binaries/Win64/UE4Editor-ExampleDeviceProfileSelector.dll (API version 3709383).
LogModuleManager: Display: Found up-to-date module file ../../../Engine/Plugins/Runtime/ImmediatePhysics/Binaries/Win64/UE4Editor-ImmediatePhysics.dll (API version 3709383).
LogModuleManager: Display: Found up-to-date module file ../../../Engine/Plugins/Runtime/ImmediatePhysics/Binaries/Win64/UE4Editor-ImmediatePhysicsEditor.dll (API version 3709383).
LogModuleManager: Display: Found up-to-date module file ../../../Engine/Plugins/Runtime/LocationServicesBPLibrary/Binaries/Win64/UE4Editor-LocationServicesBPLibrary.dll (API version 3709383).
LogModuleManager: Display: Found up-to-date module file ../../../Engine/Plugins/Runtime/MobilePatchingUtils/Binaries/Win64/UE4Editor-MobilePatchingUtils.dll (API version 3709383).
LogModuleManager: Display: Found up-to-date module file ../../../Engine/Plugins/Runtime/Oculus/OculusVR/Binaries/Win64/UE4Editor-OculusHMD.dll (API version 3709383).
LogModuleManager: Display: Found up-to-date module file ../../../Engine/Plugins/Runtime/Oculus/OculusVR/Binaries/Win64/UE4Editor-OculusInput.dll (API version 3709383).
LogModuleManager: Display: Found up-to-date module file ../../../Engine/Plugins/Runtime/Oculus/OculusVR/Binaries/Win64/UE4Editor-OculusEditor.dll (API version 3709383).
LogModuleManager: Display: Found up-to-date module file ../../../Engine/Plugins/Runtime/PhysXVehicles/Binaries/Win64/UE4Editor-PhysXVehicles.dll (API version 3709383).
LogModuleManager: Display: Found up-to-date module file ../../../Engine/Plugins/Runtime/PhysXVehicles/Binaries/Win64/UE4Editor-PhysXVehiclesEditor.dll (API version 3709383).
LogModuleManager: Display: Found up-to-date module file ../../../Engine/Plugins/Runtime/ProceduralMeshComponent/Binaries/Win64/UE4Editor-ProceduralMeshComponent.dll (API version 3709383).
LogModuleManager: Display: Found up-to-date module file ../../../Engine/Plugins/Runtime/ProceduralMeshComponent/Binaries/Win64/UE4Editor-ProceduralMeshComponentEditor.dll (API version 3709383).
LogModuleManager: Display: Found up-to-date module file ../../../Engine/Plugins/Runtime/RuntimePhysXCooking/Binaries/Win64/UE4Editor-RuntimePhysXCooking.dll (API version 3709383).
LogModuleManager: Display: Found up-to-date module file ../../../Engine/Plugins/Runtime/Steam/SteamVR/Binaries/Win64/UE4Editor-SteamVR.dll (API version 3709383).
LogModuleManager: Display: Found up-to-date module file ../../../Engine/Plugins/Runtime/Steam/SteamVR/Binaries/Win64/UE4Editor-SteamVRController.dll (API version 3709383).
LogModuleManager: Display: Found up-to-date module file ../../../Engine/Plugins/Runtime/WindowsMoviePlayer/Binaries/Win64/UE4Editor-WindowsMoviePlayer.dll (API version 3709383).
LogInit: Using libcurl 7.47.1
LogInit:  - built for x86_64-pc-win32
LogInit:  - supports SSL with OpenSSL/1.0.2g
LogInit:  - supports HTTP deflate (compression) using libz 1.2.8
LogInit:  - other features:
LogInit:      CURL_VERSION_SSL
LogInit:      CURL_VERSION_LIBZ
LogInit:      CURL_VERSION_IPV6
LogInit:      CURL_VERSION_ASYNCHDNS
LogInit:      CURL_VERSION_LARGEFILE
LogInit:      CURL_VERSION_IDN
LogInit:  CurlRequestOptions (configurable via config and command line):
LogInit:  - bVerifyPeer = false  - Libcurl will NOT verify peer certificate
LogInit:  - bUseHttpProxy = false  - Libcurl will NOT use HTTP proxy
LogInit:  - bDontReuseConnections = false  - Libcurl will reuse connections
LogInit:  - CertBundlePath = nullptr  - Libcurl will use whatever was configured at build time.
LogInit: Build: ++UE4+Release-4.18-CL-3832480
LogInit: Engine Version: 4.18.3-3832480+++UE4+Release-4.18
LogInit: Compatible Engine Version: 4.18.0-3709383+++UE4+Release-4.18
LogInit: Net CL: 3709383
LogDevObjectVersion: Number of dev versions registered: 16
LogDevObjectVersion:   Dev-Blueprints (B0D832E4-1F89-4F0D-ACCF-7EB736FD4AA2): 10
LogDevObjectVersion:   Dev-Build (E1C64328-A22C-4D53-A36C-8E866417BD8C): 0
LogDevObjectVersion:   Dev-Core (375EC13C-06E4-48FB-B500-84F0262A717E): 2
LogDevObjectVersion:   Dev-Editor (E4B068ED-F494-42E9-A231-DA0B2E46BB41): 20
LogDevObjectVersion:   Dev-Framework (CFFC743F-43B0-4480-9391-14DF171D2073): 30
LogDevObjectVersion:   Dev-Mobile (B02B49B5-BB20-44E9-A304-32B752E40360): 0
LogDevObjectVersion:   Dev-Networking (A4E4105C-59A1-49B5-A7C5-40C4547EDFEE): 0
LogDevObjectVersion:   Dev-Online (39C831C9-5AE6-47DC-9A44-9C173E1C8E7C): 0
LogDevObjectVersion:   Dev-Physics (78F01B33-EBEA-4F98-B9B4-84EACCB95AA2): 0
LogDevObjectVersion:   Dev-Platform (6631380F-2D4D-43E0-8009-CF276956A95A): 0
LogDevObjectVersion:   Dev-Rendering (12F88B9F-8875-4AFC-A67C-D90C383ABD29): 20
LogDevObjectVersion:   Dev-Sequencer (7B5AE74C-D270-4C10-A958-57980B212A5A): 4
LogDevObjectVersion:   Dev-VR (D7296918-1DD6-4BDD-9DE2-64A83CC13884): 0
LogDevObjectVersion:   Dev-LoadTimes (C2A15278-BFE7-4AFE-6C17-90FF531DF755): 1
LogDevObjectVersion:   Private-Geometry (6EACA3D4-40EC-4CC1-B786-8BED09428FC5): 1
LogDevObjectVersion:   Dev-AnimPhys (29E575DD-E0A3-4627-9D10-D276232CDCEA): 12
LogInit: Compiled (64-bit): Jan 12 2018 02:04:55
LogInit: Compiled with Visual C++: 19.00.24215.01
LogInit: Build Configuration: Development
LogInit: Branch Name: ++UE4+Release-4.18
LogInit: Command line:  
LogInit: Base directory: C:/Program Files/Epic Games/UE_4.18/Engine/Binaries/Win64/
LogInit: Installed Engine Build: 1
LogInit: Presizing for max 8388607 objects, including 0 objects not considered by GC, pre-allocating 0 bytes for permanent pool.
LogInit: Object subsystem initialized
[2018.02.27-17.25.29:432][  0]LogInit: Selected Device Profile: [Windows]
[2018.02.27-17.25.29:432][  0]LogInit: Applying CVar settings loaded from the selected device profile: [Windows]
[2018.02.27-17.25.29:462][  0]LogInit: Computer: DESKTOP-47R6KV7
[2018.02.27-17.25.29:462][  0]LogInit: User: Megapoort
[2018.02.27-17.25.29:462][  0]LogInit: CPU Page size=4096, Cores=4
[2018.02.27-17.25.29:462][  0]LogInit: High frequency timer resolution =3.411558 MHz
[2018.02.27-17.25.29:463][  0]LogMemory: Memory total: Physical=15.9GB (16GB approx)
[2018.02.27-17.25.29:463][  0]LogMemory: Platform Memory Stats for Windows
[2018.02.27-17.25.29:463][  0]LogMemory: Process Physical Memory: 276.27 MB used, 276.27 MB peak
[2018.02.27-17.25.29:463][  0]LogMemory: Process Virtual Memory: 270.47 MB used, 270.47 MB peak
[2018.02.27-17.25.29:463][  0]LogMemory: Physical Memory: 5288.60 MB used,  11026.13 MB free, 16314.73 MB total
[2018.02.27-17.25.29:463][  0]LogMemory: Virtual Memory: 723.11 MB used,  11026.13 MB free, 134217728.00 MB total
[2018.02.27-17.25.29:629][  0]LogInit: Using OS detected language (de-DE).
[2018.02.27-17.25.29:629][  0]LogInit: Using OS detected locale (de-DE).
[2018.02.27-17.25.29:632][  0]LogTextLocalizationManager: No localization for 'de-DE' exists, so 'en' will be used for the language.
[2018.02.27-17.25.29:632][  0]LogTextLocalizationManager: No localization for 'de-DE' exists, so 'en' will be used for the locale.
[2018.02.27-17.25.30:074][  0]LogInit: Setting process to per monitor DPI aware
[2018.02.27-17.25.30:362][  0]LogD3D11RHI: D3D11 adapters:
[2018.02.27-17.25.30:454][  0]LogD3D11RHI:    0. 'NVIDIA GeForce GTX 1070' (Feature Level 11_0)
[2018.02.27-17.25.30:454][  0]LogD3D11RHI:       8096/0/8157 MB DedicatedVideo/DedicatedSystem/SharedSystem, Outputs:2, VendorId:0x10de
[2018.02.27-17.25.30:457][  0]LogD3D11RHI:    1. 'Microsoft Basic Render Driver' (Feature Level 11_0)
[2018.02.27-17.25.30:457][  0]LogD3D11RHI:       0/0/8157 MB DedicatedVideo/DedicatedSystem/SharedSystem, Outputs:0, VendorId:0x1414
[2018.02.27-17.25.30:457][  0]LogD3D11RHI: Chosen D3D11 Adapter: 0
[2018.02.27-17.25.30:465][  0]LogD3D11RHI: Creating new Direct3DDevice
[2018.02.27-17.25.30:465][  0]LogD3D11RHI:     GPU DeviceId: 0x1b81 (for the marketing name, search the web for "GPU Device Id")
[2018.02.27-17.25.30:465][  0]LogWindows: EnumDisplayDevices:
[2018.02.27-17.25.30:465][  0]LogWindows:    0. 'NVIDIA GeForce GTX 1070' (P:0 D:1)
[2018.02.27-17.25.30:466][  0]LogWindows:    1. 'NVIDIA GeForce GTX 1070' (P:1 D:1)
[2018.02.27-17.25.30:466][  0]LogWindows:    2. 'NVIDIA GeForce GTX 1070' (P:0 D:0)
[2018.02.27-17.25.30:466][  0]LogWindows:    3. 'NVIDIA GeForce GTX 1070' (P:0 D:0)
[2018.02.27-17.25.30:466][  0]LogWindows: DebugString: GetVideoDriverDetailsInvalid PrimaryIsNotTheChoosenAdapter GetVideoDriverDetailsInvalid PrimaryIsNotTheChoosenAdapter GetVideoDriverDetailsInvalid PrimaryIsNotTheChoosenAdapter GetVideoDriverDetailsInvalid PrimaryIsNotTheChoosenAdapter FoundDriverCount:0 
[2018.02.27-17.25.30:466][  0]LogD3D11RHI:     Adapter Name: NVIDIA GeForce GTX 1070
[2018.02.27-17.25.30:466][  0]LogD3D11RHI:   Driver Version: Unknown (internal:Unknown, unified:Unknown)
[2018.02.27-17.25.30:466][  0]LogD3D11RHI:      Driver Date: Unknown
[2018.02.27-17.25.30:466][  0]LogRHI: Texture pool is 5667 MB (70% of 8096 MB)
[2018.02.27-17.25.30:516][  0]LogD3D11RHI: Async texture creation enabled
[2018.02.27-17.25.30:531][  0]LogD3D11RHI: GPU Timing Frequency: 1000.000000 (Debug: 2 1)
[2018.02.27-17.25.30:624][  0]LogShaderCompilers: Guid format shader working directory is -7 characters bigger than the processId version (../../../../../../Users/Megapoort/Desktop/Lyfe/Lyfe_Game/Intermediate/Shaders/WorkingDirectory/13140/).
[2018.02.27-17.25.30:625][  0]LogShaderCompilers: Cleaned the shader compiler working directory 'C:/Users/Megapoort/AppData/Local/Temp/UnrealShaderWorkingDir/A8B52F5347775FD4A3B83185B114E693/'.
[2018.02.27-17.25.30:625][  0]LogShaderCompilers: Display: Using Local Shader Compiler.
[2018.02.27-17.25.31:750][  0]LogTemp: Display: Loaded TP AllDesktopTargetPlatform
[2018.02.27-17.25.31:817][  0]LogTemp: Display: Loaded TP MacClientTargetPlatform
[2018.02.27-17.25.31:878][  0]LogTemp: Display: Loaded TP MacNoEditorTargetPlatform
[2018.02.27-17.25.31:939][  0]LogTemp: Display: Loaded TP MacServerTargetPlatform
[2018.02.27-17.25.32:002][  0]LogTemp: Display: Loaded TP MacTargetPlatform
[2018.02.27-17.25.32:061][  0]LogTemp: Display: Loaded TP WindowsClientTargetPlatform
[2018.02.27-17.25.32:129][  0]LogTemp: Display: Loaded TP WindowsNoEditorTargetPlatform
[2018.02.27-17.25.32:191][  0]LogTemp: Display: Loaded TP WindowsServerTargetPlatform
[2018.02.27-17.25.32:245][  0]LogTemp: Display: Loaded TP WindowsTargetPlatform
[2018.02.27-17.25.32:306][  0]LogTemp: Display: Loaded TP Android_ASTCTargetPlatform
[2018.02.27-17.25.32:399][  0]LogTemp: Display: Loaded TP Android_ATCTargetPlatform
[2018.02.27-17.25.32:460][  0]LogTemp: Display: Loaded TP Android_DXTTargetPlatform
[2018.02.27-17.25.32:539][  0]LogTemp: Display: Loaded TP Android_ETC1TargetPlatform
[2018.02.27-17.25.32:598][  0]LogTemp: Display: Loaded TP Android_ETC2TargetPlatform
[2018.02.27-17.25.32:717][  0]LogTemp: Display: Loaded TP Android_MultiTargetPlatform
[2018.02.27-17.25.32:717][  0]LogTemp: Display: Loaded TP Android_PVRTCTargetPlatform
[2018.02.27-17.25.32:787][  0]LogTemp: Display: Loaded TP AndroidTargetPlatform
[2018.02.27-17.25.32:832][  0]LogTemp: Display: Loaded TP HTML5TargetPlatform
[2018.02.27-17.25.32:934][  0]LogTemp: Display: Loaded TP IOSTargetPlatform
[2018.02.27-17.25.32:981][  0]LogTemp: Display: Loaded TP TVOSTargetPlatform
[2018.02.27-17.25.33:039][  0]LogTemp: Display: Loaded TP LinuxClientTargetPlatform
[2018.02.27-17.25.33:100][  0]LogTemp: Display: Loaded TP LinuxNoEditorTargetPlatform
[2018.02.27-17.25.33:159][  0]LogTemp: Display: Loaded TP LinuxServerTargetPlatform
[2018.02.27-17.25.33:218][  0]LogTemp: Display: Loaded TP LinuxTargetPlatform
[2018.02.27-17.25.33:218][  0]LogTargetPlatformManager: Display: Building Assets For Windows
[2018.02.27-17.25.33:892][  0]LogDerivedDataCache: Display: Max Cache Size: 512 MB
[2018.02.27-17.25.33:985][  0]LogDerivedDataCache: Loaded boot cache 0.09s 78MB C:/Users/Megapoort/AppData/Local/UnrealEngine/4.18/DerivedDataCache/Boot.ddc.
[2018.02.27-17.25.33:985][  0]LogDerivedDataCache: Display: Loaded Boot cache: C:/Users/Megapoort/AppData/Local/UnrealEngine/4.18/DerivedDataCache/Boot.ddc
[2018.02.27-17.25.33:986][  0]LogDerivedDataCache: FDerivedDataBackendGraph:  Pak pak cache file ../../../../../../Users/Megapoort/Desktop/Lyfe/Lyfe_Game/DerivedDataCache/DDC.ddp not found, will not use a pak cache.
[2018.02.27-17.25.33:986][  0]LogDerivedDataCache: Unable to find inner node Pak for hierarchical cache Hierarchy.
[2018.02.27-17.25.33:986][  0]LogDerivedDataCache: FDerivedDataBackendGraph:  CompressedPak pak cache file ../../../../../../Users/Megapoort/Desktop/Lyfe/Lyfe_Game/DerivedDataCache/Compressed.ddp not found, will not use a pak cache.
[2018.02.27-17.25.33:986][  0]LogDerivedDataCache: Unable to find inner node CompressedPak for hierarchical cache Hierarchy.
[2018.02.27-17.25.34:013][  0]LogDerivedDataCache: Display: Pak cache opened for reading ../../../Engine/DerivedDataCache/Compressed.ddp.
[2018.02.27-17.25.34:026][  0]LogDerivedDataCache: Using Local data cache path C:/Users/Megapoort/AppData/Local/UnrealEngine/Common/DerivedDataCache: Writable
[2018.02.27-17.25.34:050][  0]LogMaterial: Verifying Global Shaders for PCD3D_SM5
[2018.02.27-17.25.34:051][  0]LogSlate: Using Freetype 2.6.0
[2018.02.27-17.25.34:051][  0]LogSlate: SlateFontCache - WITH_FREETYPE: 1, WITH_HARFBUZZ: 1
[2018.02.27-17.25.34:051][  0]LogSlate: SlateFontCache - WITH_FREETYPE: 1, WITH_HARFBUZZ: 1
[2018.02.27-17.25.34:574][  0]LogInit: Selected Device Profile: [Windows]
[2018.02.27-17.25.35:008][  0]LogSimplygon: Simplygon DLL not present - disabling.
[2018.02.27-17.25.35:059][  0]LogMeshReduction: Using SimplygonSwarm for distributed automatic mesh merging
[2018.02.27-17.25.35:059][  0]LogMeshReduction: Using QuadricMeshReduction for automatic static mesh reduction
[2018.02.27-17.25.35:059][  0]LogMeshReduction: No automatic skeletal mesh reduction module available
[2018.02.27-17.25.35:059][  0]LogMeshReduction: No automatic mesh merging module available
[2018.02.27-17.25.35:059][  0]LogMeshMerging: No automatic mesh merging module available
[2018.02.27-17.25.35:109][  0]LogNetVersion: Lyfe_Game , NetCL: 3709383, EngineNetVer: 2, GameNetVer: 0 (Checksum: 1298029676)
[2018.02.27-17.25.35:300][  0]LogAssetRegistry: FAssetRegistry took 0.0277 seconds to start up
[2018.02.27-17.25.35:900][  0]LogPackageLocalizationCache: Processed 7 localized package path(s) for 1 prioritized culture(s) in 0.064070 seconds
[2018.02.27-17.25.35:907][  0]LogUObjectArray: 35870 objects as part of root set at end of initial load.
[2018.02.27-17.25.35:907][  0]LogUObjectAllocator: 7363704 out of 0 bytes used by permanent object pool.
[2018.02.27-17.25.35:907][  0]LogUObjectArray: CloseDisregardForGC: 0/0 objects in disregard for GC pool
[2018.02.27-17.25.35:984][  0]LogInit: WinSock: version 1.1 (2.2), MaxSocks=32767, MaxUdp=65467
[2018.02.27-17.25.39:370][  0]LogTcpMessaging: Initializing TcpMessaging bridge
[2018.02.27-17.25.39:436][  0]LogUdpMessaging: Initializing bridge on interface 0.0.0.0:0 to multicast group 230.0.0.1:6666.
[2018.02.27-17.25.40:393][  0]LogMaterial: Uniform references updated for custom material expression Custom.
[2018.02.27-17.25.40:872][  0]SourceControl: Source control is disabled
[2018.02.27-17.25.40:872][  0]SourceControl: Source control is disabled
[2018.02.27-17.25.40:956][  0]SourceControl: Source control is disabled
[2018.02.27-17.25.41:034][  0]SourceControl: Source control is disabled
[2018.02.27-17.25.42:060][  0]LogAndroidPermission: UAndroidPermissionCallbackProxy::GetInstance
[2018.02.27-17.25.42:443][  0]LogOcInput: OculusInput pre-init called
[2018.02.27-17.25.42:790][  0]LogEngine: Initializing Engine...
[2018.02.27-17.25.42:793][  0]LogHMD: Failed to initialize OpenVR with code 110
[2018.02.27-17.25.43:141][  0]LogStats: UGameplayTagsManager::ConstructGameplayTagTree: Construct from data asset -  0.000 s
[2018.02.27-17.25.43:141][  0]LogStats: UGameplayTagsManager::ConstructGameplayTagTree: GameplayTagTreeChangedEvent.Broadcast -  0.000 s
[2018.02.27-17.25.43:315][  0]LogAIModule: Creating AISystem for world Untitled
[2018.02.27-17.25.43:337][  0]LogInit: XAudio2 using 'Lautsprecher (Realtek High Definition Audio)' : 2 channels at 48 kHz using 32 bits per sample (channel mask 0x3)
[2018.02.27-17.25.43:365][  0]LogInit: FAudioDevice initialized.
[2018.02.27-17.25.43:572][  0]LogDerivedDataCache: Saved boot cache 0.21s 78MB C:/Users/Megapoort/AppData/Local/UnrealEngine/4.18/DerivedDataCache/Boot.ddc.
[2018.02.27-17.25.43:592][  0]LogInit: Texture streaming: Enabled
[2018.02.27-17.25.43:717][  0]LogEngineSessionManager: EngineSessionManager initialized
[2018.02.27-17.25.43:872][  0]LogInit: Transaction tracking system initialized
[2018.02.27-17.25.44:252][  0]BlueprintLog: New page: Editor Load
[2018.02.27-17.25.45:442][  0]LocalizationService: Localization service is disabled
[2018.02.27-17.25.46:490][  0]LogConsoleResponse: Display: 
[2018.02.27-17.25.46:705][  0]LogCook: Display: Max memory allowance for cook 16384mb min free memory 0mb
[2018.02.27-17.25.46:705][  0]LogCook: Display: Mobile HDR setting 1
[2018.02.27-17.25.46:706][  0]LogGameplayTags: Display: UGameplayTagsManager::DoneAddingNativeTags. DelegateIsBound: 0
[2018.02.27-17.25.47:939][  0]LogFileCache: Scanning file cache for directory 'C:/Users/Megapoort/Desktop/Lyfe/Lyfe_Game/Content/' took 0.01s
[2018.02.27-17.25.48:524][  0]SourceControl: Source control is disabled
[2018.02.27-17.25.48:524][  0]Cmd: MAP LOAD FILE="../../../Engine/Content/Maps/Templates/Template_Default.umap" TEMPLATE=1 SHOWPROGRESS=1 FEATURELEVEL=3
[2018.02.27-17.25.48:525][  0]LightingResults: New page: Lighting Build
[2018.02.27-17.25.48:613][  0]MapCheck: New page: Map Check
[2018.02.27-17.25.48:613][  0]LightingResults: New page: Lighting Build
[2018.02.27-17.25.48:953][  0]LogAIModule: Creating AISystem for world Untitled_1
[2018.02.27-17.25.48:960][  0]LogEditorServer: Finished looking for orphan Actors (0.000 secs)
[2018.02.27-17.25.48:972][  0]Cmd: MAP CHECKDEP NOCLEARLOG
[2018.02.27-17.25.49:027][  0]MapCheck: Map check complete: 0 Error(s), 0 Warning(s), took 54.941ms to complete.
[2018.02.27-17.25.49:027][  0]LogFileHelpers: Loading map 'Template_Default' took 0.503
[2018.02.27-17.25.49:246][  0]LogCollectionManager: Loaded 0 collections in 0.004115 seconds
[2018.02.27-17.25.49:364][  0]LogFileCache: Scanning file cache for directory 'C:/Users/Megapoort/Desktop/Lyfe/Lyfe_Game/Saved/Collections/' took 0.01s
[2018.02.27-17.25.49:364][  0]LogFileCache: Scanning file cache for directory 'C:/Users/Megapoort/Desktop/Lyfe/Lyfe_Game/Content/Developers/Megapoort/Collections/' took 0.01s
[2018.02.27-17.25.49:364][  0]LogFileCache: Scanning file cache for directory 'C:/Users/Megapoort/Desktop/Lyfe/Lyfe_Game/Content/Collections/' took 0.01s
[2018.02.27-17.25.49:364][  0]LogCollectionManager: Rebuilt the GUID cache for 0 collections in 0.000000 seconds
[2018.02.27-17.25.49:375][  0]LogContentBrowser: Native class hierarchy populated in 0.0112 seconds. Added 2364 classes and 521 folders.
[2018.02.27-17.25.49:468][  0]LogContentBrowser: Native class hierarchy updated for 'WidgetCarousel' in 0.0019 seconds. Added 0 classes and 0 folders.
[2018.02.27-17.25.49:529][  0]LogContentBrowser: Native class hierarchy updated for 'AddContentDialog' in 0.0008 seconds. Added 0 classes and 0 folders.
[2018.02.27-17.25.49:579][  0]LogContentBrowser: Native class hierarchy updated for 'SceneOutliner' in 0.0008 seconds. Added 1 classes and 2 folders.
[2018.02.27-17.25.49:722][  0]LogContentBrowser: Native class hierarchy updated for 'HierarchicalLODOutliner' in 0.0009 seconds. Added 1 classes and 2 folders.
[2018.02.27-17.25.49:722][  0]LogLoad: (Engine Initialization) Total time: 86.59 seconds
[2018.02.27-17.25.49:722][  0]LogLoad: (Engine Initialization) Total Blueprint compile time: 0.00 seconds
[2018.02.27-17.25.49:722][  0]LogExternalProfiler: No external profilers were discovered.  External profiling features will not be available.
[2018.02.27-17.25.49:732][  0]LogWindowsTextInputMethodSystem: Display: IME system now deactivated.
[2018.02.27-17.25.49:754][  0]LogContentStreaming: Texture pool size now 1000 MB
[2018.02.27-17.25.49:755][  0]LogSlate: Took 0.000190 seconds to synchronously load lazily loaded font '../../../Engine/Content/Slate/Fonts/Roboto-Regular.ttf' (155K)
[2018.02.27-17.25.49:757][  0]LogSlate: Took 0.000168 seconds to synchronously load lazily loaded font '../../../Engine/Content/Slate/Fonts/Roboto-Bold.ttf' (160K)
[2018.02.27-17.25.49:763][  0]LogSlate: Took 0.000163 seconds to synchronously load lazily loaded font '../../../Engine/Content/Editor/Slate/Fonts/FontAwesome.ttf' (139K)
[2018.02.27-17.25.49:867][  0]LogSlate: Took 0.000332 seconds to synchronously load lazily loaded font '../../../Engine/Content/Slate/Fonts/Roboto-Light.ttf' (159K)
[2018.02.27-17.25.49:900][  1]LogAssetRegistry: Asset discovery search completed in 14.6219 seconds
[2018.02.27-17.25.49:901][  1]LogCollectionManager: Rebuilt the object cache for 0 collections in 0.000000 seconds (found 0 objects)
[2018.02.27-17.25.49:901][  1]LogCollectionManager: Fixed up redirectors for 0 collections in 0.000037 seconds (updated 0 objects)
[2018.02.27-17.25.49:924][  2]LogRenderer: Reallocating scene render targets to support 836x476 Format 10 NumSamples 1 (Frame:1).
[2018.02.27-17.26.09:608][244]LogSlate: Took 0.000171 seconds to synchronously load lazily loaded font '../../../Engine/Content/Slate/Fonts/Roboto-Light.ttf' (159K)
[2018.02.27-17.26.09:676][244]LogSlate: Took 0.030760 seconds to synchronously load lazily loaded font '../../../Engine/Content/Editor/Slate/Fonts/Roboto-BoldCondensed.ttf' (158K)
[2018.02.27-17.26.33:720][267]Running C:/Program Files/Epic Games/UE_4.18/Engine/Binaries/DotNET/UnrealBuildTool.exe  -projectfiles -project="C:/Users/Megapoort/Desktop/Lyfe/Lyfe_Game/Lyfe_Game.uproject" -game -rocket -progress
[2018.02.27-17.26.34:139][267]Discovering modules, targets and source code for project...
[2018.02.27-17.26.38:956][267]LogSlate: Took 0.000338 seconds to synchronously load lazily loaded font '../../../Engine/Content/Slate/Fonts/Roboto-Regular.ttf' (155K)
[2018.02.27-17.26.41:584][267]LogVSAccessor: Warning: Couldn't access Visual Studio
[2018.02.27-17.26.41:599][267]Candidate modules for hot reload:
[2018.02.27-17.26.41:599][267]  Lyfe_Game
[2018.02.27-17.26.41:600][267]Launching UnrealBuildTool... [C:/Program Files/Epic Games/UE_4.18/Engine/Binaries/DotNET/UnrealBuildTool.exe Lyfe_Game -ModuleWithSuffix Lyfe_Game 8939 Win64 Development -editorrecompile -canskiplink "C:/Users/Megapoort/Desktop/Lyfe/Lyfe_Game/Lyfe_Game.uproject" ]
[2018.02.27-17.26.51:212][267]CompilerResultsLog: New page: Compilation - Feb 27, 2018, 7:26:51 PM
[2018.02.27-17.26.51:212][267]CompilerResultsLog: Using 'git status' to determine working set for adaptive non-unity build.
[2018.02.27-17.26.51:212][267]CompilerResultsLog: Creating makefile for hot reloading Lyfe_Game (UHT file was deleted)
[2018.02.27-17.26.51:212][267]CompilerResultsLog: Compiling game modules for hot reload
[2018.02.27-17.26.51:212][267]CompilerResultsLog: Performing 3 actions (4 in parallel)
[2018.02.27-17.26.51:212][267]CompilerResultsLog: NG_Base.cpp
[2018.02.27-17.26.51:212][267]CompilerResultsLog: [2/3] Link UE4Editor-Lyfe_Game-8939.dll
[2018.02.27-17.26.51:212][267]CompilerResultsLog: [3/3] Link UE4Editor-Lyfe_Game-8939.lib
[2018.02.27-17.26.51:212][267]CompilerResultsLog:    Bibliothek "C:\Users\Megapoort\Desktop\Lyfe\Lyfe_Game\Intermediate\Build\Win64\UE4Editor\Development\UE4Editor-Lyfe_Game-8939.suppressed.lib" und Objekt "C:\Users\Megapoort\Desktop\Lyfe\Lyfe_Game\Intermediate\Build\Win64\UE4Editor\Development\UE4Editor-Lyfe_Game-8939.suppressed.exp" werden erstellt.
[2018.02.27-17.26.51:213][267]CompilerResultsLog:    Bibliothek "C:\Users\Megapoort\Desktop\Lyfe\Lyfe_Game\Intermediate\Build\Win64\UE4Editor\Development\UE4Editor-Lyfe_Game-8939.lib" und Objekt "C:\Users\Megapoort\Desktop\Lyfe\Lyfe_Game\Intermediate\Build\Win64\UE4Editor\Development\UE4Editor-Lyfe_Game-8939.exp" werden erstellt.
[2018.02.27-17.26.51:213][267]CompilerResultsLog: Total build time: 9,28 seconds (Local executor: 1,42 seconds)
[2018.02.27-17.26.51:213][267]LogMainFrame: MainFrame: Module compiling took 9.628 seconds
[2018.02.27-17.26.51:315][267]LogContentBrowser: Native class hierarchy updated for 'Lyfe_Game' in 0.0011 seconds. Added 1 classes and 2 folders.
[2018.02.27-17.26.51:316][267]Display: HotReload successful (0 functions remapped  0 scriptstructs remapped)
[2018.02.27-17.26.51:624][267]LogContentBrowser: Native class hierarchy populated in 0.0147 seconds. Added 2366 classes and 525 folders.
[2018.02.27-17.26.51:635][267]Display: HotReload took 10.1s.
[2018.02.27-17.26.51:637][267]Warning: HotReload operation took 10.1s.
[2018.02.27-17.26.51:692][267]LogHotReload: New module detected: UE4Editor-Lyfe_Game-8939.dll
[2018.02.27-17.26.51:735][268]LogHotReload: Starting Hot-Reload from IDE
[2018.02.27-17.26.51:854][268]LogContentBrowser: Native class hierarchy updated for 'Lyfe_Game' in 0.0009 seconds. Added 1 classes and 2 folders.
[2018.02.27-17.26.51:856][268]Display: HotReload successful (0 functions remapped  0 scriptstructs remapped)
[2018.02.27-17.26.51:902][268]LogContentBrowser: Native class hierarchy populated in 0.0251 seconds. Added 2366 classes and 525 folders.
[2018.02.27-17.26.51:914][268]Display: HotReload took  0.2s.
[2018.02.27-17.29.07:177][735]LogRenderer: Reallocating scene render targets to support 1616x600 Format 10 NumSamples 1 (Frame:5092).
[2018.02.27-17.31.51:692][924]LogWindows: LaunchFileInExternalEditor C:/Users/Megapoort/Desktop/Lyfe/Lyfe_Game/Source/Lyfe_Game/NG_Base.h 
[2018.02.27-17.31.51:986][924]LogWindows: Launch application code for C:/Users/Megapoort/Desktop/Lyfe/Lyfe_Game/Source/Lyfe_Game/NG_Base.h : 42
[2018.02.27-17.31.51:986][924]LogWindows: LaunchFileInExternalEditor C:/Users/Megapoort/Desktop/Lyfe/Lyfe_Game/Source/Lyfe_Game/NG_Base.cpp 
[2018.02.27-17.31.52:116][924]LogWindows: Launch application code for C:/Users/Megapoort/Desktop/Lyfe/Lyfe_Game/Source/Lyfe_Game/NG_Base.cpp : 42
[2018.02.27-17.31.52:116][924]LogVSAccessor: Warning: Couldn't access Visual Studio
[2018.02.27-17.31.52:124][924]LogVSAccessor: Warning: Couldn't access module table
[2018.02.27-17.31.52:124][924]LogVSAccessor: Warning: Couldn't access module table
[2018.02.27-17.31.52:124][924]LogVSAccessor: Warning: Couldn't access module table
[2018.02.27-17.31.52:124][924]LogVSAccessor: Warning: Couldn't access module table
[2018.02.27-17.31.52:124][924]LogVSAccessor: Warning: Couldn't access module table
[2018.02.27-17.31.52:124][924]LogVSAccessor: Warning: Couldn't access module table
[2018.02.27-17.31.52:124][924]LogVSAccessor: Warning: Couldn't access module table
[2018.02.27-17.31.52:125][924]LogVSAccessor: Warning: Couldn't access module table
[2018.02.27-17.31.52:125][924]LogVSAccessor: Warning: Couldn't access module table
[2018.02.27-17.31.52:125][924]LogVSAccessor: Warning: Couldn't access module table
[2018.02.27-17.31.52:125][924]LogVSAccessor: Warning: Couldn't access module table
[2018.02.27-17.31.52:125][924]LogVSAccessor: Warning: Couldn't access module table
[2018.02.27-17.31.52:125][924]LogVSAccessor: Warning: Couldn't access module table
[2018.02.27-17.31.52:125][924]LogVSAccessor: Warning: Couldn't access module table
[2018.02.27-17.31.52:125][924]LogVSAccessor: Warning: Couldn't access module table
[2018.02.27-17.31.52:125][924]LogVSAccessor: Warning: Couldn't access module table
[2018.02.27-17.31.52:126][924]LogVSAccessor: Warning: Couldn't access module table
[2018.02.27-17.31.52:126][924]LogVSAccessor: Warning: Couldn't access module table
[2018.02.27-17.31.52:126][924]LogVSAccessor: Warning: Couldn't access module table
[2018.02.27-17.31.52:126][924]LogVSAccessor: Warning: Couldn't access module table
[2018.02.27-17.31.52:126][924]LogVSAccessor: Warning: Couldn't access module table
[2018.02.27-17.31.52:126][924]LogVSAccessor: Warning: Couldn't access module table
[2018.02.27-17.31.52:126][924]LogVSAccessor: Warning: Couldn't access module table
[2018.02.27-17.31.52:126][924]LogVSAccessor: Warning: Couldn't access module table
[2018.02.27-17.31.52:127][924]LogVSAccessor: Warning: Couldn't access module table
[2018.02.27-17.31.52:127][924]LogVSAccessor: Warning: Couldn't access module table
[2018.02.27-17.31.52:127][924]LogVSAccessor: Warning: Couldn't access module table
[2018.02.27-17.31.52:127][924]LogVSAccessor: Warning: Couldn't access module table
[2018.02.27-17.31.52:127][924]LogVSAccessor: Warning: Couldn't access module table
[2018.02.27-17.31.52:127][924]LogVSAccessor: Warning: Couldn't access module table
[2018.02.27-17.31.52:127][924]LogVSAccessor: Warning: Couldn't access module table
[2018.02.27-17.31.52:127][924]LogVSAccessor: Warning: Couldn't access module table
[2018.02.27-17.31.52:128][924]LogVSAccessor: Warning: Couldn't access module table
[2018.02.27-17.31.52:128][924]LogVSAccessor: Warning: Couldn't access module table
[2018.02.27-17.31.52:128][924]LogVSAccessor: Warning: Couldn't access module table
[2018.02.27-17.31.52:128][924]LogVSAccessor: Warning: Couldn't access module table
[2018.02.27-17.31.52:128][924]LogVSAccessor: Warning: Couldn't access module table
[2018.02.27-17.31.52:128][924]LogVSAccessor: Warning: Couldn't access module table
[2018.02.27-17.31.52:128][924]LogVSAccessor: Warning: Couldn't access module table
[2018.02.27-17.31.52:128][924]LogVSAccessor: Warning: Couldn't access module table
[2018.02.27-17.31.52:129][924]LogVSAccessor: Warning: Couldn't access module table
[2018.02.27-17.31.52:129][924]LogVSAccessor: Warning: Couldn't access module table
[2018.02.27-17.31.52:129][924]LogVSAccessor: Warning: Couldn't access module table
[2018.02.27-17.31.52:129][924]LogVSAccessor: Warning: Couldn't access module table
[2018.02.27-17.31.52:129][924]LogVSAccessor: Warning: Couldn't access module table
[2018.02.27-17.31.52:129][924]LogVSAccessor: Warning: Couldn't access module table
[2018.02.27-17.31.52:129][924]LogVSAccessor: Warning: Couldn't access module table
[2018.02.27-17.31.52:129][924]LogVSAccessor: Warning: Couldn't access module table
[2018.02.27-17.31.52:130][924]LogVSAccessor: Warning: Couldn't access module table
[2018.02.27-17.31.52:130][924]LogVSAccessor: Warning: Couldn't access module table
[2018.02.27-17.31.52:130][924]LogVSAccessor: Warning: Couldn't access module table
[2018.02.27-17.31.52:130][924]LogVSAccessor: Warning: Couldn't access module table
[2018.02.27-17.31.52:130][924]LogVSAccessor: Warning: Couldn't access module table
[2018.02.27-17.31.52:130][924]LogVSAccessor: Warning: Couldn't access module table
[2018.02.27-17.31.52:130][924]LogVSAccessor: Warning: Couldn't access module table
[2018.02.27-17.31.52:130][924]LogVSAccessor: Warning: Couldn't access module table
[2018.02.27-17.31.52:130][924]LogVSAccessor: Warning: Couldn't access module table
[2018.02.27-17.31.52:131][924]LogVSAccessor: Warning: Couldn't access module table
[2018.02.27-17.31.52:131][924]LogVSAccessor: Warning: Couldn't access module table
[2018.02.27-17.31.52:131][924]LogVSAccessor: Warning: Couldn't access module table
[2018.02.27-17.31.52:131][924]LogVSAccessor: Warning: Couldn't access module table
[2018.02.27-17.31.52:131][924]LogVSAccessor: Warning: Couldn't access module table
[2018.02.27-17.31.52:131][924]LogVSAccessor: Warning: Couldn't access module table
[2018.02.27-17.31.52:131][924]LogVSAccessor: Warning: Couldn't access module table
[2018.02.27-17.31.52:131][924]LogVSAccessor: Warning: Couldn't access module table
[2018.02.27-17.31.52:132][924]LogVSAccessor: Warning: Couldn't access module table
[2018.02.27-17.31.52:132][924]LogVSAccessor: Warning: Couldn't access module table
[2018.02.27-17.31.52:132][924]LogVSAccessor: Warning: Couldn't access module table
[2018.02.27-17.31.52:132][924]LogVSAccessor: Warning: Couldn't access module table
[2018.02.27-17.31.52:132][924]LogVSAccessor: Warning: Couldn't access module table
[2018.02.27-17.31.52:132][924]LogVSAccessor: Warning: Couldn't access module table
[2018.02.27-17.31.52:132][924]LogVSAccessor: Warning: Couldn't access module table
[2018.02.27-17.31.52:132][924]LogVSAccessor: Warning: Couldn't access module table
[2018.02.27-17.31.52:133][924]LogVSAccessor: Warning: Couldn't access module table
[2018.02.27-17.31.52:133][924]LogVSAccessor: Warning: Couldn't access module table
[2018.02.27-17.31.52:133][924]LogVSAccessor: Warning: Couldn't access module table
[2018.02.27-17.31.52:133][924]LogVSAccessor: Warning: Couldn't access module table
[2018.02.27-17.31.52:133][924]LogVSAccessor: Warning: Couldn't access module table
[2018.02.27-17.31.52:133][924]LogVSAccessor: Warning: Couldn't access module table
[2018.02.27-17.31.52:133][924]LogVSAccessor: Warning: Couldn't access module table
[2018.02.27-17.31.52:133][924]LogVSAccessor: Warning: Couldn't access module table
[2018.02.27-17.31.52:134][924]LogVSAccessor: Warning: Couldn't access module table
[2018.02.27-17.31.52:134][924]LogVSAccessor: Warning: Couldn't access module table
[2018.02.27-17.31.52:134][924]LogVSAccessor: Warning: Couldn't access module table
[2018.02.27-17.31.52:134][924]LogVSAccessor: Warning: Couldn't access module table
[2018.02.27-17.31.52:134][924]LogVSAccessor: Warning: Couldn't access module table
[2018.02.27-17.31.52:134][924]LogVSAccessor: Warning: Couldn't access module table
[2018.02.27-17.31.52:134][924]LogVSAccessor: Warning: Couldn't access module table
[2018.02.27-17.31.52:135][924]LogVSAccessor: Warning: Couldn't access module table
[2018.02.27-17.31.52:135][924]LogVSAccessor: Warning: Couldn't access module table
[2018.02.27-17.31.52:135][924]LogVSAccessor: Warning: Couldn't access module table
[2018.02.27-17.31.52:135][924]LogVSAccessor: Warning: Couldn't access module table
[2018.02.27-17.31.52:135][924]LogVSAccessor: Warning: Couldn't access module table
[2018.02.27-17.31.52:135][924]LogVSAccessor: Warning: Couldn't access module table
[2018.02.27-17.31.52:135][924]LogVSAccessor: Warning: Couldn't access module table
[2018.02.27-17.31.52:172][924]LogVSAccessor: Warning: Couldn't access module table
[2018.02.27-17.31.52:209][924]LogVSAccessor: Warning: Couldn't access module table
[2018.02.27-17.31.52:209][924]LogVSAccessor: Warning: Couldn't access module table
[2018.02.27-17.31.52:211][924]LogVSAccessor: Warning: Couldn't access module table
[2018.02.27-17.31.52:212][924]LogVSAccessor: Warning: Couldn't access module table
[2018.02.27-17.32.58:561][ 22]Running C:/Program Files/Epic Games/UE_4.18/Engine/Binaries/DotNET/UnrealBuildTool.exe  -projectfiles -project="C:/Users/Megapoort/Desktop/Lyfe/Lyfe_Game/Lyfe_Game.uproject" -game -rocket -progress
[2018.02.27-17.32.59:313][ 22]Discovering modules, targets and source code for project...
[2018.02.27-17.33.06:450][ 22]LogVSAccessor: Warning: Couldn't access Visual Studio
[2018.02.27-17.33.06:463][ 22]Candidate modules for hot reload:
[2018.02.27-17.33.06:464][ 22]  Lyfe_Game
[2018.02.27-17.33.06:464][ 22]Launching UnrealBuildTool... [C:/Program Files/Epic Games/UE_4.18/Engine/Binaries/DotNET/UnrealBuildTool.exe Lyfe_Game -ModuleWithSuffix Lyfe_Game 5578 Win64 Development -editorrecompile -canskiplink "C:/Users/Megapoort/Desktop/Lyfe/Lyfe_Game/Lyfe_Game.uproject" ]
[2018.02.27-17.34.02:787][ 22]CompilerResultsLog: New page: Compilation - Feb 27, 2018, 7:34:02 PM
[2018.02.27-17.34.02:787][ 22]CompilerResultsLog: Using 'git status' to determine working set for adaptive non-unity build.
[2018.02.27-17.34.02:788][ 22]CompilerResultsLog: Creating makefile for hot reloading Lyfe_Game (new files with reflected types)
[2018.02.27-17.34.02:788][ 22]CompilerResultsLog: Compiling game modules for hot reload
[2018.02.27-17.34.02:788][ 22]CompilerResultsLog: Parsing headers for Lyfe_GameEditor
[2018.02.27-17.34.02:788][ 22]CompilerResultsLog:   Running UnrealHeaderTool "C:\Users\Megapoort\Desktop\Lyfe\Lyfe_Game\Lyfe_Game.uproject" "C:\Users\Megapoort\Desktop\Lyfe\Lyfe_Game\Intermediate\Build\Win64\Lyfe_GameEditor\Development\Lyfe_GameEditor.uhtmanifest" -LogCmds="loginit warning, logexit warning, logdatabase error" -Unattended -WarningsAsErrors -installed
[2018.02.27-17.34.02:788][ 22]CompilerResultsLog: Reflection code generated for Lyfe_GameEditor in 11,9344941 seconds
[2018.02.27-17.34.02:788][ 22]CompilerResultsLog: Performing 6 actions (4 in parallel)
[2018.02.27-17.34.02:788][ 22]CompilerResultsLog: Lyfe_Game.init.gen.cpp
[2018.02.27-17.34.02:788][ 22]CompilerResultsLog: NG_Base.cpp
[2018.02.27-17.34.02:788][ 22]CompilerResultsLog: Error: c:\users\megapoort\desktop\lyfe\lyfe_game\source\lyfe_game\NG_Base.h(5) : error C4067: Unerwartete Token nach Pr?prozessordirektive - Zeilenvorschub erwartet.
[2018.02.27-17.34.02:788][ 22]CompilerResultsLog: Error: c:\users\megapoort\desktop\lyfe\lyfe_game\source\lyfe_game\NG_Base.h(6) : error C4067: Unerwartete Token nach Pr?prozessordirektive - Zeilenvorschub erwartet.
[2018.02.27-17.34.02:788][ 22]CompilerResultsLog: Character_SingleCelled.cpp
[2018.02.27-17.34.02:788][ 22]CompilerResultsLog: Character_SingleCelled.gen.cpp
[2018.02.27-17.34.02:788][ 22]CompilerResultsLog: ERROR: UBT ERROR: Failed to produce item: C:\Users\Megapoort\Desktop\Lyfe\Lyfe_Game\Binaries\Win64\UE4Editor-Lyfe_Game-5578.dll
[2018.02.27-17.34.02:788][ 22]CompilerResultsLog: Total build time: 56,01 seconds (Local executor: 0,00 seconds)
[2018.02.27-17.34.02:788][ 22]LogMainFrame: MainFrame: Module compiling took 56.338 seconds
[2018.02.27-17.34.02:788][ 22]Warning: HotReload failed, recompile failed
[2018.02.27-17.34.02:795][ 22]Warning: RebindPackages failed because the compiler could not be started.
[2018.02.27-17.34.09:457][ 22]LogSlate: Took 0.021952 seconds to synchronously load lazily loaded font '../../../Engine/Content/Editor/Slate/Fonts/DroidSansMono.ttf' (77K)
[2018.02.27-17.35.09:949][862]LogWindowsTextInputMethodSystem: Display: IME system now deactivated.
[2018.02.27-17.35.10:150][863]Cmd: QUIT_EDITOR
[2018.02.27-17.35.10:203][863]LogExit: Preparing to exit.
[2018.02.27-17.35.10:611][863]LogDirectoryWatcher: A directory notification for 'C:/Users/Megapoort/Desktop/Lyfe/Lyfe_Game/Content/' was aborted.
[2018.02.27-17.35.10:635][863]LogExit: Editor shut down
[2018.02.27-17.35.10:641][863]LogExit: Transaction tracking system shut down
[2018.02.27-17.35.10:876][863]LogDirectoryWatcher: A directory notification for '../../../Engine/Content/' was aborted.
[2018.02.27-17.35.10:876][863]LogDirectoryWatcher: A directory notification for '../../../../../../Users/Megapoort/Desktop/Lyfe/Lyfe_Game/Content/' was aborted.
[2018.02.27-17.35.10:876][863]LogDirectoryWatcher: A directory notification for '../../../Engine/Plugins/2D/Paper2D/Content/' was aborted.
[2018.02.27-17.35.10:877][863]LogDirectoryWatcher: A directory notification for '../../../Engine/Plugins/Media/MediaCompositing/Content/' was aborted.
[2018.02.27-17.35.10:877][863]LogDirectoryWatcher: A directory notification for '../../../Engine/Plugins/Runtime/AppleARKit/Content/' was aborted.
[2018.02.27-17.35.10:877][863]LogDirectoryWatcher: A directory notification for '../../../Engine/Plugins/Runtime/Oculus/OculusVR/Content/' was aborted.
[2018.02.27-17.35.10:877][863]LogDirectoryWatcher: A directory notification for '../../../Engine/Plugins/Runtime/Steam/SteamVR/Content/' was aborted.
[2018.02.27-17.35.10:934][863]LogExit: Object subsystem successfully closed.
[2018.02.27-17.35.10:962][863]LogD3D11RHI: Shutdown
[2018.02.27-17.35.10:962][863]LogD3D11RHI: CleanupD3DDevice
[2018.02.27-17.35.10:966][863]LogD3D11RHI: ~FD3D11DynamicRHI
[2018.02.27-17.35.10:985][863]LogModuleManager: Shutting down and abandoning module Lyfe_Game (554)
[2018.02.27-17.35.10:985][863]LogModuleManager: Shutting down and abandoning module HierarchicalLODOutliner (552)
[2018.02.27-17.35.10:985][863]LogModuleManager: Shutting down and abandoning module SceneOutliner (550)
[2018.02.27-17.35.10:985][863]LogModuleManager: Shutting down and abandoning module AddContentDialog (548)
[2018.02.27-17.35.10:985][863]LogDirectoryWatcher: A directory notification for 'C:/Program Files/Epic Games/UE_4.18/FeaturePacks/' was aborted.
[2018.02.27-17.35.10:986][863]LogModuleManager: Shutting down and abandoning module WidgetCarousel (547)
[2018.02.27-17.35.10:986][863]LogModuleManager: Shutting down and abandoning module EditorWidgets (544)
[2018.02.27-17.35.10:986][863]LogModuleManager: Shutting down and abandoning module CollectionManager (542)
[2018.02.27-17.35.10:986][863]LogDirectoryWatcher: A directory notification for 'C:/Users/Megapoort/Desktop/Lyfe/Lyfe_Game/Content/Collections/' was aborted.
[2018.02.27-17.35.10:986][863]LogDirectoryWatcher: A directory notification for 'C:/Users/Megapoort/Desktop/Lyfe/Lyfe_Game/Content/Developers/Megapoort/Collections/' was aborted.
[2018.02.27-17.35.10:986][863]LogDirectoryWatcher: A directory notification for 'C:/Users/Megapoort/Desktop/Lyfe/Lyfe_Game/Saved/Collections/' was aborted.
[2018.02.27-17.35.10:986][863]LogModuleManager: Shutting down and abandoning module HierarchicalLODUtilities (540)
[2018.02.27-17.35.10:986][863]LogModuleManager: Shutting down and abandoning module StatsViewer (538)
[2018.02.27-17.35.10:986][863]LogModuleManager: Shutting down and abandoning module FoliageEdit (536)
[2018.02.27-17.35.10:986][863]LogModuleManager: Shutting down and abandoning module LandscapeEditor (534)
[2018.02.27-17.35.10:987][863]LogModuleManager: Shutting down and abandoning module MeshPaintMode (532)
[2018.02.27-17.35.10:987][863]LogModuleManager: Shutting down and abandoning module SceneDepthPickerMode (530)
[2018.02.27-17.35.10:987][863]LogModuleManager: Shutting down and abandoning module ActorPickerMode (528)
[2018.02.27-17.35.10:987][863]LogModuleManager: Shutting down and abandoning module GeometryMode (526)
[2018.02.27-17.35.10:987][863]LogModuleManager: Shutting down and abandoning module TextureAlignMode (524)
[2018.02.27-17.35.10:987][863]LogModuleManager: Shutting down and abandoning module BspMode (522)
[2018.02.27-17.35.10:987][863]LogModuleManager: Shutting down and abandoning module PIEPreviewDeviceProfileSelector (520)
[2018.02.27-17.35.10:987][863]LogModuleManager: Shutting down and abandoning module HardwareSurvey (518)
[2018.02.27-17.35.10:987][863]LogModuleManager: Shutting down and abandoning module SequenceRecorderSections (516)
[2018.02.27-17.35.10:987][863]LogModuleManager: Shutting down and abandoning module AutomationWorker (514)
[2018.02.27-17.35.10:987][863]LogModuleManager: Shutting down and abandoning module MatineeToLevelSequence (512)
[2018.02.27-17.35.10:987][863]LogModuleManager: Shutting down and abandoning module LevelSequenceEditor (510)
[2018.02.27-17.35.10:987][863]LogModuleManager: Shutting down and abandoning module PlacementMode (509)
[2018.02.27-17.35.10:987][863]LogModuleManager: Shutting down and abandoning module WmfMediaFactory (506)
[2018.02.27-17.35.10:987][863]LogModuleManager: Shutting down and abandoning module WmfMediaEditor (504)
[2018.02.27-17.35.10:987][863]LogModuleManager: Shutting down and abandoning module OpenExrWrapper (502)
[2018.02.27-17.35.10:987][863]LogModuleManager: Shutting down and abandoning module ImgMediaFactory (500)
[2018.02.27-17.35.10:987][863]LogModuleManager: Shutting down and abandoning module ImgMediaEditor (498)
[2018.02.27-17.35.10:987][863]LogModuleManager: Shutting down and abandoning module AvfMediaFactory (496)
[2018.02.27-17.35.10:987][863]LogModuleManager: Shutting down and abandoning module AvfMediaEditor (494)
[2018.02.27-17.35.10:987][863]LogModuleManager: Shutting down and abandoning module AndroidMediaFactory (492)
[2018.02.27-17.35.10:987][863]LogModuleManager: Shutting down and abandoning module AndroidMediaEditor (490)
[2018.02.27-17.35.10:987][863]LogModuleManager: Shutting down and abandoning module CharacterAI (488)
[2018.02.27-17.35.10:987][863]LogModuleManager: Shutting down and abandoning module AudioCapture (486)
[2018.02.27-17.35.10:987][863]LogModuleManager: Shutting down and abandoning module SequenceRecorder (485)
[2018.02.27-17.35.10:987][863]LogModuleManager: Shutting down and abandoning module SmartSnapping (482)
[2018.02.27-17.35.10:987][863]LogModuleManager: Shutting down and abandoning module SessionServices (480)
[2018.02.27-17.35.10:987][863]LogModuleManager: Shutting down and abandoning module ViewportSnapping (478)
[2018.02.27-17.35.10:987][863]LogModuleManager: Shutting down and abandoning module ViewportInteraction (476)
[2018.02.27-17.35.10:987][863]LogModuleManager: Shutting down and abandoning module ClothPainter (474)
[2018.02.27-17.35.10:987][863]LogModuleManager: Shutting down and abandoning module SkeletalMeshEditor (473)
[2018.02.27-17.35.10:987][863]LogModuleManager: Shutting down and abandoning module LogVisualizer (470)
[2018.02.27-17.35.10:987][863]LogModuleManager: Shutting down and abandoning module IntroTutorials (468)
[2018.02.27-17.35.10:987][863]LogModuleManager: Shutting down and abandoning module GameProjectGeneration (467)
[2018.02.27-17.35.10:988][863]LogModuleManager: Shutting down and abandoning module IOSPlatformEditor (464)
[2018.02.27-17.35.10:988][863]LogModuleManager: Shutting down and abandoning module HTML5PlatformEditor (462)
[2018.02.27-17.35.10:988][863]LogModuleManager: Shutting down and abandoning module AndroidPlatformEditor (460)
[2018.02.27-17.35.10:988][863]LogModuleManager: Shutting down and abandoning module AndroidDeviceDetection (459)
[2018.02.27-17.35.11:123][863]LogModuleManager: Shutting down and abandoning module WindowsPlatformEditor (456)
[2018.02.27-17.35.11:123][863]LogModuleManager: Shutting down and abandoning module IOSRuntimeSettings (454)
[2018.02.27-17.35.11:123][863]LogModuleManager: Shutting down and abandoning module AndroidRuntimeSettings (452)
[2018.02.27-17.35.11:123][863]LogModuleManager: Shutting down and abandoning module InputBindingEditor (450)
[2018.02.27-17.35.11:123][863]LogModuleManager: Shutting down and abandoning module MergeActors (448)
[2018.02.27-17.35.11:123][863]LogModuleManager: Shutting down and abandoning module SizeMap (446)
[2018.02.27-17.35.11:123][863]LogModuleManager: Shutting down and abandoning module TreeMap (444)
[2018.02.27-17.35.11:123][863]LogModuleManager: Shutting down and abandoning module ReferenceViewer (442)
[2018.02.27-17.35.11:123][863]LogModuleManager: Shutting down and abandoning module LocalizationDashboard (440)
[2018.02.27-17.35.11:123][863]LogModuleManager: Shutting down and abandoning module LocalizationService (439)
[2018.02.27-17.35.11:123][863]LogModuleManager: Shutting down and abandoning module HardwareTargeting (436)
[2018.02.27-17.35.11:123][863]LogModuleManager: Shutting down and abandoning module DeviceProfileEditor (434)
[2018.02.27-17.35.11:123][863]LogModuleManager: Shutting down and abandoning module UndoHistory (432)
[2018.02.27-17.35.11:123][863]LogModuleManager: Shutting down and abandoning module XmlParser (430)
[2018.02.27-17.35.11:124][863]LogModuleManager: Shutting down and abandoning module Blutility (428)
[2018.02.27-17.35.11:124][863]LogModuleManager: Shutting down and abandoning module ProjectSettingsViewer (426)
[2018.02.27-17.35.11:124][863]LogModuleManager: Shutting down and abandoning module ProjectTargetPlatformEditor (425)
[2018.02.27-17.35.11:124][863]LogModuleManager: Shutting down and abandoning module EditorSettingsViewer (422)
[2018.02.27-17.35.11:124][863]LogModuleManager: Shutting down and abandoning module SettingsEditor (420)
[2018.02.27-17.35.11:124][863]LogModuleManager: Shutting down and abandoning module ProjectLauncher (418)
[2018.02.27-17.35.11:124][863]LogModuleManager: Shutting down and abandoning module SessionFrontend (416)
[2018.02.27-17.35.11:124][863]LogModuleManager: Shutting down and abandoning module ProfilerClient (414)
[2018.02.27-17.35.11:124][863]LogModuleManager: Shutting down and abandoning module DeviceManager (412)
[2018.02.27-17.35.11:124][863]LogModuleManager: Shutting down and abandoning module TargetDeviceServices (411)
[2018.02.27-17.35.11:177][863]LogModuleManager: Shutting down and abandoning module AutomationController (408)
[2018.02.27-17.35.11:177][863]LogModuleManager: Shutting down and abandoning module AutomationWindow (406)
[2018.02.27-17.35.11:177][863]LogModuleManager: Shutting down and abandoning module Layers (404)
[2018.02.27-17.35.11:177][863]LogModuleManager: Shutting down and abandoning module ComponentVisualizers (402)
[2018.02.27-17.35.11:177][863]LogModuleManager: Shutting down and abandoning module DetailCustomizations (400)
[2018.02.27-17.35.11:178][863]LogModuleManager: Shutting down and abandoning module PackagesDialog (398)
[2018.02.27-17.35.11:178][863]LogModuleManager: Shutting down and abandoning module Persona (396)
[2018.02.27-17.35.11:178][863]LogModuleManager: Shutting down and abandoning module AdvancedPreviewScene (395)
[2018.02.27-17.35.11:178][863]LogModuleManager: Shutting down and abandoning module AnimGraph (393)
[2018.02.27-17.35.11:178][863]LogModuleManager: Shutting down and abandoning module Kismet (390)
[2018.02.27-17.35.11:178][863]LogModuleManager: Shutting down and abandoning module ClassViewer (388)
[2018.02.27-17.35.11:181][863]LogModuleManager: Shutting down and abandoning module Toolbox (386)
[2018.02.27-17.35.11:181][863]LogModuleManager: Shutting down and abandoning module ModuleUI (384)
[2018.02.27-17.35.11:181][863]LogModuleManager: Shutting down and abandoning module MovieSceneTools (382)
[2018.02.27-17.35.11:181][863]LogModuleManager: Shutting down and abandoning module OutputLog (380)
[2018.02.27-17.35.11:181][863]LogModuleManager: Shutting down and abandoning module GammaUI (378)
[2018.02.27-17.35.11:181][863]LogModuleManager: Shutting down and abandoning module Documentation (376)
[2018.02.27-17.35.11:181][863]LogModuleManager: Shutting down and abandoning module MovieSceneTracks (374)
[2018.02.27-17.35.11:181][863]LogModuleManager: Shutting down and abandoning module MovieScene (372)
[2018.02.27-17.35.11:181][863]LogModuleManager: Shutting down and abandoning module StreamingPauseRendering (370)
[2018.02.27-17.35.11:181][863]LogModuleManager: Shutting down and abandoning module LauncherPlatform (368)
[2018.02.27-17.35.11:181][863]LogModuleManager: Shutting down and abandoning module AnalyticsET (366)
[2018.02.27-17.35.11:181][863]LogModuleManager: Shutting down and abandoning module PortalServices (364)
[2018.02.27-17.35.11:181][863]LogModuleManager: Shutting down and abandoning module PortalRpc (362)
[2018.02.27-17.35.11:181][863]LogModuleManager: Shutting down and abandoning module MessagingRpc (360)
[2018.02.27-17.35.11:181][863]LogModuleManager: Shutting down and abandoning module AIModule (358)
[2018.02.27-17.35.11:182][863]LogModuleManager: Shutting down and abandoning module GameplayDebugger (357)
[2018.02.27-17.35.11:182][863]LogModuleManager: Shutting down and abandoning module AITestSuite (355)
[2018.02.27-17.35.11:182][863]LogModuleManager: Shutting down and abandoning module ProfilerService (352)
[2018.02.27-17.35.11:228][863]LogModuleManager: Shutting down and abandoning module TaskGraph (350)
[2018.02.27-17.35.11:228][863]LogModuleManager: Shutting down and abandoning module SteamVRController (348)
[2018.02.27-17.35.11:228][863]LogModuleManager: Shutting down and abandoning module ProceduralMeshComponentEditor (346)
[2018.02.27-17.35.11:228][863]LogModuleManager: Shutting down and abandoning module ProceduralMeshComponent (344)
[2018.02.27-17.35.11:228][863]LogModuleManager: Shutting down and abandoning module OculusInput (342)
[2018.02.27-17.35.11:228][863]LogModuleManager: Shutting down and abandoning module MobilePatchingUtils (340)
[2018.02.27-17.35.11:228][863]LogModuleManager: Shutting down and abandoning module CustomMeshComponent (338)
[2018.02.27-17.35.11:228][863]LogModuleManager: Shutting down and abandoning module CableComponent (336)
[2018.02.27-17.35.11:228][863]LogModuleManager: Shutting down and abandoning module ArchVisCharacter (334)
[2018.02.27-17.35.11:228][863]LogModuleManager: Shutting down and abandoning module AndroidPermission (332)
[2018.02.27-17.35.11:228][863]LogModuleManager: Shutting down and abandoning module ActorSequence (328)
[2018.02.27-17.35.11:228][863]LogModuleManager: Shutting down and abandoning module MediaPlayerEditor (326)
[2018.02.27-17.35.11:228][863]LogModuleManager: Shutting down and abandoning module MediaCompositingEditor (324)
[2018.02.27-17.35.11:228][863]LogModuleManager: Shutting down and abandoning module MediaCompositing (322)
[2018.02.27-17.35.11:228][863]LogModuleManager: Shutting down and abandoning module HTML5Networking (320)
[2018.02.27-17.35.11:228][863]LogModuleManager: Shutting down and abandoning module AlembicImporter (318)
[2018.02.27-17.35.11:228][863]LogModuleManager: Shutting down and abandoning module AlembicLibrary (317)
[2018.02.27-17.35.11:228][863]LogModuleManager: Shutting down and abandoning module GeometryCache (316)
[2018.02.27-17.35.11:228][863]LogModuleManager: Shutting down and abandoning module GeometryCacheEd (315)
[2018.02.27-17.35.11:228][863]LogModuleManager: Shutting down and abandoning module SpeedTreeImporter (310)
[2018.02.27-17.35.11:228][863]LogModuleManager: Shutting down and abandoning module PluginBrowser (308)
[2018.02.27-17.35.11:228][863]LogModuleManager: Shutting down and abandoning module MobileLauncherProfileWizard (306)
[2018.02.27-17.35.11:228][863]LogModuleManager: Shutting down and abandoning module VisualStudioSourceCodeAccess (304)
[2018.02.27-17.35.11:228][863]LogModuleManager: Shutting down and abandoning module VisualStudioCodeSourceCodeAccess (302)
[2018.02.27-17.35.11:228][863]LogModuleManager: Shutting down and abandoning module UObjectPlugin (300)
[2018.02.27-17.35.11:228][863]LogModuleManager: Shutting down and abandoning module SubversionSourceControl (298)
[2018.02.27-17.35.11:228][863]LogModuleManager: Shutting down and abandoning module PerforceSourceControl (296)
[2018.02.27-17.35.11:228][863]LogModuleManager: Shutting down and abandoning module GitSourceControl (294)
[2018.02.27-17.35.11:228][863]LogModuleManager: Shutting down and abandoning module SourceControl (293)
[2018.02.27-17.35.11:228][863]LogModuleManager: Shutting down and abandoning module LightPropagationVolumeEditor (290)
[2018.02.27-17.35.11:228][863]LogModuleManager: Shutting down and abandoning module PaperTiledImporter (288)
[2018.02.27-17.35.11:228][863]LogModuleManager: Shutting down and abandoning module PaperSpriteSheetImporter (286)
[2018.02.27-17.35.11:228][863]LogModuleManager: Shutting down and abandoning module Paper2DEditor (284)
[2018.02.27-17.35.11:228][863]LogModuleManager: Shutting down and abandoning module MeshPaint (283)
[2018.02.27-17.35.11:229][863]LogModuleManager: Shutting down and abandoning module LevelEditor (281)
[2018.02.27-17.35.11:229][863]LogModuleManager: Shutting down and abandoning module PixelInspectorModule (280)
[2018.02.27-17.35.11:229][863]LogModuleManager: Shutting down and abandoning module MainFrame (278)
[2018.02.27-17.35.11:230][863]LogModuleManager: Shutting down and abandoning module HotReload (277)
[2018.02.27-17.35.11:230][863]LogDirectoryWatcher: A directory notification for 'C:/Users/Megapoort/Desktop/Lyfe/Lyfe_Game/Binaries/Win64' was aborted.
[2018.02.27-17.35.11:230][863]LogModuleManager: Shutting down and abandoning module RuntimePhysXCooking (270)
[2018.02.27-17.35.11:230][863]LogModuleManager: Shutting down and abandoning module PhysXVehiclesEditor (268)
[2018.02.27-17.35.11:230][863]LogModuleManager: Shutting down and abandoning module PhysXVehicles (266)
[2018.02.27-17.35.11:230][863]LogModuleManager: Shutting down and abandoning module OculusEditor (264)
[2018.02.27-17.35.11:230][863]LogModuleManager: Shutting down and abandoning module LocationServicesBPLibrary (262)
[2018.02.27-17.35.11:230][863]LogModuleManager: Shutting down and abandoning module ImmediatePhysicsEditor (260)
[2018.02.27-17.35.11:230][863]LogModuleManager: Shutting down and abandoning module ImmediatePhysics (258)
[2018.02.27-17.35.11:230][863]LogModuleManager: Shutting down and abandoning module UdpMessaging (256)
[2018.02.27-17.35.11:331][863]LogModuleManager: Shutting down and abandoning module TcpMessaging (254)
[2018.02.27-17.35.11:516][863]LogModuleManager: Shutting down and abandoning module GameplayTagsEditor (252)
[2018.02.27-17.35.11:516][863]LogModuleManager: Shutting down and abandoning module FacialAnimationEditor (250)
[2018.02.27-17.35.11:517][863]LogModuleManager: Shutting down and abandoning module FacialAnimation (248)
[2018.02.27-17.35.11:517][863]LogModuleManager: Shutting down and abandoning module AssetManagerEditor (246)
[2018.02.27-17.35.11:517][863]LogModuleManager: Shutting down and abandoning module GraphEditor (245)
[2018.02.27-17.35.11:517][863]LogModuleManager: Shutting down and abandoning module ContentBrowser (243)
[2018.02.27-17.35.11:519][863]LogModuleManager: Shutting down and abandoning module LightPropagationVolumeRuntime (240)
[2018.02.27-17.35.11:519][863]LogModuleManager: Shutting down and abandoning module Paper2D (238)
[2018.02.27-17.35.11:519][863]LogModuleManager: Shutting down and abandoning module WindowsMoviePlayer (236)
[2018.02.27-17.35.11:519][863]LogModuleManager: Shutting down and abandoning module WmfMedia (234)
[2018.02.27-17.35.11:523][863]LogModuleManager: Shutting down and abandoning module ImgMedia (232)
[2018.02.27-17.35.11:523][863]LogModuleManager: Shutting down and abandoning module PacketHandler (230)
[2018.02.27-17.35.11:523][863]LogModuleManager: Shutting down and abandoning module ClothingSystemEditor (228)
[2018.02.27-17.35.11:523][863]LogModuleManager: Shutting down and abandoning module ClothingSystemRuntime (226)
[2018.02.27-17.35.11:524][863]LogModuleManager: Shutting down and abandoning module MediaAssets (224)
[2018.02.27-17.35.11:524][863]LogModuleManager: Shutting down and abandoning module Media (223)
[2018.02.27-17.35.11:529][863]LogModuleManager: Shutting down and abandoning module Overlay (220)
[2018.02.27-17.35.11:529][863]LogModuleManager: Shutting down and abandoning module OverlayEditor (219)
[2018.02.27-17.35.11:529][863]LogModuleManager: Shutting down and abandoning module VREditor (216)
[2018.02.27-17.35.11:529][863]LogModuleManager: Shutting down and abandoning module StringTableEditor (214)
[2018.02.27-17.35.11:530][863]LogModuleManager: Shutting down and abandoning module GameplayTasksEditor (212)
[2018.02.27-17.35.11:530][863]LogModuleManager: Shutting down and abandoning module BehaviorTreeEditor (210)
[2018.02.27-17.35.11:530][863]LogModuleManager: Shutting down and abandoning module FunctionalTesting (208)
[2018.02.27-17.35.11:530][863]LogModuleManager: Shutting down and abandoning module CollisionAnalyzer (206)
[2018.02.27-17.35.11:530][863]LogModuleManager: Shutting down and abandoning module WorkspaceMenuStructure (205)
[2018.02.27-17.35.11:530][863]LogModuleManager: Shutting down and abandoning module UMG (202)
[2018.02.27-17.35.11:530][863]LogModuleManager: Shutting down and abandoning module UMGEditor (201)
[2018.02.27-17.35.11:530][863]LogModuleManager: Shutting down and abandoning module Sequencer (200)
[2018.02.27-17.35.11:530][863]LogModuleManager: Shutting down and abandoning module MessageLog (197)
[2018.02.27-17.35.11:530][863]LogModuleManager: Shutting down and abandoning module SlateReflector (192)
[2018.02.27-17.35.11:530][863]LogModuleManager: Shutting down and abandoning module Slate (190)
[2018.02.27-17.35.11:530][863]LogModuleManager: Shutting down and abandoning module EditorStyle (188)
[2018.02.27-17.35.11:536][863]LogModuleManager: Shutting down and abandoning module MRMesh (186)
[2018.02.27-17.35.11:536][863]LogModuleManager: Shutting down and abandoning module SourceCodeAccess (184)
[2018.02.27-17.35.11:536][863]LogModuleManager: Shutting down and abandoning module HeadMountedDisplay (182)
[2018.02.27-17.35.11:536][863]LogModuleManager: Shutting down and abandoning module XAudio2 (180)
[2018.02.27-17.35.11:536][863]LogModuleManager: Shutting down and abandoning module Networking (178)
[2018.02.27-17.35.11:536][863]LogModuleManager: Shutting down and abandoning module Core (174)
[2018.02.27-17.35.11:536][863]LogModuleManager: Shutting down and abandoning module LevelSequence (170)
[2018.02.27-17.35.11:536][863]LogModuleManager: Shutting down and abandoning module DirectoryWatcher (168)
[2018.02.27-17.35.11:537][863]LogModuleManager: Shutting down and abandoning module KismetCompiler (166)
[2018.02.27-17.35.11:537][863]LogModuleManager: Shutting down and abandoning module MeshUtilities (164)
[2018.02.27-17.35.11:537][863]LogModuleManager: Shutting down and abandoning module MeshMergeUtilities (163)
[2018.02.27-17.35.11:537][863]LogModuleManager: Shutting down and abandoning module MeshReductionInterface (162)
[2018.02.27-17.35.11:537][863]LogModuleManager: Shutting down and abandoning module SimplygonSwarm (161)
[2018.02.27-17.35.11:537][863]LogModuleManager: Shutting down and abandoning module SimplygonMeshReduction (159)
[2018.02.27-17.35.11:537][863]LogModuleManager: Shutting down and abandoning module QuadricMeshReduction (157)
[2018.02.27-17.35.11:537][863]LogModuleManager: Shutting down and abandoning module MaterialBaking (153)
[2018.02.27-17.35.11:538][863]LogModuleManager: Shutting down and abandoning module DerivedDataCache (150)
[2018.02.27-17.35.11:636][863]LogDerivedDataCache: Shutdown
[2018.02.27-17.35.11:636][863]LogModuleManager: Shutting down and abandoning module TargetPlatform (148)
[2018.02.27-17.35.11:636][863]LogModuleManager: Shutting down and abandoning module VulkanShaderFormat (147)
[2018.02.27-17.35.11:636][863]LogModuleManager: Shutting down and abandoning module ShaderFormatVectorVM (145)
[2018.02.27-17.35.11:636][863]LogModuleManager: Shutting down and abandoning module ShaderFormatOpenGL (143)
[2018.02.27-17.35.11:636][863]LogModuleManager: Shutting down and abandoning module ShaderFormatD3D (141)
[2018.02.27-17.35.11:636][863]LogModuleManager: Shutting down and abandoning module MetalShaderFormat (139)
[2018.02.27-17.35.11:637][863]LogModuleManager: Shutting down and abandoning module TextureFormatUncompressed (137)
[2018.02.27-17.35.11:637][863]LogModuleManager: Shutting down and abandoning module TextureFormatPVR (135)
[2018.02.27-17.35.11:637][863]LogModuleManager: Shutting down and abandoning module TextureFormatDXT (133)
[2018.02.27-17.35.11:637][863]LogModuleManager: Shutting down and abandoning module TextureFormatIntelISPCTexComp (131)
[2018.02.27-17.35.11:637][863]LogModuleManager: Shutting down and abandoning module TextureFormatASTC (129)
[2018.02.27-17.35.11:637][863]LogModuleManager: Shutting down and abandoning module ImageWrapper (128)
[2018.02.27-17.35.11:637][863]LogModuleManager: Shutting down and abandoning module TextureFormatAndroid (125)
[2018.02.27-17.35.11:637][863]LogModuleManager: Shutting down and abandoning module AudioFormatOpus (123)
[2018.02.27-17.35.11:637][863]LogModuleManager: Shutting down and abandoning module AudioFormatOgg (121)
[2018.02.27-17.35.11:637][863]LogModuleManager: Shutting down and abandoning module AudioFormatADPCM (119)
[2018.02.27-17.35.11:637][863]LogModuleManager: Shutting down and abandoning module LinuxTargetPlatform (117)
[2018.02.27-17.35.11:637][863]LogModuleManager: Shutting down and abandoning module LinuxServerTargetPlatform (115)
[2018.02.27-17.35.11:637][863]LogModuleManager: Shutting down and abandoning module LinuxNoEditorTargetPlatform (113)
[2018.02.27-17.35.11:637][863]LogModuleManager: Shutting down and abandoning module LinuxClientTargetPlatform (111)
[2018.02.27-17.35.11:637][863]LogModuleManager: Shutting down and abandoning module TVOSTargetPlatform (109)
[2018.02.27-17.35.11:637][863]LogModuleManager: Shutting down and abandoning module Messaging (107)
[2018.02.27-17.35.11:637][863]LogModuleManager: Shutting down and abandoning module IOSTargetPlatform (105)
[2018.02.27-17.35.11:637][863]LogModuleManager: Shutting down and abandoning module HTML5TargetPlatform (103)
[2018.02.27-17.35.11:637][863]LogModuleManager: Shutting down and abandoning module AndroidTargetPlatform (101)
[2018.02.27-17.35.11:637][863]LogModuleManager: Shutting down and abandoning module Android_PVRTCTargetPlatform (99)
[2018.02.27-17.35.11:638][863]LogModuleManager: Shutting down and abandoning module Android_MultiTargetPlatform (97)
[2018.02.27-17.35.11:638][863]LogModuleManager: Shutting down and abandoning module Android_ETC2TargetPlatform (95)
[2018.02.27-17.35.11:638][863]LogModuleManager: Shutting down and abandoning module Android_ETC1TargetPlatform (93)
[2018.02.27-17.35.11:638][863]LogModuleManager: Shutting down and abandoning module Android_DXTTargetPlatform (91)
[2018.02.27-17.35.11:638][863]LogModuleManager: Shutting down and abandoning module Android_ATCTargetPlatform (89)
[2018.02.27-17.35.11:638][863]LogModuleManager: Shutting down and abandoning module Android_ASTCTargetPlatform (87)
[2018.02.27-17.35.11:638][863]LogModuleManager: Shutting down and abandoning module WindowsTargetPlatform (85)
[2018.02.27-17.35.11:638][863]LogModuleManager: Shutting down and abandoning module WindowsServerTargetPlatform (83)
[2018.02.27-17.35.11:638][863]LogModuleManager: Shutting down and abandoning module WindowsNoEditorTargetPlatform (81)
[2018.02.27-17.35.11:638][863]LogModuleManager: Shutting down and abandoning module WindowsClientTargetPlatform (79)
[2018.02.27-17.35.11:638][863]LogModuleManager: Shutting down and abandoning module MacTargetPlatform (77)
[2018.02.27-17.35.11:638][863]LogModuleManager: Shutting down and abandoning module MacServerTargetPlatform (75)
[2018.02.27-17.35.11:638][863]LogModuleManager: Shutting down and abandoning module MacNoEditorTargetPlatform (73)
[2018.02.27-17.35.11:638][863]LogModuleManager: Shutting down and abandoning module MacClientTargetPlatform (71)
[2018.02.27-17.35.11:638][863]LogModuleManager: Shutting down and abandoning module AllDesktopTargetPlatform (69)
[2018.02.27-17.35.11:638][863]LogModuleManager: Shutting down and abandoning module InputCore (66)
[2018.02.27-17.35.11:638][863]LogModuleManager: Shutting down and abandoning module Settings (64)
[2018.02.27-17.35.11:638][863]LogModuleManager: Shutting down and abandoning module PhysXCooking (62)
[2018.02.27-17.35.11:638][863]LogModuleManager: Shutting down and abandoning module SteamVR (60)
[2018.02.27-17.35.11:638][863]LogModuleManager: Shutting down and abandoning module OculusHMD (58)
[2018.02.27-17.35.11:638][863]LogModuleManager: Shutting down and abandoning module ExampleDeviceProfileSelector (56)
[2018.02.27-17.35.11:638][863]LogModuleManager: Shutting down and abandoning module AppleARKit (54)
[2018.02.27-17.35.11:638][863]LogModuleManager: Shutting down and abandoning module AugmentedReality (53)
[2018.02.27-17.35.11:639][863]LogModuleManager: Shutting down and abandoning module OnlineBlueprintSupport (50)
[2018.02.27-17.35.11:639][863]LogModuleManager: Shutting down and abandoning module OnlineSubsystem (46)
[2018.02.27-17.35.11:639][863]LogModuleManager: Shutting down and abandoning module XMPP (45)
[2018.02.27-17.35.11:639][863]LogModuleManager: Shutting down and abandoning module HTTP (43)
[2018.02.27-17.35.11:639][863]LogHttp: Display: Http module shutting down, but needs to wait on 1 outstanding Http requests:
[2018.02.27-17.35.11:639][863]LogHttp: Display: 	verb=[POST] url=[https://datarouter.ol.epicgames.com/datarouter/api/v1/public/data?SessionID=%7BE2C347AB-4E64-33D9-8EEA-85ADFDAB5C65%7D&AppID=UEEditor.Rocket.Release&AppVersion=4.18.3-3832480%2B%2B%2BUE4%2BRelease-4.18&UserID=7eb6bad64ce15bbb303063bcd884f707%7C93b0efcff2a6400190eaefacfcaa8ee1%7Ca0bc31c3-cdf1-46e9-bcbf-4702d3bc8472&AppEnvironment=datacollector-binary&UploadType=eteventstream] status=Processing
[2018.02.27-17.35.11:658][863]LogModuleManager: Shutting down and abandoning module SSL (42)
[2018.02.27-17.35.11:661][863]LogModuleManager: Shutting down and abandoning module DesktopPlatform (38)
[2018.02.27-17.35.11:661][863]LogModuleManager: Shutting down and abandoning module AnimationModifiers (36)
[2018.02.27-17.35.11:661][863]LogModuleManager: Shutting down and abandoning module PropertyEditor (35)
[2018.02.27-17.35.11:661][863]LogModuleManager: Shutting down and abandoning module AudioEditor (32)
[2018.02.27-17.35.11:661][863]LogModuleManager: Shutting down and abandoning module TextureCompressor (30)
[2018.02.27-17.35.11:662][863]LogModuleManager: Shutting down and abandoning module ShaderCore (28)
[2018.02.27-17.35.11:662][863]LogModuleManager: Shutting down and abandoning module Landscape (26)
[2018.02.27-17.35.11:662][863]LogModuleManager: Shutting down and abandoning module SlateRHIRenderer (24)
[2018.02.27-17.35.11:663][863]LogModuleManager: Shutting down and abandoning module OpenGLDrv (22)
[2018.02.27-17.35.11:663][863]LogModuleManager: Shutting down and abandoning module D3D11RHI (20)
[2018.02.27-17.35.11:663][863]LogModuleManager: Shutting down and abandoning module AnimGraphRuntime (18)
[2018.02.27-17.35.11:663][863]LogModuleManager: Shutting down and abandoning module Renderer (16)
[2018.02.27-17.35.11:663][863]LogModuleManager: Shutting down and abandoning module Engine (14)
[2018.02.27-17.35.11:664][863]LogModuleManager: Shutting down and abandoning module CoreUObject (12)
[2018.02.27-17.35.11:664][863]LogModuleManager: Shutting down and abandoning module NetworkFile (10)
[2018.02.27-17.35.11:664][863]LogModuleManager: Shutting down and abandoning module CookedIterativeFile (8)
[2018.02.27-17.35.11:664][863]LogModuleManager: Shutting down and abandoning module StreamingFile (6)
[2018.02.27-17.35.11:664][863]LogModuleManager: Shutting down and abandoning module SandboxFile (4)
[2018.02.27-17.35.11:664][863]LogModuleManager: Shutting down and abandoning module PakFile (2)
[2018.02.27-17.35.11:671][863]LogExit: Exiting.
[2018.02.27-17.35.11:697][863]Log file closed, 02/27/18 18:35:11
