Log file open, 03/01/18 23:12:06
LogWindows: Failed to load 'aqProf.dll' (GetLastError=126)
LogWindows: File 'aqProf.dll' does not exist
LogWindows: Failed to load 'VSPerf140.dll' (GetLastError=126)
LogWindows: File 'VSPerf140.dll' does not exist
LogWindows: Failed to load 'VtuneApi.dll' (GetLastError=126)
LogWindows: File 'VtuneApi.dll' does not exist
LogWindows: Failed to load 'VtuneApi32e.dll' (GetLastError=126)
LogWindows: File 'VtuneApi32e.dll' does not exist
LogInit: Display: Running engine for game: Lyfe_Game
LogPlatformFile: Not using cached read wrapper
LogInit: Display: RandInit(1427776923) SRandInit(1427776923).
LogInit: Read version file with build ID '3709383'
LogInit: Overriding engine version to CL 3832480, compatible CL 3709383
LogInit: Registered custom module enumerator with build ID '3709383'
LogTaskGraph: Started task graph with 5 named threads and 14 total threads with 3 sets of task threads.
LogStats: Stats thread started at 0.191518
LogD3D11RHI: Aftermath initialized
LogPluginManager: Mounting plugin Paper2D
LogPluginManager: Mounting plugin LightPropagationVolume
LogPluginManager: Mounting plugin CodeLiteSourceCodeAccess
LogPluginManager: Mounting plugin GitSourceControl
LogPluginManager: Mounting plugin KDevelopSourceCodeAccess
LogPluginManager: Mounting plugin NullSourceCodeAccess
LogPluginManager: Mounting plugin PerforceSourceControl
LogPluginManager: Mounting plugin SubversionSourceControl
LogPluginManager: Mounting plugin UObjectPlugin
LogPluginManager: Mounting plugin VisualStudioCodeSourceCodeAccess
LogPluginManager: Mounting plugin VisualStudioSourceCodeAccess
LogPluginManager: Mounting plugin XCodeSourceCodeAccess
LogPluginManager: Mounting plugin AssetManagerEditor
LogPluginManager: Mounting plugin AudioCapture
LogPluginManager: Mounting plugin FacialAnimation
LogPluginManager: Mounting plugin GameplayTagsEditor
LogPluginManager: Mounting plugin MobileLauncherProfileWizard
LogPluginManager: Mounting plugin PluginBrowser
LogPluginManager: Mounting plugin SpeedTreeImporter
LogPluginManager: Mounting plugin AlembicImporter
LogPluginManager: Mounting plugin CharacterAI
LogPluginManager: Mounting plugin HTML5Networking
LogPluginManager: Mounting plugin AndroidMedia
LogPluginManager: Mounting plugin AvfMedia
LogPluginManager: Mounting plugin ImgMedia
LogPluginManager: Mounting plugin MediaCompositing
LogPluginManager: Mounting plugin MediaPlayerEditor
LogPluginManager: Mounting plugin WmfMedia
LogPluginManager: Mounting plugin TcpMessaging
LogPluginManager: Mounting plugin UdpMessaging
LogPluginManager: Mounting plugin ActorSequence
LogPluginManager: Mounting plugin LevelSequenceEditor
LogPluginManager: Mounting plugin MatineeToLevelSequence
LogPluginManager: Mounting plugin OnlineSubsystemGooglePlay
LogPluginManager: Mounting plugin OnlineSubsystemIOS
LogPluginManager: Mounting plugin OnlineSubsystem
LogPluginManager: Mounting plugin OnlineSubsystemNull
LogPluginManager: Mounting plugin OnlineSubsystemUtils
LogPluginManager: Mounting plugin AndroidDeviceProfileSelector
LogPluginManager: Mounting plugin AndroidMoviePlayer
LogPluginManager: Mounting plugin AndroidPermission
LogPluginManager: Mounting plugin AppleARKit
LogPluginManager: Mounting plugin AppleMoviePlayer
LogPluginManager: Mounting plugin ArchVisCharacter
LogPluginManager: Mounting plugin CableComponent
LogPluginManager: Mounting plugin CustomMeshComponent
LogPluginManager: Mounting plugin ExampleDeviceProfileSelector
LogPluginManager: Mounting plugin GoogleCloudMessaging
LogPluginManager: Mounting plugin ImmediatePhysics
LogPluginManager: Mounting plugin IOSDeviceProfileSelector
LogPluginManager: Mounting plugin LinuxDeviceProfileSelector
LogPluginManager: Mounting plugin LocationServicesBPLibrary
LogPluginManager: Mounting plugin MobilePatchingUtils
LogPluginManager: Mounting plugin OculusVR
LogPluginManager: Plugin shader directory ../../../Engine/Plugins/Runtime/Oculus/OculusVR/Shaders found
LogPluginManager: Mapping shader source directory ../../../Engine/Plugins/Runtime/Oculus/OculusVR/Shaders to virtual directory /Plugin/OculusVR
LogPluginManager: Mounting plugin PhysXVehicles
LogPluginManager: Mounting plugin ProceduralMeshComponent
LogPluginManager: Mounting plugin RuntimePhysXCooking
LogPluginManager: Mounting plugin SteamVR
LogPluginManager: Mounting plugin WindowsMoviePlayer
LogModuleManager: Display: Found up-to-date module file ../../../../../../Users/Megapoort/Desktop/Lyfe/Lyfe_Game/Binaries/Win64/UE4Editor-Lyfe_Game-5641.dll (API version 3709383).
LogModuleManager: Display: Found up-to-date module file ../../../Engine/Plugins/2D/Paper2D/Binaries/Win64/UE4Editor-Paper2D.dll (API version 3709383).
LogModuleManager: Display: Found up-to-date module file ../../../Engine/Plugins/2D/Paper2D/Binaries/Win64/UE4Editor-Paper2DEditor.dll (API version 3709383).
LogModuleManager: Display: Found up-to-date module file ../../../Engine/Plugins/2D/Paper2D/Binaries/Win64/UE4Editor-PaperSpriteSheetImporter.dll (API version 3709383).
LogModuleManager: Display: Found up-to-date module file ../../../Engine/Plugins/2D/Paper2D/Binaries/Win64/UE4Editor-PaperTiledImporter.dll (API version 3709383).
LogModuleManager: Display: Found up-to-date module file ../../../Engine/Plugins/2D/Paper2D/Binaries/Win64/UE4Editor-SmartSnapping.dll (API version 3709383).
LogModuleManager: Display: Found up-to-date module file ../../../Engine/Plugins/Blendables/LightPropagationVolume/Binaries/Win64/UE4Editor-LightPropagationVolumeRuntime.dll (API version 3709383).
LogModuleManager: Display: Found up-to-date module file ../../../Engine/Plugins/Blendables/LightPropagationVolume/Binaries/Win64/UE4Editor-LightPropagationVolumeEditor.dll (API version 3709383).
LogModuleManager: Display: Found up-to-date module file ../../../Engine/Plugins/Developer/GitSourceControl/Binaries/Win64/UE4Editor-GitSourceControl.dll (API version 3709383).
LogModuleManager: Display: Found up-to-date module file ../../../Engine/Plugins/Developer/PerforceSourceControl/Binaries/Win64/UE4Editor-PerforceSourceControl.dll (API version 3709383).
LogModuleManager: Display: Found up-to-date module file ../../../Engine/Plugins/Developer/SubversionSourceControl/Binaries/Win64/UE4Editor-SubversionSourceControl.dll (API version 3709383).
LogModuleManager: Display: Found up-to-date module file ../../../Engine/Plugins/Developer/UObjectPlugin/Binaries/Win64/UE4Editor-UObjectPlugin.dll (API version 3709383).
LogModuleManager: Display: Found up-to-date module file ../../../Engine/Plugins/Developer/VisualStudioCodeSourceCodeAccess/Binaries/Win64/UE4Editor-VisualStudioCodeSourceCodeAccess.dll (API version 3709383).
LogModuleManager: Display: Found up-to-date module file ../../../Engine/Plugins/Developer/VisualStudioSourceCodeAccess/Binaries/Win64/UE4Editor-VisualStudioSourceCodeAccess.dll (API version 3709383).
LogModuleManager: Display: Found up-to-date module file ../../../Engine/Plugins/Editor/AssetManagerEditor/Binaries/Win64/UE4Editor-AssetManagerEditor.dll (API version 3709383).
LogModuleManager: Display: Found up-to-date module file ../../../Engine/Plugins/Editor/AudioCapture/Binaries/Win64/UE4Editor-AudioCapture.dll (API version 3709383).
LogModuleManager: Display: Found up-to-date module file ../../../Engine/Plugins/Editor/FacialAnimation/Binaries/Win64/UE4Editor-FacialAnimation.dll (API version 3709383).
LogModuleManager: Display: Found up-to-date module file ../../../Engine/Plugins/Editor/FacialAnimation/Binaries/Win64/UE4Editor-FacialAnimationEditor.dll (API version 3709383).
LogModuleManager: Display: Found up-to-date module file ../../../Engine/Plugins/Editor/GameplayTagsEditor/Binaries/Win64/UE4Editor-GameplayTagsEditor.dll (API version 3709383).
LogModuleManager: Display: Found up-to-date module file ../../../Engine/Plugins/Editor/MobileLauncherProfileWizard/Binaries/Win64/UE4Editor-MobileLauncherProfileWizard.dll (API version 3709383).
LogModuleManager: Display: Found up-to-date module file ../../../Engine/Plugins/Editor/PluginBrowser/Binaries/Win64/UE4Editor-PluginBrowser.dll (API version 3709383).
LogModuleManager: Display: Found up-to-date module file ../../../Engine/Plugins/Editor/SpeedTreeImporter/Binaries/Win64/UE4Editor-SpeedTreeImporter.dll (API version 3709383).
LogModuleManager: Display: Found up-to-date module file ../../../Engine/Plugins/Experimental/AlembicImporter/Binaries/Win64/UE4Editor-AlembicImporter.dll (API version 3709383).
LogModuleManager: Display: Found up-to-date module file ../../../Engine/Plugins/Experimental/AlembicImporter/Binaries/Win64/UE4Editor-AlembicLibrary.dll (API version 3709383).
LogModuleManager: Display: Found up-to-date module file ../../../Engine/Plugins/Experimental/CharacterAI/Binaries/Win64/UE4Editor-CharacterAI.dll (API version 3709383).
LogModuleManager: Display: Found up-to-date module file ../../../Engine/Plugins/Experimental/HTML5Networking/Binaries/Win64/UE4Editor-HTML5Networking.dll (API version 3709383).
LogModuleManager: Display: Found up-to-date module file ../../../Engine/Plugins/Media/AndroidMedia/Binaries/Win64/UE4Editor-AndroidMediaEditor.dll (API version 3709383).
LogModuleManager: Display: Found up-to-date module file ../../../Engine/Plugins/Media/AndroidMedia/Binaries/Win64/UE4Editor-AndroidMediaFactory.dll (API version 3709383).
LogModuleManager: Display: Found up-to-date module file ../../../Engine/Plugins/Media/AvfMedia/Binaries/Win64/UE4Editor-AvfMediaEditor.dll (API version 3709383).
LogModuleManager: Display: Found up-to-date module file ../../../Engine/Plugins/Media/AvfMedia/Binaries/Win64/UE4Editor-AvfMediaFactory.dll (API version 3709383).
LogModuleManager: Display: Found up-to-date module file ../../../Engine/Plugins/Media/AvfMedia/Binaries/Win64/UE4Editor-AvfMediaFactory.dll (API version 3709383).
LogModuleManager: Display: Found up-to-date module file ../../../Engine/Plugins/Media/ImgMedia/Binaries/Win64/UE4Editor-ImgMedia.dll (API version 3709383).
LogModuleManager: Display: Found up-to-date module file ../../../Engine/Plugins/Media/ImgMedia/Binaries/Win64/UE4Editor-ImgMediaEditor.dll (API version 3709383).
LogModuleManager: Display: Found up-to-date module file ../../../Engine/Plugins/Media/ImgMedia/Binaries/Win64/UE4Editor-ImgMediaFactory.dll (API version 3709383).
LogModuleManager: Display: Found up-to-date module file ../../../Engine/Plugins/Media/ImgMedia/Binaries/Win64/UE4Editor-ImgMediaFactory.dll (API version 3709383).
LogModuleManager: Display: Found up-to-date module file ../../../Engine/Plugins/Media/ImgMedia/Binaries/Win64/UE4Editor-OpenExrWrapper.dll (API version 3709383).
LogModuleManager: Display: Found up-to-date module file ../../../Engine/Plugins/Media/MediaCompositing/Binaries/Win64/UE4Editor-MediaCompositing.dll (API version 3709383).
LogModuleManager: Display: Found up-to-date module file ../../../Engine/Plugins/Media/MediaCompositing/Binaries/Win64/UE4Editor-MediaCompositingEditor.dll (API version 3709383).
LogModuleManager: Display: Found up-to-date module file ../../../Engine/Plugins/Media/MediaPlayerEditor/Binaries/Win64/UE4Editor-MediaPlayerEditor.dll (API version 3709383).
LogModuleManager: Display: Found up-to-date module file ../../../Engine/Plugins/Media/WmfMedia/Binaries/Win64/UE4Editor-WmfMedia.dll (API version 3709383).
LogModuleManager: Display: Found up-to-date module file ../../../Engine/Plugins/Media/WmfMedia/Binaries/Win64/UE4Editor-WmfMediaEditor.dll (API version 3709383).
LogModuleManager: Display: Found up-to-date module file ../../../Engine/Plugins/Media/WmfMedia/Binaries/Win64/UE4Editor-WmfMediaFactory.dll (API version 3709383).
LogModuleManager: Display: Found up-to-date module file ../../../Engine/Plugins/Media/WmfMedia/Binaries/Win64/UE4Editor-WmfMediaFactory.dll (API version 3709383).
LogModuleManager: Display: Found up-to-date module file ../../../Engine/Plugins/Messaging/TcpMessaging/Binaries/Win64/UE4Editor-TcpMessaging.dll (API version 3709383).
LogModuleManager: Display: Found up-to-date module file ../../../Engine/Plugins/Messaging/UdpMessaging/Binaries/Win64/UE4Editor-UdpMessaging.dll (API version 3709383).
LogModuleManager: Display: Found up-to-date module file ../../../Engine/Plugins/MovieScene/ActorSequence/Binaries/Win64/UE4Editor-ActorSequence.dll (API version 3709383).
LogModuleManager: Display: Found up-to-date module file ../../../Engine/Plugins/MovieScene/LevelSequenceEditor/Binaries/Win64/UE4Editor-LevelSequenceEditor.dll (API version 3709383).
LogModuleManager: Display: Found up-to-date module file ../../../Engine/Plugins/MovieScene/MatineeToLevelSequence/Binaries/Win64/UE4Editor-MatineeToLevelSequence.dll (API version 3709383).
LogModuleManager: Display: Found up-to-date module file ../../../Engine/Plugins/Online/OnlineSubsystem/Binaries/Win64/UE4Editor-OnlineSubsystem.dll (API version 3709383).
LogModuleManager: Display: Found up-to-date module file ../../../Engine/Plugins/Online/OnlineSubsystemNull/Binaries/Win64/UE4Editor-OnlineSubsystemNull.dll (API version 3709383).
LogModuleManager: Display: Found up-to-date module file ../../../Engine/Plugins/Online/OnlineSubsystemUtils/Binaries/Win64/UE4Editor-OnlineSubsystemUtils.dll (API version 3709383).
LogModuleManager: Display: Found up-to-date module file ../../../Engine/Plugins/Online/OnlineSubsystemUtils/Binaries/Win64/UE4Editor-OnlineBlueprintSupport.dll (API version 3709383).
LogModuleManager: Display: Found up-to-date module file ../../../Engine/Plugins/Runtime/AndroidDeviceProfileSelector/Binaries/Win64/UE4Editor-AndroidDeviceProfileSelector.dll (API version 3709383).
LogModuleManager: Display: Found up-to-date module file ../../../Engine/Plugins/Runtime/AndroidPermission/Binaries/Win64/UE4Editor-AndroidPermission.dll (API version 3709383).
LogModuleManager: Display: Found up-to-date module file ../../../Engine/Plugins/Runtime/AppleARKit/Binaries/Win64/UE4Editor-AppleARKit.dll (API version 3709383).
LogModuleManager: Display: Found up-to-date module file ../../../Engine/Plugins/Runtime/ArchVisCharacter/Binaries/Win64/UE4Editor-ArchVisCharacter.dll (API version 3709383).
LogModuleManager: Display: Found up-to-date module file ../../../Engine/Plugins/Runtime/CableComponent/Binaries/Win64/UE4Editor-CableComponent.dll (API version 3709383).
LogModuleManager: Display: Found up-to-date module file ../../../Engine/Plugins/Runtime/CustomMeshComponent/Binaries/Win64/UE4Editor-CustomMeshComponent.dll (API version 3709383).
LogModuleManager: Display: Found up-to-date module file ../../../Engine/Plugins/Runtime/ExampleDeviceProfileSelector/Binaries/Win64/UE4Editor-ExampleDeviceProfileSelector.dll (API version 3709383).
LogModuleManager: Display: Found up-to-date module file ../../../Engine/Plugins/Runtime/ImmediatePhysics/Binaries/Win64/UE4Editor-ImmediatePhysics.dll (API version 3709383).
LogModuleManager: Display: Found up-to-date module file ../../../Engine/Plugins/Runtime/ImmediatePhysics/Binaries/Win64/UE4Editor-ImmediatePhysicsEditor.dll (API version 3709383).
LogModuleManager: Display: Found up-to-date module file ../../../Engine/Plugins/Runtime/LocationServicesBPLibrary/Binaries/Win64/UE4Editor-LocationServicesBPLibrary.dll (API version 3709383).
LogModuleManager: Display: Found up-to-date module file ../../../Engine/Plugins/Runtime/MobilePatchingUtils/Binaries/Win64/UE4Editor-MobilePatchingUtils.dll (API version 3709383).
LogModuleManager: Display: Found up-to-date module file ../../../Engine/Plugins/Runtime/Oculus/OculusVR/Binaries/Win64/UE4Editor-OculusHMD.dll (API version 3709383).
LogModuleManager: Display: Found up-to-date module file ../../../Engine/Plugins/Runtime/Oculus/OculusVR/Binaries/Win64/UE4Editor-OculusInput.dll (API version 3709383).
LogModuleManager: Display: Found up-to-date module file ../../../Engine/Plugins/Runtime/Oculus/OculusVR/Binaries/Win64/UE4Editor-OculusEditor.dll (API version 3709383).
LogModuleManager: Display: Found up-to-date module file ../../../Engine/Plugins/Runtime/PhysXVehicles/Binaries/Win64/UE4Editor-PhysXVehicles.dll (API version 3709383).
LogModuleManager: Display: Found up-to-date module file ../../../Engine/Plugins/Runtime/PhysXVehicles/Binaries/Win64/UE4Editor-PhysXVehiclesEditor.dll (API version 3709383).
LogModuleManager: Display: Found up-to-date module file ../../../Engine/Plugins/Runtime/ProceduralMeshComponent/Binaries/Win64/UE4Editor-ProceduralMeshComponent.dll (API version 3709383).
LogModuleManager: Display: Found up-to-date module file ../../../Engine/Plugins/Runtime/ProceduralMeshComponent/Binaries/Win64/UE4Editor-ProceduralMeshComponentEditor.dll (API version 3709383).
LogModuleManager: Display: Found up-to-date module file ../../../Engine/Plugins/Runtime/RuntimePhysXCooking/Binaries/Win64/UE4Editor-RuntimePhysXCooking.dll (API version 3709383).
LogModuleManager: Display: Found up-to-date module file ../../../Engine/Plugins/Runtime/Steam/SteamVR/Binaries/Win64/UE4Editor-SteamVR.dll (API version 3709383).
LogModuleManager: Display: Found up-to-date module file ../../../Engine/Plugins/Runtime/Steam/SteamVR/Binaries/Win64/UE4Editor-SteamVRController.dll (API version 3709383).
LogModuleManager: Display: Found up-to-date module file ../../../Engine/Plugins/Runtime/WindowsMoviePlayer/Binaries/Win64/UE4Editor-WindowsMoviePlayer.dll (API version 3709383).
LogInit: Using libcurl 7.47.1
LogInit:  - built for x86_64-pc-win32
LogInit:  - supports SSL with OpenSSL/1.0.2g
LogInit:  - supports HTTP deflate (compression) using libz 1.2.8
LogInit:  - other features:
LogInit:      CURL_VERSION_SSL
LogInit:      CURL_VERSION_LIBZ
LogInit:      CURL_VERSION_IPV6
LogInit:      CURL_VERSION_ASYNCHDNS
LogInit:      CURL_VERSION_LARGEFILE
LogInit:      CURL_VERSION_IDN
LogInit:  CurlRequestOptions (configurable via config and command line):
LogInit:  - bVerifyPeer = false  - Libcurl will NOT verify peer certificate
LogInit:  - bUseHttpProxy = false  - Libcurl will NOT use HTTP proxy
LogInit:  - bDontReuseConnections = false  - Libcurl will reuse connections
LogInit:  - CertBundlePath = nullptr  - Libcurl will use whatever was configured at build time.
LogInit: Build: ++UE4+Release-4.18-CL-3832480
LogInit: Engine Version: 4.18.3-3832480+++UE4+Release-4.18
LogInit: Compatible Engine Version: 4.18.0-3709383+++UE4+Release-4.18
LogInit: Net CL: 3709383
LogDevObjectVersion: Number of dev versions registered: 16
LogDevObjectVersion:   Dev-Blueprints (B0D832E4-1F89-4F0D-ACCF-7EB736FD4AA2): 10
LogDevObjectVersion:   Dev-Build (E1C64328-A22C-4D53-A36C-8E866417BD8C): 0
LogDevObjectVersion:   Dev-Core (375EC13C-06E4-48FB-B500-84F0262A717E): 2
LogDevObjectVersion:   Dev-Editor (E4B068ED-F494-42E9-A231-DA0B2E46BB41): 20
LogDevObjectVersion:   Dev-Framework (CFFC743F-43B0-4480-9391-14DF171D2073): 30
LogDevObjectVersion:   Dev-Mobile (B02B49B5-BB20-44E9-A304-32B752E40360): 0
LogDevObjectVersion:   Dev-Networking (A4E4105C-59A1-49B5-A7C5-40C4547EDFEE): 0
LogDevObjectVersion:   Dev-Online (39C831C9-5AE6-47DC-9A44-9C173E1C8E7C): 0
LogDevObjectVersion:   Dev-Physics (78F01B33-EBEA-4F98-B9B4-84EACCB95AA2): 0
LogDevObjectVersion:   Dev-Platform (6631380F-2D4D-43E0-8009-CF276956A95A): 0
LogDevObjectVersion:   Dev-Rendering (12F88B9F-8875-4AFC-A67C-D90C383ABD29): 20
LogDevObjectVersion:   Dev-Sequencer (7B5AE74C-D270-4C10-A958-57980B212A5A): 4
LogDevObjectVersion:   Dev-VR (D7296918-1DD6-4BDD-9DE2-64A83CC13884): 0
LogDevObjectVersion:   Dev-LoadTimes (C2A15278-BFE7-4AFE-6C17-90FF531DF755): 1
LogDevObjectVersion:   Private-Geometry (6EACA3D4-40EC-4CC1-B786-8BED09428FC5): 1
LogDevObjectVersion:   Dev-AnimPhys (29E575DD-E0A3-4627-9D10-D276232CDCEA): 12
LogInit: Compiled (64-bit): Jan 12 2018 02:04:55
LogInit: Compiled with Visual C++: 19.00.24215.01
LogInit: Build Configuration: Development
LogInit: Branch Name: ++UE4+Release-4.18
LogInit: Command line: 
LogInit: Base directory: C:/Program Files/Epic Games/UE_4.18/Engine/Binaries/Win64/
LogInit: Installed Engine Build: 1
LogInit: Presizing for max 8388607 objects, including 0 objects not considered by GC, pre-allocating 0 bytes for permanent pool.
LogInit: Object subsystem initialized
[2018.03.01-22.12.09:442][  0]LogInit: Selected Device Profile: [Windows]
[2018.03.01-22.12.09:442][  0]LogInit: Applying CVar settings loaded from the selected device profile: [Windows]
[2018.03.01-22.12.09:466][  0]LogInit: Computer: DESKTOP-47R6KV7
[2018.03.01-22.12.09:466][  0]LogInit: User: Megapoort
[2018.03.01-22.12.09:466][  0]LogInit: CPU Page size=4096, Cores=4
[2018.03.01-22.12.09:466][  0]LogInit: High frequency timer resolution =3.411561 MHz
[2018.03.01-22.12.09:467][  0]LogMemory: Memory total: Physical=15.9GB (16GB approx)
[2018.03.01-22.12.09:467][  0]LogMemory: Platform Memory Stats for Windows
[2018.03.01-22.12.09:467][  0]LogMemory: Process Physical Memory: 273.82 MB used, 273.82 MB peak
[2018.03.01-22.12.09:467][  0]LogMemory: Process Virtual Memory: 271.96 MB used, 271.96 MB peak
[2018.03.01-22.12.09:467][  0]LogMemory: Physical Memory: 6304.50 MB used,  10010.23 MB free, 16314.73 MB total
[2018.03.01-22.12.09:467][  0]LogMemory: Virtual Memory: 684.49 MB used,  10010.23 MB free, 134217728.00 MB total
[2018.03.01-22.12.09:754][  0]LogInit: Using OS detected language (de-DE).
[2018.03.01-22.12.09:754][  0]LogInit: Using OS detected locale (de-DE).
[2018.03.01-22.12.09:757][  0]LogTextLocalizationManager: No localization for 'de-DE' exists, so 'en' will be used for the language.
[2018.03.01-22.12.09:758][  0]LogTextLocalizationManager: No localization for 'de-DE' exists, so 'en' will be used for the locale.
[2018.03.01-22.12.10:221][  0]LogInit: Setting process to per monitor DPI aware
[2018.03.01-22.12.10:524][  0]LogD3D11RHI: D3D11 adapters:
[2018.03.01-22.12.10:620][  0]LogD3D11RHI:    0. 'NVIDIA GeForce GTX 1070' (Feature Level 11_0)
[2018.03.01-22.12.10:620][  0]LogD3D11RHI:       8096/0/8157 MB DedicatedVideo/DedicatedSystem/SharedSystem, Outputs:2, VendorId:0x10de
[2018.03.01-22.12.10:624][  0]LogD3D11RHI:    1. 'Microsoft Basic Render Driver' (Feature Level 11_0)
[2018.03.01-22.12.10:624][  0]LogD3D11RHI:       0/0/8157 MB DedicatedVideo/DedicatedSystem/SharedSystem, Outputs:0, VendorId:0x1414
[2018.03.01-22.12.10:625][  0]LogD3D11RHI: Chosen D3D11 Adapter: 0
[2018.03.01-22.12.10:638][  0]LogD3D11RHI: Creating new Direct3DDevice
[2018.03.01-22.12.10:639][  0]LogD3D11RHI:     GPU DeviceId: 0x1b81 (for the marketing name, search the web for "GPU Device Id")
[2018.03.01-22.12.10:639][  0]LogWindows: EnumDisplayDevices:
[2018.03.01-22.12.10:639][  0]LogWindows:    0. 'NVIDIA GeForce GTX 1070' (P:1 D:1)
[2018.03.01-22.12.10:639][  0]LogWindows:    1. 'NVIDIA GeForce GTX 1070' (P:0 D:1)
[2018.03.01-22.12.10:639][  0]LogWindows:    2. 'NVIDIA GeForce GTX 1070' (P:0 D:0)
[2018.03.01-22.12.10:640][  0]LogWindows:    3. 'NVIDIA GeForce GTX 1070' (P:0 D:0)
[2018.03.01-22.12.10:640][  0]LogWindows: DebugString: GetVideoDriverDetailsInvalid PrimaryIsNotTheChoosenAdapter GetVideoDriverDetailsInvalid PrimaryIsNotTheChoosenAdapter GetVideoDriverDetailsInvalid PrimaryIsNotTheChoosenAdapter GetVideoDriverDetailsInvalid PrimaryIsNotTheChoosenAdapter FoundDriverCount:0 
[2018.03.01-22.12.10:640][  0]LogD3D11RHI:     Adapter Name: NVIDIA GeForce GTX 1070
[2018.03.01-22.12.10:640][  0]LogD3D11RHI:   Driver Version: Unknown (internal:Unknown, unified:Unknown)
[2018.03.01-22.12.10:640][  0]LogD3D11RHI:      Driver Date: Unknown
[2018.03.01-22.12.10:640][  0]LogRHI: Texture pool is 5667 MB (70% of 8096 MB)
[2018.03.01-22.12.10:683][  0]LogD3D11RHI: Async texture creation enabled
[2018.03.01-22.12.10:695][  0]LogD3D11RHI: GPU Timing Frequency: 1000.000000 (Debug: 2 1)
[2018.03.01-22.12.10:788][  0]LogShaderCompilers: Guid format shader working directory is -7 characters bigger than the processId version (../../../../../../Users/Megapoort/Desktop/Lyfe/Lyfe_Game/Intermediate/Shaders/WorkingDirectory/12620/).
[2018.03.01-22.12.10:788][  0]LogShaderCompilers: Cleaned the shader compiler working directory 'C:/Users/Megapoort/AppData/Local/Temp/UnrealShaderWorkingDir/4D7C47F84E69E69123962B8581B3F9BC/'.
[2018.03.01-22.12.10:788][  0]LogShaderCompilers: Display: Using Local Shader Compiler.
[2018.03.01-22.12.11:865][  0]LogTemp: Display: Loaded TP AllDesktopTargetPlatform
[2018.03.01-22.12.11:929][  0]LogTemp: Display: Loaded TP MacClientTargetPlatform
[2018.03.01-22.12.11:991][  0]LogTemp: Display: Loaded TP MacNoEditorTargetPlatform
[2018.03.01-22.12.12:052][  0]LogTemp: Display: Loaded TP MacServerTargetPlatform
[2018.03.01-22.12.12:115][  0]LogTemp: Display: Loaded TP MacTargetPlatform
[2018.03.01-22.12.12:177][  0]LogTemp: Display: Loaded TP WindowsClientTargetPlatform
[2018.03.01-22.12.12:252][  0]LogTemp: Display: Loaded TP WindowsNoEditorTargetPlatform
[2018.03.01-22.12.12:321][  0]LogTemp: Display: Loaded TP WindowsServerTargetPlatform
[2018.03.01-22.12.12:375][  0]LogTemp: Display: Loaded TP WindowsTargetPlatform
[2018.03.01-22.12.12:443][  0]LogTemp: Display: Loaded TP Android_ASTCTargetPlatform
[2018.03.01-22.12.12:502][  0]LogTemp: Display: Loaded TP Android_ATCTargetPlatform
[2018.03.01-22.12.12:560][  0]LogTemp: Display: Loaded TP Android_DXTTargetPlatform
[2018.03.01-22.12.12:619][  0]LogTemp: Display: Loaded TP Android_ETC1TargetPlatform
[2018.03.01-22.12.12:677][  0]LogTemp: Display: Loaded TP Android_ETC2TargetPlatform
[2018.03.01-22.12.12:823][  0]LogTemp: Display: Loaded TP Android_MultiTargetPlatform
[2018.03.01-22.12.12:823][  0]LogTemp: Display: Loaded TP Android_PVRTCTargetPlatform
[2018.03.01-22.12.12:894][  0]LogTemp: Display: Loaded TP AndroidTargetPlatform
[2018.03.01-22.12.12:942][  0]LogTemp: Display: Loaded TP HTML5TargetPlatform
[2018.03.01-22.12.13:044][  0]LogTemp: Display: Loaded TP IOSTargetPlatform
[2018.03.01-22.12.13:111][  0]LogTemp: Display: Loaded TP TVOSTargetPlatform
[2018.03.01-22.12.13:170][  0]LogTemp: Display: Loaded TP LinuxClientTargetPlatform
[2018.03.01-22.12.13:230][  0]LogTemp: Display: Loaded TP LinuxNoEditorTargetPlatform
[2018.03.01-22.12.13:301][  0]LogTemp: Display: Loaded TP LinuxServerTargetPlatform
[2018.03.01-22.12.13:361][  0]LogTemp: Display: Loaded TP LinuxTargetPlatform
[2018.03.01-22.12.13:361][  0]LogTargetPlatformManager: Display: Building Assets For Windows
[2018.03.01-22.12.13:951][  0]LogDerivedDataCache: Display: Max Cache Size: 512 MB
[2018.03.01-22.12.14:046][  0]LogDerivedDataCache: Loaded boot cache 0.09s 78MB C:/Users/Megapoort/AppData/Local/UnrealEngine/4.18/DerivedDataCache/Boot.ddc.
[2018.03.01-22.12.14:046][  0]LogDerivedDataCache: Display: Loaded Boot cache: C:/Users/Megapoort/AppData/Local/UnrealEngine/4.18/DerivedDataCache/Boot.ddc
[2018.03.01-22.12.14:046][  0]LogDerivedDataCache: FDerivedDataBackendGraph:  Pak pak cache file ../../../../../../Users/Megapoort/Desktop/Lyfe/Lyfe_Game/DerivedDataCache/DDC.ddp not found, will not use a pak cache.
[2018.03.01-22.12.14:046][  0]LogDerivedDataCache: Unable to find inner node Pak for hierarchical cache Hierarchy.
[2018.03.01-22.12.14:046][  0]LogDerivedDataCache: FDerivedDataBackendGraph:  CompressedPak pak cache file ../../../../../../Users/Megapoort/Desktop/Lyfe/Lyfe_Game/DerivedDataCache/Compressed.ddp not found, will not use a pak cache.
[2018.03.01-22.12.14:046][  0]LogDerivedDataCache: Unable to find inner node CompressedPak for hierarchical cache Hierarchy.
[2018.03.01-22.12.14:065][  0]LogDerivedDataCache: Display: Pak cache opened for reading ../../../Engine/DerivedDataCache/Compressed.ddp.
[2018.03.01-22.12.14:078][  0]LogDerivedDataCache: Using Local data cache path C:/Users/Megapoort/AppData/Local/UnrealEngine/Common/DerivedDataCache: Writable
[2018.03.01-22.12.14:090][  0]LogMaterial: Verifying Global Shaders for PCD3D_SM5
[2018.03.01-22.12.14:090][  0]LogSlate: Using Freetype 2.6.0
[2018.03.01-22.12.14:090][  0]LogSlate: SlateFontCache - WITH_FREETYPE: 1, WITH_HARFBUZZ: 1
[2018.03.01-22.12.14:090][  0]LogSlate: SlateFontCache - WITH_FREETYPE: 1, WITH_HARFBUZZ: 1
[2018.03.01-22.12.14:508][  0]LogInit: Selected Device Profile: [Windows]
[2018.03.01-22.12.14:886][  0]LogSimplygon: Simplygon DLL not present - disabling.
[2018.03.01-22.12.14:933][  0]LogMeshReduction: Using SimplygonSwarm for distributed automatic mesh merging
[2018.03.01-22.12.14:933][  0]LogMeshReduction: Using QuadricMeshReduction for automatic static mesh reduction
[2018.03.01-22.12.14:933][  0]LogMeshReduction: No automatic skeletal mesh reduction module available
[2018.03.01-22.12.14:933][  0]LogMeshReduction: No automatic mesh merging module available
[2018.03.01-22.12.14:933][  0]LogMeshMerging: No automatic mesh merging module available
[2018.03.01-22.12.14:970][  0]LogNetVersion: Lyfe_Game , NetCL: 3709383, EngineNetVer: 2, GameNetVer: 0 (Checksum: 1298029676)
[2018.03.01-22.12.15:165][  0]LogAssetRegistry: FAssetRegistry took 0.0272 seconds to start up
[2018.03.01-22.12.15:717][  0]LogPackageLocalizationCache: Processed 7 localized package path(s) for 1 prioritized culture(s) in 0.044044 seconds
[2018.03.01-22.12.15:723][  0]LogUObjectArray: 35870 objects as part of root set at end of initial load.
[2018.03.01-22.12.15:723][  0]LogUObjectAllocator: 7363704 out of 0 bytes used by permanent object pool.
[2018.03.01-22.12.15:723][  0]LogUObjectArray: CloseDisregardForGC: 0/0 objects in disregard for GC pool
[2018.03.01-22.12.15:793][  0]LogInit: WinSock: version 1.1 (2.2), MaxSocks=32767, MaxUdp=65467
[2018.03.01-22.12.19:207][  0]LogTcpMessaging: Initializing TcpMessaging bridge
[2018.03.01-22.12.19:265][  0]LogUdpMessaging: Initializing bridge on interface 0.0.0.0:0 to multicast group 230.0.0.1:6666.
[2018.03.01-22.12.20:279][  0]LogMaterial: Uniform references updated for custom material expression Custom.
[2018.03.01-22.12.20:853][  0]SourceControl: Source control is disabled
[2018.03.01-22.12.20:853][  0]SourceControl: Source control is disabled
[2018.03.01-22.12.20:922][  0]SourceControl: Source control is disabled
[2018.03.01-22.12.20:998][  0]SourceControl: Source control is disabled
[2018.03.01-22.12.22:129][  0]LogAndroidPermission: UAndroidPermissionCallbackProxy::GetInstance
[2018.03.01-22.12.22:480][  0]LogOcInput: OculusInput pre-init called
[2018.03.01-22.12.22:853][  0]LogEngine: Initializing Engine...
[2018.03.01-22.12.22:855][  0]LogHMD: Failed to initialize OpenVR with code 110
[2018.03.01-22.12.23:098][  0]LogStats: UGameplayTagsManager::ConstructGameplayTagTree: Construct from data asset -  0.000 s
[2018.03.01-22.12.23:098][  0]LogStats: UGameplayTagsManager::ConstructGameplayTagTree: GameplayTagTreeChangedEvent.Broadcast -  0.000 s
[2018.03.01-22.12.23:246][  0]LogAIModule: Creating AISystem for world Untitled
[2018.03.01-22.12.23:257][  0]LogInit: XAudio2 using 'Lautsprecher (Realtek High Definition Audio)' : 2 channels at 48 kHz using 32 bits per sample (channel mask 0x3)
[2018.03.01-22.12.23:274][  0]LogInit: FAudioDevice initialized.
[2018.03.01-22.12.23:377][  0]LogDerivedDataCache: Saved boot cache 0.10s 78MB C:/Users/Megapoort/AppData/Local/UnrealEngine/4.18/DerivedDataCache/Boot.ddc.
[2018.03.01-22.12.23:397][  0]LogInit: Texture streaming: Enabled
[2018.03.01-22.12.23:542][  0]LogEngineSessionManager: EngineSessionManager initialized
[2018.03.01-22.12.23:542][  0]LogEngineSessionManager: EngineSessionManager sent abnormal shutdown report. Type=Crashed, SessionId={4AB3A4F1-4A3E-DE08-2CE5-CC9A5E1CE756}
[2018.03.01-22.12.23:700][  0]LogInit: Transaction tracking system initialized
[2018.03.01-22.12.24:127][  0]BlueprintLog: New page: Editor Load
[2018.03.01-22.12.25:251][  0]LocalizationService: Localization service is disabled
[2018.03.01-22.12.26:203][  0]LogConsoleResponse: Display: 
[2018.03.01-22.12.26:402][  0]LogCook: Display: Max memory allowance for cook 16384mb min free memory 0mb
[2018.03.01-22.12.26:402][  0]LogCook: Display: Mobile HDR setting 1
[2018.03.01-22.12.26:402][  0]LogGameplayTags: Display: UGameplayTagsManager::DoneAddingNativeTags. DelegateIsBound: 0
[2018.03.01-22.12.27:293][  0]LogFileCache: Scanning file cache for directory 'C:/Users/Megapoort/Desktop/Lyfe/Lyfe_Game/Content/' took 0.01s
[2018.03.01-22.12.27:991][  0]SourceControl: Source control is disabled
[2018.03.01-22.12.27:991][  0]Cmd: MAP LOAD FILE="../../../../../../Users/Megapoort/Desktop/Lyfe/Lyfe_Game/Content/Scenes/Stage_SingleCelled_Test.umap" TEMPLATE=0 SHOWPROGRESS=1 FEATURELEVEL=3
[2018.03.01-22.12.27:992][  0]LightingResults: New page: Lighting Build
[2018.03.01-22.12.28:058][  0]MapCheck: New page: Map Check
[2018.03.01-22.12.28:058][  0]LightingResults: New page: Lighting Build
[2018.03.01-22.12.28:095][  0]LogAIModule: Creating AISystem for world Stage_SingleCelled_Test
[2018.03.01-22.12.28:100][  0]LogEditorServer: Finished looking for orphan Actors (0.000 secs)
[2018.03.01-22.12.28:112][  0]Cmd: MAP CHECKDEP NOCLEARLOG
[2018.03.01-22.12.28:205][  0]MapCheck: Map check complete: 0 Error(s), 0 Warning(s), took 92.346ms to complete.
[2018.03.01-22.12.28:205][  0]LogFileHelpers: Loading map 'Stage_SingleCelled_Test' took 0.214
[2018.03.01-22.12.28:394][  0]LogCollectionManager: Loaded 0 collections in 0.004831 seconds
[2018.03.01-22.12.28:518][  0]LogFileCache: Scanning file cache for directory 'C:/Users/Megapoort/Desktop/Lyfe/Lyfe_Game/Saved/Collections/' took 0.01s
[2018.03.01-22.12.28:518][  0]LogFileCache: Scanning file cache for directory 'C:/Users/Megapoort/Desktop/Lyfe/Lyfe_Game/Content/Developers/Megapoort/Collections/' took 0.01s
[2018.03.01-22.12.28:518][  0]LogFileCache: Scanning file cache for directory 'C:/Users/Megapoort/Desktop/Lyfe/Lyfe_Game/Content/Collections/' took 0.01s
[2018.03.01-22.12.28:518][  0]LogCollectionManager: Rebuilt the GUID cache for 0 collections in 0.000000 seconds
[2018.03.01-22.12.28:531][  0]LogContentBrowser: Native class hierarchy populated in 0.0127 seconds. Added 2366 classes and 522 folders.
[2018.03.01-22.12.28:606][  0]LogContentBrowser: Native class hierarchy updated for 'WidgetCarousel' in 0.0011 seconds. Added 0 classes and 0 folders.
[2018.03.01-22.12.28:663][  0]LogContentBrowser: Native class hierarchy updated for 'AddContentDialog' in 0.0013 seconds. Added 0 classes and 0 folders.
[2018.03.01-22.12.28:720][  0]LogContentBrowser: Native class hierarchy updated for 'SceneOutliner' in 0.0012 seconds. Added 1 classes and 2 folders.
[2018.03.01-22.12.28:777][  0]LogSlate: Took 0.000295 seconds to synchronously load lazily loaded font '../../../Engine/Content/Slate/Fonts/Roboto-Regular.ttf' (155K)
[2018.03.01-22.12.28:779][  0]LogSlate: Took 0.000215 seconds to synchronously load lazily loaded font '../../../Engine/Content/Slate/Fonts/Roboto-Bold.ttf' (160K)
[2018.03.01-22.12.28:785][  0]LogSlate: Took 0.000239 seconds to synchronously load lazily loaded font '../../../Engine/Content/Editor/Slate/Fonts/FontAwesome.ttf' (139K)
[2018.03.01-22.12.28:890][  0]LogRenderer: Reallocating scene render targets to support 1528x600 Format 10 NumSamples 1 (Frame:1).
[2018.03.01-22.12.28:949][  0]LogSlate: Took 0.000232 seconds to synchronously load lazily loaded font '../../../Engine/Content/Slate/Fonts/Roboto-Light.ttf' (159K)
[2018.03.01-22.12.29:084][  0]LogContentBrowser: Native class hierarchy updated for 'HierarchicalLODOutliner' in 0.0012 seconds. Added 1 classes and 2 folders.
[2018.03.01-22.12.29:085][  0]LogLoad: (Engine Initialization) Total time: 23.56 seconds
[2018.03.01-22.12.29:085][  0]LogLoad: (Engine Initialization) Total Blueprint compile time: 0.00 seconds
[2018.03.01-22.12.29:085][  0]LogExternalProfiler: No external profilers were discovered.  External profiling features will not be available.
[2018.03.01-22.12.29:442][  0]LogAssetRegistry: Asset discovery search completed in 14.2992 seconds
[2018.03.01-22.12.29:444][  0]LogCollectionManager: Rebuilt the object cache for 0 collections in 0.000000 seconds (found 0 objects)
[2018.03.01-22.12.29:444][  0]LogCollectionManager: Fixed up redirectors for 0 collections in 0.000050 seconds (updated 0 objects)
[2018.03.01-22.12.29:447][  0]LogContentStreaming: Texture pool size now 1000 MB
[2018.03.01-22.12.47:350][270]LogVSAccessor: Warning: Couldn't access Visual Studio
[2018.03.01-22.12.47:357][270]Candidate modules for hot reload:
[2018.03.01-22.12.47:357][270]  Lyfe_Game
[2018.03.01-22.12.47:357][270]Launching UnrealBuildTool... [C:/Program Files/Epic Games/UE_4.18/Engine/Binaries/DotNET/UnrealBuildTool.exe Lyfe_Game -ModuleWithSuffix Lyfe_Game 509 Win64 Development -editorrecompile -canskiplink "C:/Users/Megapoort/Desktop/Lyfe/Lyfe_Game/Lyfe_Game.uproject" ]
[2018.03.01-22.12.47:430][270]Warning: Starting HotReload took  0.1s.
[2018.03.01-22.12.50:731][658]CompilerResultsLog: New page: Compilation - Mar 2, 2018, 12:12:50 AM
[2018.03.01-22.12.50:731][658]CompilerResultsLog: Using 'git status' to determine working set for adaptive non-unity build.
[2018.03.01-22.12.50:731][658]CompilerResultsLog: Compiling game modules for hot reload
[2018.03.01-22.12.50:731][658]CompilerResultsLog: Performing 3 actions (4 in parallel)
[2018.03.01-22.12.50:731][658]CompilerResultsLog: Character_SingleCelled.cpp
[2018.03.01-22.12.50:731][658]CompilerResultsLog: [2/3] Link UE4Editor-Lyfe_Game-509.dll
[2018.03.01-22.12.50:731][658]CompilerResultsLog: [3/3] Link UE4Editor-Lyfe_Game-509.lib
[2018.03.01-22.12.50:732][658]CompilerResultsLog:    Bibliothek "C:\Users\Megapoort\Desktop\Lyfe\Lyfe_Game\Intermediate\Build\Win64\UE4Editor\Development\UE4Editor-Lyfe_Game-509.suppressed.lib" und Objekt "C:\Users\Megapoort\Desktop\Lyfe\Lyfe_Game\Intermediate\Build\Win64\UE4Editor\Development\UE4Editor-Lyfe_Game-509.suppressed.exp" werden erstellt.
[2018.03.01-22.12.50:732][658]CompilerResultsLog:    Bibliothek "C:\Users\Megapoort\Desktop\Lyfe\Lyfe_Game\Intermediate\Build\Win64\UE4Editor\Development\UE4Editor-Lyfe_Game-509.lib" und Objekt "C:\Users\Megapoort\Desktop\Lyfe\Lyfe_Game\Intermediate\Build\Win64\UE4Editor\Development\UE4Editor-Lyfe_Game-509.exp" werden erstellt.
[2018.03.01-22.12.50:732][658]CompilerResultsLog: Total build time: 3,04 seconds (Local executor: 2,03 seconds)
[2018.03.01-22.12.50:732][658]LogMainFrame: MainFrame: Module compiling took 3.381 seconds
[2018.03.01-22.12.50:827][658]LogClass: EPlayerState HotReload.
[2018.03.01-22.12.50:832][658]LogHotReload: Re-instancing Character_SingleCelled after hot-reload.
[2018.03.01-22.12.50:988][658]LogContentBrowser: Native class hierarchy updated for 'Lyfe_Game' in 0.0013 seconds. Added 3 classes and 3 folders.
[2018.03.01-22.12.50:990][658]Display: HotReload successful (8 functions remapped  0 scriptstructs remapped)
[2018.03.01-22.12.51:077][658]LogContentBrowser: Native class hierarchy populated in 0.0137 seconds. Added 2368 classes and 526 folders.
[2018.03.01-22.12.51:077][658]Display: HotReload took  3.7s.
[2018.03.01-22.12.57:837][467]LogSlate: Took 0.000167 seconds to synchronously load lazily loaded font '../../../Engine/Content/Slate/Fonts/Roboto-Light.ttf' (159K)
[2018.03.01-22.12.59:928][598]LogVSAccessor: Warning: Visual Studio is open but could not be queried - it may be blocked by a modal operation
[2018.03.01-22.13.06:536][608]LogVSAccessor: Warning: Visual Studio is open but could not be queried - it may be blocked by a modal operation
[2018.03.01-22.13.06:552][609]LogVSAccessor: Warning: Visual Studio is open but could not be queried - it may be blocked by a modal operation
[2018.03.01-22.13.11:226][717]LogTemp: Repeating last play command: Selected Viewport
[2018.03.01-22.13.11:263][717]LogPlayLevel: PlayLevel: No blueprints needed recompiling
[2018.03.01-22.13.11:263][717]PIE: New page: PIE session: Stage_SingleCelled_Test (Mar 2, 2018, 12:13:11 AM)
[2018.03.01-22.13.11:263][717]LogPlayLevel: Creating play world package: /Game/Scenes/UEDPIE_0_Stage_SingleCelled_Test
[2018.03.01-22.13.11:265][717]LogPlayLevel: PIE: StaticDuplicateObject took: (0.001059s)
[2018.03.01-22.13.11:265][717]LogAIModule: Creating AISystem for world Stage_SingleCelled_Test
[2018.03.01-22.13.11:265][717]LogPlayLevel: PIE: World Init took: (0.000716s)
[2018.03.01-22.13.11:266][717]LogPlayLevel: PIE: Created PIE world by copying editor world from /Game/Scenes/Stage_SingleCelled_Test.Stage_SingleCelled_Test to /Game/Scenes/UEDPIE_0_Stage_SingleCelled_Test.Stage_SingleCelled_Test (0.002075s)
[2018.03.01-22.13.11:284][717]LogInit: XAudio2 using 'Lautsprecher (Realtek High Definition Audio)' : 2 channels at 48 kHz using 32 bits per sample (channel mask 0x3)
[2018.03.01-22.13.11:299][717]LogInit: FAudioDevice initialized.
[2018.03.01-22.13.11:348][717]LogLoad: Game class is 'GameModeBase'
[2018.03.01-22.13.11:351][717]LogWorld: Bringing World /Game/Scenes/UEDPIE_0_Stage_SingleCelled_Test.Stage_SingleCelled_Test up for play (max tick rate 0) at 2018.03.01-23.13.11
[2018.03.01-22.13.11:351][717]LogWorld: Bringing up level for play took: 0.001403
[2018.03.01-22.13.11:433][717]LogContentBrowser: Native class hierarchy updated for 'MovieSceneCapture' in 0.0012 seconds. Added 11 classes and 0 folders.
[2018.03.01-22.13.11:434][717]PIE: Play in editor start time for /Game/Scenes/UEDPIE_0_Stage_SingleCelled_Test -0.652
[2018.03.01-22.13.37:671][254]LogVSAccessor: Warning: Couldn't access Visual Studio
[2018.03.01-22.13.37:685][254]Candidate modules for hot reload:
[2018.03.01-22.13.37:685][254]  Lyfe_Game
[2018.03.01-22.13.37:685][254]Launching UnrealBuildTool... [C:/Program Files/Epic Games/UE_4.18/Engine/Binaries/DotNET/UnrealBuildTool.exe Lyfe_Game -ModuleWithSuffix Lyfe_Game 4579 Win64 Development -editorrecompile -canskiplink "C:/Users/Megapoort/Desktop/Lyfe/Lyfe_Game/Lyfe_Game.uproject" ]
[2018.03.01-22.13.37:832][254]Warning: Starting HotReload took  0.2s.
[2018.03.01-22.13.43:956][800]CompilerResultsLog: New page: Compilation - Mar 2, 2018, 12:13:43 AM
[2018.03.01-22.13.43:956][800]CompilerResultsLog: Using 'git status' to determine working set for adaptive non-unity build.
[2018.03.01-22.13.43:956][800]CompilerResultsLog: Compiling game modules for hot reload
[2018.03.01-22.13.43:956][800]CompilerResultsLog: Performing 3 actions (4 in parallel)
[2018.03.01-22.13.43:956][800]CompilerResultsLog: Character_SingleCelled.cpp
[2018.03.01-22.13.43:956][800]CompilerResultsLog: [2/3] Link UE4Editor-Lyfe_Game-4579.dll
[2018.03.01-22.13.43:956][800]CompilerResultsLog: [3/3] Link UE4Editor-Lyfe_Game-4579.lib
[2018.03.01-22.13.43:956][800]CompilerResultsLog:    Bibliothek "C:\Users\Megapoort\Desktop\Lyfe\Lyfe_Game\Intermediate\Build\Win64\UE4Editor\Development\UE4Editor-Lyfe_Game-4579.suppressed.lib" und Objekt "C:\Users\Megapoort\Desktop\Lyfe\Lyfe_Game\Intermediate\Build\Win64\UE4Editor\Development\UE4Editor-Lyfe_Game-4579.suppressed.exp" werden erstellt.
[2018.03.01-22.13.43:956][800]CompilerResultsLog:    Bibliothek "C:\Users\Megapoort\Desktop\Lyfe\Lyfe_Game\Intermediate\Build\Win64\UE4Editor\Development\UE4Editor-Lyfe_Game-4579.lib" und Objekt "C:\Users\Megapoort\Desktop\Lyfe\Lyfe_Game\Intermediate\Build\Win64\UE4Editor\Development\UE4Editor-Lyfe_Game-4579.exp" werden erstellt.
[2018.03.01-22.13.43:956][800]CompilerResultsLog: Total build time: 5,76 seconds (Local executor: 4,23 seconds)
[2018.03.01-22.13.43:956][800]LogMainFrame: MainFrame: Module compiling took 6.286 seconds
[2018.03.01-22.13.44:040][800]LogClass: EPlayerState HotReload.
[2018.03.01-22.13.44:043][800]LogHotReload: Re-instancing Character_SingleCelled after hot-reload.
[2018.03.01-22.13.44:164][800]LogContentBrowser: Native class hierarchy updated for 'Lyfe_Game' in 0.0012 seconds. Added 3 classes and 3 folders.
[2018.03.01-22.13.44:166][800]Display: HotReload successful (8 functions remapped  0 scriptstructs remapped)
[2018.03.01-22.13.44:222][800]LogContentBrowser: Native class hierarchy populated in 0.0159 seconds. Added 2368 classes and 526 folders.
[2018.03.01-22.13.44:222][800]Display: HotReload took  6.6s.
[2018.03.01-22.14.24:116][ 46]LogVSAccessor: Warning: Couldn't access Visual Studio
[2018.03.01-22.14.24:122][ 46]Candidate modules for hot reload:
[2018.03.01-22.14.24:122][ 46]  Lyfe_Game
[2018.03.01-22.14.24:123][ 46]Launching UnrealBuildTool... [C:/Program Files/Epic Games/UE_4.18/Engine/Binaries/DotNET/UnrealBuildTool.exe Lyfe_Game -ModuleWithSuffix Lyfe_Game 5374 Win64 Development -editorrecompile -canskiplink "C:/Users/Megapoort/Desktop/Lyfe/Lyfe_Game/Lyfe_Game.uproject" ]
[2018.03.01-22.14.24:150][ 46]Warning: Starting HotReload took  0.0s.
[2018.03.01-22.14.27:724][362]CompilerResultsLog: New page: Compilation - Mar 2, 2018, 12:14:27 AM
[2018.03.01-22.14.27:724][362]CompilerResultsLog: Using 'git status' to determine working set for adaptive non-unity build.
[2018.03.01-22.14.27:724][362]CompilerResultsLog: Compiling game modules for hot reload
[2018.03.01-22.14.27:724][362]CompilerResultsLog: Target is up to date
[2018.03.01-22.14.27:724][362]CompilerResultsLog: Total build time: 3,33 seconds (NoActionsToExecute executor: 0,00 seconds)
[2018.03.01-22.14.27:724][362]LogMainFrame: MainFrame: Module compiling took 3.608 seconds
[2018.03.01-22.14.27:750][362]LogContentBrowser: Native class hierarchy populated in 0.0131 seconds. Added 2368 classes and 526 folders.
[2018.03.01-22.14.27:750][362]Display: HotReload took  3.6s.
[2018.03.01-22.14.28:666][446]LogTemp: Repeating last play command: Selected Viewport
[2018.03.01-22.14.28:688][446]LogPlayLevel: PlayLevel: No blueprints needed recompiling
[2018.03.01-22.14.28:688][446]PIE: New page: PIE session: Stage_SingleCelled_Test (Mar 2, 2018, 12:14:28 AM)
[2018.03.01-22.14.28:688][446]LogPlayLevel: Creating play world package: /Game/Scenes/UEDPIE_0_Stage_SingleCelled_Test
[2018.03.01-22.14.28:689][446]LogPlayLevel: PIE: StaticDuplicateObject took: (0.001109s)
[2018.03.01-22.14.28:690][446]LogAIModule: Creating AISystem for world Stage_SingleCelled_Test
[2018.03.01-22.14.28:690][446]LogPlayLevel: PIE: World Init took: (0.000813s)
[2018.03.01-22.14.28:690][446]LogPlayLevel: PIE: Created PIE world by copying editor world from /Game/Scenes/Stage_SingleCelled_Test.Stage_SingleCelled_Test to /Game/Scenes/UEDPIE_0_Stage_SingleCelled_Test.Stage_SingleCelled_Test (0.002252s)
[2018.03.01-22.14.28:705][446]LogInit: XAudio2 using 'Lautsprecher (Realtek High Definition Audio)' : 2 channels at 48 kHz using 32 bits per sample (channel mask 0x3)
[2018.03.01-22.14.28:719][446]LogInit: FAudioDevice initialized.
[2018.03.01-22.14.28:752][446]LogLoad: Game class is 'GameModeBase'
[2018.03.01-22.14.28:753][446]LogWorld: Bringing World /Game/Scenes/UEDPIE_0_Stage_SingleCelled_Test.Stage_SingleCelled_Test up for play (max tick rate 0) at 2018.03.01-23.14.28
[2018.03.01-22.14.28:753][446]LogWorld: Bringing up level for play took: 0.000839
[2018.03.01-22.14.28:754][446]LogWindows: Windows GetLastError: Der Vorgang wurde erfolgreich beendet. (0)
[2018.03.01-22.14.29:697][446]LogWindows: Error: === Critical error: ===
[2018.03.01-22.14.29:697][446]LogWindows: Error: 
[2018.03.01-22.14.29:697][446]LogWindows: Error: Fatal error: [File:D:\Build\++UE4+Release-4.18+Compile\Sync\Engine\Source\Runtime\CoreUObject\Private\UObject\Obj.cpp] [Line: 102] 
[2018.03.01-22.14.29:697][446]LogWindows: Error: No object initializer found during construction.
[2018.03.01-22.14.29:697][446]LogWindows: Error: 
[2018.03.01-22.14.29:697][446]LogWindows: Error: 
[2018.03.01-22.14.29:697][446]LogWindows: Error: [Callstack] 0x00000000D7AA4008 KERNELBASE.dll!UnknownFunction []
[2018.03.01-22.14.29:697][446]LogWindows: Error: [Callstack] 0x00000000C4C576D4 UE4Editor-ApplicationCore.dll!UnknownFunction []
[2018.03.01-22.14.29:697][446]LogWindows: Error: [Callstack] 0x00000000BAE0330B UE4Editor-Core.dll!UnknownFunction []
[2018.03.01-22.14.29:697][446]LogWindows: Error: [Callstack] 0x00000000BAD947F9 UE4Editor-Core.dll!UnknownFunction []
[2018.03.01-22.14.29:697][446]LogWindows: Error: [Callstack] 0x00000000B8413DF6 UE4Editor-CoreUObject.dll!UnknownFunction []
[2018.03.01-22.14.29:697][446]LogWindows: Error: [Callstack] 0x0000000084602297 UE4Editor-Lyfe_Game-4579.dll!ACharacter_SingleCelled::BeginPlay() [c:\users\megapoort\desktop\lyfe\lyfe_game\source\lyfe_game\private\character_singlecelled.cpp:44]
[2018.03.01-22.14.29:697][446]LogWindows: Error: [Callstack] 0x000000009B30CAEB UE4Editor-Engine.dll!UnknownFunction []
[2018.03.01-22.14.29:697][446]LogWindows: Error: [Callstack] 0x000000009C505790 UE4Editor-Engine.dll!UnknownFunction []
[2018.03.01-22.14.29:697][446]LogWindows: Error: [Callstack] 0x000000009BA5DAC1 UE4Editor-Engine.dll!UnknownFunction []
[2018.03.01-22.14.29:697][446]LogWindows: Error: [Callstack] 0x000000009C4F06AE UE4Editor-Engine.dll!UnknownFunction []
[2018.03.01-22.14.29:697][446]LogWindows: Error: [Callstack] 0x000000009BA804CE UE4Editor-Engine.dll!UnknownFunction []
[2018.03.01-22.14.29:697][446]LogWindows: Error: [Callstack] 0x000000009A3CB235 UE4Editor-UnrealEd.dll!UnknownFunction []
[2018.03.01-22.14.29:697][446]LogWindows: Error: [Callstack] 0x000000009A3F556E UE4Editor-UnrealEd.dll!UnknownFunction []
[2018.03.01-22.14.29:697][446]LogWindows: Error: [Callstack] 0x000000009A41192F UE4Editor-UnrealEd.dll!UnknownFunction []
[2018.03.01-22.14.29:697][446]LogWindows: Error: [Callstack] 0x0000000099E66024 UE4Editor-UnrealEd.dll!UnknownFunction []
[2018.03.01-22.14.29:698][446]LogWindows: Error: [Callstack] 0x000000009A714AC6 UE4Editor-UnrealEd.dll!UnknownFunction []
[2018.03.01-22.14.29:698][446]LogWindows: Error: [Callstack] 0x00000000E8245A26 UE4Editor.exe!UnknownFunction []
[2018.03.01-22.14.29:698][446]LogWindows: Error: [Callstack] 0x00000000E8255430 UE4Editor.exe!UnknownFunction []
[2018.03.01-22.14.29:698][446]LogWindows: Error: [Callstack] 0x00000000E82554AA UE4Editor.exe!UnknownFunction []
[2018.03.01-22.14.29:698][446]LogWindows: Error: [Callstack] 0x00000000E8262379 UE4Editor.exe!UnknownFunction []
[2018.03.01-22.14.29:698][446]LogWindows: Error: [Callstack] 0x00000000E8263D57 UE4Editor.exe!UnknownFunction []
[2018.03.01-22.14.29:698][446]LogWindows: Error: [Callstack] 0x00000000DAD41FE4 KERNEL32.DLL!UnknownFunction []
[2018.03.01-22.14.29:698][446]LogWindows: Error: [Callstack] 0x00000000DB04EFC1 ntdll.dll!UnknownFunction []
[2018.03.01-22.14.29:698][446]LogWindows: Error: [Callstack] 0x00000000DB04EFC1 ntdll.dll!UnknownFunction []
[2018.03.01-22.14.29:698][446]LogWindows: Error: 
[2018.03.01-22.14.29:708][446]LogExit: Executing StaticShutdownAfterError
[2018.03.01-22.14.29:710][446]LogWindows: FPlatformMisc::RequestExit(1)
[2018.03.01-22.14.29:710][446]Log file closed, 03/01/18 23:14:29
