Log file open, 03/01/18 21:24:40
LogWindows: Failed to load 'aqProf.dll' (GetLastError=126)
LogWindows: File 'aqProf.dll' does not exist
LogWindows: Failed to load 'VSPerf140.dll' (GetLastError=126)
LogWindows: File 'VSPerf140.dll' does not exist
LogWindows: Failed to load 'VtuneApi.dll' (GetLastError=126)
LogWindows: File 'VtuneApi.dll' does not exist
LogWindows: Failed to load 'VtuneApi32e.dll' (GetLastError=126)
LogWindows: File 'VtuneApi32e.dll' does not exist
LogInit: Display: Running engine for game: Lyfe_Game
LogPlatformFile: Not using cached read wrapper
LogInit: Display: RandInit(910600614) SRandInit(910600614).
LogInit: Read version file with build ID '3709383'
LogInit: Overriding engine version to CL 3832480, compatible CL 3709383
LogInit: Registered custom module enumerator with build ID '3709383'
LogTaskGraph: Started task graph with 5 named threads and 14 total threads with 3 sets of task threads.
LogStats: Stats thread started at 0.187974
LogD3D11RHI: Aftermath initialized
LogPluginManager: Mounting plugin Paper2D
LogPluginManager: Mounting plugin LightPropagationVolume
LogPluginManager: Mounting plugin CodeLiteSourceCodeAccess
LogPluginManager: Mounting plugin GitSourceControl
LogPluginManager: Mounting plugin KDevelopSourceCodeAccess
LogPluginManager: Mounting plugin NullSourceCodeAccess
LogPluginManager: Mounting plugin PerforceSourceControl
LogPluginManager: Mounting plugin SubversionSourceControl
LogPluginManager: Mounting plugin UObjectPlugin
LogPluginManager: Mounting plugin VisualStudioCodeSourceCodeAccess
LogPluginManager: Mounting plugin VisualStudioSourceCodeAccess
LogPluginManager: Mounting plugin XCodeSourceCodeAccess
LogPluginManager: Mounting plugin AssetManagerEditor
LogPluginManager: Mounting plugin AudioCapture
LogPluginManager: Mounting plugin FacialAnimation
LogPluginManager: Mounting plugin GameplayTagsEditor
LogPluginManager: Mounting plugin MobileLauncherProfileWizard
LogPluginManager: Mounting plugin PluginBrowser
LogPluginManager: Mounting plugin SpeedTreeImporter
LogPluginManager: Mounting plugin AlembicImporter
LogPluginManager: Mounting plugin CharacterAI
LogPluginManager: Mounting plugin HTML5Networking
LogPluginManager: Mounting plugin AndroidMedia
LogPluginManager: Mounting plugin AvfMedia
LogPluginManager: Mounting plugin ImgMedia
LogPluginManager: Mounting plugin MediaCompositing
LogPluginManager: Mounting plugin MediaPlayerEditor
LogPluginManager: Mounting plugin WmfMedia
LogPluginManager: Mounting plugin TcpMessaging
LogPluginManager: Mounting plugin UdpMessaging
LogPluginManager: Mounting plugin ActorSequence
LogPluginManager: Mounting plugin LevelSequenceEditor
LogPluginManager: Mounting plugin MatineeToLevelSequence
LogPluginManager: Mounting plugin OnlineSubsystemGooglePlay
LogPluginManager: Mounting plugin OnlineSubsystemIOS
LogPluginManager: Mounting plugin OnlineSubsystem
LogPluginManager: Mounting plugin OnlineSubsystemNull
LogPluginManager: Mounting plugin OnlineSubsystemUtils
LogPluginManager: Mounting plugin AndroidDeviceProfileSelector
LogPluginManager: Mounting plugin AndroidMoviePlayer
LogPluginManager: Mounting plugin AndroidPermission
LogPluginManager: Mounting plugin AppleARKit
LogPluginManager: Mounting plugin AppleMoviePlayer
LogPluginManager: Mounting plugin ArchVisCharacter
LogPluginManager: Mounting plugin CableComponent
LogPluginManager: Mounting plugin CustomMeshComponent
LogPluginManager: Mounting plugin ExampleDeviceProfileSelector
LogPluginManager: Mounting plugin GoogleCloudMessaging
LogPluginManager: Mounting plugin ImmediatePhysics
LogPluginManager: Mounting plugin IOSDeviceProfileSelector
LogPluginManager: Mounting plugin LinuxDeviceProfileSelector
LogPluginManager: Mounting plugin LocationServicesBPLibrary
LogPluginManager: Mounting plugin MobilePatchingUtils
LogPluginManager: Mounting plugin OculusVR
LogPluginManager: Plugin shader directory ../../../Engine/Plugins/Runtime/Oculus/OculusVR/Shaders found
LogPluginManager: Mapping shader source directory ../../../Engine/Plugins/Runtime/Oculus/OculusVR/Shaders to virtual directory /Plugin/OculusVR
LogPluginManager: Mounting plugin PhysXVehicles
LogPluginManager: Mounting plugin ProceduralMeshComponent
LogPluginManager: Mounting plugin RuntimePhysXCooking
LogPluginManager: Mounting plugin SteamVR
LogPluginManager: Mounting plugin WindowsMoviePlayer
LogModuleManager: Display: Found up-to-date module file ../../../../../../Users/Megapoort/Desktop/Lyfe/Lyfe_Game/Binaries/Win64/UE4Editor-Lyfe_Game-4683.dll (API version 3709383).
LogModuleManager: Display: Found up-to-date module file ../../../Engine/Plugins/2D/Paper2D/Binaries/Win64/UE4Editor-Paper2D.dll (API version 3709383).
LogModuleManager: Display: Found up-to-date module file ../../../Engine/Plugins/2D/Paper2D/Binaries/Win64/UE4Editor-Paper2DEditor.dll (API version 3709383).
LogModuleManager: Display: Found up-to-date module file ../../../Engine/Plugins/2D/Paper2D/Binaries/Win64/UE4Editor-PaperSpriteSheetImporter.dll (API version 3709383).
LogModuleManager: Display: Found up-to-date module file ../../../Engine/Plugins/2D/Paper2D/Binaries/Win64/UE4Editor-PaperTiledImporter.dll (API version 3709383).
LogModuleManager: Display: Found up-to-date module file ../../../Engine/Plugins/2D/Paper2D/Binaries/Win64/UE4Editor-SmartSnapping.dll (API version 3709383).
LogModuleManager: Display: Found up-to-date module file ../../../Engine/Plugins/Blendables/LightPropagationVolume/Binaries/Win64/UE4Editor-LightPropagationVolumeRuntime.dll (API version 3709383).
LogModuleManager: Display: Found up-to-date module file ../../../Engine/Plugins/Blendables/LightPropagationVolume/Binaries/Win64/UE4Editor-LightPropagationVolumeEditor.dll (API version 3709383).
LogModuleManager: Display: Found up-to-date module file ../../../Engine/Plugins/Developer/GitSourceControl/Binaries/Win64/UE4Editor-GitSourceControl.dll (API version 3709383).
LogModuleManager: Display: Found up-to-date module file ../../../Engine/Plugins/Developer/PerforceSourceControl/Binaries/Win64/UE4Editor-PerforceSourceControl.dll (API version 3709383).
LogModuleManager: Display: Found up-to-date module file ../../../Engine/Plugins/Developer/SubversionSourceControl/Binaries/Win64/UE4Editor-SubversionSourceControl.dll (API version 3709383).
LogModuleManager: Display: Found up-to-date module file ../../../Engine/Plugins/Developer/UObjectPlugin/Binaries/Win64/UE4Editor-UObjectPlugin.dll (API version 3709383).
LogModuleManager: Display: Found up-to-date module file ../../../Engine/Plugins/Developer/VisualStudioCodeSourceCodeAccess/Binaries/Win64/UE4Editor-VisualStudioCodeSourceCodeAccess.dll (API version 3709383).
LogModuleManager: Display: Found up-to-date module file ../../../Engine/Plugins/Developer/VisualStudioSourceCodeAccess/Binaries/Win64/UE4Editor-VisualStudioSourceCodeAccess.dll (API version 3709383).
LogModuleManager: Display: Found up-to-date module file ../../../Engine/Plugins/Editor/AssetManagerEditor/Binaries/Win64/UE4Editor-AssetManagerEditor.dll (API version 3709383).
LogModuleManager: Display: Found up-to-date module file ../../../Engine/Plugins/Editor/AudioCapture/Binaries/Win64/UE4Editor-AudioCapture.dll (API version 3709383).
LogModuleManager: Display: Found up-to-date module file ../../../Engine/Plugins/Editor/FacialAnimation/Binaries/Win64/UE4Editor-FacialAnimation.dll (API version 3709383).
LogModuleManager: Display: Found up-to-date module file ../../../Engine/Plugins/Editor/FacialAnimation/Binaries/Win64/UE4Editor-FacialAnimationEditor.dll (API version 3709383).
LogModuleManager: Display: Found up-to-date module file ../../../Engine/Plugins/Editor/GameplayTagsEditor/Binaries/Win64/UE4Editor-GameplayTagsEditor.dll (API version 3709383).
LogModuleManager: Display: Found up-to-date module file ../../../Engine/Plugins/Editor/MobileLauncherProfileWizard/Binaries/Win64/UE4Editor-MobileLauncherProfileWizard.dll (API version 3709383).
LogModuleManager: Display: Found up-to-date module file ../../../Engine/Plugins/Editor/PluginBrowser/Binaries/Win64/UE4Editor-PluginBrowser.dll (API version 3709383).
LogModuleManager: Display: Found up-to-date module file ../../../Engine/Plugins/Editor/SpeedTreeImporter/Binaries/Win64/UE4Editor-SpeedTreeImporter.dll (API version 3709383).
LogModuleManager: Display: Found up-to-date module file ../../../Engine/Plugins/Experimental/AlembicImporter/Binaries/Win64/UE4Editor-AlembicImporter.dll (API version 3709383).
LogModuleManager: Display: Found up-to-date module file ../../../Engine/Plugins/Experimental/AlembicImporter/Binaries/Win64/UE4Editor-AlembicLibrary.dll (API version 3709383).
LogModuleManager: Display: Found up-to-date module file ../../../Engine/Plugins/Experimental/CharacterAI/Binaries/Win64/UE4Editor-CharacterAI.dll (API version 3709383).
LogModuleManager: Display: Found up-to-date module file ../../../Engine/Plugins/Experimental/HTML5Networking/Binaries/Win64/UE4Editor-HTML5Networking.dll (API version 3709383).
LogModuleManager: Display: Found up-to-date module file ../../../Engine/Plugins/Media/AndroidMedia/Binaries/Win64/UE4Editor-AndroidMediaEditor.dll (API version 3709383).
LogModuleManager: Display: Found up-to-date module file ../../../Engine/Plugins/Media/AndroidMedia/Binaries/Win64/UE4Editor-AndroidMediaFactory.dll (API version 3709383).
LogModuleManager: Display: Found up-to-date module file ../../../Engine/Plugins/Media/AvfMedia/Binaries/Win64/UE4Editor-AvfMediaEditor.dll (API version 3709383).
LogModuleManager: Display: Found up-to-date module file ../../../Engine/Plugins/Media/AvfMedia/Binaries/Win64/UE4Editor-AvfMediaFactory.dll (API version 3709383).
LogModuleManager: Display: Found up-to-date module file ../../../Engine/Plugins/Media/AvfMedia/Binaries/Win64/UE4Editor-AvfMediaFactory.dll (API version 3709383).
LogModuleManager: Display: Found up-to-date module file ../../../Engine/Plugins/Media/ImgMedia/Binaries/Win64/UE4Editor-ImgMedia.dll (API version 3709383).
LogModuleManager: Display: Found up-to-date module file ../../../Engine/Plugins/Media/ImgMedia/Binaries/Win64/UE4Editor-ImgMediaEditor.dll (API version 3709383).
LogModuleManager: Display: Found up-to-date module file ../../../Engine/Plugins/Media/ImgMedia/Binaries/Win64/UE4Editor-ImgMediaFactory.dll (API version 3709383).
LogModuleManager: Display: Found up-to-date module file ../../../Engine/Plugins/Media/ImgMedia/Binaries/Win64/UE4Editor-ImgMediaFactory.dll (API version 3709383).
LogModuleManager: Display: Found up-to-date module file ../../../Engine/Plugins/Media/ImgMedia/Binaries/Win64/UE4Editor-OpenExrWrapper.dll (API version 3709383).
LogModuleManager: Display: Found up-to-date module file ../../../Engine/Plugins/Media/MediaCompositing/Binaries/Win64/UE4Editor-MediaCompositing.dll (API version 3709383).
LogModuleManager: Display: Found up-to-date module file ../../../Engine/Plugins/Media/MediaCompositing/Binaries/Win64/UE4Editor-MediaCompositingEditor.dll (API version 3709383).
LogModuleManager: Display: Found up-to-date module file ../../../Engine/Plugins/Media/MediaPlayerEditor/Binaries/Win64/UE4Editor-MediaPlayerEditor.dll (API version 3709383).
LogModuleManager: Display: Found up-to-date module file ../../../Engine/Plugins/Media/WmfMedia/Binaries/Win64/UE4Editor-WmfMedia.dll (API version 3709383).
LogModuleManager: Display: Found up-to-date module file ../../../Engine/Plugins/Media/WmfMedia/Binaries/Win64/UE4Editor-WmfMediaEditor.dll (API version 3709383).
LogModuleManager: Display: Found up-to-date module file ../../../Engine/Plugins/Media/WmfMedia/Binaries/Win64/UE4Editor-WmfMediaFactory.dll (API version 3709383).
LogModuleManager: Display: Found up-to-date module file ../../../Engine/Plugins/Media/WmfMedia/Binaries/Win64/UE4Editor-WmfMediaFactory.dll (API version 3709383).
LogModuleManager: Display: Found up-to-date module file ../../../Engine/Plugins/Messaging/TcpMessaging/Binaries/Win64/UE4Editor-TcpMessaging.dll (API version 3709383).
LogModuleManager: Display: Found up-to-date module file ../../../Engine/Plugins/Messaging/UdpMessaging/Binaries/Win64/UE4Editor-UdpMessaging.dll (API version 3709383).
LogModuleManager: Display: Found up-to-date module file ../../../Engine/Plugins/MovieScene/ActorSequence/Binaries/Win64/UE4Editor-ActorSequence.dll (API version 3709383).
LogModuleManager: Display: Found up-to-date module file ../../../Engine/Plugins/MovieScene/LevelSequenceEditor/Binaries/Win64/UE4Editor-LevelSequenceEditor.dll (API version 3709383).
LogModuleManager: Display: Found up-to-date module file ../../../Engine/Plugins/MovieScene/MatineeToLevelSequence/Binaries/Win64/UE4Editor-MatineeToLevelSequence.dll (API version 3709383).
LogModuleManager: Display: Found up-to-date module file ../../../Engine/Plugins/Online/OnlineSubsystem/Binaries/Win64/UE4Editor-OnlineSubsystem.dll (API version 3709383).
LogModuleManager: Display: Found up-to-date module file ../../../Engine/Plugins/Online/OnlineSubsystemNull/Binaries/Win64/UE4Editor-OnlineSubsystemNull.dll (API version 3709383).
LogModuleManager: Display: Found up-to-date module file ../../../Engine/Plugins/Online/OnlineSubsystemUtils/Binaries/Win64/UE4Editor-OnlineSubsystemUtils.dll (API version 3709383).
LogModuleManager: Display: Found up-to-date module file ../../../Engine/Plugins/Online/OnlineSubsystemUtils/Binaries/Win64/UE4Editor-OnlineBlueprintSupport.dll (API version 3709383).
LogModuleManager: Display: Found up-to-date module file ../../../Engine/Plugins/Runtime/AndroidDeviceProfileSelector/Binaries/Win64/UE4Editor-AndroidDeviceProfileSelector.dll (API version 3709383).
LogModuleManager: Display: Found up-to-date module file ../../../Engine/Plugins/Runtime/AndroidPermission/Binaries/Win64/UE4Editor-AndroidPermission.dll (API version 3709383).
LogModuleManager: Display: Found up-to-date module file ../../../Engine/Plugins/Runtime/AppleARKit/Binaries/Win64/UE4Editor-AppleARKit.dll (API version 3709383).
LogModuleManager: Display: Found up-to-date module file ../../../Engine/Plugins/Runtime/ArchVisCharacter/Binaries/Win64/UE4Editor-ArchVisCharacter.dll (API version 3709383).
LogModuleManager: Display: Found up-to-date module file ../../../Engine/Plugins/Runtime/CableComponent/Binaries/Win64/UE4Editor-CableComponent.dll (API version 3709383).
LogModuleManager: Display: Found up-to-date module file ../../../Engine/Plugins/Runtime/CustomMeshComponent/Binaries/Win64/UE4Editor-CustomMeshComponent.dll (API version 3709383).
LogModuleManager: Display: Found up-to-date module file ../../../Engine/Plugins/Runtime/ExampleDeviceProfileSelector/Binaries/Win64/UE4Editor-ExampleDeviceProfileSelector.dll (API version 3709383).
LogModuleManager: Display: Found up-to-date module file ../../../Engine/Plugins/Runtime/ImmediatePhysics/Binaries/Win64/UE4Editor-ImmediatePhysics.dll (API version 3709383).
LogModuleManager: Display: Found up-to-date module file ../../../Engine/Plugins/Runtime/ImmediatePhysics/Binaries/Win64/UE4Editor-ImmediatePhysicsEditor.dll (API version 3709383).
LogModuleManager: Display: Found up-to-date module file ../../../Engine/Plugins/Runtime/LocationServicesBPLibrary/Binaries/Win64/UE4Editor-LocationServicesBPLibrary.dll (API version 3709383).
LogModuleManager: Display: Found up-to-date module file ../../../Engine/Plugins/Runtime/MobilePatchingUtils/Binaries/Win64/UE4Editor-MobilePatchingUtils.dll (API version 3709383).
LogModuleManager: Display: Found up-to-date module file ../../../Engine/Plugins/Runtime/Oculus/OculusVR/Binaries/Win64/UE4Editor-OculusHMD.dll (API version 3709383).
LogModuleManager: Display: Found up-to-date module file ../../../Engine/Plugins/Runtime/Oculus/OculusVR/Binaries/Win64/UE4Editor-OculusInput.dll (API version 3709383).
LogModuleManager: Display: Found up-to-date module file ../../../Engine/Plugins/Runtime/Oculus/OculusVR/Binaries/Win64/UE4Editor-OculusEditor.dll (API version 3709383).
LogModuleManager: Display: Found up-to-date module file ../../../Engine/Plugins/Runtime/PhysXVehicles/Binaries/Win64/UE4Editor-PhysXVehicles.dll (API version 3709383).
LogModuleManager: Display: Found up-to-date module file ../../../Engine/Plugins/Runtime/PhysXVehicles/Binaries/Win64/UE4Editor-PhysXVehiclesEditor.dll (API version 3709383).
LogModuleManager: Display: Found up-to-date module file ../../../Engine/Plugins/Runtime/ProceduralMeshComponent/Binaries/Win64/UE4Editor-ProceduralMeshComponent.dll (API version 3709383).
LogModuleManager: Display: Found up-to-date module file ../../../Engine/Plugins/Runtime/ProceduralMeshComponent/Binaries/Win64/UE4Editor-ProceduralMeshComponentEditor.dll (API version 3709383).
LogModuleManager: Display: Found up-to-date module file ../../../Engine/Plugins/Runtime/RuntimePhysXCooking/Binaries/Win64/UE4Editor-RuntimePhysXCooking.dll (API version 3709383).
LogModuleManager: Display: Found up-to-date module file ../../../Engine/Plugins/Runtime/Steam/SteamVR/Binaries/Win64/UE4Editor-SteamVR.dll (API version 3709383).
LogModuleManager: Display: Found up-to-date module file ../../../Engine/Plugins/Runtime/Steam/SteamVR/Binaries/Win64/UE4Editor-SteamVRController.dll (API version 3709383).
LogModuleManager: Display: Found up-to-date module file ../../../Engine/Plugins/Runtime/WindowsMoviePlayer/Binaries/Win64/UE4Editor-WindowsMoviePlayer.dll (API version 3709383).
LogInit: Using libcurl 7.47.1
LogInit:  - built for x86_64-pc-win32
LogInit:  - supports SSL with OpenSSL/1.0.2g
LogInit:  - supports HTTP deflate (compression) using libz 1.2.8
LogInit:  - other features:
LogInit:      CURL_VERSION_SSL
LogInit:      CURL_VERSION_LIBZ
LogInit:      CURL_VERSION_IPV6
LogInit:      CURL_VERSION_ASYNCHDNS
LogInit:      CURL_VERSION_LARGEFILE
LogInit:      CURL_VERSION_IDN
LogInit:  CurlRequestOptions (configurable via config and command line):
LogInit:  - bVerifyPeer = false  - Libcurl will NOT verify peer certificate
LogInit:  - bUseHttpProxy = false  - Libcurl will NOT use HTTP proxy
LogInit:  - bDontReuseConnections = false  - Libcurl will reuse connections
LogInit:  - CertBundlePath = nullptr  - Libcurl will use whatever was configured at build time.
LogInit: Build: ++UE4+Release-4.18-CL-3832480
LogInit: Engine Version: 4.18.3-3832480+++UE4+Release-4.18
LogInit: Compatible Engine Version: 4.18.0-3709383+++UE4+Release-4.18
LogInit: Net CL: 3709383
LogDevObjectVersion: Number of dev versions registered: 16
LogDevObjectVersion:   Dev-Blueprints (B0D832E4-1F89-4F0D-ACCF-7EB736FD4AA2): 10
LogDevObjectVersion:   Dev-Build (E1C64328-A22C-4D53-A36C-8E866417BD8C): 0
LogDevObjectVersion:   Dev-Core (375EC13C-06E4-48FB-B500-84F0262A717E): 2
LogDevObjectVersion:   Dev-Editor (E4B068ED-F494-42E9-A231-DA0B2E46BB41): 20
LogDevObjectVersion:   Dev-Framework (CFFC743F-43B0-4480-9391-14DF171D2073): 30
LogDevObjectVersion:   Dev-Mobile (B02B49B5-BB20-44E9-A304-32B752E40360): 0
LogDevObjectVersion:   Dev-Networking (A4E4105C-59A1-49B5-A7C5-40C4547EDFEE): 0
LogDevObjectVersion:   Dev-Online (39C831C9-5AE6-47DC-9A44-9C173E1C8E7C): 0
LogDevObjectVersion:   Dev-Physics (78F01B33-EBEA-4F98-B9B4-84EACCB95AA2): 0
LogDevObjectVersion:   Dev-Platform (6631380F-2D4D-43E0-8009-CF276956A95A): 0
LogDevObjectVersion:   Dev-Rendering (12F88B9F-8875-4AFC-A67C-D90C383ABD29): 20
LogDevObjectVersion:   Dev-Sequencer (7B5AE74C-D270-4C10-A958-57980B212A5A): 4
LogDevObjectVersion:   Dev-VR (D7296918-1DD6-4BDD-9DE2-64A83CC13884): 0
LogDevObjectVersion:   Dev-LoadTimes (C2A15278-BFE7-4AFE-6C17-90FF531DF755): 1
LogDevObjectVersion:   Private-Geometry (6EACA3D4-40EC-4CC1-B786-8BED09428FC5): 1
LogDevObjectVersion:   Dev-AnimPhys (29E575DD-E0A3-4627-9D10-D276232CDCEA): 12
LogInit: Compiled (64-bit): Jan 12 2018 02:04:55
LogInit: Compiled with Visual C++: 19.00.24215.01
LogInit: Build Configuration: Development
LogInit: Branch Name: ++UE4+Release-4.18
LogInit: Command line:  
LogInit: Base directory: C:/Program Files/Epic Games/UE_4.18/Engine/Binaries/Win64/
LogInit: Installed Engine Build: 1
LogInit: Presizing for max 8388607 objects, including 0 objects not considered by GC, pre-allocating 0 bytes for permanent pool.
LogInit: Object subsystem initialized
[2018.03.01-20.24.43:531][  0]LogInit: Selected Device Profile: [Windows]
[2018.03.01-20.24.43:531][  0]LogInit: Applying CVar settings loaded from the selected device profile: [Windows]
[2018.03.01-20.24.43:557][  0]LogInit: Computer: DESKTOP-47R6KV7
[2018.03.01-20.24.43:557][  0]LogInit: User: Megapoort
[2018.03.01-20.24.43:557][  0]LogInit: CPU Page size=4096, Cores=4
[2018.03.01-20.24.43:557][  0]LogInit: High frequency timer resolution =3.411561 MHz
[2018.03.01-20.24.43:557][  0]LogMemory: Memory total: Physical=15.9GB (16GB approx)
[2018.03.01-20.24.43:557][  0]LogMemory: Platform Memory Stats for Windows
[2018.03.01-20.24.43:557][  0]LogMemory: Process Physical Memory: 273.84 MB used, 273.84 MB peak
[2018.03.01-20.24.43:557][  0]LogMemory: Process Virtual Memory: 271.98 MB used, 271.98 MB peak
[2018.03.01-20.24.43:557][  0]LogMemory: Physical Memory: 7851.70 MB used,  8463.03 MB free, 16314.73 MB total
[2018.03.01-20.24.43:557][  0]LogMemory: Virtual Memory: 684.49 MB used,  8463.03 MB free, 134217728.00 MB total
[2018.03.01-20.24.43:724][  0]LogInit: Using OS detected language (de-DE).
[2018.03.01-20.24.43:724][  0]LogInit: Using OS detected locale (de-DE).
[2018.03.01-20.24.43:728][  0]LogTextLocalizationManager: No localization for 'de-DE' exists, so 'en' will be used for the language.
[2018.03.01-20.24.43:728][  0]LogTextLocalizationManager: No localization for 'de-DE' exists, so 'en' will be used for the locale.
[2018.03.01-20.24.44:246][  0]LogInit: Setting process to per monitor DPI aware
[2018.03.01-20.24.44:544][  0]LogD3D11RHI: D3D11 adapters:
[2018.03.01-20.24.44:622][  0]LogD3D11RHI:    0. 'NVIDIA GeForce GTX 1070' (Feature Level 11_0)
[2018.03.01-20.24.44:622][  0]LogD3D11RHI:       8096/0/8157 MB DedicatedVideo/DedicatedSystem/SharedSystem, Outputs:2, VendorId:0x10de
[2018.03.01-20.24.44:625][  0]LogD3D11RHI:    1. 'Microsoft Basic Render Driver' (Feature Level 11_0)
[2018.03.01-20.24.44:625][  0]LogD3D11RHI:       0/0/8157 MB DedicatedVideo/DedicatedSystem/SharedSystem, Outputs:0, VendorId:0x1414
[2018.03.01-20.24.44:625][  0]LogD3D11RHI: Chosen D3D11 Adapter: 0
[2018.03.01-20.24.44:633][  0]LogD3D11RHI: Creating new Direct3DDevice
[2018.03.01-20.24.44:633][  0]LogD3D11RHI:     GPU DeviceId: 0x1b81 (for the marketing name, search the web for "GPU Device Id")
[2018.03.01-20.24.44:633][  0]LogWindows: EnumDisplayDevices:
[2018.03.01-20.24.44:633][  0]LogWindows:    0. 'NVIDIA GeForce GTX 1070' (P:1 D:1)
[2018.03.01-20.24.44:633][  0]LogWindows:    1. 'NVIDIA GeForce GTX 1070' (P:0 D:1)
[2018.03.01-20.24.44:633][  0]LogWindows:    2. 'NVIDIA GeForce GTX 1070' (P:0 D:0)
[2018.03.01-20.24.44:633][  0]LogWindows:    3. 'NVIDIA GeForce GTX 1070' (P:0 D:0)
[2018.03.01-20.24.44:633][  0]LogWindows: DebugString: GetVideoDriverDetailsInvalid PrimaryIsNotTheChoosenAdapter GetVideoDriverDetailsInvalid PrimaryIsNotTheChoosenAdapter GetVideoDriverDetailsInvalid PrimaryIsNotTheChoosenAdapter GetVideoDriverDetailsInvalid PrimaryIsNotTheChoosenAdapter FoundDriverCount:0 
[2018.03.01-20.24.44:633][  0]LogD3D11RHI:     Adapter Name: NVIDIA GeForce GTX 1070
[2018.03.01-20.24.44:633][  0]LogD3D11RHI:   Driver Version: Unknown (internal:Unknown, unified:Unknown)
[2018.03.01-20.24.44:633][  0]LogD3D11RHI:      Driver Date: Unknown
[2018.03.01-20.24.44:633][  0]LogRHI: Texture pool is 5667 MB (70% of 8096 MB)
[2018.03.01-20.24.44:671][  0]LogD3D11RHI: Async texture creation enabled
[2018.03.01-20.24.44:683][  0]LogD3D11RHI: GPU Timing Frequency: 1000.000000 (Debug: 2 1)
[2018.03.01-20.24.44:777][  0]LogShaderCompilers: Guid format shader working directory is -7 characters bigger than the processId version (../../../../../../Users/Megapoort/Desktop/Lyfe/Lyfe_Game/Intermediate/Shaders/WorkingDirectory/11436/).
[2018.03.01-20.24.44:777][  0]LogShaderCompilers: Cleaned the shader compiler working directory 'C:/Users/Megapoort/AppData/Local/Temp/UnrealShaderWorkingDir/E6329A95421C58178FCE2BBFF4341469/'.
[2018.03.01-20.24.44:777][  0]LogShaderCompilers: Display: Using Local Shader Compiler.
[2018.03.01-20.24.46:009][  0]LogTemp: Display: Loaded TP AllDesktopTargetPlatform
[2018.03.01-20.24.46:102][  0]LogTemp: Display: Loaded TP MacClientTargetPlatform
[2018.03.01-20.24.46:167][  0]LogTemp: Display: Loaded TP MacNoEditorTargetPlatform
[2018.03.01-20.24.46:229][  0]LogTemp: Display: Loaded TP MacServerTargetPlatform
[2018.03.01-20.24.46:298][  0]LogTemp: Display: Loaded TP MacTargetPlatform
[2018.03.01-20.24.46:363][  0]LogTemp: Display: Loaded TP WindowsClientTargetPlatform
[2018.03.01-20.24.46:426][  0]LogTemp: Display: Loaded TP WindowsNoEditorTargetPlatform
[2018.03.01-20.24.46:503][  0]LogTemp: Display: Loaded TP WindowsServerTargetPlatform
[2018.03.01-20.24.46:560][  0]LogTemp: Display: Loaded TP WindowsTargetPlatform
[2018.03.01-20.24.46:621][  0]LogTemp: Display: Loaded TP Android_ASTCTargetPlatform
[2018.03.01-20.24.46:682][  0]LogTemp: Display: Loaded TP Android_ATCTargetPlatform
[2018.03.01-20.24.46:751][  0]LogTemp: Display: Loaded TP Android_DXTTargetPlatform
[2018.03.01-20.24.46:812][  0]LogTemp: Display: Loaded TP Android_ETC1TargetPlatform
[2018.03.01-20.24.46:898][  0]LogTemp: Display: Loaded TP Android_ETC2TargetPlatform
[2018.03.01-20.24.47:059][  0]LogTemp: Display: Loaded TP Android_MultiTargetPlatform
[2018.03.01-20.24.47:059][  0]LogTemp: Display: Loaded TP Android_PVRTCTargetPlatform
[2018.03.01-20.24.47:121][  0]LogTemp: Display: Loaded TP AndroidTargetPlatform
[2018.03.01-20.24.47:168][  0]LogTemp: Display: Loaded TP HTML5TargetPlatform
[2018.03.01-20.24.47:281][  0]LogTemp: Display: Loaded TP IOSTargetPlatform
[2018.03.01-20.24.47:335][  0]LogTemp: Display: Loaded TP TVOSTargetPlatform
[2018.03.01-20.24.47:395][  0]LogTemp: Display: Loaded TP LinuxClientTargetPlatform
[2018.03.01-20.24.47:462][  0]LogTemp: Display: Loaded TP LinuxNoEditorTargetPlatform
[2018.03.01-20.24.47:527][  0]LogTemp: Display: Loaded TP LinuxServerTargetPlatform
[2018.03.01-20.24.47:589][  0]LogTemp: Display: Loaded TP LinuxTargetPlatform
[2018.03.01-20.24.47:589][  0]LogTargetPlatformManager: Display: Building Assets For Windows
[2018.03.01-20.24.48:178][  0]LogDerivedDataCache: Display: Max Cache Size: 512 MB
[2018.03.01-20.24.48:273][  0]LogDerivedDataCache: Loaded boot cache 0.10s 79MB C:/Users/Megapoort/AppData/Local/UnrealEngine/4.18/DerivedDataCache/Boot.ddc.
[2018.03.01-20.24.48:273][  0]LogDerivedDataCache: Display: Loaded Boot cache: C:/Users/Megapoort/AppData/Local/UnrealEngine/4.18/DerivedDataCache/Boot.ddc
[2018.03.01-20.24.48:273][  0]LogDerivedDataCache: FDerivedDataBackendGraph:  Pak pak cache file ../../../../../../Users/Megapoort/Desktop/Lyfe/Lyfe_Game/DerivedDataCache/DDC.ddp not found, will not use a pak cache.
[2018.03.01-20.24.48:273][  0]LogDerivedDataCache: Unable to find inner node Pak for hierarchical cache Hierarchy.
[2018.03.01-20.24.48:273][  0]LogDerivedDataCache: FDerivedDataBackendGraph:  CompressedPak pak cache file ../../../../../../Users/Megapoort/Desktop/Lyfe/Lyfe_Game/DerivedDataCache/Compressed.ddp not found, will not use a pak cache.
[2018.03.01-20.24.48:273][  0]LogDerivedDataCache: Unable to find inner node CompressedPak for hierarchical cache Hierarchy.
[2018.03.01-20.24.48:295][  0]LogDerivedDataCache: Display: Pak cache opened for reading ../../../Engine/DerivedDataCache/Compressed.ddp.
[2018.03.01-20.24.48:307][  0]LogDerivedDataCache: Using Local data cache path C:/Users/Megapoort/AppData/Local/UnrealEngine/Common/DerivedDataCache: Writable
[2018.03.01-20.24.48:318][  0]LogMaterial: Verifying Global Shaders for PCD3D_SM5
[2018.03.01-20.24.48:318][  0]LogSlate: Using Freetype 2.6.0
[2018.03.01-20.24.48:319][  0]LogSlate: SlateFontCache - WITH_FREETYPE: 1, WITH_HARFBUZZ: 1
[2018.03.01-20.24.48:319][  0]LogSlate: SlateFontCache - WITH_FREETYPE: 1, WITH_HARFBUZZ: 1
[2018.03.01-20.24.48:835][  0]LogInit: Selected Device Profile: [Windows]
[2018.03.01-20.24.49:276][  0]LogSimplygon: Simplygon DLL not present - disabling.
[2018.03.01-20.24.49:345][  0]LogMeshReduction: Using SimplygonSwarm for distributed automatic mesh merging
[2018.03.01-20.24.49:345][  0]LogMeshReduction: Using QuadricMeshReduction for automatic static mesh reduction
[2018.03.01-20.24.49:345][  0]LogMeshReduction: No automatic skeletal mesh reduction module available
[2018.03.01-20.24.49:345][  0]LogMeshReduction: No automatic mesh merging module available
[2018.03.01-20.24.49:345][  0]LogMeshMerging: No automatic mesh merging module available
[2018.03.01-20.24.49:404][  0]LogNetVersion: Lyfe_Game , NetCL: 3709383, EngineNetVer: 2, GameNetVer: 0 (Checksum: 1298029676)
[2018.03.01-20.24.49:586][  0]LogAssetRegistry: FAssetRegistry took 0.0293 seconds to start up
[2018.03.01-20.24.50:143][  0]LogPackageLocalizationCache: Processed 7 localized package path(s) for 1 prioritized culture(s) in 0.044021 seconds
[2018.03.01-20.24.50:150][  0]LogUObjectArray: 35870 objects as part of root set at end of initial load.
[2018.03.01-20.24.50:150][  0]LogUObjectAllocator: 7363704 out of 0 bytes used by permanent object pool.
[2018.03.01-20.24.50:150][  0]LogUObjectArray: CloseDisregardForGC: 0/0 objects in disregard for GC pool
[2018.03.01-20.24.50:221][  0]LogInit: WinSock: version 1.1 (2.2), MaxSocks=32767, MaxUdp=65467
[2018.03.01-20.24.53:461][  0]LogTcpMessaging: Initializing TcpMessaging bridge
[2018.03.01-20.24.53:513][  0]LogUdpMessaging: Initializing bridge on interface 0.0.0.0:0 to multicast group 230.0.0.1:6666.
[2018.03.01-20.24.54:420][  0]LogMaterial: Uniform references updated for custom material expression Custom.
[2018.03.01-20.24.54:942][  0]SourceControl: Source control is disabled
[2018.03.01-20.24.54:942][  0]SourceControl: Source control is disabled
[2018.03.01-20.24.55:013][  0]SourceControl: Source control is disabled
[2018.03.01-20.24.55:085][  0]SourceControl: Source control is disabled
[2018.03.01-20.24.56:159][  0]LogAndroidPermission: UAndroidPermissionCallbackProxy::GetInstance
[2018.03.01-20.24.56:571][  0]LogOcInput: OculusInput pre-init called
[2018.03.01-20.24.56:980][  0]LogEngine: Initializing Engine...
[2018.03.01-20.24.56:982][  0]LogHMD: Failed to initialize OpenVR with code 110
[2018.03.01-20.24.57:251][  0]LogStats: UGameplayTagsManager::ConstructGameplayTagTree: Construct from data asset -  0.000 s
[2018.03.01-20.24.57:251][  0]LogStats: UGameplayTagsManager::ConstructGameplayTagTree: GameplayTagTreeChangedEvent.Broadcast -  0.000 s
[2018.03.01-20.24.57:431][  0]LogAIModule: Creating AISystem for world Untitled
[2018.03.01-20.24.57:454][  0]LogInit: XAudio2 using 'Lautsprecher (Realtek High Definition Audio)' : 2 channels at 48 kHz using 32 bits per sample (channel mask 0x3)
[2018.03.01-20.24.57:488][  0]LogInit: FAudioDevice initialized.
[2018.03.01-20.24.57:596][  0]LogDerivedDataCache: Saved boot cache 0.11s 79MB C:/Users/Megapoort/AppData/Local/UnrealEngine/4.18/DerivedDataCache/Boot.ddc.
[2018.03.01-20.24.57:615][  0]LogInit: Texture streaming: Enabled
[2018.03.01-20.24.57:755][  0]LogEngineSessionManager: EngineSessionManager initialized
[2018.03.01-20.24.57:943][  0]LogInit: Transaction tracking system initialized
[2018.03.01-20.24.58:385][  0]BlueprintLog: New page: Editor Load
[2018.03.01-20.24.59:676][  0]LocalizationService: Localization service is disabled
[2018.03.01-20.25.00:686][  0]LogConsoleResponse: Display: 
[2018.03.01-20.25.00:903][  0]LogCook: Display: Max memory allowance for cook 16384mb min free memory 0mb
[2018.03.01-20.25.00:903][  0]LogCook: Display: Mobile HDR setting 1
[2018.03.01-20.25.00:903][  0]LogGameplayTags: Display: UGameplayTagsManager::DoneAddingNativeTags. DelegateIsBound: 0
[2018.03.01-20.25.01:858][  0]LogFileCache: Scanning file cache for directory 'C:/Users/Megapoort/Desktop/Lyfe/Lyfe_Game/Content/' took 0.01s
[2018.03.01-20.25.02:636][  0]SourceControl: Source control is disabled
[2018.03.01-20.25.02:636][  0]Cmd: MAP LOAD FILE="../../../../../../Users/Megapoort/Desktop/Lyfe/Lyfe_Game/Content/Scenes/Stage_SingleCelled_Test.umap" TEMPLATE=0 SHOWPROGRESS=1 FEATURELEVEL=3
[2018.03.01-20.25.02:637][  0]LightingResults: New page: Lighting Build
[2018.03.01-20.25.02:686][  0]MapCheck: New page: Map Check
[2018.03.01-20.25.02:686][  0]LightingResults: New page: Lighting Build
[2018.03.01-20.25.02:821][  0]LogAIModule: Creating AISystem for world Stage_SingleCelled_Test
[2018.03.01-20.25.02:826][  0]LogEditorServer: Finished looking for orphan Actors (0.000 secs)
[2018.03.01-20.25.02:838][  0]Cmd: MAP CHECKDEP NOCLEARLOG
[2018.03.01-20.25.02:894][  0]MapCheck: Map check complete: 0 Error(s), 0 Warning(s), took 55.724ms to complete.
[2018.03.01-20.25.02:895][  0]LogFileHelpers: Loading map 'Stage_SingleCelled_Test' took 0.258
[2018.03.01-20.25.03:089][  0]LogCollectionManager: Loaded 0 collections in 0.003814 seconds
[2018.03.01-20.25.03:210][  0]LogFileCache: Scanning file cache for directory 'C:/Users/Megapoort/Desktop/Lyfe/Lyfe_Game/Saved/Collections/' took 0.01s
[2018.03.01-20.25.03:210][  0]LogFileCache: Scanning file cache for directory 'C:/Users/Megapoort/Desktop/Lyfe/Lyfe_Game/Content/Developers/Megapoort/Collections/' took 0.01s
[2018.03.01-20.25.03:210][  0]LogFileCache: Scanning file cache for directory 'C:/Users/Megapoort/Desktop/Lyfe/Lyfe_Game/Content/Collections/' took 0.01s
[2018.03.01-20.25.03:210][  0]LogCollectionManager: Rebuilt the GUID cache for 0 collections in 0.000000 seconds
[2018.03.01-20.25.03:222][  0]LogContentBrowser: Native class hierarchy populated in 0.0115 seconds. Added 2366 classes and 522 folders.
[2018.03.01-20.25.03:299][  0]LogContentBrowser: Native class hierarchy updated for 'WidgetCarousel' in 0.0011 seconds. Added 0 classes and 0 folders.
[2018.03.01-20.25.03:352][  0]LogContentBrowser: Native class hierarchy updated for 'AddContentDialog' in 0.0013 seconds. Added 0 classes and 0 folders.
[2018.03.01-20.25.03:406][  0]LogContentBrowser: Native class hierarchy updated for 'SceneOutliner' in 0.0013 seconds. Added 1 classes and 2 folders.
[2018.03.01-20.25.03:469][  0]LogSlate: Took 0.000308 seconds to synchronously load lazily loaded font '../../../Engine/Content/Slate/Fonts/Roboto-Regular.ttf' (155K)
[2018.03.01-20.25.03:472][  0]LogSlate: Took 0.000236 seconds to synchronously load lazily loaded font '../../../Engine/Content/Slate/Fonts/Roboto-Bold.ttf' (160K)
[2018.03.01-20.25.03:479][  0]LogSlate: Took 0.000313 seconds to synchronously load lazily loaded font '../../../Engine/Content/Editor/Slate/Fonts/FontAwesome.ttf' (139K)
[2018.03.01-20.25.03:585][  0]LogRenderer: Reallocating scene render targets to support 1528x600 Format 10 NumSamples 1 (Frame:1).
[2018.03.01-20.25.03:641][  0]LogSlate: Took 0.000242 seconds to synchronously load lazily loaded font '../../../Engine/Content/Slate/Fonts/Roboto-Light.ttf' (159K)
[2018.03.01-20.25.03:779][  0]LogContentBrowser: Native class hierarchy updated for 'HierarchicalLODOutliner' in 0.0012 seconds. Added 1 classes and 2 folders.
[2018.03.01-20.25.03:780][  0]LogLoad: (Engine Initialization) Total time: 24.57 seconds
[2018.03.01-20.25.03:780][  0]LogLoad: (Engine Initialization) Total Blueprint compile time: 0.00 seconds
[2018.03.01-20.25.03:780][  0]LogExternalProfiler: No external profilers were discovered.  External profiling features will not be available.
[2018.03.01-20.25.03:789][  0]LogWindowsTextInputMethodSystem: Display: IME system now deactivated.
[2018.03.01-20.25.03:807][  0]LogAssetRegistry: Asset discovery search completed in 14.2427 seconds
[2018.03.01-20.25.03:808][  0]LogCollectionManager: Rebuilt the object cache for 0 collections in 0.000000 seconds (found 0 objects)
[2018.03.01-20.25.03:808][  0]LogCollectionManager: Fixed up redirectors for 0 collections in 0.000055 seconds (updated 0 objects)
[2018.03.01-20.25.03:812][  0]LogContentStreaming: Texture pool size now 1000 MB
[2018.03.01-20.25.15:007][304]LogTemp: Repeating last play command: Selected Viewport
[2018.03.01-20.25.15:050][304]LogPlayLevel: PlayLevel: No blueprints needed recompiling
[2018.03.01-20.25.15:051][304]PIE: New page: PIE session: Stage_SingleCelled_Test (Mar 1, 2018, 10:25:15 PM)
[2018.03.01-20.25.15:051][304]LogPlayLevel: Creating play world package: /Game/Scenes/UEDPIE_0_Stage_SingleCelled_Test
[2018.03.01-20.25.15:052][304]LogPlayLevel: PIE: StaticDuplicateObject took: (0.000907s)
[2018.03.01-20.25.15:053][304]LogAIModule: Creating AISystem for world Stage_SingleCelled_Test
[2018.03.01-20.25.15:053][304]LogPlayLevel: PIE: World Init took: (0.000817s)
[2018.03.01-20.25.15:053][304]LogPlayLevel: PIE: Created PIE world by copying editor world from /Game/Scenes/Stage_SingleCelled_Test.Stage_SingleCelled_Test to /Game/Scenes/UEDPIE_0_Stage_SingleCelled_Test.Stage_SingleCelled_Test (0.001993s)
[2018.03.01-20.25.15:069][304]LogInit: XAudio2 using 'Lautsprecher (Realtek High Definition Audio)' : 2 channels at 48 kHz using 32 bits per sample (channel mask 0x3)
[2018.03.01-20.25.15:080][304]LogInit: FAudioDevice initialized.
[2018.03.01-20.25.15:123][304]LogLoad: Game class is 'GameModeBase'
[2018.03.01-20.25.15:126][304]LogWorld: Bringing World /Game/Scenes/UEDPIE_0_Stage_SingleCelled_Test.Stage_SingleCelled_Test up for play (max tick rate 0) at 2018.03.01-21.25.15
[2018.03.01-20.25.15:126][304]LogWorld: Bringing up level for play took: 0.000760
[2018.03.01-20.25.15:186][304]LogContentBrowser: Native class hierarchy updated for 'MovieSceneCapture' in 0.0016 seconds. Added 11 classes and 0 folders.
[2018.03.01-20.25.15:188][304]PIE: Play in editor start time for /Game/Scenes/UEDPIE_0_Stage_SingleCelled_Test 1.101
[2018.03.01-20.25.32:941][407]LogSlate: Took 0.000164 seconds to synchronously load lazily loaded font '../../../Engine/Content/Slate/Fonts/Roboto-Light.ttf' (159K)
[2018.03.01-20.26.59:710][750]LogVSAccessor: Warning: Visual Studio is open but could not be queried - it may be blocked by a modal operation
[2018.03.01-20.28.02:712][939]LogVSAccessor: Warning: Visual Studio is open but could not be queried - it may be blocked by a modal operation
[2018.03.01-20.28.05:081][946]LogVSAccessor: Warning: Visual Studio is open but could not be queried - it may be blocked by a modal operation
[2018.03.01-20.28.05:375][947]LogVSAccessor: Warning: Visual Studio is open but could not be queried - it may be blocked by a modal operation
[2018.03.01-20.28.05:707][948]LogVSAccessor: Warning: Visual Studio is open but could not be queried - it may be blocked by a modal operation
[2018.03.01-20.29.44:802][245]LogVSAccessor: Warning: Visual Studio is open but could not be queried - it may be blocked by a modal operation
[2018.03.01-20.29.45:047][246]LogVSAccessor: Warning: Visual Studio is open but could not be queried - it may be blocked by a modal operation
[2018.03.01-20.29.45:737][247]LogVSAccessor: Warning: Visual Studio is open but could not be queried - it may be blocked by a modal operation
[2018.03.01-20.29.45:752][248]LogVSAccessor: Warning: Visual Studio is open but could not be queried - it may be blocked by a modal operation
[2018.03.01-20.30.33:335][524]LogWindows: LaunchFileInExternalEditor C:/Users/Megapoort/Desktop/Lyfe/Lyfe_Game/Source/Lyfe_Game/Public/Character_SingleCelled.h 
[2018.03.01-20.30.33:449][524]LogWindows: Launch application code for C:/Users/Megapoort/Desktop/Lyfe/Lyfe_Game/Source/Lyfe_Game/Public/Character_SingleCelled.h : 42
[2018.03.01-20.30.33:449][524]LogWindows: LaunchFileInExternalEditor C:/Users/Megapoort/Desktop/Lyfe/Lyfe_Game/Source/Lyfe_Game/Private/Character_SingleCelled.cpp 
[2018.03.01-20.30.33:504][524]LogWindows: Launch application code for C:/Users/Megapoort/Desktop/Lyfe/Lyfe_Game/Source/Lyfe_Game/Private/Character_SingleCelled.cpp : 42
[2018.03.01-20.30.33:504][524]LogVSAccessor: Warning: Couldn't access Visual Studio
[2018.03.01-20.30.33:511][524]LogVSAccessor: Warning: Couldn't access module table
[2018.03.01-20.30.33:511][524]LogVSAccessor: Warning: Couldn't access module table
[2018.03.01-20.30.33:511][524]LogVSAccessor: Warning: Couldn't access module table
[2018.03.01-20.30.33:511][524]LogVSAccessor: Warning: Couldn't access module table
[2018.03.01-20.30.33:511][524]LogVSAccessor: Warning: Couldn't access module table
[2018.03.01-20.30.33:512][524]LogVSAccessor: Warning: Couldn't access module table
[2018.03.01-20.30.33:512][524]LogVSAccessor: Warning: Couldn't access module table
[2018.03.01-20.30.33:512][524]LogVSAccessor: Warning: Couldn't access module table
[2018.03.01-20.30.33:512][524]LogVSAccessor: Warning: Couldn't access module table
[2018.03.01-20.30.33:512][524]LogVSAccessor: Warning: Couldn't access module table
[2018.03.01-20.30.33:512][524]LogVSAccessor: Warning: Couldn't access module table
[2018.03.01-20.30.33:512][524]LogVSAccessor: Warning: Couldn't access module table
[2018.03.01-20.30.33:512][524]LogVSAccessor: Warning: Couldn't access module table
[2018.03.01-20.30.33:512][524]LogVSAccessor: Warning: Couldn't access module table
[2018.03.01-20.30.33:513][524]LogVSAccessor: Warning: Couldn't access module table
[2018.03.01-20.30.33:513][524]LogVSAccessor: Warning: Couldn't access module table
[2018.03.01-20.30.33:513][524]LogVSAccessor: Warning: Couldn't access module table
[2018.03.01-20.30.33:513][524]LogVSAccessor: Warning: Couldn't access module table
[2018.03.01-20.30.33:513][524]LogVSAccessor: Warning: Couldn't access module table
[2018.03.01-20.30.33:513][524]LogVSAccessor: Warning: Couldn't access module table
[2018.03.01-20.30.33:513][524]LogVSAccessor: Warning: Couldn't access module table
[2018.03.01-20.30.33:513][524]LogVSAccessor: Warning: Couldn't access module table
[2018.03.01-20.30.33:513][524]LogVSAccessor: Warning: Couldn't access module table
[2018.03.01-20.30.33:514][524]LogVSAccessor: Warning: Couldn't access module table
[2018.03.01-20.30.33:514][524]LogVSAccessor: Warning: Couldn't access module table
[2018.03.01-20.30.33:514][524]LogVSAccessor: Warning: Couldn't access module table
[2018.03.01-20.30.33:514][524]LogVSAccessor: Warning: Couldn't access module table
[2018.03.01-20.30.33:514][524]LogVSAccessor: Warning: Couldn't access module table
[2018.03.01-20.30.33:514][524]LogVSAccessor: Warning: Couldn't access module table
[2018.03.01-20.30.33:514][524]LogVSAccessor: Warning: Couldn't access module table
[2018.03.01-20.30.33:514][524]LogVSAccessor: Warning: Couldn't access module table
[2018.03.01-20.30.33:515][524]LogVSAccessor: Warning: Couldn't access module table
[2018.03.01-20.30.33:515][524]LogVSAccessor: Warning: Couldn't access module table
[2018.03.01-20.30.33:515][524]LogVSAccessor: Warning: Couldn't access module table
[2018.03.01-20.30.33:515][524]LogVSAccessor: Warning: Couldn't access module table
[2018.03.01-20.30.33:515][524]LogVSAccessor: Warning: Couldn't access module table
[2018.03.01-20.30.33:515][524]LogVSAccessor: Warning: Couldn't access module table
[2018.03.01-20.30.33:515][524]LogVSAccessor: Warning: Couldn't access module table
[2018.03.01-20.30.33:515][524]LogVSAccessor: Warning: Couldn't access module table
[2018.03.01-20.30.33:515][524]LogVSAccessor: Warning: Couldn't access module table
[2018.03.01-20.30.33:516][524]LogVSAccessor: Warning: Couldn't access module table
[2018.03.01-20.30.33:516][524]LogVSAccessor: Warning: Couldn't access module table
[2018.03.01-20.30.33:516][524]LogVSAccessor: Warning: Couldn't access module table
[2018.03.01-20.30.33:516][524]LogVSAccessor: Warning: Couldn't access module table
[2018.03.01-20.30.33:516][524]LogVSAccessor: Warning: Couldn't access module table
[2018.03.01-20.30.33:516][524]LogVSAccessor: Warning: Couldn't access module table
[2018.03.01-20.30.33:516][524]LogVSAccessor: Warning: Couldn't access module table
[2018.03.01-20.30.33:516][524]LogVSAccessor: Warning: Couldn't access module table
[2018.03.01-20.30.33:516][524]LogVSAccessor: Warning: Couldn't access module table
[2018.03.01-20.30.33:517][524]LogVSAccessor: Warning: Couldn't access module table
[2018.03.01-20.30.33:517][524]LogVSAccessor: Warning: Couldn't access module table
[2018.03.01-20.30.33:517][524]LogVSAccessor: Warning: Couldn't access module table
[2018.03.01-20.30.33:517][524]LogVSAccessor: Warning: Couldn't access module table
[2018.03.01-20.30.33:517][524]LogVSAccessor: Warning: Couldn't access module table
[2018.03.01-20.30.33:517][524]LogVSAccessor: Warning: Couldn't access module table
[2018.03.01-20.30.33:517][524]LogVSAccessor: Warning: Couldn't access module table
[2018.03.01-20.30.33:517][524]LogVSAccessor: Warning: Couldn't access module table
[2018.03.01-20.30.33:517][524]LogVSAccessor: Warning: Couldn't access module table
[2018.03.01-20.30.33:518][524]LogVSAccessor: Warning: Couldn't access module table
[2018.03.01-20.30.33:518][524]LogVSAccessor: Warning: Couldn't access module table
[2018.03.01-20.30.33:518][524]LogVSAccessor: Warning: Couldn't access module table
[2018.03.01-20.30.33:518][524]LogVSAccessor: Warning: Couldn't access module table
[2018.03.01-20.30.33:518][524]LogVSAccessor: Warning: Couldn't access module table
[2018.03.01-20.30.33:518][524]LogVSAccessor: Warning: Couldn't access module table
[2018.03.01-20.30.33:518][524]LogVSAccessor: Warning: Couldn't access module table
[2018.03.01-20.30.33:518][524]LogVSAccessor: Warning: Couldn't access module table
[2018.03.01-20.30.33:519][524]LogVSAccessor: Warning: Couldn't access module table
[2018.03.01-20.30.33:519][524]LogVSAccessor: Warning: Couldn't access module table
[2018.03.01-20.30.33:519][524]LogVSAccessor: Warning: Couldn't access module table
[2018.03.01-20.30.33:519][524]LogVSAccessor: Warning: Couldn't access module table
[2018.03.01-20.30.33:519][524]LogVSAccessor: Warning: Couldn't access module table
[2018.03.01-20.30.33:519][524]LogVSAccessor: Warning: Couldn't access module table
[2018.03.01-20.30.33:519][524]LogVSAccessor: Warning: Couldn't access module table
[2018.03.01-20.30.33:519][524]LogVSAccessor: Warning: Couldn't access module table
[2018.03.01-20.30.33:519][524]LogVSAccessor: Warning: Couldn't access module table
[2018.03.01-20.30.33:520][524]LogVSAccessor: Warning: Couldn't access module table
[2018.03.01-20.30.33:520][524]LogVSAccessor: Warning: Couldn't access module table
[2018.03.01-20.30.33:520][524]LogVSAccessor: Warning: Couldn't access module table
[2018.03.01-20.30.33:520][524]LogVSAccessor: Warning: Couldn't access module table
[2018.03.01-20.30.33:520][524]LogVSAccessor: Warning: Couldn't access module table
[2018.03.01-20.30.33:520][524]LogVSAccessor: Warning: Couldn't access module table
[2018.03.01-20.30.33:520][524]LogVSAccessor: Warning: Couldn't access module table
[2018.03.01-20.30.33:523][524]LogVSAccessor: Warning: Couldn't access module table
[2018.03.01-20.30.33:523][524]LogVSAccessor: Warning: Couldn't access module table
[2018.03.01-20.30.33:523][524]LogVSAccessor: Warning: Couldn't access module table
[2018.03.01-20.30.33:523][524]LogVSAccessor: Warning: Couldn't access module table
[2018.03.01-20.30.33:529][524]LogVSAccessor: Warning: Couldn't access module table
[2018.03.01-20.30.33:529][524]LogVSAccessor: Warning: Couldn't access module table
[2018.03.01-20.30.33:529][524]LogVSAccessor: Warning: Couldn't access module table
[2018.03.01-20.30.33:530][524]LogVSAccessor: Warning: Couldn't access module table
[2018.03.01-20.30.33:530][524]LogVSAccessor: Warning: Couldn't access module table
[2018.03.01-20.30.33:545][524]LogVSAccessor: Warning: Couldn't access module table
[2018.03.01-20.30.33:545][524]LogVSAccessor: Warning: Couldn't access module table
[2018.03.01-20.30.33:545][524]LogVSAccessor: Warning: Couldn't access module table
[2018.03.01-20.30.33:545][524]LogVSAccessor: Warning: Couldn't access module table
[2018.03.01-20.30.33:554][524]LogVSAccessor: Warning: Couldn't access module table
[2018.03.01-20.30.33:578][524]LogVSAccessor: Warning: Couldn't access module table
[2018.03.01-20.30.33:578][524]LogVSAccessor: Warning: Couldn't access module table
[2018.03.01-20.30.33:582][524]LogVSAccessor: Warning: Couldn't access module table
[2018.03.01-20.30.33:582][524]LogVSAccessor: Warning: Couldn't access module table
[2018.03.01-20.30.33:583][524]LogVSAccessor: Warning: Couldn't access module table
[2018.03.01-20.30.33:586][524]LogVSAccessor: Warning: Couldn't access module table
[2018.03.01-20.30.33:586][524]LogVSAccessor: Warning: Couldn't access module table
[2018.03.01-20.30.33:588][524]LogVSAccessor: Warning: Couldn't access module table
[2018.03.01-20.30.58:047][337]LogVSAccessor: Warning: Couldn't access Visual Studio
[2018.03.01-20.30.58:054][337]Candidate modules for hot reload:
[2018.03.01-20.30.58:054][337]  Lyfe_Game
[2018.03.01-20.30.58:054][337]Launching UnrealBuildTool... [C:/Program Files/Epic Games/UE_4.18/Engine/Binaries/DotNET/UnrealBuildTool.exe Lyfe_Game -ModuleWithSuffix Lyfe_Game 7139 Win64 Development -editorrecompile -canskiplink "C:/Users/Megapoort/Desktop/Lyfe/Lyfe_Game/Lyfe_Game.uproject" ]
[2018.03.01-20.30.58:128][337]Warning: Starting HotReload took  0.1s.
[2018.03.01-20.31.09:746][787]CompilerResultsLog: New page: Compilation - Mar 1, 2018, 10:31:09 PM
[2018.03.01-20.31.09:747][787]CompilerResultsLog: Performing full C++ include scan (hot reloading a new target)
[2018.03.01-20.31.09:747][787]CompilerResultsLog: Using 'git status' to determine working set for adaptive non-unity build.
[2018.03.01-20.31.09:747][787]CompilerResultsLog: Compiling game modules for hot reload
[2018.03.01-20.31.09:747][787]CompilerResultsLog: Parsing headers for Lyfe_GameEditor
[2018.03.01-20.31.09:747][787]CompilerResultsLog:   Running UnrealHeaderTool "C:\Users\Megapoort\Desktop\Lyfe\Lyfe_Game\Lyfe_Game.uproject" "C:\Users\Megapoort\Desktop\Lyfe\Lyfe_Game\Intermediate\Build\Win64\Lyfe_GameEditor\Development\Lyfe_GameEditor.uhtmanifest" -LogCmds="loginit warning, logexit warning, logdatabase error" -Unattended -WarningsAsErrors -installed
[2018.03.01-20.31.09:747][787]CompilerResultsLog: Error: C:/Users/Megapoort/Desktop/Lyfe/Lyfe_Game/Source/Lyfe_Game/Public/Character_SingleCelled.h(34)  : LogCompile: Error: BlueprintReadOnly should not be used on private members
[2018.03.01-20.31.09:747][787]CompilerResultsLog: UnrealHeaderTool failed for target 'Lyfe_GameEditor' (platform: Win64, module info: C:\Users\Megapoort\Desktop\Lyfe\Lyfe_Game\Intermediate\Build\Win64\Lyfe_GameEditor\Development\Lyfe_GameEditor.uhtmanifest).
[2018.03.01-20.31.09:747][787]LogMainFrame: MainFrame: Module compiling took 11.700 seconds
[2018.03.01-20.31.09:747][787]Warning: HotReload failed, recompile failed
[2018.03.01-20.34.56:708][704]LogSlate: Took 0.000439 seconds to synchronously load lazily loaded font '../../../Engine/Content/Slate/Fonts/Roboto-Light.ttf' (159K)
[2018.03.01-20.35.05:805][731]LogSavePackage: Save=16.47ms
[2018.03.01-20.35.05:805][731]LogSavePackage: Moving '../../../../../../Users/Megapoort/Desktop/Lyfe/Lyfe_Game/Saved/Stage_SingleCelled_Test_Auto1FFEE93234F04B9F568AE9BBE5D818D6A.tmp' to '../../../../../../Users/Megapoort/Desktop/Lyfe/Lyfe_Game/Saved/Autosaves/Game/Scenes/Stage_SingleCelled_Test_Auto1.umap'
[2018.03.01-20.35.05:806][731]LogSavePackage: Display: Finished SavePackage ../../../../../../Users/Megapoort/Desktop/Lyfe/Lyfe_Game/Saved/Autosaves/Game/Scenes/Stage_SingleCelled_Test_Auto1.umap
[2018.03.01-20.35.05:809][731]LogFileHelpers: Editor autosave (incl. sublevels) for '/Game/Scenes/Stage_SingleCelled_Test' took 0.047
[2018.03.01-20.35.05:809][731]LogFileHelpers: Editor autosave (incl. sublevels) for all levels took 0.047
[2018.03.01-21.03.48:753][362]LogVSAccessor: Warning: Couldn't access Visual Studio
[2018.03.01-21.03.48:760][362]Candidate modules for hot reload:
[2018.03.01-21.03.48:760][362]  Lyfe_Game
[2018.03.01-21.03.48:760][362]Launching UnrealBuildTool... [C:/Program Files/Epic Games/UE_4.18/Engine/Binaries/DotNET/UnrealBuildTool.exe Lyfe_Game -ModuleWithSuffix Lyfe_Game 1763 Win64 Development -editorrecompile -canskiplink "C:/Users/Megapoort/Desktop/Lyfe/Lyfe_Game/Lyfe_Game.uproject" ]
[2018.03.01-21.03.48:790][362]Warning: Starting HotReload took  0.0s.
[2018.03.01-21.04.02:823][ 36]CompilerResultsLog: New page: Compilation - Mar 1, 2018, 11:04:02 PM
[2018.03.01-21.04.02:824][ 36]CompilerResultsLog: Using 'git status' to determine working set for adaptive non-unity build.
[2018.03.01-21.04.02:824][ 36]CompilerResultsLog: Compiling game modules for hot reload
[2018.03.01-21.04.02:824][ 36]CompilerResultsLog: Parsing headers for Lyfe_GameEditor
[2018.03.01-21.04.02:824][ 36]CompilerResultsLog:   Running UnrealHeaderTool "C:\Users\Megapoort\Desktop\Lyfe\Lyfe_Game\Lyfe_Game.uproject" "C:\Users\Megapoort\Desktop\Lyfe\Lyfe_Game\Intermediate\Build\Win64\Lyfe_GameEditor\Development\Lyfe_GameEditor.uhtmanifest" -LogCmds="loginit warning, logexit warning, logdatabase error" -Unattended -WarningsAsErrors -installed
[2018.03.01-21.04.02:824][ 36]CompilerResultsLog: Reflection code generated for Lyfe_GameEditor in 10,1359747 seconds
[2018.03.01-21.04.02:824][ 36]CompilerResultsLog: Performing 5 actions (4 in parallel)
[2018.03.01-21.04.02:824][ 36]CompilerResultsLog: Lyfe_Game.init.gen.cpp
[2018.03.01-21.04.02:824][ 36]CompilerResultsLog: Character_SingleCelled.gen.cpp
[2018.03.01-21.04.02:824][ 36]CompilerResultsLog: Character_SingleCelled.cpp
[2018.03.01-21.04.02:824][ 36]CompilerResultsLog: [4/5] Link UE4Editor-Lyfe_Game-1763.dll
[2018.03.01-21.04.02:824][ 36]CompilerResultsLog: [5/5] Link UE4Editor-Lyfe_Game-1763.lib
[2018.03.01-21.04.02:824][ 36]CompilerResultsLog:    Bibliothek "C:\Users\Megapoort\Desktop\Lyfe\Lyfe_Game\Intermediate\Build\Win64\UE4Editor\Development\UE4Editor-Lyfe_Game-1763.suppressed.lib" und Objekt "C:\Users\Megapoort\Desktop\Lyfe\Lyfe_Game\Intermediate\Build\Win64\UE4Editor\Development\UE4Editor-Lyfe_Game-1763.suppressed.exp" werden erstellt.
[2018.03.01-21.04.02:824][ 36]CompilerResultsLog:    Bibliothek "C:\Users\Megapoort\Desktop\Lyfe\Lyfe_Game\Intermediate\Build\Win64\UE4Editor\Development\UE4Editor-Lyfe_Game-1763.lib" und Objekt "C:\Users\Megapoort\Desktop\Lyfe\Lyfe_Game\Intermediate\Build\Win64\UE4Editor\Development\UE4Editor-Lyfe_Game-1763.exp" werden erstellt.
[2018.03.01-21.04.02:824][ 36]CompilerResultsLog: Total build time: 13,80 seconds (Local executor: 2,32 seconds)
[2018.03.01-21.04.02:824][ 36]LogMainFrame: MainFrame: Module compiling took 14.071 seconds
[2018.03.01-21.04.02:896][ 36]LogClass: Could not find existing class Character_SingleCelled in package /Script/Lyfe_Game for HotReload, assuming new class
[2018.03.01-21.04.02:896][ 36]LogClass: Function GetMovementSpeed is new.
[2018.03.01-21.04.02:896][ 36]LogClass: Function GetRotationSpeed is new.
[2018.03.01-21.04.02:900][ 36]LogHotReload: Re-instancing Character_SingleCelled after hot-reload.
[2018.03.01-21.04.02:962][ 36]LogContentBrowser: Native class hierarchy updated for 'Lyfe_Game' in 0.0012 seconds. Added 3 classes and 3 folders.
[2018.03.01-21.04.02:964][ 36]Display: HotReload successful (0 functions remapped  0 scriptstructs remapped)
[2018.03.01-21.04.03:068][ 36]LogContentBrowser: Native class hierarchy populated in 0.0115 seconds. Added 2368 classes and 526 folders.
[2018.03.01-21.04.03:068][ 36]Display: HotReload took 14.3s.
[2018.03.01-22.00.50:632][ 43]LogVSAccessor: Warning: Couldn't access Visual Studio
[2018.03.01-22.00.50:639][ 43]Candidate modules for hot reload:
[2018.03.01-22.00.50:640][ 43]  Lyfe_Game
[2018.03.01-22.00.50:640][ 43]Launching UnrealBuildTool... [C:/Program Files/Epic Games/UE_4.18/Engine/Binaries/DotNET/UnrealBuildTool.exe Lyfe_Game -ModuleWithSuffix Lyfe_Game 4763 Win64 Development -editorrecompile -canskiplink "C:/Users/Megapoort/Desktop/Lyfe/Lyfe_Game/Lyfe_Game.uproject" ]
[2018.03.01-22.00.50:668][ 43]Warning: Starting HotReload took  0.0s.
[2018.03.01-22.01.01:680][360]CompilerResultsLog: New page: Compilation - Mar 2, 2018, 12:01:01 AM
[2018.03.01-22.01.01:680][360]CompilerResultsLog: Using 'git status' to determine working set for adaptive non-unity build.
[2018.03.01-22.01.01:680][360]CompilerResultsLog: Compiling game modules for hot reload
[2018.03.01-22.01.01:680][360]CompilerResultsLog: Parsing headers for Lyfe_GameEditor
[2018.03.01-22.01.01:680][360]CompilerResultsLog:   Running UnrealHeaderTool "C:\Users\Megapoort\Desktop\Lyfe\Lyfe_Game\Lyfe_Game.uproject" "C:\Users\Megapoort\Desktop\Lyfe\Lyfe_Game\Intermediate\Build\Win64\Lyfe_GameEditor\Development\Lyfe_GameEditor.uhtmanifest" -LogCmds="loginit warning, logexit warning, logdatabase error" -Unattended -WarningsAsErrors -installed
[2018.03.01-22.01.01:681][360]CompilerResultsLog: Error: C:/Users/Megapoort/Desktop/Lyfe/Lyfe_Game/Source/Lyfe_Game/Public/Character_SingleCelled.h(55)  : Error: 'Enum' is not allowed here
[2018.03.01-22.01.01:681][360]CompilerResultsLog: UnrealHeaderTool failed for target 'Lyfe_GameEditor' (platform: Win64, module info: C:\Users\Megapoort\Desktop\Lyfe\Lyfe_Game\Intermediate\Build\Win64\Lyfe_GameEditor\Development\Lyfe_GameEditor.uhtmanifest).
[2018.03.01-22.01.01:681][360]LogMainFrame: MainFrame: Module compiling took 11.049 seconds
[2018.03.01-22.01.01:681][360]Warning: HotReload failed, recompile failed
[2018.03.01-22.01.38:396][523]LogVSAccessor: Warning: Couldn't access Visual Studio
[2018.03.01-22.01.38:403][523]Candidate modules for hot reload:
[2018.03.01-22.01.38:403][523]  Lyfe_Game
[2018.03.01-22.01.38:403][523]Launching UnrealBuildTool... [C:/Program Files/Epic Games/UE_4.18/Engine/Binaries/DotNET/UnrealBuildTool.exe Lyfe_Game -ModuleWithSuffix Lyfe_Game 3642 Win64 Development -editorrecompile -canskiplink "C:/Users/Megapoort/Desktop/Lyfe/Lyfe_Game/Lyfe_Game.uproject" ]
[2018.03.01-22.01.38:432][523]Warning: Starting HotReload took  0.0s.
[2018.03.01-22.01.49:575][763]CompilerResultsLog: New page: Compilation - Mar 2, 2018, 12:01:49 AM
[2018.03.01-22.01.49:575][763]CompilerResultsLog: Using 'git status' to determine working set for adaptive non-unity build.
[2018.03.01-22.01.49:575][763]CompilerResultsLog: Compiling game modules for hot reload
[2018.03.01-22.01.49:575][763]CompilerResultsLog: Parsing headers for Lyfe_GameEditor
[2018.03.01-22.01.49:575][763]CompilerResultsLog:   Running UnrealHeaderTool "C:\Users\Megapoort\Desktop\Lyfe\Lyfe_Game\Lyfe_Game.uproject" "C:\Users\Megapoort\Desktop\Lyfe\Lyfe_Game\Intermediate\Build\Win64\Lyfe_GameEditor\Development\Lyfe_GameEditor.uhtmanifest" -LogCmds="loginit warning, logexit warning, logdatabase error" -Unattended -WarningsAsErrors -installed
[2018.03.01-22.01.49:575][763]CompilerResultsLog: Error: C:/Users/Megapoort/Desktop/Lyfe/Lyfe_Game/Source/Lyfe_Game/Public/Character_SingleCelled.h(134)  : Error: Unknown function specifier 'BlueprintCllable'
[2018.03.01-22.01.49:576][763]CompilerResultsLog: UnrealHeaderTool failed for target 'Lyfe_GameEditor' (platform: Win64, module info: C:\Users\Megapoort\Desktop\Lyfe\Lyfe_Game\Intermediate\Build\Win64\Lyfe_GameEditor\Development\Lyfe_GameEditor.uhtmanifest).
[2018.03.01-22.01.49:576][763]LogMainFrame: MainFrame: Module compiling took 11.180 seconds
[2018.03.01-22.01.49:576][763]Warning: HotReload failed, recompile failed
[2018.03.01-22.02.40:881][950]LogVSAccessor: Warning: Couldn't access Visual Studio
[2018.03.01-22.02.40:887][950]Candidate modules for hot reload:
[2018.03.01-22.02.40:887][950]  Lyfe_Game
[2018.03.01-22.02.40:887][950]Launching UnrealBuildTool... [C:/Program Files/Epic Games/UE_4.18/Engine/Binaries/DotNET/UnrealBuildTool.exe Lyfe_Game -ModuleWithSuffix Lyfe_Game 2119 Win64 Development -editorrecompile -canskiplink "C:/Users/Megapoort/Desktop/Lyfe/Lyfe_Game/Lyfe_Game.uproject" ]
[2018.03.01-22.02.41:004][950]Warning: Starting HotReload took  0.1s.
[2018.03.01-22.02.52:427][313]CompilerResultsLog: New page: Compilation - Mar 2, 2018, 12:02:52 AM
[2018.03.01-22.02.52:427][313]CompilerResultsLog: Using 'git status' to determine working set for adaptive non-unity build.
[2018.03.01-22.02.52:427][313]CompilerResultsLog: Compiling game modules for hot reload
[2018.03.01-22.02.52:427][313]CompilerResultsLog: Parsing headers for Lyfe_GameEditor
[2018.03.01-22.02.52:427][313]CompilerResultsLog:   Running UnrealHeaderTool "C:\Users\Megapoort\Desktop\Lyfe\Lyfe_Game\Lyfe_Game.uproject" "C:\Users\Megapoort\Desktop\Lyfe\Lyfe_Game\Intermediate\Build\Win64\Lyfe_GameEditor\Development\Lyfe_GameEditor.uhtmanifest" -LogCmds="loginit warning, logexit warning, logdatabase error" -Unattended -WarningsAsErrors -installed
[2018.03.01-22.02.52:427][313]CompilerResultsLog: Error: C:/Users/Megapoort/Desktop/Lyfe/Lyfe_Game/Source/Lyfe_Game/Public/Character_SingleCelled.h(134)  : Error: Unknown function specifier 'BlueprintCllable'
[2018.03.01-22.02.52:427][313]CompilerResultsLog: UnrealHeaderTool failed for target 'Lyfe_GameEditor' (platform: Win64, module info: C:\Users\Megapoort\Desktop\Lyfe\Lyfe_Game\Intermediate\Build\Win64\Lyfe_GameEditor\Development\Lyfe_GameEditor.uhtmanifest).
[2018.03.01-22.02.52:427][313]LogMainFrame: MainFrame: Module compiling took 11.546 seconds
[2018.03.01-22.02.52:427][313]Warning: HotReload failed, recompile failed
[2018.03.01-22.03.33:009][471]LogVSAccessor: Warning: Couldn't access Visual Studio
[2018.03.01-22.03.33:015][471]Candidate modules for hot reload:
[2018.03.01-22.03.33:015][471]  Lyfe_Game
[2018.03.01-22.03.33:015][471]Launching UnrealBuildTool... [C:/Program Files/Epic Games/UE_4.18/Engine/Binaries/DotNET/UnrealBuildTool.exe Lyfe_Game -ModuleWithSuffix Lyfe_Game 1919 Win64 Development -editorrecompile -canskiplink "C:/Users/Megapoort/Desktop/Lyfe/Lyfe_Game/Lyfe_Game.uproject" ]
[2018.03.01-22.03.33:085][471]Warning: Starting HotReload took  0.1s.
[2018.03.01-22.03.46:156][ 30]CompilerResultsLog: New page: Compilation - Mar 2, 2018, 12:03:46 AM
[2018.03.01-22.03.46:156][ 30]CompilerResultsLog: Using 'git status' to determine working set for adaptive non-unity build.
[2018.03.01-22.03.46:156][ 30]CompilerResultsLog: Compiling game modules for hot reload
[2018.03.01-22.03.46:156][ 30]CompilerResultsLog: Parsing headers for Lyfe_GameEditor
[2018.03.01-22.03.46:156][ 30]CompilerResultsLog:   Running UnrealHeaderTool "C:\Users\Megapoort\Desktop\Lyfe\Lyfe_Game\Lyfe_Game.uproject" "C:\Users\Megapoort\Desktop\Lyfe\Lyfe_Game\Intermediate\Build\Win64\Lyfe_GameEditor\Development\Lyfe_GameEditor.uhtmanifest" -LogCmds="loginit warning, logexit warning, logdatabase error" -Unattended -WarningsAsErrors -installed
[2018.03.01-22.03.46:156][ 30]CompilerResultsLog: Reflection code generated for Lyfe_GameEditor in 10,1104204 seconds
[2018.03.01-22.03.46:156][ 30]CompilerResultsLog: Performing 5 actions (4 in parallel)
[2018.03.01-22.03.46:156][ 30]CompilerResultsLog: Character_SingleCelled.cpp
[2018.03.01-22.03.46:156][ 30]CompilerResultsLog: Character_SingleCelled.gen.cpp
[2018.03.01-22.03.46:156][ 30]CompilerResultsLog: Lyfe_Game.init.gen.cpp
[2018.03.01-22.03.46:156][ 30]CompilerResultsLog: Error: C:\Users\Megapoort\Desktop\Lyfe\Lyfe_Game\Source\Lyfe_Game\Private\Character_SingleCelled.cpp(33) : error C2653: "ConstructorHelpers": Keine Klasse oder Namespace
[2018.03.01-22.03.46:156][ 30]CompilerResultsLog: Error: C:\Users\Megapoort\Desktop\Lyfe\Lyfe_Game\Source\Lyfe_Game\Private\Character_SingleCelled.cpp(33) : error C2143: Syntaxfehler: Es fehlt ";" vor "<"
[2018.03.01-22.03.46:156][ 30]CompilerResultsLog: Error: C:\Users\Megapoort\Desktop\Lyfe\Lyfe_Game\Source\Lyfe_Game\Private\Character_SingleCelled.cpp(33) : error C4430: Fehlender Typspezifizierer - int wird angenommen. Hinweis: "default-int" wird von C++ nicht unterst?tzt.
[2018.03.01-22.03.46:156][ 30]CompilerResultsLog: ERROR: UBT ERROR: Failed to produce item: C:\Users\Megapoort\Desktop\Lyfe\Lyfe_Game\Binaries\Win64\UE4Editor-Lyfe_Game-1919.dll
[2018.03.01-22.03.46:156][ 30]CompilerResultsLog: Total build time: 12,81 seconds (Local executor: 0,00 seconds)
[2018.03.01-22.03.46:156][ 30]LogMainFrame: MainFrame: Module compiling took 13.148 seconds
[2018.03.01-22.03.46:156][ 30]Warning: HotReload failed, recompile failed
[2018.03.01-22.07.12:901][277]LogTemp: Repeating last play command: Selected Viewport
[2018.03.01-22.07.12:920][277]LogPlayLevel: PlayLevel: No blueprints needed recompiling
[2018.03.01-22.07.12:920][277]PIE: New page: PIE session: Stage_SingleCelled_Test (Mar 2, 2018, 12:07:12 AM)
[2018.03.01-22.07.12:920][277]LogPlayLevel: Creating play world package: /Game/Scenes/UEDPIE_0_Stage_SingleCelled_Test
[2018.03.01-22.07.12:921][277]LogPlayLevel: PIE: StaticDuplicateObject took: (0.000873s)
[2018.03.01-22.07.12:922][277]LogAIModule: Creating AISystem for world Stage_SingleCelled_Test
[2018.03.01-22.07.12:922][277]LogPlayLevel: PIE: World Init took: (0.000849s)
[2018.03.01-22.07.12:922][277]LogPlayLevel: PIE: Created PIE world by copying editor world from /Game/Scenes/Stage_SingleCelled_Test.Stage_SingleCelled_Test to /Game/Scenes/UEDPIE_0_Stage_SingleCelled_Test.Stage_SingleCelled_Test (0.002050s)
[2018.03.01-22.07.12:938][277]LogInit: XAudio2 using 'Lautsprecher (Realtek High Definition Audio)' : 2 channels at 48 kHz using 32 bits per sample (channel mask 0x3)
[2018.03.01-22.07.12:949][277]LogInit: FAudioDevice initialized.
[2018.03.01-22.07.12:983][277]LogLoad: Game class is 'GameModeBase'
[2018.03.01-22.07.12:984][277]LogWorld: Bringing World /Game/Scenes/UEDPIE_0_Stage_SingleCelled_Test.Stage_SingleCelled_Test up for play (max tick rate 0) at 2018.03.01-23.07.12
[2018.03.01-22.07.12:984][277]LogWorld: Bringing up level for play took: 0.000583
[2018.03.01-22.07.12:985][277]PIE: Play in editor start time for /Game/Scenes/UEDPIE_0_Stage_SingleCelled_Test 0.899
[2018.03.01-22.07.14:468][443]LogVSAccessor: Warning: Couldn't access Visual Studio
[2018.03.01-22.07.14:475][443]Candidate modules for hot reload:
[2018.03.01-22.07.14:475][443]  Lyfe_Game
[2018.03.01-22.07.14:475][443]Launching UnrealBuildTool... [C:/Program Files/Epic Games/UE_4.18/Engine/Binaries/DotNET/UnrealBuildTool.exe Lyfe_Game -ModuleWithSuffix Lyfe_Game 6397 Win64 Development -editorrecompile -canskiplink "C:/Users/Megapoort/Desktop/Lyfe/Lyfe_Game/Lyfe_Game.uproject" ]
[2018.03.01-22.07.14:497][443]Warning: Starting HotReload took  0.0s.
[2018.03.01-22.07.16:862][722]CompilerResultsLog: New page: Compilation - Mar 2, 2018, 12:07:16 AM
[2018.03.01-22.07.16:862][722]CompilerResultsLog: Using 'git status' to determine working set for adaptive non-unity build.
[2018.03.01-22.07.16:862][722]CompilerResultsLog: Compiling game modules for hot reload
[2018.03.01-22.07.16:862][722]CompilerResultsLog: Performing 3 actions (4 in parallel)
[2018.03.01-22.07.16:862][722]CompilerResultsLog: Character_SingleCelled.cpp
[2018.03.01-22.07.16:862][722]CompilerResultsLog: Error: C:\Users\Megapoort\Desktop\Lyfe\Lyfe_Game\Source\Lyfe_Game\Private\Character_SingleCelled.cpp(39) : error C2039: "SetWorlScale3D": Ist kein Element von "UStaticMeshComponent"
[2018.03.01-22.07.16:862][722]CompilerResultsLog: Error: C:\Program Files\Epic Games\UE_4.18\Engine\Source\Runtime\Engine\Classes\Components/StaticMeshComponent.h(153) : note: Siehe Deklaration von "UStaticMeshComponent"
[2018.03.01-22.07.16:862][722]CompilerResultsLog: ERROR: UBT ERROR: Failed to produce item: C:\Users\Megapoort\Desktop\Lyfe\Lyfe_Game\Binaries\Win64\UE4Editor-Lyfe_Game-6397.dll
[2018.03.01-22.07.16:862][722]CompilerResultsLog: Total build time: 2,13 seconds (Local executor: 0,00 seconds)
[2018.03.01-22.07.16:862][722]LogMainFrame: MainFrame: Module compiling took 2.394 seconds
[2018.03.01-22.07.16:862][722]Warning: HotReload failed, recompile failed
[2018.03.01-22.07.40:462][534]LogVSAccessor: Warning: Couldn't access Visual Studio
[2018.03.01-22.07.40:469][534]Candidate modules for hot reload:
[2018.03.01-22.07.40:469][534]  Lyfe_Game
[2018.03.01-22.07.40:469][534]Launching UnrealBuildTool... [C:/Program Files/Epic Games/UE_4.18/Engine/Binaries/DotNET/UnrealBuildTool.exe Lyfe_Game -ModuleWithSuffix Lyfe_Game 7941 Win64 Development -editorrecompile -canskiplink "C:/Users/Megapoort/Desktop/Lyfe/Lyfe_Game/Lyfe_Game.uproject" ]
[2018.03.01-22.07.40:847][534]Warning: Starting HotReload took  0.4s.
[2018.03.01-22.07.44:473][682]CompilerResultsLog: New page: Compilation - Mar 2, 2018, 12:07:44 AM
[2018.03.01-22.07.44:474][682]CompilerResultsLog: Using 'git status' to determine working set for adaptive non-unity build.
[2018.03.01-22.07.44:474][682]CompilerResultsLog: Compiling game modules for hot reload
[2018.03.01-22.07.44:474][682]CompilerResultsLog: Performing 3 actions (4 in parallel)
[2018.03.01-22.07.44:474][682]CompilerResultsLog: Character_SingleCelled.cpp
[2018.03.01-22.07.44:474][682]CompilerResultsLog: [2/3] Link UE4Editor-Lyfe_Game-7941.dll
[2018.03.01-22.07.44:474][682]CompilerResultsLog: [3/3] Link UE4Editor-Lyfe_Game-7941.lib
[2018.03.01-22.07.44:474][682]CompilerResultsLog:    Bibliothek "C:\Users\Megapoort\Desktop\Lyfe\Lyfe_Game\Intermediate\Build\Win64\UE4Editor\Development\UE4Editor-Lyfe_Game-7941.suppressed.lib" und Objekt "C:\Users\Megapoort\Desktop\Lyfe\Lyfe_Game\Intermediate\Build\Win64\UE4Editor\Development\UE4Editor-Lyfe_Game-7941.suppressed.exp" werden erstellt.
[2018.03.01-22.07.44:474][682]CompilerResultsLog:    Bibliothek "C:\Users\Megapoort\Desktop\Lyfe\Lyfe_Game\Intermediate\Build\Win64\UE4Editor\Development\UE4Editor-Lyfe_Game-7941.lib" und Objekt "C:\Users\Megapoort\Desktop\Lyfe\Lyfe_Game\Intermediate\Build\Win64\UE4Editor\Development\UE4Editor-Lyfe_Game-7941.exp" werden erstellt.
[2018.03.01-22.07.44:474][682]CompilerResultsLog: Total build time: 3,05 seconds (Local executor: 2,03 seconds)
[2018.03.01-22.07.44:474][682]LogMainFrame: MainFrame: Module compiling took 4.012 seconds
[2018.03.01-22.07.44:539][682]LogClass: Could not find existing class Character_SingleCelled in package /Script/Lyfe_Game for HotReload, assuming new class
[2018.03.01-22.07.44:539][682]LogClass: Function AddHealth is new.
[2018.03.01-22.07.44:539][682]LogClass: Function GetCurrentHealth is new.
[2018.03.01-22.07.44:540][682]LogClass: Function GetMaxHealth is new.
[2018.03.01-22.07.44:540][682]LogClass: Function GetMovementSpeed is new.
[2018.03.01-22.07.44:540][682]LogClass: Function GetPlayerState is new.
[2018.03.01-22.07.44:540][682]LogClass: Function GetRotationSpeed is new.
[2018.03.01-22.07.44:540][682]LogClass: Function GetWeight is new.
[2018.03.01-22.07.44:540][682]LogClass: Function SetPlayerState is new.
[2018.03.01-22.07.44:543][682]LogHotReload: Re-instancing Character_SingleCelled after hot-reload.
[2018.03.01-22.07.44:601][682]LogContentBrowser: Native class hierarchy updated for 'Lyfe_Game' in 0.0012 seconds. Added 3 classes and 3 folders.
[2018.03.01-22.07.44:602][682]Display: HotReload successful (0 functions remapped  0 scriptstructs remapped)
[2018.03.01-22.07.44:664][682]LogContentBrowser: Native class hierarchy populated in 0.0117 seconds. Added 2368 classes and 526 folders.
[2018.03.01-22.07.44:664][682]Display: HotReload took  4.2s.
[2018.03.01-22.08.04:386][497]LogEditor: Attempting to add actor of class 'Character_SingleCelled' to level at -1050.00,-380.00,1420.00
[2018.03.01-22.08.05:132][574]LogEditor: Attempting to add actor of class 'Character_SingleCelled' to level at -1050.00,-380.00,1420.00
[2018.03.01-22.08.09:361][ 48]LogTemp: Repeating last play command: Selected Viewport
[2018.03.01-22.08.09:379][ 48]LogPlayLevel: PlayLevel: No blueprints needed recompiling
[2018.03.01-22.08.09:379][ 48]PIE: New page: PIE session: Stage_SingleCelled_Test (Mar 2, 2018, 12:08:09 AM)
[2018.03.01-22.08.09:379][ 48]LogPlayLevel: Creating play world package: /Game/Scenes/UEDPIE_0_Stage_SingleCelled_Test
[2018.03.01-22.08.09:380][ 48]LogPlayLevel: PIE: StaticDuplicateObject took: (0.000993s)
[2018.03.01-22.08.09:381][ 48]LogAIModule: Creating AISystem for world Stage_SingleCelled_Test
[2018.03.01-22.08.09:381][ 48]LogPlayLevel: PIE: World Init took: (0.000727s)
[2018.03.01-22.08.09:381][ 48]LogPlayLevel: PIE: Created PIE world by copying editor world from /Game/Scenes/Stage_SingleCelled_Test.Stage_SingleCelled_Test to /Game/Scenes/UEDPIE_0_Stage_SingleCelled_Test.Stage_SingleCelled_Test (0.001961s)
[2018.03.01-22.08.09:396][ 48]LogInit: XAudio2 using 'Lautsprecher (Realtek High Definition Audio)' : 2 channels at 48 kHz using 32 bits per sample (channel mask 0x3)
[2018.03.01-22.08.09:407][ 48]LogInit: FAudioDevice initialized.
[2018.03.01-22.08.09:440][ 48]LogLoad: Game class is 'GameModeBase'
[2018.03.01-22.08.09:441][ 48]LogWorld: Bringing World /Game/Scenes/UEDPIE_0_Stage_SingleCelled_Test.Stage_SingleCelled_Test up for play (max tick rate 0) at 2018.03.01-23.08.09
[2018.03.01-22.08.09:442][ 48]LogWorld: Bringing up level for play took: 0.000874
[2018.03.01-22.08.09:443][ 48]LogWindows: Windows GetLastError: Der Vorgang wurde erfolgreich beendet. (0)
[2018.03.01-22.08.14:012][ 48]LogWindows: Error: === Critical error: ===
[2018.03.01-22.08.14:012][ 48]LogWindows: Error: 
[2018.03.01-22.08.14:012][ 48]LogWindows: Error: Fatal error: [File:D:\Build\++UE4+Release-4.18+Compile\Sync\Engine\Source\Runtime\CoreUObject\Private\UObject\Obj.cpp] [Line: 102] 
[2018.03.01-22.08.14:012][ 48]LogWindows: Error: No object initializer found during construction.
[2018.03.01-22.08.14:012][ 48]LogWindows: Error: 
[2018.03.01-22.08.14:012][ 48]LogWindows: Error: 
[2018.03.01-22.08.14:012][ 48]LogWindows: Error: [Callstack] 0x00000000D7AA4008 KERNELBASE.dll!UnknownFunction []
[2018.03.01-22.08.14:012][ 48]LogWindows: Error: [Callstack] 0x00000000BA4D76D4 UE4Editor-ApplicationCore.dll!UnknownFunction []
[2018.03.01-22.08.14:012][ 48]LogWindows: Error: [Callstack] 0x00000000B155330B UE4Editor-Core.dll!UnknownFunction []
[2018.03.01-22.08.14:012][ 48]LogWindows: Error: [Callstack] 0x00000000B14E47F9 UE4Editor-Core.dll!UnknownFunction []
[2018.03.01-22.08.14:012][ 48]LogWindows: Error: [Callstack] 0x00000000AD7B3DF6 UE4Editor-CoreUObject.dll!UnknownFunction []
[2018.03.01-22.08.14:012][ 48]LogWindows: Error: [Callstack] 0x00000000D2A5281E UE4Editor-Lyfe_Game-7941.dll!ACharacter_SingleCelled::BeginPlay() [c:\users\megapoort\desktop\lyfe\lyfe_game\source\lyfe_game\private\character_singlecelled.cpp:26]
[2018.03.01-22.08.14:012][ 48]LogWindows: Error: [Callstack] 0x000000009863CAEB UE4Editor-Engine.dll!UnknownFunction []
[2018.03.01-22.08.14:012][ 48]LogWindows: Error: [Callstack] 0x0000000099835790 UE4Editor-Engine.dll!UnknownFunction []
[2018.03.01-22.08.14:012][ 48]LogWindows: Error: [Callstack] 0x0000000098D8DAC1 UE4Editor-Engine.dll!UnknownFunction []
[2018.03.01-22.08.14:012][ 48]LogWindows: Error: [Callstack] 0x00000000998206AE UE4Editor-Engine.dll!UnknownFunction []
[2018.03.01-22.08.14:012][ 48]LogWindows: Error: [Callstack] 0x0000000098DB04CE UE4Editor-Engine.dll!UnknownFunction []
[2018.03.01-22.08.14:012][ 48]LogWindows: Error: [Callstack] 0x00000000976FB235 UE4Editor-UnrealEd.dll!UnknownFunction []
[2018.03.01-22.08.14:012][ 48]LogWindows: Error: [Callstack] 0x000000009772556E UE4Editor-UnrealEd.dll!UnknownFunction []
[2018.03.01-22.08.14:012][ 48]LogWindows: Error: [Callstack] 0x000000009774192F UE4Editor-UnrealEd.dll!UnknownFunction []
[2018.03.01-22.08.14:012][ 48]LogWindows: Error: [Callstack] 0x0000000097196024 UE4Editor-UnrealEd.dll!UnknownFunction []
[2018.03.01-22.08.14:012][ 48]LogWindows: Error: [Callstack] 0x0000000097A44AC6 UE4Editor-UnrealEd.dll!UnknownFunction []
[2018.03.01-22.08.14:012][ 48]LogWindows: Error: [Callstack] 0x00000000E8245A26 UE4Editor.exe!UnknownFunction []
[2018.03.01-22.08.14:012][ 48]LogWindows: Error: [Callstack] 0x00000000E8255430 UE4Editor.exe!UnknownFunction []
[2018.03.01-22.08.14:012][ 48]LogWindows: Error: [Callstack] 0x00000000E82554AA UE4Editor.exe!UnknownFunction []
[2018.03.01-22.08.14:012][ 48]LogWindows: Error: [Callstack] 0x00000000E8262379 UE4Editor.exe!UnknownFunction []
[2018.03.01-22.08.14:012][ 48]LogWindows: Error: [Callstack] 0x00000000E8263D57 UE4Editor.exe!UnknownFunction []
[2018.03.01-22.08.14:012][ 48]LogWindows: Error: [Callstack] 0x00000000DAD41FE4 KERNEL32.DLL!UnknownFunction []
[2018.03.01-22.08.14:012][ 48]LogWindows: Error: [Callstack] 0x00000000DB04EFC1 ntdll.dll!UnknownFunction []
[2018.03.01-22.08.14:012][ 48]LogWindows: Error: [Callstack] 0x00000000DB04EFC1 ntdll.dll!UnknownFunction []
[2018.03.01-22.08.14:012][ 48]LogWindows: Error: 
[2018.03.01-22.08.14:034][ 48]LogExit: Executing StaticShutdownAfterError
[2018.03.01-22.08.14:040][ 48]LogWindows: FPlatformMisc::RequestExit(1)
[2018.03.01-22.08.14:061][ 48]Log file closed, 03/01/18 23:08:14
